#
# A fatal error has been detected by the Java Runtime Environment:
#
#  EXCEPTION_ACCESS_VIOLATION (0xc0000005) at pc=0x00007ffd293de711, pid=10924, tid=20144
#
# JRE version: OpenJDK Runtime Environment (11.0.2+9) (build 11.0.2+9)
# Java VM: OpenJDK 64-Bit Server VM (11.0.2+9, mixed mode, tiered, compressed oops, g1 gc, windows-amd64)
# Problematic frame:
# C  [librdi_coregen.dll+0xa8e711]
#
# No core dump will be written. Minidumps are not enabled by default on client versions of Windows
#
# If you would like to submit a bug report, please visit:
#   http://bugreport.java.com/bugreport/crash.jsp
# The crash happened outside the Java Virtual Machine in native code.
# See problematic frame for where to report the bug.
#

---------------  S U M M A R Y ------------

Command Line: -Dsun.java2d.pmoffscreen=false -Dhttps.protocols=TLSv1,TLSv1.1,TLSv1.2 -Dsun.java2d.xrender=false -Dsun.java2d.d3d=false -Dsun.awt.nopixfmt=true -Dsun.java2d.dpiaware=true -Dsun.java2d.uiScale.enabled=false -Xverify:none -Dswing.aatext=true -XX:-UsePerfData -Djdk.map.althashing.threshold=512 -XX:StringTableSize=4072 --add-opens=java.base/java.nio=ALL-UNNAMED --add-opens=java.desktop/sun.swing=ALL-UNNAMED --add-opens=java.desktop/javax.swing=ALL-UNNAMED --add-opens=java.desktop/javax.swing.tree=ALL-UNNAMED --add-opens=java.desktop/javax.swing.plaf.basic=ALL-UNNAMED --add-opens=java.desktop/javax.swing.plaf.synth=ALL-UNNAMED --add-opens=java.desktop/com.sun.awt=ALL-UNNAMED -XX:NewSize=60m -XX:MaxNewSize=60m -Xms128m -Xmx3072m -Xss5m 

Host: Intel(R) Core(TM) i5-8400 CPU @ 2.80GHz, 6 cores, 15G,  Windows 10 , 64 bit Build 19041 (10.0.19041.3393)
Time: Tue Sep 26 00:43:21 2023 대한민국 표준시 elapsed time: 243 seconds (0d 0h 4m 3s)

---------------  T H R E A D  ---------------

Current thread (0x000001f1b31e5000):  JavaThread "AWT-EventQueue-0" [_thread_in_native, id=20144, stack(0x00000082edb00000,0x00000082ee000000)]

Stack: [0x00000082edb00000,0x00000082ee000000],  sp=0x00000082edff66e0,  free space=5081k
Native frames: (J=compiled Java code, j=interpreted, Vv=VM code, C=native code)
C  [librdi_coregen.dll+0xa8e711]
C  [librdi_coregen.dll+0xab0a83]
C  [librdi_rsb.dll+0x204390]
C  0x000001f20800f0b7

Java frames: (J=compiled Java code, j=interpreted, Vv=VM code)
j  ui.data.rsbi.RSBAddrPath_isActive(J)Z+0
j  ui.data.l.w.fl()Z+12
j  ui.views.systembuilder.r.jWh()Ljava/util/ArrayList;+114
j  ui.views.systembuilder.r.bNx()V+6
j  ui.views.systembuilder.r.createModel()V+28
j  ui.views.systembuilder.r.<init>(Lui/views/systembuilder/iS;)V+61
j  ui.views.systembuilder.d.<init>(Lui/views/systembuilder/c;Lui/views/systembuilder/iS;)V+7
j  ui.views.systembuilder.c.frh()V+16
j  ui.views.systembuilder.c.<init>(Lui/views/systembuilder/iS;)V+25
j  ui.views.U.Q.create(Ljava/lang/String;)Lcom/jidesoft/document/DocumentComponent;+104
j  com.jidesoft.document.DocumentPane$a_.loadLayoutFrom(Ljava/io/InputStream;)Z+428
j  com.jidesoft.swing.AbstractLayoutPersistence.loadLayoutDataFromFile(Ljava/lang/String;)V+113
j  ui.views.h.hnc()V+155
j  ui.views.cO.hnc()V+5
j  ui.views.R.iGi()V+217
j  ui.views.R.t(Lui/views/h;)V+318
j  ui.views.Q.u.al(Lui/views/cO;)V+65
j  ui.views.Q.u.o(Lui/views/Q/h;)V+78
j  ui.views.Q.az.fW(J)V+113
j  ui.views.Q.az.handleTclEvent(Lui/frmwork/a/l;)V+106
J 13358 c1 ui.frmwork.a.o.c(Lui/frmwork/a/l;)V (61 bytes) @ 0x000001f20a1b3a8c [0x000001f20a1b30e0+0x00000000000009ac]
J 13191 c1 ui.frmwork.E.i(JZ)V (471 bytes) @ 0x000001f20a1357d4 [0x000001f20a1313c0+0x0000000000004414]
J 13410 c1 ui.frmwork.E$$Lambda$206.run()V (12 bytes) @ 0x000001f20a1dea5c [0x000001f20a1de980+0x00000000000000dc]
J 14510 c2 java.awt.event.InvocationEvent.dispatch()V java.desktop@11.0.2 (69 bytes) @ 0x000001f210582be8 [0x000001f210582b40+0x00000000000000a8]
J 14669 c2 java.awt.EventQueue$4.run()Ljava/lang/Object; java.desktop@11.0.2 (5 bytes) @ 0x000001f2105c179c [0x000001f2105c16e0+0x00000000000000bc]
v  ~StubRoutines::call_stub
J 4227  java.security.AccessController.doPrivileged(Ljava/security/PrivilegedAction;Ljava/security/AccessControlContext;)Ljava/lang/Object; java.base@11.0.2 (0 bytes) @ 0x000001f20fd074b6 [0x000001f20fd07440+0x0000000000000076]
J 14672 c2 ui.frmwork.a.d.dispatchEvent(Ljava/awt/AWTEvent;)V (42 bytes) @ 0x000001f2105c3004 [0x000001f2105c2c40+0x00000000000003c4]
J 14690 c2 java.awt.EventDispatchThread.pumpOneEventForFilters(I)V java.desktop@11.0.2 (113 bytes) @ 0x000001f2105cbef8 [0x000001f2105cbd40+0x00000000000001b8]
j  java.awt.EventDispatchThread.pumpEventsForFilter(ILjava/awt/Conditional;Ljava/awt/EventFilter;)V+35 java.desktop@11.0.2
j  java.awt.EventDispatchThread.pumpEventsForFilter(Ljava/awt/Conditional;Ljava/awt/EventFilter;)V+4 java.desktop@11.0.2
j  java.awt.WaitDispatchSupport$2.run()V+59 java.desktop@11.0.2
j  java.awt.WaitDispatchSupport$4.run()Ljava/lang/Void;+4 java.desktop@11.0.2
j  java.awt.WaitDispatchSupport$4.run()Ljava/lang/Object;+1 java.desktop@11.0.2
v  ~StubRoutines::call_stub
J 948  java.security.AccessController.doPrivileged(Ljava/security/PrivilegedAction;)Ljava/lang/Object; java.base@11.0.2 (0 bytes) @ 0x000001f20fb142a2 [0x000001f20fb14240+0x0000000000000062]
j  java.awt.WaitDispatchSupport.enter()Z+260 java.desktop@11.0.2
j  java.awt.Dialog.show()V+224 java.desktop@11.0.2
J 8052 c1 java.awt.Component.setVisible(Z)V java.desktop@11.0.2 (6 bytes) @ 0x000001f2096ca5e4 [0x000001f2096ca3e0+0x0000000000000204]
j  java.awt.Window.setVisible(Z)V+2 java.desktop@11.0.2
j  java.awt.Dialog.setVisible(Z)V+2 java.desktop@11.0.2
j  ui.dlg.c.g.setVisible(Z)V+2
j  ui.dlg.c.bz.bIi()V+64
j  ui.dlg.c.bI.actionPerformed(Ljava/awt/event/ActionEvent;)V+8
j  ui.dlg.c.bz.fud()V+388
j  ui.views.o.aa.a(Ljava/util/ArrayList;Ljava/lang/Runnable;)V+48
j  ui.views.o.aa.ez(Ljava/util/Collection;)V+230
j  ui.views.o.aa.actionPerformed(Ljava/awt/event/ActionEvent;)V+49
j  ui.views.o.aa.El(Z)V+7
j  ui.views.o.G.mouseClicked(Ljava/awt/event/MouseEvent;)V+54
j  java.awt.AWTEventMulticaster.mouseClicked(Ljava/awt/event/MouseEvent;)V+21 java.desktop@11.0.2
j  java.awt.AWTEventMulticaster.mouseClicked(Ljava/awt/event/MouseEvent;)V+8 java.desktop@11.0.2
j  java.awt.Component.processMouseEvent(Ljava/awt/event/MouseEvent;)V+74 java.desktop@11.0.2
j  javax.swing.JComponent.processMouseEvent(Ljava/awt/event/MouseEvent;)V+23 java.desktop@11.0.2
j  ui.utils.swing.x.a.processMouseEvent(Ljava/awt/event/MouseEvent;)V+91
j  ui.views.o.D.processMouseEvent(Ljava/awt/event/MouseEvent;)V+69
J 12511 c1 java.awt.Component.processEvent(Ljava/awt/AWTEvent;)V java.desktop@11.0.2 (220 bytes) @ 0x000001f209f3c5d4 [0x000001f209f3bf80+0x0000000000000654]
J 14335 c1 ui.utils.swing.x.a.processEvent(Ljava/awt/AWTEvent;)V (71 bytes) @ 0x000001f20a51696c [0x000001f20a514f60+0x0000000000001a0c]
J 15066 c1 java.awt.Component.dispatchEventImpl(Ljava/awt/AWTEvent;)V java.desktop@11.0.2 (777 bytes) @ 0x000001f20a747d44 [0x000001f20a743d80+0x0000000000003fc4]
J 14789 c2 java.awt.Container.dispatchEventImpl(Ljava/awt/AWTEvent;)V java.desktop@11.0.2 (129 bytes) @ 0x000001f2105f4cf8 [0x000001f2105f4ca0+0x0000000000000058]
J 14326 c2 java.awt.LightweightDispatcher.retargetMouseEvent(Ljava/awt/Component;ILjava/awt/event/MouseEvent;)V java.desktop@11.0.2 (372 bytes) @ 0x000001f21051cfc0 [0x000001f21051c9c0+0x0000000000000600]
J 12985 c1 java.awt.LightweightDispatcher.processMouseEvent(Ljava/awt/event/MouseEvent;)Z java.desktop@11.0.2 (265 bytes) @ 0x000001f20a094244 [0x000001f20a0930e0+0x0000000000001164]
J 14789 c2 java.awt.Container.dispatchEventImpl(Ljava/awt/AWTEvent;)V java.desktop@11.0.2 (129 bytes) @ 0x000001f2105f4f34 [0x000001f2105f4ca0+0x0000000000000294]
J 12893 c1 java.awt.Window.dispatchEventImpl(Ljava/awt/AWTEvent;)V java.desktop@11.0.2 (23 bytes) @ 0x000001f20a04da4c [0x000001f20a04d420+0x000000000000062c]
J 14669 c2 java.awt.EventQueue$4.run()Ljava/lang/Object; java.desktop@11.0.2 (5 bytes) @ 0x000001f2105c1834 [0x000001f2105c16e0+0x0000000000000154]
v  ~StubRoutines::call_stub
J 4227  java.security.AccessController.doPrivileged(Ljava/security/PrivilegedAction;Ljava/security/AccessControlContext;)Ljava/lang/Object; java.base@11.0.2 (0 bytes) @ 0x000001f20fd074b6 [0x000001f20fd07440+0x0000000000000076]
J 10907 c1 java.awt.EventQueue$5.run()Ljava/lang/Object; java.desktop@11.0.2 (5 bytes) @ 0x000001f208b5813c [0x000001f208b57de0+0x000000000000035c]
v  ~StubRoutines::call_stub
J 4227  java.security.AccessController.doPrivileged(Ljava/security/PrivilegedAction;Ljava/security/AccessControlContext;)Ljava/lang/Object; java.base@11.0.2 (0 bytes) @ 0x000001f20fd074b6 [0x000001f20fd07440+0x0000000000000076]
J 14672 c2 ui.frmwork.a.d.dispatchEvent(Ljava/awt/AWTEvent;)V (42 bytes) @ 0x000001f2105c329c [0x000001f2105c2c40+0x000000000000065c]
J 14690 c2 java.awt.EventDispatchThread.pumpOneEventForFilters(I)V java.desktop@11.0.2 (113 bytes) @ 0x000001f2105cbef8 [0x000001f2105cbd40+0x00000000000001b8]
j  java.awt.EventDispatchThread.pumpEventsForFilter(ILjava/awt/Conditional;Ljava/awt/EventFilter;)V+35 java.desktop@11.0.2
j  java.awt.EventDispatchThread.pumpEventsForHierarchy(ILjava/awt/Conditional;Ljava/awt/Component;)V+11 java.desktop@11.0.2
j  java.awt.EventDispatchThread.pumpEvents(ILjava/awt/Conditional;)V+4 java.desktop@11.0.2
j  java.awt.EventDispatchThread.pumpEvents(Ljava/awt/Conditional;)V+3 java.desktop@11.0.2
j  java.awt.EventDispatchThread.run()V+9 java.desktop@11.0.2
v  ~StubRoutines::call_stub

siginfo: EXCEPTION_ACCESS_VIOLATION (0xc0000005), reading address 0x000000010000001c


Register to memory mapping:

RIP=0x00007ffd293de711 librdi_coregen.dll
RAX=0x000001f231c58860 points into unknown readable memory: 60 88 c5 31 f2 01 00 00
RBX={method} {0x000001f21d0b09a8} 'RSBAddrPath_isActive' '(J)Z' in 'ui/data/rsbi'
RCX=0x000000007ffe0380 points into unknown readable memory: 00 00 00 00 00 00 00 00
RDX=0x00000000029c061b is an unknown value
RSP=0x00000082edff66e0 is pointing into the stack for thread: 0x000001f1b31e5000
RBP=0x00000082edff67e8 is pointing into the stack for thread: 0x000001f1b31e5000
RSI=0x0 is NULL
RDI=0x000000010000001c is an unknown value
R8 =0x000000000000029c is an unknown value
R9 =64 is a compressed pointer to class: 0x0000000800000040
R10=0x0000000000000280 is an unknown value
R11=0xf9fdfffffb3fbfff is an unknown value
R12=0x0 is NULL
R13={method} {0x000001f21d0b09a8} 'RSBAddrPath_isActive' '(J)Z' in 'ui/data/rsbi'
R14=0x00000082edff6990 is pointing into the stack for thread: 0x000001f1b31e5000
R15=0x00000082edff67d0 is pointing into the stack for thread: 0x000001f1b31e5000


Registers:
RAX=0x000001f231c58860, RBX=0x000001f21d0b09a0, RCX=0x000000007ffe0380, RDX=0x00000000029c061b
RSP=0x00000082edff66e0, RBP=0x00000082edff67e8, RSI=0x0000000000000000, RDI=0x000000010000001c
R8 =0x000000000000029c, R9 =0x0000000000000040, R10=0x0000000000000280, R11=0xf9fdfffffb3fbfff
R12=0x0000000000000000, R13=0x000001f21d0b09a0, R14=0x00000082edff6990, R15=0x00000082edff67d0
RIP=0x00007ffd293de711, EFLAGS=0x0000000000010206

Top of Stack: (sp=0x00000082edff66e0)
0x00000082edff66e0:   00000082edff67d0 000001f231c58860
0x00000082edff66f0:   0000000000000000 0000000000000000
0x00000082edff6700:   0000000000000000 000001f1bc518910
0x00000082edff6710:   0000000000000001 fffffffffffffffe
0x00000082edff6720:   00000082edff6700 00007ffd6b09599f
0x00000082edff6730:   0000000000000000 000000000000000f
0x00000082edff6740:   000001f1b31e5001 00000082edff6990
0x00000082edff6750:   000001f1b92d1450 00007ffd29400a83
0x00000082edff6760:   000001f21d0b09a0 00000082edff67d0
0x00000082edff6770:   00000082edff67c9 0000000000000000
0x00000082edff6780:   000001f1b7887c01 00000082edff68c0
0x00000082edff6790:   00000000b31e5000 000001f1b31e5000
0x00000082edff67a0:   00007ffd6b29a1a8 0000005000000000
0x00000082edff67b0:   0000000000000027 0000000000000000
0x00000082edff67c0:   0000000000000000 0000000000000000
0x00000082edff67d0:   000001f231c58860 0000000000000000 

Instructions: (pc=0x00007ffd293de711)
0x00007ffd293de6f1:   24 30 48 89 02 48 89 42 08 48 8b ca e8 ee d2 ff
0x00007ffd293de701:   ff 49 89 07 c7 44 24 30 01 00 00 00 48 8b 7f 20
0x00007ffd293de711:   48 8b 1f 48 3b df 0f 84 b2 00 00 00 0f b6 b4 24
0x00007ffd293de721:   88 00 00 00 66 66 66 0f 1f 84 00 00 00 00 00 48 


Stack slot to memory mapping:
stack at sp + 0 slots: 0x00000082edff67d0 is pointing into the stack for thread: 0x000001f1b31e5000
stack at sp + 1 slots: 0x000001f231c58860 points into unknown readable memory: 60 88 c5 31 f2 01 00 00
stack at sp + 2 slots: 0x0 is NULL
stack at sp + 3 slots: 0x0 is NULL
stack at sp + 4 slots: 0x0 is NULL
stack at sp + 5 slots: 0x000001f1bc518910 points into unknown readable memory: 4a 61 76 61 5f 75 69 5f
stack at sp + 6 slots: 0x0000000000000001 is an unknown value
stack at sp + 7 slots: 0xfffffffffffffffe is an unknown value


---------------  P R O C E S S  ---------------

Threads class SMR info:
_java_thread_list=0x000001f1baee1900, length=36, elements={
0x000001f1b2ba9800, 0x000001f1b1f1e800, 0x000001f187a5d800, 0x000001f18626c800,
0x000001f1996fe800, 0x000001f1b377d800, 0x000001f1b3b76800, 0x000001f1b5406800,
0x000001f1b60fa800, 0x000001f1b1ac3800, 0x000001f18752d800, 0x000001f18704b800,
0x000001f1baa22000, 0x000001f19849e000, 0x000001f1b31e5000, 0x000001f1b370f800,
0x000001f186c75800, 0x000001f186c78000, 0x000001f1b7b44000, 0x000001f1b7b48000,
0x000001f1b7b46800, 0x000001f1b7b44800, 0x000001f1b7b47000, 0x000001f1b7b4d800,
0x000001f1b7b4b800, 0x000001f1b7b4c000, 0x000001f1b7b4d000, 0x000001f1b7b4f800,
0x000001f1b7b4a800, 0x000001f1b7b45800, 0x000001f1b7b51000, 0x000001f1b7b50000,
0x000001f1b7b52800, 0x000001f186c77000, 0x000001f1b7b4e800, 0x000001f1b7b52000
}

Java Threads: ( => current thread )
  0x000001f1b2ba9800 JavaThread "main" [_thread_blocked, id=17608, stack(0x00000082e9400000,0x00000082e9500000)]
  0x000001f1b1f1e800 JavaThread "Reference Handler" daemon [_thread_blocked, id=11996, stack(0x00000082e9b00000,0x00000082ea000000)]
  0x000001f187a5d800 JavaThread "Finalizer" daemon [_thread_blocked, id=21532, stack(0x00000082ea000000,0x00000082ea500000)]
  0x000001f18626c800 JavaThread "Signal Dispatcher" daemon [_thread_blocked, id=31188, stack(0x00000082ea500000,0x00000082eaa00000)]
  0x000001f1996fe800 JavaThread "Attach Listener" daemon [_thread_blocked, id=12332, stack(0x00000082eaa00000,0x00000082eaf00000)]
  0x000001f1b377d800 JavaThread "C2 CompilerThread0" daemon [_thread_blocked, id=22532, stack(0x00000082eaf00000,0x00000082eb000000)]
  0x000001f1b3b76800 JavaThread "C1 CompilerThread0" daemon [_thread_blocked, id=26688, stack(0x00000082eb000000,0x00000082eb100000)]
  0x000001f1b5406800 JavaThread "Sweeper thread" daemon [_thread_blocked, id=28328, stack(0x00000082eb100000,0x00000082eb600000)]
  0x000001f1b60fa800 JavaThread "Common-Cleaner" daemon [_thread_blocked, id=21524, stack(0x00000082eb600000,0x00000082ebb00000)]
  0x000001f1b1ac3800 JavaThread "Service Thread" daemon [_thread_blocked, id=25236, stack(0x00000082ebb00000,0x00000082ec000000)]
  0x000001f18752d800 JavaThread "Java2D Disposer" daemon [_thread_blocked, id=20504, stack(0x00000082ec100000,0x00000082ec600000)]
  0x000001f18704b800 JavaThread "AWT-Windows" daemon [_thread_in_native, id=14496, stack(0x00000082ecb00000,0x00000082ed000000)]
  0x000001f1baa22000 JavaThread "TimerQueue" daemon [_thread_blocked, id=23640, stack(0x00000082ed000000,0x00000082ed500000)]
  0x000001f19849e000 JavaThread "AWT-Shutdown" [_thread_blocked, id=34708, stack(0x00000082ec600000,0x00000082ecb00000)]
=>0x000001f1b31e5000 JavaThread "AWT-EventQueue-0" [_thread_in_native, id=20144, stack(0x00000082edb00000,0x00000082ee000000)]
  0x000001f1b370f800 JavaThread "Thread-1" [_thread_in_native, id=2476, stack(0x00000082e7b00000,0x00000082e8f00000)]
  0x000001f186c75800 JavaThread "Process Messages Thread" [_thread_blocked, id=20844, stack(0x00000082eeb00000,0x00000082ef000000)]
  0x000001f186c78000 JavaThread "Batik CleanerThread" daemon [_thread_blocked, id=23864, stack(0x00000082ef000000,0x00000082ef500000)]
  0x000001f1b7b44000 JavaThread "SyntheticaCleanerThread" daemon [_thread_blocked, id=17812, stack(0x00000082efa00000,0x00000082eff00000)]
  0x000001f1b7b48000 JavaThread "Refresh Filesets Swing Worker Thread" [_thread_blocked, id=26340, stack(0x00000082eff00000,0x00000082f0400000)]
  0x000001f1b7b46800 JavaThread "hw_ila_monitor" [_thread_blocked, id=30780, stack(0x00000082f0400000,0x00000082f0900000)]
  0x000001f1b7b44800 JavaThread "SyntheticaAnimation 50" daemon [_thread_blocked, id=16688, stack(0x00000082f0e00000,0x00000082f1300000)]
  0x000001f1b7b47000 JavaThread "pool-1-thread-1" [_thread_blocked, id=8988, stack(0x00000082ed600000,0x00000082edb00000)]
  0x000001f1b7b4d800 JavaThread "pool-2-thread-1" [_thread_blocked, id=20912, stack(0x00000082f1300000,0x00000082f1800000)]
  0x000001f1b7b4b800 JavaThread "pool-3-thread-1" [_thread_blocked, id=31132, stack(0x00000082f1800000,0x00000082f1d00000)]
  0x000001f1b7b4c000 JavaThread "Update Runs Swing Worker Thread" [_thread_blocked, id=16908, stack(0x00000082f1d00000,0x00000082f2200000)]
  0x000001f1b7b4d000 JavaThread "Monitor HEventQueue Thread" [_thread_blocked, id=23720, stack(0x00000082f2200000,0x00000082f2700000)]
  0x000001f1b7b4f800 JavaThread "SyntheticaAnimation 25" daemon [_thread_blocked, id=28744, stack(0x00000082f2700000,0x00000082f2c00000)]
  0x000001f1b7b4a800 JavaThread "SyntheticaAnimation 50" daemon [_thread_blocked, id=35200, stack(0x00000082ef500000,0x00000082efa00000)]
  0x000001f1b7b45800 JavaThread "SyntheticaAnimation 70" daemon [_thread_blocked, id=14880, stack(0x00000082f0900000,0x00000082f0e00000)]
  0x000001f1b7b51000 JavaThread "Image Fetcher 3" daemon [_thread_blocked, id=27364, stack(0x00000082f2c00000,0x00000082f3100000)]
  0x000001f1b7b50000 JavaThread "Timer-0" [_thread_blocked, id=19964, stack(0x00000082f3100000,0x00000082f3600000)]
  0x000001f1b7b52800 JavaThread "Monitor File Timestamp Swing Worker Thread" [_thread_blocked, id=32884, stack(0x00000082f3600000,0x00000082f3b00000)]
  0x000001f186c77000 JavaThread "Image Animator 0" daemon [_thread_blocked, id=19104, stack(0x00000082f4000000,0x00000082f4500000)]
  0x000001f1b7b4e800 JavaThread "Open Block Design Thread" [_thread_blocked, id=8168, stack(0x00000082f4500000,0x00000082f4a00000)]
  0x000001f1b7b52000 JavaThread "C2 CompilerThread1" daemon [_thread_blocked, id=22888, stack(0x00000082e7700000,0x00000082e7800000)]

Other Threads:
  0x000001f1b21bb800 VMThread "VM Thread" [stack: 0x00000082e9a00000,0x00000082e9b00000] [id=11360]
  0x000001f1debb7000 WatcherThread [stack: 0x00000082ec000000,0x00000082ec100000] [id=14632]
  0x000001f1b8a82800 GCTaskThread "GC Thread#0" [stack: 0x00000082e9500000,0x00000082e9600000] [id=29920]
  0x000001f1b1345800 GCTaskThread "GC Thread#1" [stack: 0x00000082ee500000,0x00000082ee600000] [id=9900]
  0x000001f1b711b000 GCTaskThread "GC Thread#2" [stack: 0x00000082ee600000,0x00000082ee700000] [id=32932]
  0x000001f1b8a4f800 GCTaskThread "GC Thread#3" [stack: 0x00000082ee700000,0x00000082ee800000] [id=24216]
  0x000001f1fa3fe000 GCTaskThread "GC Thread#4" [stack: 0x00000082ee800000,0x00000082ee900000] [id=32272]
  0x000001f1bbfbd000 GCTaskThread "GC Thread#5" [stack: 0x00000082ee900000,0x00000082eea00000] [id=26592]
  0x000001f1b1a5e800 ConcurrentGCThread "G1 Main Marker" [stack: 0x00000082e9600000,0x00000082e9700000] [id=21480]
  0x000001f1bfce4800 ConcurrentGCThread "G1 Conc#0" [stack: 0x00000082e9700000,0x00000082e9800000] [id=4696]
  0x000001f1f772d800 ConcurrentGCThread "G1 Conc#1" [stack: 0x00000082ee000000,0x00000082ee100000] [id=23948]
  0x000001f1b3e77800 ConcurrentGCThread "G1 Refine#0" [stack: 0x00000082e9800000,0x00000082e9900000] [id=27464]
  0x000001f1b3c75000 ConcurrentGCThread "G1 Refine#1" [stack: 0x00000082eea00000,0x00000082eeb00000] [id=22280]
  0x000001f1bb098800 ConcurrentGCThread "G1 Refine#2" [stack: 0x00000082ee100000,0x00000082ee200000] [id=26764]
  0x000001f1ba5dd800 ConcurrentGCThread "G1 Young RemSet Sampling" [stack: 0x00000082e9900000,0x00000082e9a00000] [id=17044]

Threads with active compile tasks:

VM state:not at safepoint (normal execution)

VM Mutex/Monitor currently owned by a thread: None

Heap address: 0x0000000740000000, size: 3072 MB, Compressed Oops mode: Zero based, Oop shift amount: 3
Narrow klass base: 0x0000000800000000, Narrow klass shift: 0
Compressed class space size: 1073741824 Address: 0x0000000800000000

Heap:
 garbage-first heap   total 295936K, used 217538K [0x0000000740000000, 0x0000000800000000)
  region size 1024K, 45 young (46080K), 5 survivors (5120K)
 Metaspace       used 86747K, capacity 88791K, committed 88968K, reserved 1126400K
  class space    used 12179K, capacity 13089K, committed 13184K, reserved 1048576K
Heap Regions: E=young(eden), S=young(survivor), O=old, HS=humongous(starts), HC=humongous(continues), CS=collection set, F=free, A=archive, TAMS=top-at-mark-start (previous, next)
|   0|0x0000000740000000, 0x0000000740100000, 0x0000000740100000|100%|HS|  |TAMS 0x0000000740100000, 0x0000000740000000| Complete 
|   1|0x0000000740100000, 0x0000000740200000, 0x0000000740200000|100%|HC|  |TAMS 0x0000000740200000, 0x0000000740100000| Complete 
|   2|0x0000000740200000, 0x0000000740300000, 0x0000000740300000|100%|HS|  |TAMS 0x0000000740300000, 0x0000000740200000| Complete 
|   3|0x0000000740300000, 0x00000007403fffd0, 0x0000000740400000| 99%| O|  |TAMS 0x00000007403fffd0, 0x0000000740300000| Untracked 
|   4|0x0000000740400000, 0x00000007404fffe0, 0x0000000740500000| 99%| O|  |TAMS 0x00000007404fffe0, 0x0000000740400000| Untracked 
|   5|0x0000000740500000, 0x00000007405ff9f0, 0x0000000740600000| 99%| O|  |TAMS 0x00000007405ff9f0, 0x0000000740500000| Untracked 
|   6|0x0000000740600000, 0x00000007406fffe8, 0x0000000740700000| 99%| O|  |TAMS 0x00000007406fffe8, 0x0000000740600000| Untracked 
|   7|0x0000000740700000, 0x00000007407ffff8, 0x0000000740800000| 99%| O|  |TAMS 0x00000007407ffff8, 0x0000000740700000| Untracked 
|   8|0x0000000740800000, 0x00000007408ffff0, 0x0000000740900000| 99%| O|  |TAMS 0x00000007408ffff0, 0x0000000740800000| Untracked 
|   9|0x0000000740900000, 0x00000007409f7020, 0x0000000740a00000| 96%| O|  |TAMS 0x00000007409f7020, 0x0000000740900000| Untracked 
|  10|0x0000000740a00000, 0x0000000740aff308, 0x0000000740b00000| 99%| O|  |TAMS 0x0000000740aff308, 0x0000000740a00000| Untracked 
|  11|0x0000000740b00000, 0x0000000740bfc990, 0x0000000740c00000| 98%| O|  |TAMS 0x0000000740bfc990, 0x0000000740b00000| Untracked 
|  12|0x0000000740c00000, 0x0000000740cff238, 0x0000000740d00000| 99%| O|  |TAMS 0x0000000740cff238, 0x0000000740c00000| Untracked 
|  13|0x0000000740d00000, 0x0000000740dcbbb0, 0x0000000740e00000| 79%| O|  |TAMS 0x0000000740dcbbb0, 0x0000000740d00000| Untracked 
|  14|0x0000000740e00000, 0x0000000740effff0, 0x0000000740f00000| 99%| O|  |TAMS 0x0000000740effff0, 0x0000000740e00000| Untracked 
|  15|0x0000000740f00000, 0x0000000740fffff8, 0x0000000741000000| 99%| O|  |TAMS 0x0000000740fffff8, 0x0000000740f00000| Untracked 
|  16|0x0000000741000000, 0x00000007410fffe8, 0x0000000741100000| 99%| O|  |TAMS 0x00000007410fffe8, 0x0000000741000000| Untracked 
|  17|0x0000000741100000, 0x0000000741200000, 0x0000000741200000|100%| O|  |TAMS 0x0000000741200000, 0x0000000741100000| Untracked 
|  18|0x0000000741200000, 0x00000007412fff28, 0x0000000741300000| 99%| O|  |TAMS 0x00000007412fff28, 0x0000000741200000| Untracked 
|  19|0x0000000741300000, 0x00000007413fffc8, 0x0000000741400000| 99%| O|  |TAMS 0x00000007413fffc8, 0x0000000741300000| Untracked 
|  20|0x0000000741400000, 0x00000007414f8460, 0x0000000741500000| 96%| O|  |TAMS 0x00000007414f8460, 0x0000000741400000| Untracked 
|  21|0x0000000741500000, 0x00000007415ffcc0, 0x0000000741600000| 99%| O|  |TAMS 0x00000007415ffcc0, 0x0000000741500000| Untracked 
|  22|0x0000000741600000, 0x00000007416fffe8, 0x0000000741700000| 99%| O|  |TAMS 0x00000007416fffe8, 0x0000000741600000| Untracked 
|  23|0x0000000741700000, 0x00000007417ffff8, 0x0000000741800000| 99%| O|  |TAMS 0x00000007417ffff8, 0x0000000741700000| Untracked 
|  24|0x0000000741800000, 0x0000000741900000, 0x0000000741900000|100%| O|  |TAMS 0x0000000741900000, 0x0000000741800000| Untracked 
|  25|0x0000000741900000, 0x00000007419ffff8, 0x0000000741a00000| 99%| O|  |TAMS 0x00000007419ffff8, 0x0000000741900000| Untracked 
|  26|0x0000000741a00000, 0x0000000741affe08, 0x0000000741b00000| 99%| O|  |TAMS 0x0000000741affe08, 0x0000000741a00000| Untracked 
|  27|0x0000000741b00000, 0x0000000741bffff0, 0x0000000741c00000| 99%| O|  |TAMS 0x0000000741bffff0, 0x0000000741b00000| Untracked 
|  28|0x0000000741c00000, 0x0000000741cfffe8, 0x0000000741d00000| 99%| O|  |TAMS 0x0000000741cfffe8, 0x0000000741c00000| Untracked 
|  29|0x0000000741d00000, 0x0000000741e00000, 0x0000000741e00000|100%| O|  |TAMS 0x0000000741e00000, 0x0000000741d00000| Untracked 
|  30|0x0000000741e00000, 0x0000000741effff8, 0x0000000741f00000| 99%| O|  |TAMS 0x0000000741effff8, 0x0000000741e00000| Untracked 
|  31|0x0000000741f00000, 0x0000000741ffffd0, 0x0000000742000000| 99%| O|  |TAMS 0x0000000741ffffd0, 0x0000000741f00000| Untracked 
|  32|0x0000000742000000, 0x00000007420fffe0, 0x0000000742100000| 99%| O|  |TAMS 0x00000007420fffe0, 0x0000000742000000| Untracked 
|  33|0x0000000742100000, 0x00000007421fffc0, 0x0000000742200000| 99%| O|  |TAMS 0x00000007421fffc0, 0x0000000742100000| Untracked 
|  34|0x0000000742200000, 0x0000000742300000, 0x0000000742300000|100%| O|  |TAMS 0x0000000742300000, 0x0000000742200000| Untracked 
|  35|0x0000000742300000, 0x00000007423ff5d8, 0x0000000742400000| 99%| O|  |TAMS 0x00000007423ff5d8, 0x0000000742300000| Untracked 
|  36|0x0000000742400000, 0x00000007424ffff0, 0x0000000742500000| 99%| O|  |TAMS 0x00000007424ffff0, 0x0000000742400000| Untracked 
|  37|0x0000000742500000, 0x00000007425ffff8, 0x0000000742600000| 99%| O|  |TAMS 0x00000007425ffff8, 0x0000000742500000| Untracked 
|  38|0x0000000742600000, 0x0000000742700000, 0x0000000742700000|100%| O|  |TAMS 0x0000000742700000, 0x0000000742600000| Untracked 
|  39|0x0000000742700000, 0x00000007427ffff8, 0x0000000742800000| 99%| O|  |TAMS 0x00000007427ffff8, 0x0000000742700000| Untracked 
|  40|0x0000000742800000, 0x00000007428fff50, 0x0000000742900000| 99%| O|  |TAMS 0x00000007428fff50, 0x0000000742800000| Untracked 
|  41|0x0000000742900000, 0x00000007429fff80, 0x0000000742a00000| 99%| O|  |TAMS 0x00000007429fff80, 0x0000000742900000| Untracked 
|  42|0x0000000742a00000, 0x0000000742afffe8, 0x0000000742b00000| 99%| O|  |TAMS 0x0000000742afffe8, 0x0000000742a00000| Untracked 
|  43|0x0000000742b00000, 0x0000000742c00000, 0x0000000742c00000|100%| O|  |TAMS 0x0000000742c00000, 0x0000000742b00000| Untracked 
|  44|0x0000000742c00000, 0x0000000742cfffe8, 0x0000000742d00000| 99%| O|  |TAMS 0x0000000742cfffe8, 0x0000000742c00000| Untracked 
|  45|0x0000000742d00000, 0x0000000742dfffe0, 0x0000000742e00000| 99%| O|  |TAMS 0x0000000742dfffe0, 0x0000000742d00000| Untracked 
|  46|0x0000000742e00000, 0x0000000742f00000, 0x0000000742f00000|100%| O|  |TAMS 0x0000000742f00000, 0x0000000742e00000| Untracked 
|  47|0x0000000742f00000, 0x0000000742fffff0, 0x0000000743000000| 99%| O|  |TAMS 0x0000000742fffff0, 0x0000000742f00000| Untracked 
|  48|0x0000000743000000, 0x0000000743100000, 0x0000000743100000|100%| O|  |TAMS 0x0000000743100000, 0x0000000743000000| Untracked 
|  49|0x0000000743100000, 0x00000007431fffd8, 0x0000000743200000| 99%| O|  |TAMS 0x00000007431fffd8, 0x0000000743100000| Untracked 
|  50|0x0000000743200000, 0x00000007432bc2a0, 0x0000000743300000| 73%| O|  |TAMS 0x00000007432bc2a0, 0x0000000743200000| Untracked 
|  51|0x0000000743300000, 0x00000007433ffe00, 0x0000000743400000| 99%| O|  |TAMS 0x00000007433ffe00, 0x0000000743300000| Untracked 
|  52|0x0000000743400000, 0x00000007434fffb8, 0x0000000743500000| 99%| O|  |TAMS 0x00000007434fffb8, 0x0000000743400000| Untracked 
|  53|0x0000000743500000, 0x00000007435ffff8, 0x0000000743600000| 99%| O|  |TAMS 0x00000007435ffff8, 0x0000000743500000| Untracked 
|  54|0x0000000743600000, 0x0000000743700000, 0x0000000743700000|100%|HS|  |TAMS 0x0000000743700000, 0x0000000743600000| Complete 
|  55|0x0000000743700000, 0x0000000743800000, 0x0000000743800000|100%|HC|  |TAMS 0x0000000743800000, 0x0000000743700000| Complete 
|  56|0x0000000743800000, 0x0000000743900000, 0x0000000743900000|100%|HC|  |TAMS 0x0000000743900000, 0x0000000743800000| Complete 
|  57|0x0000000743900000, 0x0000000743a00000, 0x0000000743a00000|100%|HC|  |TAMS 0x0000000743a00000, 0x0000000743900000| Complete 
|  58|0x0000000743a00000, 0x0000000743b00000, 0x0000000743b00000|100%|HC|  |TAMS 0x0000000743b00000, 0x0000000743a00000| Complete 
|  59|0x0000000743b00000, 0x0000000743c00000, 0x0000000743c00000|100%|HC|  |TAMS 0x0000000743c00000, 0x0000000743b00000| Complete 
|  60|0x0000000743c00000, 0x0000000743d00000, 0x0000000743d00000|100%|HC|  |TAMS 0x0000000743d00000, 0x0000000743c00000| Complete 
|  61|0x0000000743d00000, 0x0000000743e00000, 0x0000000743e00000|100%|HC|  |TAMS 0x0000000743e00000, 0x0000000743d00000| Complete 
|  62|0x0000000743e00000, 0x0000000743efffd0, 0x0000000743f00000| 99%| O|  |TAMS 0x0000000743efffd0, 0x0000000743e00000| Untracked 
|  63|0x0000000743f00000, 0x0000000743ffffe8, 0x0000000744000000| 99%| O|  |TAMS 0x0000000743ffffe8, 0x0000000743f00000| Untracked 
|  64|0x0000000744000000, 0x00000007440ffff0, 0x0000000744100000| 99%| O|  |TAMS 0x00000007440ffff0, 0x0000000744000000| Untracked 
|  65|0x0000000744100000, 0x00000007441ffff8, 0x0000000744200000| 99%| O|  |TAMS 0x00000007441ffff8, 0x0000000744100000| Untracked 
|  66|0x0000000744200000, 0x0000000744300000, 0x0000000744300000|100%| O|  |TAMS 0x0000000744300000, 0x0000000744200000| Untracked 
|  67|0x0000000744300000, 0x00000007443ffff0, 0x0000000744400000| 99%| O|  |TAMS 0x00000007443ffff0, 0x0000000744300000| Untracked 
|  68|0x0000000744400000, 0x00000007444fffe8, 0x0000000744500000| 99%| O|  |TAMS 0x00000007444fffe8, 0x0000000744400000| Untracked 
|  69|0x0000000744500000, 0x00000007445ffff8, 0x0000000744600000| 99%| O|  |TAMS 0x00000007445ffff8, 0x0000000744500000| Untracked 
|  70|0x0000000744600000, 0x00000007446fffe8, 0x0000000744700000| 99%| O|  |TAMS 0x00000007446fffe8, 0x0000000744600000| Untracked 
|  71|0x0000000744700000, 0x00000007447fffe0, 0x0000000744800000| 99%| O|  |TAMS 0x00000007447fffe0, 0x0000000744700000| Untracked 
|  72|0x0000000744800000, 0x00000007448ffff8, 0x0000000744900000| 99%| O|  |TAMS 0x00000007448ffff8, 0x0000000744800000| Untracked 
|  73|0x0000000744900000, 0x0000000744993f38, 0x0000000744a00000| 57%| O|  |TAMS 0x0000000744993f38, 0x0000000744900000| Untracked 
|  74|0x0000000744a00000, 0x0000000744affff0, 0x0000000744b00000| 99%| O|  |TAMS 0x0000000744affff0, 0x0000000744a00000| Untracked 
|  75|0x0000000744b00000, 0x0000000744bb5240, 0x0000000744c00000| 70%| O|  |TAMS 0x0000000744bb5240, 0x0000000744b00000| Untracked 
|  76|0x0000000744c00000, 0x0000000744c683a8, 0x0000000744d00000| 40%| O|  |TAMS 0x0000000744c683a8, 0x0000000744c00000| Untracked 
|  77|0x0000000744d00000, 0x0000000744ddf000, 0x0000000744e00000| 87%| O|  |TAMS 0x0000000744ddf000, 0x0000000744d00000| Untracked 
|  78|0x0000000744e00000, 0x0000000744e00000, 0x0000000744f00000|  0%| F|  |TAMS 0x0000000744e00000, 0x0000000744e00000| Untracked 
|  79|0x0000000744f00000, 0x0000000744f00000, 0x0000000745000000|  0%| F|  |TAMS 0x0000000744f00000, 0x0000000744f00000| Untracked 
|  80|0x0000000745000000, 0x0000000745000000, 0x0000000745100000|  0%| F|  |TAMS 0x0000000745000000, 0x0000000745000000| Untracked 
|  81|0x0000000745100000, 0x0000000745100000, 0x0000000745200000|  0%| F|  |TAMS 0x0000000745100000, 0x0000000745100000| Untracked 
|  82|0x0000000745200000, 0x0000000745200000, 0x0000000745300000|  0%| F|  |TAMS 0x0000000745200000, 0x0000000745200000| Untracked 
|  83|0x0000000745300000, 0x0000000745300000, 0x0000000745400000|  0%| F|  |TAMS 0x0000000745300000, 0x0000000745300000| Untracked 
|  84|0x0000000745400000, 0x0000000745400000, 0x0000000745500000|  0%| F|  |TAMS 0x0000000745400000, 0x0000000745400000| Untracked 
|  85|0x0000000745500000, 0x0000000745500000, 0x0000000745600000|  0%| F|  |TAMS 0x0000000745500000, 0x0000000745500000| Untracked 
|  86|0x0000000745600000, 0x0000000745600000, 0x0000000745700000|  0%| F|  |TAMS 0x0000000745600000, 0x0000000745600000| Untracked 
|  87|0x0000000745700000, 0x0000000745700000, 0x0000000745800000|  0%| F|  |TAMS 0x0000000745700000, 0x0000000745700000| Untracked 
|  88|0x0000000745800000, 0x0000000745800000, 0x0000000745900000|  0%| F|  |TAMS 0x0000000745800000, 0x0000000745800000| Untracked 
|  89|0x0000000745900000, 0x0000000745900000, 0x0000000745a00000|  0%| F|  |TAMS 0x0000000745900000, 0x0000000745900000| Untracked 
|  90|0x0000000745a00000, 0x0000000745a00000, 0x0000000745b00000|  0%| F|  |TAMS 0x0000000745a00000, 0x0000000745a00000| Untracked 
|  91|0x0000000745b00000, 0x0000000745b00000, 0x0000000745c00000|  0%| F|  |TAMS 0x0000000745b00000, 0x0000000745b00000| Untracked 
|  92|0x0000000745c00000, 0x0000000745c00000, 0x0000000745d00000|  0%| F|  |TAMS 0x0000000745c00000, 0x0000000745c00000| Untracked 
|  93|0x0000000745d00000, 0x0000000745d00000, 0x0000000745e00000|  0%| F|  |TAMS 0x0000000745d00000, 0x0000000745d00000| Untracked 
|  94|0x0000000745e00000, 0x0000000745e00000, 0x0000000745f00000|  0%| F|  |TAMS 0x0000000745e00000, 0x0000000745e00000| Untracked 
|  95|0x0000000745f00000, 0x0000000745f00000, 0x0000000746000000|  0%| F|  |TAMS 0x0000000745f00000, 0x0000000745f00000| Untracked 
|  96|0x0000000746000000, 0x0000000746000000, 0x0000000746100000|  0%| F|  |TAMS 0x0000000746000000, 0x0000000746000000| Untracked 
|  97|0x0000000746100000, 0x0000000746200000, 0x0000000746200000|100%|HS|  |TAMS 0x0000000746200000, 0x0000000746100000| Complete 
|  98|0x0000000746200000, 0x0000000746300000, 0x0000000746300000|100%|HC|  |TAMS 0x0000000746300000, 0x0000000746200000| Complete 
|  99|0x0000000746300000, 0x0000000746400000, 0x0000000746400000|100%|HC|  |TAMS 0x0000000746400000, 0x0000000746300000| Complete 
| 100|0x0000000746400000, 0x0000000746500000, 0x0000000746500000|100%|HC|  |TAMS 0x0000000746500000, 0x0000000746400000| Complete 
| 101|0x0000000746500000, 0x0000000746600000, 0x0000000746600000|100%|HC|  |TAMS 0x0000000746600000, 0x0000000746500000| Complete 
| 102|0x0000000746600000, 0x0000000746700000, 0x0000000746700000|100%|HC|  |TAMS 0x0000000746700000, 0x0000000746600000| Complete 
| 103|0x0000000746700000, 0x0000000746800000, 0x0000000746800000|100%|HC|  |TAMS 0x0000000746800000, 0x0000000746700000| Complete 
| 104|0x0000000746800000, 0x0000000746900000, 0x0000000746900000|100%|HC|  |TAMS 0x0000000746900000, 0x0000000746800000| Complete 
| 105|0x0000000746900000, 0x0000000746a00000, 0x0000000746a00000|100%|HC|  |TAMS 0x0000000746a00000, 0x0000000746900000| Complete 
| 106|0x0000000746a00000, 0x0000000746b00000, 0x0000000746b00000|100%|HC|  |TAMS 0x0000000746b00000, 0x0000000746a00000| Complete 
| 107|0x0000000746b00000, 0x0000000746c00000, 0x0000000746c00000|100%|HC|  |TAMS 0x0000000746c00000, 0x0000000746b00000| Complete 
| 108|0x0000000746c00000, 0x0000000746d00000, 0x0000000746d00000|100%|HC|  |TAMS 0x0000000746d00000, 0x0000000746c00000| Complete 
| 109|0x0000000746d00000, 0x0000000746e00000, 0x0000000746e00000|100%|HC|  |TAMS 0x0000000746e00000, 0x0000000746d00000| Complete 
| 110|0x0000000746e00000, 0x0000000746f00000, 0x0000000746f00000|100%|HC|  |TAMS 0x0000000746f00000, 0x0000000746e00000| Complete 
| 111|0x0000000746f00000, 0x0000000747000000, 0x0000000747000000|100%|HC|  |TAMS 0x0000000747000000, 0x0000000746f00000| Complete 
| 112|0x0000000747000000, 0x0000000747100000, 0x0000000747100000|100%|HC|  |TAMS 0x0000000747100000, 0x0000000747000000| Complete 
| 113|0x0000000747100000, 0x0000000747200000, 0x0000000747200000|100%|HC|  |TAMS 0x0000000747200000, 0x0000000747100000| Complete 
| 114|0x0000000747200000, 0x0000000747300000, 0x0000000747300000|100%|HC|  |TAMS 0x0000000747300000, 0x0000000747200000| Complete 
| 115|0x0000000747300000, 0x0000000747400000, 0x0000000747400000|100%|HC|  |TAMS 0x0000000747400000, 0x0000000747300000| Complete 
| 116|0x0000000747400000, 0x0000000747500000, 0x0000000747500000|100%|HC|  |TAMS 0x0000000747500000, 0x0000000747400000| Complete 
| 117|0x0000000747500000, 0x0000000747600000, 0x0000000747600000|100%|HC|  |TAMS 0x0000000747600000, 0x0000000747500000| Complete 
| 118|0x0000000747600000, 0x0000000747700000, 0x0000000747700000|100%|HC|  |TAMS 0x0000000747700000, 0x0000000747600000| Complete 
| 119|0x0000000747700000, 0x0000000747800000, 0x0000000747800000|100%|HC|  |TAMS 0x0000000747800000, 0x0000000747700000| Complete 
| 120|0x0000000747800000, 0x0000000747900000, 0x0000000747900000|100%|HC|  |TAMS 0x0000000747900000, 0x0000000747800000| Complete 
| 121|0x0000000747900000, 0x0000000747a00000, 0x0000000747a00000|100%|HC|  |TAMS 0x0000000747a00000, 0x0000000747900000| Complete 
| 122|0x0000000747a00000, 0x0000000747b00000, 0x0000000747b00000|100%|HC|  |TAMS 0x0000000747b00000, 0x0000000747a00000| Complete 
| 123|0x0000000747b00000, 0x0000000747c00000, 0x0000000747c00000|100%|HC|  |TAMS 0x0000000747c00000, 0x0000000747b00000| Complete 
| 124|0x0000000747c00000, 0x0000000747d00000, 0x0000000747d00000|100%|HC|  |TAMS 0x0000000747d00000, 0x0000000747c00000| Complete 
| 125|0x0000000747d00000, 0x0000000747e00000, 0x0000000747e00000|100%|HC|  |TAMS 0x0000000747e00000, 0x0000000747d00000| Complete 
| 126|0x0000000747e00000, 0x0000000747f00000, 0x0000000747f00000|100%|HC|  |TAMS 0x0000000747f00000, 0x0000000747e00000| Complete 
| 127|0x0000000747f00000, 0x0000000748000000, 0x0000000748000000|100%|HC|  |TAMS 0x0000000748000000, 0x0000000747f00000| Complete 
| 128|0x0000000748000000, 0x0000000748100000, 0x0000000748100000|100%|HC|  |TAMS 0x0000000748100000, 0x0000000748000000| Complete 
| 129|0x0000000748100000, 0x0000000748200000, 0x0000000748200000|100%|HC|  |TAMS 0x0000000748200000, 0x0000000748100000| Complete 
| 130|0x0000000748200000, 0x0000000748300000, 0x0000000748300000|100%|HC|  |TAMS 0x0000000748300000, 0x0000000748200000| Complete 
| 131|0x0000000748300000, 0x0000000748400000, 0x0000000748400000|100%|HC|  |TAMS 0x0000000748400000, 0x0000000748300000| Complete 
| 132|0x0000000748400000, 0x0000000748500000, 0x0000000748500000|100%|HC|  |TAMS 0x0000000748500000, 0x0000000748400000| Complete 
| 133|0x0000000748500000, 0x0000000748600000, 0x0000000748600000|100%|HC|  |TAMS 0x0000000748600000, 0x0000000748500000| Complete 
| 134|0x0000000748600000, 0x0000000748700000, 0x0000000748700000|100%|HC|  |TAMS 0x0000000748700000, 0x0000000748600000| Complete 
| 135|0x0000000748700000, 0x0000000748800000, 0x0000000748800000|100%|HC|  |TAMS 0x0000000748800000, 0x0000000748700000| Complete 
| 136|0x0000000748800000, 0x0000000748900000, 0x0000000748900000|100%|HC|  |TAMS 0x0000000748900000, 0x0000000748800000| Complete 
| 137|0x0000000748900000, 0x0000000748a00000, 0x0000000748a00000|100%|HC|  |TAMS 0x0000000748a00000, 0x0000000748900000| Complete 
| 138|0x0000000748a00000, 0x0000000748b00000, 0x0000000748b00000|100%|HC|  |TAMS 0x0000000748b00000, 0x0000000748a00000| Complete 
| 139|0x0000000748b00000, 0x0000000748c00000, 0x0000000748c00000|100%|HC|  |TAMS 0x0000000748c00000, 0x0000000748b00000| Complete 
| 140|0x0000000748c00000, 0x0000000748d00000, 0x0000000748d00000|100%|HC|  |TAMS 0x0000000748d00000, 0x0000000748c00000| Complete 
| 141|0x0000000748d00000, 0x0000000748e00000, 0x0000000748e00000|100%|HC|  |TAMS 0x0000000748e00000, 0x0000000748d00000| Complete 
| 142|0x0000000748e00000, 0x0000000748f00000, 0x0000000748f00000|100%|HC|  |TAMS 0x0000000748f00000, 0x0000000748e00000| Complete 
| 143|0x0000000748f00000, 0x0000000749000000, 0x0000000749000000|100%|HC|  |TAMS 0x0000000749000000, 0x0000000748f00000| Complete 
| 144|0x0000000749000000, 0x0000000749100000, 0x0000000749100000|100%|HC|  |TAMS 0x0000000749100000, 0x0000000749000000| Complete 
| 145|0x0000000749100000, 0x0000000749200000, 0x0000000749200000|100%|HC|  |TAMS 0x0000000749200000, 0x0000000749100000| Complete 
| 146|0x0000000749200000, 0x0000000749300000, 0x0000000749300000|100%|HC|  |TAMS 0x0000000749300000, 0x0000000749200000| Complete 
| 147|0x0000000749300000, 0x0000000749400000, 0x0000000749400000|100%|HC|  |TAMS 0x0000000749400000, 0x0000000749300000| Complete 
| 148|0x0000000749400000, 0x0000000749500000, 0x0000000749500000|100%|HC|  |TAMS 0x0000000749500000, 0x0000000749400000| Complete 
| 149|0x0000000749500000, 0x0000000749600000, 0x0000000749600000|100%|HC|  |TAMS 0x0000000749600000, 0x0000000749500000| Complete 
| 150|0x0000000749600000, 0x0000000749700000, 0x0000000749700000|100%|HC|  |TAMS 0x0000000749700000, 0x0000000749600000| Complete 
| 151|0x0000000749700000, 0x0000000749800000, 0x0000000749800000|100%|HC|  |TAMS 0x0000000749800000, 0x0000000749700000| Complete 
| 152|0x0000000749800000, 0x0000000749900000, 0x0000000749900000|100%|HC|  |TAMS 0x0000000749900000, 0x0000000749800000| Complete 
| 153|0x0000000749900000, 0x0000000749a00000, 0x0000000749a00000|100%|HC|  |TAMS 0x0000000749a00000, 0x0000000749900000| Complete 
| 154|0x0000000749a00000, 0x0000000749b00000, 0x0000000749b00000|100%|HC|  |TAMS 0x0000000749b00000, 0x0000000749a00000| Complete 
| 155|0x0000000749b00000, 0x0000000749c00000, 0x0000000749c00000|100%|HC|  |TAMS 0x0000000749c00000, 0x0000000749b00000| Complete 
| 156|0x0000000749c00000, 0x0000000749d00000, 0x0000000749d00000|100%|HC|  |TAMS 0x0000000749d00000, 0x0000000749c00000| Complete 
| 157|0x0000000749d00000, 0x0000000749e00000, 0x0000000749e00000|100%|HC|  |TAMS 0x0000000749e00000, 0x0000000749d00000| Complete 
| 158|0x0000000749e00000, 0x0000000749f00000, 0x0000000749f00000|100%|HC|  |TAMS 0x0000000749f00000, 0x0000000749e00000| Complete 
| 159|0x0000000749f00000, 0x000000074a000000, 0x000000074a000000|100%|HC|  |TAMS 0x000000074a000000, 0x0000000749f00000| Complete 
| 160|0x000000074a000000, 0x000000074a100000, 0x000000074a100000|100%|HC|  |TAMS 0x000000074a100000, 0x000000074a000000| Complete 
| 161|0x000000074a100000, 0x000000074a200000, 0x000000074a200000|100%|HC|  |TAMS 0x000000074a200000, 0x000000074a100000| Complete 
| 162|0x000000074a200000, 0x000000074a300000, 0x000000074a300000|100%|HC|  |TAMS 0x000000074a300000, 0x000000074a200000| Complete 
| 163|0x000000074a300000, 0x000000074a400000, 0x000000074a400000|100%|HC|  |TAMS 0x000000074a400000, 0x000000074a300000| Complete 
| 164|0x000000074a400000, 0x000000074a500000, 0x000000074a500000|100%|HC|  |TAMS 0x000000074a500000, 0x000000074a400000| Complete 
| 165|0x000000074a500000, 0x000000074a600000, 0x000000074a600000|100%|HC|  |TAMS 0x000000074a600000, 0x000000074a500000| Complete 
| 166|0x000000074a600000, 0x000000074a700000, 0x000000074a700000|100%|HC|  |TAMS 0x000000074a700000, 0x000000074a600000| Complete 
| 167|0x000000074a700000, 0x000000074a800000, 0x000000074a800000|100%|HC|  |TAMS 0x000000074a800000, 0x000000074a700000| Complete 
| 168|0x000000074a800000, 0x000000074a900000, 0x000000074a900000|100%|HC|  |TAMS 0x000000074a900000, 0x000000074a800000| Complete 
| 169|0x000000074a900000, 0x000000074aa00000, 0x000000074aa00000|100%|HC|  |TAMS 0x000000074aa00000, 0x000000074a900000| Complete 
| 170|0x000000074aa00000, 0x000000074ab00000, 0x000000074ab00000|100%|HC|  |TAMS 0x000000074ab00000, 0x000000074aa00000| Complete 
| 171|0x000000074ab00000, 0x000000074ac00000, 0x000000074ac00000|100%|HC|  |TAMS 0x000000074ac00000, 0x000000074ab00000| Complete 
| 172|0x000000074ac00000, 0x000000074ad00000, 0x000000074ad00000|100%|HC|  |TAMS 0x000000074ad00000, 0x000000074ac00000| Complete 
| 173|0x000000074ad00000, 0x000000074ae00000, 0x000000074ae00000|100%|HC|  |TAMS 0x000000074ae00000, 0x000000074ad00000| Complete 
| 174|0x000000074ae00000, 0x000000074af00000, 0x000000074af00000|100%|HC|  |TAMS 0x000000074af00000, 0x000000074ae00000| Complete 
| 175|0x000000074af00000, 0x000000074b000000, 0x000000074b000000|100%|HC|  |TAMS 0x000000074b000000, 0x000000074af00000| Complete 
| 176|0x000000074b000000, 0x000000074b100000, 0x000000074b100000|100%|HC|  |TAMS 0x000000074b100000, 0x000000074b000000| Complete 
| 177|0x000000074b100000, 0x000000074b200000, 0x000000074b200000|100%|HC|  |TAMS 0x000000074b200000, 0x000000074b100000| Complete 
| 178|0x000000074b200000, 0x000000074b300000, 0x000000074b300000|100%|HC|  |TAMS 0x000000074b300000, 0x000000074b200000| Complete 
| 179|0x000000074b300000, 0x000000074b400000, 0x000000074b400000|100%|HC|  |TAMS 0x000000074b400000, 0x000000074b300000| Complete 
| 180|0x000000074b400000, 0x000000074b500000, 0x000000074b500000|100%|HC|  |TAMS 0x000000074b500000, 0x000000074b400000| Complete 
| 181|0x000000074b500000, 0x000000074b600000, 0x000000074b600000|100%|HC|  |TAMS 0x000000074b600000, 0x000000074b500000| Complete 
| 182|0x000000074b600000, 0x000000074b700000, 0x000000074b700000|100%|HC|  |TAMS 0x000000074b700000, 0x000000074b600000| Complete 
| 183|0x000000074b700000, 0x000000074b800000, 0x000000074b800000|100%|HC|  |TAMS 0x000000074b800000, 0x000000074b700000| Complete 
| 184|0x000000074b800000, 0x000000074b900000, 0x000000074b900000|100%|HC|  |TAMS 0x000000074b900000, 0x000000074b800000| Complete 
| 185|0x000000074b900000, 0x000000074ba00000, 0x000000074ba00000|100%|HC|  |TAMS 0x000000074ba00000, 0x000000074b900000| Complete 
| 186|0x000000074ba00000, 0x000000074bb00000, 0x000000074bb00000|100%|HC|  |TAMS 0x000000074bb00000, 0x000000074ba00000| Complete 
| 187|0x000000074bb00000, 0x000000074bc00000, 0x000000074bc00000|100%|HC|  |TAMS 0x000000074bc00000, 0x000000074bb00000| Complete 
| 188|0x000000074bc00000, 0x000000074bd00000, 0x000000074bd00000|100%|HC|  |TAMS 0x000000074bd00000, 0x000000074bc00000| Complete 
| 189|0x000000074bd00000, 0x000000074be00000, 0x000000074be00000|100%|HC|  |TAMS 0x000000074be00000, 0x000000074bd00000| Complete 
| 190|0x000000074be00000, 0x000000074be02880, 0x000000074bf00000|  0%| O|  |TAMS 0x000000074be02880, 0x000000074be00000| Untracked 
| 191|0x000000074bf00000, 0x000000074bf00000, 0x000000074c000000|  0%| F|  |TAMS 0x000000074bf00000, 0x000000074bf00000| Untracked 
| 192|0x000000074c000000, 0x000000074c034798, 0x000000074c100000| 20%| O|  |TAMS 0x000000074c034798, 0x000000074c000000| Untracked 
| 193|0x000000074c100000, 0x000000074c100000, 0x000000074c200000|  0%| F|  |TAMS 0x000000074c100000, 0x000000074c100000| Untracked 
| 194|0x000000074c200000, 0x000000074c200000, 0x000000074c300000|  0%| F|  |TAMS 0x000000074c200000, 0x000000074c200000| Untracked 
| 195|0x000000074c300000, 0x000000074c300000, 0x000000074c400000|  0%| F|  |TAMS 0x000000074c300000, 0x000000074c300000| Untracked 
| 196|0x000000074c400000, 0x000000074c400000, 0x000000074c500000|  0%| F|  |TAMS 0x000000074c400000, 0x000000074c400000| Untracked 
| 197|0x000000074c500000, 0x000000074c500000, 0x000000074c600000|  0%| F|  |TAMS 0x000000074c500000, 0x000000074c500000| Untracked 
| 198|0x000000074c600000, 0x000000074c600000, 0x000000074c700000|  0%| F|  |TAMS 0x000000074c600000, 0x000000074c600000| Untracked 
| 199|0x000000074c700000, 0x000000074c700000, 0x000000074c800000|  0%| F|  |TAMS 0x000000074c700000, 0x000000074c700000| Untracked 
| 200|0x000000074c800000, 0x000000074c800000, 0x000000074c900000|  0%| F|  |TAMS 0x000000074c800000, 0x000000074c800000| Untracked 
| 201|0x000000074c900000, 0x000000074c900000, 0x000000074ca00000|  0%| F|  |TAMS 0x000000074c900000, 0x000000074c900000| Untracked 
| 202|0x000000074ca00000, 0x000000074ca00000, 0x000000074cb00000|  0%| F|  |TAMS 0x000000074ca00000, 0x000000074ca00000| Untracked 
| 203|0x000000074cb00000, 0x000000074cb00000, 0x000000074cc00000|  0%| F|  |TAMS 0x000000074cb00000, 0x000000074cb00000| Untracked 
| 204|0x000000074cc00000, 0x000000074cc00000, 0x000000074cd00000|  0%| F|  |TAMS 0x000000074cc00000, 0x000000074cc00000| Untracked 
| 205|0x000000074cd00000, 0x000000074cd00000, 0x000000074ce00000|  0%| F|  |TAMS 0x000000074cd00000, 0x000000074cd00000| Untracked 
| 206|0x000000074ce00000, 0x000000074ce00000, 0x000000074cf00000|  0%| F|  |TAMS 0x000000074ce00000, 0x000000074ce00000| Untracked 
| 207|0x000000074cf00000, 0x000000074cf00000, 0x000000074d000000|  0%| F|  |TAMS 0x000000074cf00000, 0x000000074cf00000| Untracked 
| 208|0x000000074d000000, 0x000000074d000000, 0x000000074d100000|  0%| F|  |TAMS 0x000000074d000000, 0x000000074d000000| Untracked 
| 209|0x000000074d100000, 0x000000074d100000, 0x000000074d200000|  0%| F|  |TAMS 0x000000074d100000, 0x000000074d100000| Untracked 
| 210|0x000000074d200000, 0x000000074d200000, 0x000000074d300000|  0%| F|  |TAMS 0x000000074d200000, 0x000000074d200000| Untracked 
| 211|0x000000074d300000, 0x000000074d300000, 0x000000074d400000|  0%| F|  |TAMS 0x000000074d300000, 0x000000074d300000| Untracked 
| 212|0x000000074d400000, 0x000000074d400000, 0x000000074d500000|  0%| F|  |TAMS 0x000000074d400000, 0x000000074d400000| Untracked 
| 213|0x000000074d500000, 0x000000074d500000, 0x000000074d600000|  0%| F|  |TAMS 0x000000074d500000, 0x000000074d500000| Untracked 
| 214|0x000000074d600000, 0x000000074d600000, 0x000000074d700000|  0%| F|  |TAMS 0x000000074d600000, 0x000000074d600000| Untracked 
| 215|0x000000074d700000, 0x000000074d700000, 0x000000074d800000|  0%| F|  |TAMS 0x000000074d700000, 0x000000074d700000| Untracked 
| 216|0x000000074d800000, 0x000000074d800000, 0x000000074d900000|  0%| F|  |TAMS 0x000000074d800000, 0x000000074d800000| Untracked 
| 217|0x000000074d900000, 0x000000074d900000, 0x000000074da00000|  0%| F|  |TAMS 0x000000074d900000, 0x000000074d900000| Untracked 
| 218|0x000000074da00000, 0x000000074da00000, 0x000000074db00000|  0%| F|  |TAMS 0x000000074da00000, 0x000000074da00000| Untracked 
| 219|0x000000074db00000, 0x000000074db00000, 0x000000074dc00000|  0%| F|  |TAMS 0x000000074db00000, 0x000000074db00000| Untracked 
| 220|0x000000074dc00000, 0x000000074dc00000, 0x000000074dd00000|  0%| F|  |TAMS 0x000000074dc00000, 0x000000074dc00000| Untracked 
| 221|0x000000074dd00000, 0x000000074dd00000, 0x000000074de00000|  0%| F|  |TAMS 0x000000074dd00000, 0x000000074dd00000| Untracked 
| 222|0x000000074de00000, 0x000000074de32740, 0x000000074df00000| 19%| O|  |TAMS 0x000000074de32740, 0x000000074de00000| Untracked 
| 223|0x000000074df00000, 0x000000074df00000, 0x000000074e000000|  0%| F|  |TAMS 0x000000074df00000, 0x000000074df00000| Untracked 
| 224|0x000000074e000000, 0x000000074e000000, 0x000000074e100000|  0%| F|  |TAMS 0x000000074e000000, 0x000000074e000000| Untracked 
| 225|0x000000074e100000, 0x000000074e100000, 0x000000074e200000|  0%| F|  |TAMS 0x000000074e100000, 0x000000074e100000| Untracked 
| 226|0x000000074e200000, 0x000000074e200000, 0x000000074e300000|  0%| F|  |TAMS 0x000000074e200000, 0x000000074e200000| Untracked 
| 227|0x000000074e300000, 0x000000074e300000, 0x000000074e400000|  0%| F|  |TAMS 0x000000074e300000, 0x000000074e300000| Untracked 
| 228|0x000000074e400000, 0x000000074e400000, 0x000000074e500000|  0%| F|  |TAMS 0x000000074e400000, 0x000000074e400000| Untracked 
| 229|0x000000074e500000, 0x000000074e5068b0, 0x000000074e600000|  2%| S|CS|TAMS 0x000000074e500000, 0x000000074e500000| Complete 
| 230|0x000000074e600000, 0x000000074e700000, 0x000000074e700000|100%| S|CS|TAMS 0x000000074e600000, 0x000000074e600000| Complete 
| 231|0x000000074e700000, 0x000000074e800000, 0x000000074e800000|100%| S|CS|TAMS 0x000000074e700000, 0x000000074e700000| Complete 
| 232|0x000000074e800000, 0x000000074e900000, 0x000000074e900000|100%| S|CS|TAMS 0x000000074e800000, 0x000000074e800000| Complete 
| 233|0x000000074e900000, 0x000000074ea00000, 0x000000074ea00000|100%| S|CS|TAMS 0x000000074e900000, 0x000000074e900000| Complete 
| 234|0x000000074ea00000, 0x000000074ea00000, 0x000000074eb00000|  0%| F|  |TAMS 0x000000074ea00000, 0x000000074ea00000| Untracked 
| 235|0x000000074eb00000, 0x000000074eb00000, 0x000000074ec00000|  0%| F|  |TAMS 0x000000074eb00000, 0x000000074eb00000| Untracked 
| 236|0x000000074ec00000, 0x000000074ec00000, 0x000000074ed00000|  0%| F|  |TAMS 0x000000074ec00000, 0x000000074ec00000| Untracked 
| 237|0x000000074ed00000, 0x000000074ed00000, 0x000000074ee00000|  0%| F|  |TAMS 0x000000074ed00000, 0x000000074ed00000| Untracked 
| 238|0x000000074ee00000, 0x000000074ee00000, 0x000000074ef00000|  0%| F|  |TAMS 0x000000074ee00000, 0x000000074ee00000| Untracked 
| 239|0x000000074ef00000, 0x000000074ef00000, 0x000000074f000000|  0%| F|  |TAMS 0x000000074ef00000, 0x000000074ef00000| Untracked 
| 240|0x000000074f000000, 0x000000074f000000, 0x000000074f100000|  0%| F|  |TAMS 0x000000074f000000, 0x000000074f000000| Untracked 
| 241|0x000000074f100000, 0x000000074f100000, 0x000000074f200000|  0%| F|  |TAMS 0x000000074f100000, 0x000000074f100000| Untracked 
| 242|0x000000074f200000, 0x000000074f200000, 0x000000074f300000|  0%| F|  |TAMS 0x000000074f200000, 0x000000074f200000| Untracked 
| 243|0x000000074f300000, 0x000000074f300000, 0x000000074f400000|  0%| F|  |TAMS 0x000000074f300000, 0x000000074f300000| Untracked 
| 244|0x000000074f400000, 0x000000074f400000, 0x000000074f500000|  0%| F|  |TAMS 0x000000074f400000, 0x000000074f400000| Untracked 
| 245|0x000000074f500000, 0x000000074f500000, 0x000000074f600000|  0%| F|  |TAMS 0x000000074f500000, 0x000000074f500000| Untracked 
| 246|0x000000074f600000, 0x000000074f600000, 0x000000074f700000|  0%| F|  |TAMS 0x000000074f600000, 0x000000074f600000| Untracked 
| 247|0x000000074f700000, 0x000000074f700000, 0x000000074f800000|  0%| F|  |TAMS 0x000000074f700000, 0x000000074f700000| Untracked 
| 248|0x000000074f800000, 0x000000074f800000, 0x000000074f900000|  0%| F|  |TAMS 0x000000074f800000, 0x000000074f800000| Untracked 
| 249|0x000000074f900000, 0x000000074f988f18, 0x000000074fa00000| 53%| E|  |TAMS 0x000000074f900000, 0x000000074f900000| Complete 
| 250|0x000000074fa00000, 0x000000074fb00000, 0x000000074fb00000|100%| E|CS|TAMS 0x000000074fa00000, 0x000000074fa00000| Complete 
| 251|0x000000074fb00000, 0x000000074fc00000, 0x000000074fc00000|100%| E|CS|TAMS 0x000000074fb00000, 0x000000074fb00000| Complete 
| 252|0x000000074fc00000, 0x000000074fd00000, 0x000000074fd00000|100%| E|CS|TAMS 0x000000074fc00000, 0x000000074fc00000| Complete 
| 253|0x000000074fd00000, 0x000000074fe00000, 0x000000074fe00000|100%| E|CS|TAMS 0x000000074fd00000, 0x000000074fd00000| Complete 
| 254|0x000000074fe00000, 0x000000074ff00000, 0x000000074ff00000|100%| E|CS|TAMS 0x000000074fe00000, 0x000000074fe00000| Complete 
| 255|0x000000074ff00000, 0x0000000750000000, 0x0000000750000000|100%| E|CS|TAMS 0x000000074ff00000, 0x000000074ff00000| Complete 
| 256|0x0000000750000000, 0x0000000750100000, 0x0000000750100000|100%| E|CS|TAMS 0x0000000750000000, 0x0000000750000000| Complete 
| 257|0x0000000750100000, 0x0000000750200000, 0x0000000750200000|100%| E|CS|TAMS 0x0000000750100000, 0x0000000750100000| Complete 
| 258|0x0000000750200000, 0x0000000750300000, 0x0000000750300000|100%| E|CS|TAMS 0x0000000750200000, 0x0000000750200000| Complete 
| 259|0x0000000750300000, 0x0000000750400000, 0x0000000750400000|100%| E|CS|TAMS 0x0000000750300000, 0x0000000750300000| Complete 
| 260|0x0000000750400000, 0x0000000750500000, 0x0000000750500000|100%| E|CS|TAMS 0x0000000750400000, 0x0000000750400000| Complete 
| 261|0x0000000750500000, 0x0000000750600000, 0x0000000750600000|100%| E|CS|TAMS 0x0000000750500000, 0x0000000750500000| Complete 
| 262|0x0000000750600000, 0x0000000750700000, 0x0000000750700000|100%| E|CS|TAMS 0x0000000750600000, 0x0000000750600000| Complete 
| 263|0x0000000750700000, 0x0000000750800000, 0x0000000750800000|100%| E|CS|TAMS 0x0000000750700000, 0x0000000750700000| Complete 
| 264|0x0000000750800000, 0x0000000750900000, 0x0000000750900000|100%| E|CS|TAMS 0x0000000750800000, 0x0000000750800000| Complete 
| 265|0x0000000750900000, 0x0000000750a00000, 0x0000000750a00000|100%| E|CS|TAMS 0x0000000750900000, 0x0000000750900000| Complete 
| 266|0x0000000750a00000, 0x0000000750b00000, 0x0000000750b00000|100%| E|CS|TAMS 0x0000000750a00000, 0x0000000750a00000| Complete 
| 267|0x0000000750b00000, 0x0000000750c00000, 0x0000000750c00000|100%| E|CS|TAMS 0x0000000750b00000, 0x0000000750b00000| Complete 
| 268|0x0000000750c00000, 0x0000000750d00000, 0x0000000750d00000|100%| E|CS|TAMS 0x0000000750c00000, 0x0000000750c00000| Complete 
| 269|0x0000000750d00000, 0x0000000750e00000, 0x0000000750e00000|100%| E|CS|TAMS 0x0000000750d00000, 0x0000000750d00000| Complete 
| 270|0x0000000750e00000, 0x0000000750f00000, 0x0000000750f00000|100%| E|CS|TAMS 0x0000000750e00000, 0x0000000750e00000| Complete 
| 271|0x0000000750f00000, 0x0000000751000000, 0x0000000751000000|100%| E|CS|TAMS 0x0000000750f00000, 0x0000000750f00000| Complete 
| 272|0x0000000751000000, 0x0000000751100000, 0x0000000751100000|100%| E|CS|TAMS 0x0000000751000000, 0x0000000751000000| Complete 
| 273|0x0000000751100000, 0x0000000751200000, 0x0000000751200000|100%| E|CS|TAMS 0x0000000751100000, 0x0000000751100000| Complete 
| 274|0x0000000751200000, 0x0000000751300000, 0x0000000751300000|100%| E|CS|TAMS 0x0000000751200000, 0x0000000751200000| Complete 
| 275|0x0000000751300000, 0x0000000751400000, 0x0000000751400000|100%| E|CS|TAMS 0x0000000751300000, 0x0000000751300000| Complete 
| 276|0x0000000751400000, 0x0000000751500000, 0x0000000751500000|100%| E|CS|TAMS 0x0000000751400000, 0x0000000751400000| Complete 
| 277|0x0000000751500000, 0x0000000751600000, 0x0000000751600000|100%| E|CS|TAMS 0x0000000751500000, 0x0000000751500000| Complete 
| 278|0x0000000751600000, 0x0000000751700000, 0x0000000751700000|100%| E|CS|TAMS 0x0000000751600000, 0x0000000751600000| Complete 
| 279|0x0000000751700000, 0x0000000751800000, 0x0000000751800000|100%| E|CS|TAMS 0x0000000751700000, 0x0000000751700000| Complete 
| 280|0x0000000751800000, 0x0000000751900000, 0x0000000751900000|100%| E|CS|TAMS 0x0000000751800000, 0x0000000751800000| Complete 
| 281|0x0000000751900000, 0x0000000751a00000, 0x0000000751a00000|100%| E|CS|TAMS 0x0000000751900000, 0x0000000751900000| Complete 
| 282|0x0000000751a00000, 0x0000000751b00000, 0x0000000751b00000|100%| E|CS|TAMS 0x0000000751a00000, 0x0000000751a00000| Complete 
| 283|0x0000000751b00000, 0x0000000751c00000, 0x0000000751c00000|100%| E|CS|TAMS 0x0000000751b00000, 0x0000000751b00000| Complete 
| 284|0x0000000751c00000, 0x0000000751d00000, 0x0000000751d00000|100%| E|CS|TAMS 0x0000000751c00000, 0x0000000751c00000| Complete 
| 285|0x0000000751d00000, 0x0000000751e00000, 0x0000000751e00000|100%| E|CS|TAMS 0x0000000751d00000, 0x0000000751d00000| Complete 
| 286|0x0000000751e00000, 0x0000000751f00000, 0x0000000751f00000|100%| E|CS|TAMS 0x0000000751e00000, 0x0000000751e00000| Complete 
| 287|0x0000000751f00000, 0x0000000752000000, 0x0000000752000000|100%| E|CS|TAMS 0x0000000751f00000, 0x0000000751f00000| Complete 
| 288|0x0000000752000000, 0x0000000752100000, 0x0000000752100000|100%| E|CS|TAMS 0x0000000752000000, 0x0000000752000000| Complete 

Card table byte_map: [0x000001f19ba40000,0x000001f19c040000] _byte_map_base: 0x000001f198040000

Marking Bits (Prev, Next): (CMBitMap*) 0x000001f1b7aad8b8, (CMBitMap*) 0x000001f1b7aad8f0
 Prev Bits: [0x000001f1c0f10000, 0x000001f1c3f10000)
 Next Bits: [0x000001f217000000, 0x000001f21a000000)

Polling page: 0x000001f183810000

Metaspace:

Usage:
  Non-class:     73.93 MB capacity,    72.82 MB ( 99%) used,   861.10 KB (  1%) free+waste,   273.06 KB ( <1%) overhead. 
      Class:     12.78 MB capacity,    11.89 MB ( 93%) used,   776.92 KB (  6%) free+waste,   132.63 KB (  1%) overhead. 
       Both:     86.71 MB capacity,    84.71 MB ( 98%) used,     1.60 MB (  2%) free+waste,   405.69 KB ( <1%) overhead. 

Virtual space:
  Non-class space:       76.00 MB reserved,      74.01 MB ( 97%) committed 
      Class space:        1.00 GB reserved,      12.88 MB (  1%) committed 
             Both:        1.07 GB reserved,      86.88 MB (  8%) committed 

Chunk freelists:
   Non-Class:  2.25 KB
       Class:  3.88 KB
        Both:  6.13 KB

CodeHeap 'non-profiled nmethods': size=120064Kb used=12537Kb max_used=12537Kb free=107526Kb
 bounds [0x000001f20fac0000, 0x000001f210700000, 0x000001f217000000]
CodeHeap 'profiled nmethods': size=120000Kb used=35783Kb max_used=35783Kb free=84216Kb
 bounds [0x000001f208590000, 0x000001f20a8b0000, 0x000001f20fac0000]
CodeHeap 'non-nmethods': size=5696Kb used=1600Kb max_used=1650Kb free=4095Kb
 bounds [0x000001f208000000, 0x000001f208270000, 0x000001f208590000]
 total_blobs=21682 nmethods=13504 adapters=1035
 compilation: enabled
              stopped_count=0, restarted_count=0
 full_count=0

Compilation events (10 events):
Event: 243.054 Thread 0x000001f1b3b76800 15668       3       com.jidesoft.plaf.basic.BasicSortableTableHeaderUIDelegate::propertyChange (131 bytes)
Event: 243.055 Thread 0x000001f1b3b76800 nmethod 15668 0x000001f20a89a290 code [0x000001f20a89a560, 0x000001f20a89b620]
Event: 243.055 Thread 0x000001f1b3b76800 15669       3       com.jidesoft.plaf.basic.BasicCellStyleTableHeaderUIDelegate::propertyChange (366 bytes)
Event: 243.056 Thread 0x000001f1b3b76800 nmethod 15669 0x000001f20a89b910 code [0x000001f20a89be00, 0x000001f20a89f750]
Event: 243.058 Thread 0x000001f1b3b76800 15670       3       javax.swing.JComboBox::setEditable (22 bytes)
Event: 243.059 Thread 0x000001f1b3b76800 nmethod 15670 0x000001f20a8a0210 code [0x000001f20a8a0400, 0x000001f20a8a0ab0]
Event: 243.060 Thread 0x000001f1b7b52000 nmethod 15622 0x000001f2106e9a90 code [0x000001f2106e9d00, 0x000001f2106edea0]
Event: 243.060 Thread 0x000001f1b7b52000 15638   !   4       java.awt.BorderLayout::minimumLayoutSize (361 bytes)
Event: 243.065 Thread 0x000001f1b7b52000 nmethod 15638 0x000001f2106f1c90 code [0x000001f2106f1e80, 0x000001f2106f2598]
Event: 243.065 Thread 0x000001f1b7b52000 15664       4       java.util.regex.Pattern::compile (498 bytes)

GC Heap History (10 events):
Event: 64.452 GC heap before
{Heap before GC invocations=43 (full 2):
 garbage-first heap   total 295936K, used 233240K [0x0000000740000000, 0x0000000800000000)
  region size 1024K, 60 young (61440K), 2 survivors (2048K)
 Metaspace       used 84015K, capacity 85998K, committed 86152K, reserved 1122304K
  class space    used 11720K, capacity 12634K, committed 12672K, reserved 1048576K
}
Event: 64.455 GC heap after
{Heap after GC invocations=44 (full 2):
 garbage-first heap   total 295936K, used 173690K [0x0000000740000000, 0x0000000800000000)
  region size 1024K, 2 young (2048K), 2 survivors (2048K)
 Metaspace       used 84015K, capacity 85998K, committed 86152K, reserved 1122304K
  class space    used 11720K, capacity 12634K, committed 12672K, reserved 1048576K
}
Event: 239.089 GC heap before
{Heap before GC invocations=45 (full 2):
 garbage-first heap   total 295936K, used 233082K [0x0000000740000000, 0x0000000800000000)
  region size 1024K, 60 young (61440K), 2 survivors (2048K)
 Metaspace       used 84314K, capacity 86292K, committed 86408K, reserved 1124352K
  class space    used 11756K, capacity 12668K, committed 12672K, reserved 1048576K
}
Event: 239.091 GC heap after
{Heap after GC invocations=46 (full 2):
 garbage-first heap   total 295936K, used 174208K [0x0000000740000000, 0x0000000800000000)
  region size 1024K, 2 young (2048K), 2 survivors (2048K)
 Metaspace       used 84314K, capacity 86292K, committed 86408K, reserved 1124352K
  class space    used 11756K, capacity 12668K, committed 12672K, reserved 1048576K
}
Event: 239.379 GC heap before
{Heap before GC invocations=46 (full 2):
 garbage-first heap   total 295936K, used 220288K [0x0000000740000000, 0x0000000800000000)
  region size 1024K, 48 young (49152K), 2 survivors (2048K)
 Metaspace       used 84739K, capacity 86767K, committed 87048K, reserved 1124352K
  class space    used 11834K, capacity 12741K, committed 12800K, reserved 1048576K
}
Event: 239.382 GC heap after
{Heap after GC invocations=47 (full 2):
 garbage-first heap   total 295936K, used 174629K [0x0000000740000000, 0x0000000800000000)
  region size 1024K, 2 young (2048K), 2 survivors (2048K)
 Metaspace       used 84739K, capacity 86767K, committed 87048K, reserved 1124352K
  class space    used 11834K, capacity 12741K, committed 12800K, reserved 1048576K
}
Event: 242.409 GC heap before
{Heap before GC invocations=48 (full 2):
 garbage-first heap   total 295936K, used 236069K [0x0000000740000000, 0x0000000800000000)
  region size 1024K, 60 young (61440K), 2 survivors (2048K)
 Metaspace       used 86443K, capacity 88497K, committed 88584K, reserved 1124352K
  class space    used 12131K, capacity 13055K, committed 13056K, reserved 1048576K
}
Event: 242.413 GC heap after
{Heap after GC invocations=49 (full 2):
 garbage-first heap   total 295936K, used 177688K [0x0000000740000000, 0x0000000800000000)
  region size 1024K, 5 young (5120K), 5 survivors (5120K)
 Metaspace       used 86443K, capacity 88497K, committed 88584K, reserved 1124352K
  class space    used 12131K, capacity 13055K, committed 13056K, reserved 1048576K
}
Event: 242.701 GC heap before
{Heap before GC invocations=49 (full 2):
 garbage-first heap   total 295936K, used 234008K [0x0000000740000000, 0x0000000800000000)
  region size 1024K, 60 young (61440K), 5 survivors (5120K)
 Metaspace       used 86497K, capacity 88503K, committed 88712K, reserved 1124352K
  class space    used 12135K, capacity 13057K, committed 13184K, reserved 1048576K
}
Event: 242.707 GC heap after
{Heap after GC invocations=50 (full 2):
 garbage-first heap   total 295936K, used 177602K [0x0000000740000000, 0x0000000800000000)
  region size 1024K, 5 young (5120K), 5 survivors (5120K)
 Metaspace       used 86497K, capacity 88503K, committed 88712K, reserved 1124352K
  class space    used 12135K, capacity 13057K, committed 13184K, reserved 1048576K
}

Deoptimization events (10 events):
Event: 242.964 Thread 0x000001f1b31e5000 Uncommon trap: reason=array_check action=maybe_recompile pc=0x000001f2106e3af8 method=java.util.TimSort.reverseRange([Ljava/lang/Object;II)V @ 20 c2
Event: 242.979 Thread 0x000001f1b31e5000 Uncommon trap: reason=bimorphic_or_optimized_type_check action=maybe_recompile pc=0x000001f2106de750 method=java.awt.BorderLayout.minimumLayoutSize(Ljava/awt/Container;)Ljava/awt/Dimension; @ 264 c2
Event: 242.979 Thread 0x000001f1b31e5000 Uncommon trap: reason=bimorphic_or_optimized_type_check action=maybe_recompile pc=0x000001f2106de750 method=java.awt.BorderLayout.minimumLayoutSize(Ljava/awt/Container;)Ljava/awt/Dimension; @ 264 c2
Event: 242.979 Thread 0x000001f1b31e5000 Uncommon trap: reason=bimorphic_or_optimized_type_check action=maybe_recompile pc=0x000001f2106de750 method=java.awt.BorderLayout.minimumLayoutSize(Ljava/awt/Container;)Ljava/awt/Dimension; @ 264 c2
Event: 242.979 Thread 0x000001f1b31e5000 Uncommon trap: reason=bimorphic_or_optimized_type_check action=maybe_recompile pc=0x000001f2106de750 method=java.awt.BorderLayout.minimumLayoutSize(Ljava/awt/Container;)Ljava/awt/Dimension; @ 264 c2
Event: 242.992 Thread 0x000001f1b31e5000 Uncommon trap: reason=bimorphic_or_optimized_type_check action=maybe_recompile pc=0x000001f2105978c8 method=com.jidesoft.grid.JideTable.getRowHeight(I)I @ 5 c2
Event: 242.992 Thread 0x000001f1b31e5000 Uncommon trap: reason=bimorphic_or_optimized_type_check action=maybe_recompile pc=0x000001f2105978c8 method=com.jidesoft.grid.JideTable.getRowHeight(I)I @ 5 c2
Event: 242.992 Thread 0x000001f1b31e5000 Uncommon trap: reason=bimorphic_or_optimized_type_check action=maybe_recompile pc=0x000001f2105978c8 method=com.jidesoft.grid.JideTable.getRowHeight(I)I @ 5 c2
Event: 243.002 Thread 0x000001f1b31e5000 Uncommon trap: reason=class_check action=maybe_recompile pc=0x000001f210445fb0 method=javax.swing.plaf.BorderUIResource.getBorderInsets(Ljava/awt/Component;)Ljava/awt/Insets; @ 5 c2
Event: 243.002 Thread 0x000001f1b31e5000 Uncommon trap: reason=class_check action=maybe_recompile pc=0x000001f210445fb0 method=javax.swing.plaf.BorderUIResource.getBorderInsets(Ljava/awt/Component;)Ljava/awt/Insets; @ 5 c2

Classes redefined (0 events):
No events

Internal exceptions (10 events):
Event: 241.670 Thread 0x000001f1b31e5000 Exception <a 'de/concept/nlview/NlviewException'{0x000000074ed80490}> (0x000000074ed80490) thrown at [t:/workspace/open/src/hotspot/share/prims/jni.cpp, line 615]
Event: 241.670 Thread 0x000001f1b31e5000 Exception <a 'de/concept/nlview/NlviewException'{0x000000074ed812c0}> (0x000000074ed812c0) thrown at [t:/workspace/open/src/hotspot/share/prims/jni.cpp, line 615]
Event: 241.670 Thread 0x000001f1b31e5000 Exception <a 'de/concept/nlview/NlviewException'{0x000000074ed81eb0}> (0x000000074ed81eb0) thrown at [t:/workspace/open/src/hotspot/share/prims/jni.cpp, line 615]
Event: 241.670 Thread 0x000001f1b31e5000 Exception <a 'de/concept/nlview/NlviewException'{0x000000074ed82aa0}> (0x000000074ed82aa0) thrown at [t:/workspace/open/src/hotspot/share/prims/jni.cpp, line 615]
Event: 241.670 Thread 0x000001f1b31e5000 Exception <a 'de/concept/nlview/NlviewException'{0x000000074ed83690}> (0x000000074ed83690) thrown at [t:/workspace/open/src/hotspot/share/prims/jni.cpp, line 615]
Event: 241.670 Thread 0x000001f1b31e5000 Exception <a 'de/concept/nlview/NlviewException'{0x000000074ed87cb0}> (0x000000074ed87cb0) thrown at [t:/workspace/open/src/hotspot/share/prims/jni.cpp, line 615]
Event: 241.670 Thread 0x000001f1b31e5000 Exception <a 'de/concept/nlview/NlviewException'{0x000000074ed888a0}> (0x000000074ed888a0) thrown at [t:/workspace/open/src/hotspot/share/prims/jni.cpp, line 615]
Event: 241.670 Thread 0x000001f1b31e5000 Exception <a 'de/concept/nlview/NlviewException'{0x000000074ed89490}> (0x000000074ed89490) thrown at [t:/workspace/open/src/hotspot/share/prims/jni.cpp, line 615]
Event: 241.670 Thread 0x000001f1b31e5000 Exception <a 'de/concept/nlview/NlviewException'{0x000000074ed8a080}> (0x000000074ed8a080) thrown at [t:/workspace/open/src/hotspot/share/prims/jni.cpp, line 615]
Event: 241.670 Thread 0x000001f1b31e5000 Exception <a 'de/concept/nlview/NlviewException'{0x000000074ed8ac70}> (0x000000074ed8ac70) thrown at [t:/workspace/open/src/hotspot/share/prims/jni.cpp, line 615]

Events (10 events):
Event: 243.059 loading class ui/views/systembuilder/C
Event: 243.059 loading class ui/views/systembuilder/C done
Event: 243.060 loading class ui/views/systembuilder/E
Event: 243.060 loading class ui/views/systembuilder/E done
Event: 243.060 loading class ui/utils/f/b
Event: 243.060 loading class ui/utils/f/b done
Event: 243.060 loading class ui/utils/f/a
Event: 243.060 loading class ui/utils/f/a done
Event: 243.061 loading class ui/views/systembuilder/K
Event: 243.061 loading class ui/views/systembuilder/K done


Dynamic libraries:
0x00007ff6e47e0000 - 0x00007ff6e480f000 	E:\Xilinx\Vivado\2020.2\bin\unwrapped\win64.o\vivado.exe
0x00007ffdabd90000 - 0x00007ffdabf88000 	C:\WINDOWS\SYSTEM32\ntdll.dll
0x00007ffdab350000 - 0x00007ffdab40d000 	C:\WINDOWS\System32\KERNEL32.DLL
0x00007ffda97c0000 - 0x00007ffda9ab6000 	C:\WINDOWS\System32\KERNELBASE.dll
0x00007ffda95c0000 - 0x00007ffda96c0000 	C:\WINDOWS\System32\ucrtbase.dll
0x00007ffd83ab0000 - 0x00007ffd83b3e000 	C:\WINDOWS\SYSTEM32\MSVCP140.dll
0x00007ffd84380000 - 0x00007ffd8439b000 	C:\WINDOWS\SYSTEM32\VCRUNTIME140.dll
0x00007ffda4070000 - 0x00007ffda4088000 	E:\Xilinx\Vivado\2020.2\lib\win64.o\librdi_commonmain.dll
0x00007ffda3f30000 - 0x00007ffda3f43000 	E:\Xilinx\Vivado\2020.2\lib\win64.o\libboost_signals.dll
0x00007ffd6fe70000 - 0x00007ffd70fe7000 	E:\Xilinx\Vivado\2020.2\lib\win64.o\librdi_common.dll
0x00007ffdaa0b0000 - 0x00007ffdaa24e000 	C:\WINDOWS\System32\USER32.dll
0x00007ffda96c0000 - 0x00007ffda96e2000 	C:\WINDOWS\System32\win32u.dll
0x00007ffdaa380000 - 0x00007ffdaa3ac000 	C:\WINDOWS\System32\GDI32.dll
0x00007ffd84370000 - 0x00007ffd8437c000 	C:\WINDOWS\SYSTEM32\VCRUNTIME140_1.dll
0x00007ffda9cd0000 - 0x00007ffda9dea000 	C:\WINDOWS\System32\gdi32full.dll
0x00007ffda96f0000 - 0x00007ffda978d000 	C:\WINDOWS\System32\msvcp_win.dll
0x00007ffdabca0000 - 0x00007ffdabd4e000 	C:\WINDOWS\System32\ADVAPI32.dll
0x00007ffd98360000 - 0x00007ffd98382000 	E:\Xilinx\Vivado\2020.2\lib\win64.o\libboost_filesystem.dll
0x00007ffda9eb0000 - 0x00007ffda9f4e000 	C:\WINDOWS\System32\msvcrt.dll
0x00007ffdaa780000 - 0x00007ffdaa81c000 	C:\WINDOWS\System32\sechost.dll
0x00007ffdaaa60000 - 0x00007ffdaab86000 	C:\WINDOWS\System32\RPCRT4.dll
0x00007ffdaac00000 - 0x00007ffdab345000 	C:\WINDOWS\System32\SHELL32.dll
0x00007ffd78100000 - 0x00007ffd78299000 	E:\Xilinx\Vivado\2020.2\lib\win64.o\librdi_commonxillic.dll
0x00007ffda5d40000 - 0x00007ffda5d49000 	E:\Xilinx\Vivado\2020.2\lib\win64.o\librdi_commonversion.dll
0x00007ffdaa3b0000 - 0x00007ffdaa41b000 	C:\WINDOWS\System32\WS2_32.dll
0x00007ffda9790000 - 0x00007ffda97b7000 	C:\WINDOWS\System32\bcrypt.dll
0x0000000073380000 - 0x00000000734ab000 	E:\Xilinx\Vivado\2020.2\lib\win64.o\tcl85t.dll
0x00007ffda5ac0000 - 0x00007ffda5ad0000 	E:\Xilinx\Vivado\2020.2\lib\win64.o\libboost_date_time.dll
0x00007ffd75f70000 - 0x00007ffd762de000 	E:\Xilinx\Vivado\2020.2\lib\win64.o\libCOIN-all.dll
0x00007ffd91510000 - 0x00007ffd91583000 	E:\Xilinx\Vivado\2020.2\lib\win64.o\libboost_program_options.dll
0x00007ffd7a3d0000 - 0x00007ffd7a4e1000 	E:\Xilinx\Vivado\2020.2\lib\win64.o\libboost_regex.dll
0x00007ffda40a0000 - 0x00007ffda40a9000 	E:\Xilinx\Vivado\2020.2\lib\win64.o\libboost_system.dll
0x00007ffd98290000 - 0x00007ffd982ae000 	E:\Xilinx\Vivado\2020.2\lib\win64.o\libboost_thread.dll
0x00007ffd97320000 - 0x00007ffd9732c000 	E:\Xilinx\Vivado\2020.2\lib\win64.o\libboost_xilinx.dll
0x00007ffd8bb80000 - 0x00007ffd8bc02000 	E:\Xilinx\Vivado\2020.2\lib\win64.o\libhdlpsolve.dll
0x00007ffd84e10000 - 0x00007ffd84eb5000 	E:\Xilinx\Vivado\2020.2\lib\win64.o\libhdxml.dll
0x00007ffd97120000 - 0x00007ffd97148000 	E:\Xilinx\Vivado\2020.2\lib\win64.o\libisl_sysinfo.dll
0x00007ffd6f070000 - 0x00007ffd6fe62600 	E:\Xilinx\Vivado\2020.2\lib\win64.o\libisl_iostreams.dll
0x00007ffd914a0000 - 0x00007ffd91505000 	E:\Xilinx\Vivado\2020.2\lib\win64.o\liblmx6.0.dll
0x00007ffd97100000 - 0x00007ffd9711a000 	E:\Xilinx\Vivado\2020.2\lib\win64.o\pthreadVC2.dll
0x00007ffd97030000 - 0x00007ffd9704c000 	E:\Xilinx\Vivado\2020.2\lib\win64.o\librdiconfig.dll
0x00007ffd916c0000 - 0x00007ffd916e1000 	E:\Xilinx\Vivado\2020.2\lib\win64.o\librdizlib.dll
0x00007ffdab420000 - 0x00007ffdab475000 	C:\WINDOWS\System32\SHLWAPI.dll
0x0000000012000000 - 0x0000000012270000 	E:\Xilinx\Vivado\2020.2\lib\win64.o\xerces-c_3_1.dll
0x00007ffd9a6b0000 - 0x00007ffd9a6c9000 	C:\WINDOWS\SYSTEM32\NETAPI32.dll
0x00007ffd9a040000 - 0x00007ffd9a516000 	C:\WINDOWS\SYSTEM32\WININET.dll
0x00007ffda1ed0000 - 0x00007ffda1fda000 	C:\WINDOWS\SYSTEM32\WINHTTP.dll
0x00007ffd6ed90000 - 0x00007ffd6f06b000 	E:\Xilinx\Vivado\2020.2\lib\win64.o\libXil_lmgr11.dll
0x00007ffd9ca90000 - 0x00007ffd9cc7d000 	C:\WINDOWS\SYSTEM32\urlmon.dll
0x00007ffda9fd0000 - 0x00007ffdaa0aa000 	C:\WINDOWS\System32\COMDLG32.dll
0x00007ffdaa420000 - 0x00007ffdaa774000 	C:\WINDOWS\System32\combase.dll
0x00007ffdabbf0000 - 0x00007ffdabc9d000 	C:\WINDOWS\System32\shcore.dll
0x00007ffd96960000 - 0x00007ffd96969000 	C:\WINDOWS\SYSTEM32\WSOCK32.dll
0x00007ffd3da60000 - 0x00007ffd3da91000 	C:\WINDOWS\SYSTEM32\VCOMP140.DLL
0x00007ffdabac0000 - 0x00007ffdabb8d000 	C:\WINDOWS\System32\OLEAUT32.dll
0x00007ffdaa250000 - 0x00007ffdaa37a000 	C:\WINDOWS\System32\ole32.dll
0x00007ffda94c0000 - 0x00007ffda9527000 	C:\WINDOWS\System32\WINTRUST.dll
0x00007ffd6bac0000 - 0x00007ffd6d9d7000 	E:\Xilinx\Vivado\2020.2\lib\win64.o\gurobi90.dll
0x00007ffda9ac0000 - 0x00007ffda9c1e000 	C:\WINDOWS\System32\CRYPT32.dll
0x00007ffdabb90000 - 0x00007ffdabbe6000 	C:\WINDOWS\System32\WLDAP32.dll
0x00007ffdaaa50000 - 0x00007ffdaaa58000 	C:\WINDOWS\System32\Normaliz.dll
0x00007ffd97310000 - 0x00007ffd9731c000 	E:\Xilinx\Vivado\2020.2\lib\win64.o\libboost_chrono.dll
0x00007ffd916a0000 - 0x00007ffd916b6000 	E:\Xilinx\Vivado\2020.2\lib\win64.o\libboost_iostreams.dll
0x00007ffd8fa10000 - 0x00007ffd8fa33000 	E:\Xilinx\Vivado\2020.2\lib\win64.o\libisl_iosutils.dll
0x00007ffd9c5d0000 - 0x00007ffd9c88c000 	C:\WINDOWS\SYSTEM32\iertutil.dll
0x00007ffd9c890000 - 0x00007ffd9c8b9000 	C:\WINDOWS\SYSTEM32\srvcli.dll
0x00007ffda8990000 - 0x00007ffda899c000 	C:\WINDOWS\SYSTEM32\netutils.dll
0x00007ffd7ce70000 - 0x00007ffd7cf20000 	C:\WINDOWS\WinSxS\amd64_microsoft.windows.common-controls_6595b64144ccf1df_5.82.19041.1110_none_792d1c772443f647\COMCTL32.dll
0x00007ffda30e0000 - 0x00007ffda30fd000 	C:\WINDOWS\SYSTEM32\dhcpcsvc.DLL
0x00007ffda8b40000 - 0x00007ffda8baa000 	C:\WINDOWS\SYSTEM32\MSWSOCK.DLL
0x00007ffda9df0000 - 0x00007ffda9e20000 	C:\WINDOWS\System32\IMM32.DLL
0x00007ffda8fc0000 - 0x00007ffda8fd2000 	C:\WINDOWS\SYSTEM32\MSASN1.dll
0x00007ffda7ce0000 - 0x00007ffda7cf2000 	C:\WINDOWS\SYSTEM32\kernel.appcore.dll
0x00007ffd6b590000 - 0x00007ffd6bab2000 	E:\Xilinx\Vivado\2020.2\lib\win64.o\librdi_commontasks.dll
0x00007ffda4090000 - 0x00007ffda409a000 	C:\WINDOWS\SYSTEM32\VERSION.dll
0x00007ffd6eab0000 - 0x00007ffd6ed85000 	E:\Xilinx\Vivado\2020.2\lib\win64.o\librdi_sio.dll
0x00007ffd6aa60000 - 0x00007ffd6b583000 	E:\Xilinx\Vivado\2020.2\tps\win64\jre11.0.2\bin\server\jvm.dll
0x00007ffda8830000 - 0x00007ffda886b000 	C:\WINDOWS\SYSTEM32\IPHLPAPI.DLL
0x00007ffdaabf0000 - 0x00007ffdaabf8000 	C:\WINDOWS\System32\PSAPI.DLL
0x00007ffd93db0000 - 0x00007ffd93dd7000 	C:\WINDOWS\SYSTEM32\WINMM.dll
0x00007ffda7070000 - 0x00007ffda780b000 	C:\WINDOWS\SYSTEM32\windows.storage.dll
0x00007ffda8dd0000 - 0x00007ffda8dfe000 	C:\WINDOWS\SYSTEM32\Wldp.dll
0x00007ffd1c960000 - 0x00007ffd1f41e000 	E:\Xilinx\Vivado\2020.2\lib\win64.o\librdi_tcltasks.dll
0x00007ffd77af0000 - 0x00007ffd77ca3000 	E:\Xilinx\Vivado\2020.2\lib\win64.o\librdi_board.dll
0x00007ffd6a5b0000 - 0x00007ffd6aa56000 	E:\Xilinx\Vivado\2020.2\lib\win64.o\librdi_bitstream.dll
0x00007ffd89b10000 - 0x00007ffd89b8e000 	E:\Xilinx\Vivado\2020.2\lib\win64.o\librdi_boarddep.dll
0x00007ffd81b40000 - 0x00007ffd81c36000 	E:\Xilinx\Vivado\2020.2\lib\win64.o\librdi_chipscope.dll
0x00007ffd764c0000 - 0x00007ffd766aa000 	E:\Xilinx\Vivado\2020.2\lib\win64.o\librdi_chipscopeimpl.dll
0x00007ffd76310000 - 0x00007ffd76471000 	E:\Xilinx\Vivado\2020.2\lib\win64.o\librdi_containers.dll
0x00007ffd3b400000 - 0x00007ffd3d22c000 	E:\Xilinx\Vivado\2020.2\lib\win64.o\librdi_constraints.dll
0x00007ffd28950000 - 0x00007ffd2ad0d000 	E:\Xilinx\Vivado\2020.2\lib\win64.o\librdi_coregen.dll
0x00007ffd69e90000 - 0x00007ffd6a5a8000 	E:\Xilinx\Vivado\2020.2\lib\win64.o\librdi_coregenipxact.dll
0x00007ffd374f0000 - 0x00007ffd39251000 	E:\Xilinx\Vivado\2020.2\lib\win64.o\librdi_designutils.dll
0x00007ffd69b20000 - 0x00007ffd69e88000 	E:\Xilinx\Vivado\2020.2\lib\win64.o\librdi_dlyest.dll
0x00007ffd3d400000 - 0x00007ffd3da5d000 	E:\Xilinx\Vivado\2020.2\lib\win64.o\librdi_drc.dll
0x00007ffd81530000 - 0x00007ffd815e3000 	E:\Xilinx\Vivado\2020.2\lib\win64.o\librdi_dsp.dll
0x00007ffd3ad30000 - 0x00007ffd3b3f2000 	E:\Xilinx\Vivado\2020.2\lib\win64.o\librdi_filemgmt.dll
0x00007ffd69800000 - 0x00007ffd69b1d000 	E:\Xilinx\Vivado\2020.2\lib\win64.o\librdi_guitools.dll
0x00007ffd8f020000 - 0x00007ffd8f08b000 	E:\Xilinx\Vivado\2020.2\lib\win64.o\librdi_hdf.dll
0x00007ffd69580000 - 0x00007ffd697f7000 	E:\Xilinx\Vivado\2020.2\lib\win64.o\librdi_hip_devdesign.dll
0x00007ffd3a980000 - 0x00007ffd3aac7000 	E:\Xilinx\Vivado\2020.2\lib\win64.o\librdi_hip_perf_analysis.dll
0x00007ffd027a0000 - 0x00007ffd04374000 	E:\Xilinx\Vivado\2020.2\lib\win64.o\librdi_implflow.dll
0x00007ffd39c80000 - 0x00007ffd3a2cc000 	E:\Xilinx\Vivado\2020.2\lib\win64.o\librdi_memdata.dll
0x00007ffd86920000 - 0x00007ffd86992000 	E:\Xilinx\Vivado\2020.2\lib\win64.o\librdi_memoryarray.dll
0x00007ffd8d320000 - 0x00007ffd8d374000 	E:\Xilinx\Vivado\2020.2\lib\win64.o\librdi_pfi.dll
0x00007ffd04380000 - 0x00007ffd1c95f000 	E:\Xilinx\Vivado\2020.2\lib\win64.o\librdi_device.dll
0x00007ffcfebb0000 - 0x00007ffd00ff4000 	E:\Xilinx\Vivado\2020.2\lib\win64.o\librdi_mig.dll
0x00007ffd366e0000 - 0x00007ffd36e0c000 	E:\Xilinx\Vivado\2020.2\lib\win64.o\librdi_netlist.dll
0x00007ffd3a5e0000 - 0x00007ffd3a97e000 	E:\Xilinx\Vivado\2020.2\lib\win64.o\librdi_platform.dll
0x00007ffcfb9a0000 - 0x00007ffcfeba7000 	E:\Xilinx\Vivado\2020.2\lib\win64.o\librdi_place.dll
0x00007ffd35ec0000 - 0x00007ffd366d7000 	E:\Xilinx\Vivado\2020.2\lib\win64.o\librdi_power.dll
0x00007ffd2fb90000 - 0x00007ffd302b2000 	E:\Xilinx\Vivado\2020.2\lib\win64.o\librdi_psta.dll
0x00007ffd35840000 - 0x00007ffd35eb4000 	E:\Xilinx\Vivado\2020.2\lib\win64.o\librdi_project.dll
0x00007ffd01f90000 - 0x00007ffd0279c000 	E:\Xilinx\Vivado\2020.2\lib\win64.o\librdi_rsb.dll
0x00007ffd719b0000 - 0x00007ffd71ab9000 	E:\Xilinx\Vivado\2020.2\lib\win64.o\librdi_runsbase.dll
0x00007ffd01a60000 - 0x00007ffd01f8b000 	E:\Xilinx\Vivado\2020.2\lib\win64.o\librdi_runs.dll
0x00007ffd39a00000 - 0x00007ffd39c74000 	E:\Xilinx\Vivado\2020.2\lib\win64.o\librdi_simdata.dll
0x00007ffd3a4c0000 - 0x00007ffd3a5d6000 	E:\Xilinx\Vivado\2020.2\lib\win64.o\librdi_xhub.dll
0x00007ffcf6e60000 - 0x00007ffcf7de1000 	E:\Xilinx\Vivado\2020.2\lib\win64.o\librdi_timing.dll
0x00007ffd7afb0000 - 0x00007ffd7b057000 	E:\Xilinx\Vivado\2020.2\lib\win64.o\librdi_xhubtasks.dll
0x00007ffd39470000 - 0x00007ffd3965b000 	E:\Xilinx\Vivado\2020.2\lib\win64.o\librdi_advchipscopeimpl.dll
0x00007ffd8f690000 - 0x00007ffd8f6d7000 	E:\Xilinx\Vivado\2020.2\lib\win64.o\libboost_serialization.dll
0x00007ffd79a70000 - 0x00007ffd79b5b000 	E:\Xilinx\Vivado\2020.2\lib\win64.o\librdi_ipconfig_readwrite.dll
0x00007ffd87060000 - 0x00007ffd870ca000 	E:\Xilinx\Vivado\2020.2\lib\win64.o\librdi_noc_frameworks.dll
0x00007ffd8bd40000 - 0x00007ffd8bd86000 	E:\Xilinx\Vivado\2020.2\lib\win64.o\libboost_graph.dll
0x00007ffd7acf0000 - 0x00007ffd7adb6000 	E:\Xilinx\Vivado\2020.2\lib\win64.o\librdi_bda.dll
0x00007ffd012f0000 - 0x00007ffd01a57000 	E:\Xilinx\Vivado\2020.2\lib\win64.o\librdi_ippcw.dll
0x00007ffcf8f40000 - 0x00007ffcf9a96000 	E:\Xilinx\Vivado\2020.2\lib\win64.o\libverific.dll

dbghelp: loaded successfully - version: 4.0.5 - missing functions: none
symbol engine: initialized successfully - sym options: 0x614 - pdb path: .;E:\Xilinx\Vivado\2020.2\bin\unwrapped\win64.o;C:\WINDOWS\SYSTEM32;E:\Xilinx\Vivado\2020.2\lib\win64.o;C:\WINDOWS\WinSxS\amd64_microsoft.windows.common-controls_6595b64144ccf1df_5.82.19041.1110_none_792d1c772443f647;E:\Xilinx\Vivado\2020.2\tps\win64\jre11.0.2\bin\server;E:\Xilinx\Vivado\2020.2\tps\win64\python-3.8.3;E:\Xilinx\Vivado\2020.2\tps\win64\jre11.0.2\bin;C:\WINDOWS\WinSxS\amd64_microsoft.windows.common-controls_6595b64144ccf1df_6.0.19041.1110_none_60b5254171f9507e;C:\Windows\System32\IME\IMEKR;C:\Windows\System32\IME\shared

VM Arguments:
jvm_args: -Dsun.java2d.pmoffscreen=false -Dhttps.protocols=TLSv1,TLSv1.1,TLSv1.2 -Dsun.java2d.xrender=false -Dsun.java2d.d3d=false -Dsun.awt.nopixfmt=true -Dsun.java2d.dpiaware=true -Dsun.java2d.uiScale.enabled=false -Xverify:none -Dswing.aatext=true -XX:-UsePerfData -Djdk.map.althashing.threshold=512 -XX:StringTableSize=4072 --add-opens=java.base/java.nio=ALL-UNNAMED --add-opens=java.desktop/sun.swing=ALL-UNNAMED --add-opens=java.desktop/javax.swing=ALL-UNNAMED --add-opens=java.desktop/javax.swing.tree=ALL-UNNAMED --add-opens=java.desktop/javax.swing.plaf.basic=ALL-UNNAMED --add-opens=java.desktop/javax.swing.plaf.synth=ALL-UNNAMED --add-opens=java.desktop/com.sun.awt=ALL-UNNAMED -XX:NewSize=60m -XX:MaxNewSize=60m -Xms128m -Xmx3072m -Xss5m 
java_command: <unknown>
java_class_path (initial): E:/Xilinx/Vivado/2020.2\lib\classes\alloy.jar;E:/Xilinx/Vivado/2020.2\lib\classes\ArchiveSummary.jar;E:/Xilinx/Vivado/2020.2\lib\classes\autoesl-models.jar;E:/Xilinx/Vivado/2020.2\lib\classes\autopilot.scelaborator.jar;E:/Xilinx/Vivado/2020.2\lib\classes\autopilot.sourceprocessor.jar;E:/Xilinx/Vivado/2020.2\lib\classes\autopilot.tbprocessor.jar;E:/Xilinx/Vivado/2020.2\lib\classes\batik-anim.jar;E:/Xilinx/Vivado/2020.2\lib\classes\batik-awt-util.jar;E:/Xilinx/Vivado/2020.2\lib\classes\batik-bridge.jar;E:/Xilinx/Vivado/2020.2\lib\classes\batik-codec.jar;E:/Xilinx/Vivado/2020.2\lib\classes\batik-css.jar;E:/Xilinx/Vivado/2020.2\lib\classes\batik-dom.jar;E:/Xilinx/Vivado/2020.2\lib\classes\batik-ext.jar;E:/Xilinx/Vivado/2020.2\lib\classes\batik-gui-util.jar;E:/Xilinx/Vivado/2020.2\lib\classes\batik-gvt.jar;E:/Xilinx/Vivado/2020.2\lib\classes\batik-parser.jar;E:/Xilinx/Vivado/2020.2\lib\classes\batik-script.jar;E:/Xilinx/Vivado/2020.2\lib\classes\batik-svg-dom.jar;E:/Xilinx/Vivado/2020.2\lib\classes\batik-swing.jar;E:/Xilinx/Vivado/2020.2\lib\classes\batik-transcoder.jar;E:/Xilinx/Vivado/2020.2\lib\classes\batik-util.jar;E:/Xilinx/Vivado/2020.2\lib\classes\batik-xml.jar;E:/Xilinx/Vivado/2020.2\lib\classes\com.google.gson_2.8.2.v20180104-1110.jar;E:/Xilinx/Vivado/2020.2\lib\classes\com.google.guava_27.1.0.v20190517-1946.jar;E:/Xilinx/Vivado/2020.2\lib\classes\com.ibm.icu_4.4.2.v20110208.jar;E:/Xilinx/Vivado/2020.2\lib\classes\com.sigasi.hdt.connection_4.9.0.202009050929.jar;E:/Xilinx/Vivado/2020.2\lib\classes\com.sigasi.hdt.epl_4.9.0.202009050929.jar;E:/Xilinx/Vivado/2020.2\lib\classes\com.sigasi.hdt.project_4.9.0.202009050929.jar;E:/Xilinx/Vivado/2020.2\lib\classes\com.sigasi.hdt.readonlyfilesystem_4.9.0.202009050929.jar;E:/Xilinx/Vivado/2020.2\lib\classes\com.sigasi.lcm_4.9.0.202009050929.jar;E:/Xilinx/Vivado/2020.2\lib\classes\com.sigasi.sdk.client_4.9.0.202009050929.jar;E:/Xilinx/Vivado/2020.2\lib\classes\com.xilinx.hls.services.jar;E:/Xili
Launcher Type: generic

[Global flags]
     bool BytecodeVerificationLocal                = false                                     {product} {command line}
     bool BytecodeVerificationRemote               = false                                     {product} {command line}
     intx CICompilerCount                          = 3                                         {product} {ergonomic}
     uint ConcGCThreads                            = 2                                         {product} {ergonomic}
     uint G1ConcRefinementThreads                  = 6                                         {product} {ergonomic}
   size_t G1HeapRegionSize                         = 1048576                                   {product} {ergonomic}
    uintx GCDrainStackTargetSize                   = 64                                        {product} {ergonomic}
   size_t InitialHeapSize                          = 134217728                                 {product} {command line}
   size_t MarkStackSize                            = 4194304                                   {product} {ergonomic}
   size_t MaxHeapSize                              = 3221225472                                {product} {command line}
   size_t MaxNewSize                               = 62914560                                  {product} {command line}
   size_t MinHeapDeltaBytes                        = 1048576                                   {product} {ergonomic}
   size_t NewSize                                  = 62914560                                  {product} {command line}
    uintx NonNMethodCodeHeapSize                   = 5830092                                {pd product} {ergonomic}
    uintx NonProfiledCodeHeapSize                  = 122914074                              {pd product} {ergonomic}
    uintx ProfiledCodeHeapSize                     = 122914074                              {pd product} {ergonomic}
    uintx ReservedCodeCacheSize                    = 251658240                              {pd product} {ergonomic}
     bool SegmentedCodeCache                       = true                                      {product} {ergonomic}
    uintx StringTableSize                          = 4072                                      {product} {command line}
     intx ThreadStackSize                          = 5120                                   {pd product} {command line}
     bool UseCompressedClassPointers               = true                                 {lp64_product} {ergonomic}
     bool UseCompressedOops                        = true                                 {lp64_product} {ergonomic}
     bool UseG1GC                                  = true                                      {product} {ergonomic}
     bool UseLargePagesIndividualAllocation        = false                                  {pd product} {ergonomic}
     bool UsePerfData                              = false                                     {product} {command line}

Logging:
Log output configuration:
 #0: stdout all=warning uptime,level,tags
 #1: stderr all=off uptime,level,tags

Environment Variables:
PATH=E:/Xilinx/Vivado/2020.2\gnuwin\bin;E:/Xilinx/Vivado/2020.2\gnu\microblaze\nt\bin;E:/Xilinx/Vivado/2020.2/bin;E:/Xilinx/Vivado/2020.2/tps/win64/javafx-sdk-11.0.2/lib;E:/Xilinx/Vivado/2020.2/tps/win64/javafx-sdk-11.0.2/bin;E:/Xilinx/Vivado/2020.2/lib/win64.o;E:/Xilinx/Vivado/2020.2/tps/win64/jre11.0.2/bin/server;E:/Xilinx/Vivado/2020.2/tps/win64/jre11.0.2/bin;E:/Xilinx/Vitis/2020.2/bin;E:/Xilinx/Vivado/2020.2/ids_lite/ISE/bin/nt64;E:/Xilinx/Vivado/2020.2/ids_lite/ISE/lib/nt64;E:/Xilinx/Vitis_HLS/2020.2/bin;C:\Users\QC109_4\anaconda3;C:\Users\QC109_4\anaconda3\Library\mingw-w64\bin;C:\Users\QC109_4\anaconda3\Library\usr\bin;C:\Users\QC109_4\anaconda3\Library\bin;C:\Users\QC109_4\anaconda3\Scripts;C:\Program Files\ImageMagick-7.1.1-Q16-HDRI;C:\WINDOWS\system32;C:\WINDOWS;C:\WINDOWS\System32\Wbem;C:\WINDOWS\System32\WindowsPowerShell\v1.0\;C:\WINDOWS\System32\OpenSSH\;E:\Users\QC109_4\matlab\bin;C:\Program Files\Microsoft SQL Server\120\Tools\Binn\;C:\Program Files\dotnet\;C:\Program Files\Git\cmd;C:\Program Files (x86)\ZeinSoft\ComVoy\2.0\agent;C:\Program Files (x86)\GnuWin32\bin;C:\Program Files (x86)\GNU Arm Embedded Toolchain\10 2021.10\bin;E:\RFSoC\gs10.01.2\bin;C:\Users\QC109_4\AppData\Local\Programs\Python\Python311\Scripts\;C:\Users\QC109_4\AppData\Local\Programs\Python\Python311\;C:\Program Files (x86)\Arm GNU Toolchain aarch64-none-elf\12.3 rel1\bin;C:\Users\QC109_4\AppData\Local\Microsoft\WindowsApps;C:\Program Files\Bandizip\;C:\ProgramData\Anaconda3\Library;C:\Users\QC109_4\AppData\Local\Programs\Microsoft VS Code\bin;C:\Users\QC109_4\AppData\Local\GitHubDesktop\bin;C:\Users\QC109_4\AppData\Local\Programs\Julia-1.9.2\bin;E:\texlive\2023\bin\windows;E:/Xilinx/Vivado/2020.2\tps\mingw\6.2.0\win64.o\nt\bin;E:/Xilinx/Vivado/2020.2\tps\mingw\6.2.0\win64.o\nt\libexec\gcc\x86_64-w64-mingw32\6.2.0;E:/Xilinx/Vivado/2020.2\tps\win64\python-3.8.3;E:/Xilinx/Vivado/2020.2\tps\win64\python-3.8.3\bin;E:/Xilinx/Vivado/2020.2\tps\win64\python-3.8.3\lib;E:/Xilinx/Vivado/2020
USERNAME=QC109_4
OS=Windows_NT
PROCESSOR_IDENTIFIER=Intel64 Family 6 Model 158 Stepping 10, GenuineIntel



---------------  S Y S T E M  ---------------

OS: Windows 10 , 64 bit Build 19041 (10.0.19041.3393)

CPU:total 6 (initial active 6) (6 cores per cpu, 1 threads per core) family 6 model 158 stepping 10, cmov, cx8, fxsr, mmx, sse, sse2, sse3, ssse3, sse4.1, sse4.2, popcnt, avx, avx2, aes, clmul, erms, 3dnowpref, lzcnt, tsc, tscinvbit, bmi1, bmi2, adx, fma

Memory: 4k page, system-wide physical 16245M (7510M free)
TotalPageFile size 21365M (AvailPageFile size 6022M)
current process WorkingSet (physical memory assigned to process): 2750M, peak: 2754M
current process commit charge ("private bytes"): 2765M, peak: 2769M

vm_info: OpenJDK 64-Bit Server VM (11.0.2+9) for windows-amd64 JRE (11.0.2+9), built on Jan 18 2019 05:23:22 by "mach5one" with MS VC++ 15.5 (VS2017)

END.
