#
# A fatal error has been detected by the Java Runtime Environment:
#
#  EXCEPTION_ACCESS_VIOLATION (0xc0000005) at pc=0x00007ffbec1d6c05, pid=24340, tid=26588
#
# JRE version: OpenJDK Runtime Environment (11.0.2+9) (build 11.0.2+9)
# Java VM: OpenJDK 64-Bit Server VM (11.0.2+9, mixed mode, tiered, compressed oops, g1 gc, windows-amd64)
# Problematic frame:
# V  [jvm.dll+0x666c05]
#
# No core dump will be written. Minidumps are not enabled by default on client versions of Windows
#
# If you would like to submit a bug report, please visit:
#   http://bugreport.java.com/bugreport/crash.jsp
#

---------------  S U M M A R Y ------------

Command Line: -Dsun.java2d.pmoffscreen=false -Dhttps.protocols=TLSv1,TLSv1.1,TLSv1.2 -Dsun.java2d.xrender=false -Dsun.java2d.d3d=false -Dsun.awt.nopixfmt=true -Dsun.java2d.dpiaware=true -Dsun.java2d.uiScale.enabled=false -Xverify:none -Dswing.aatext=true -XX:-UsePerfData -Djdk.map.althashing.threshold=512 -XX:StringTableSize=4072 --add-opens=java.base/java.nio=ALL-UNNAMED --add-opens=java.desktop/sun.swing=ALL-UNNAMED --add-opens=java.desktop/javax.swing=ALL-UNNAMED --add-opens=java.desktop/javax.swing.tree=ALL-UNNAMED --add-opens=java.desktop/javax.swing.plaf.basic=ALL-UNNAMED --add-opens=java.desktop/javax.swing.plaf.synth=ALL-UNNAMED --add-opens=java.desktop/com.sun.awt=ALL-UNNAMED -XX:NewSize=60m -XX:MaxNewSize=60m -Xms128m -Xmx3072m -Xss5m 

Host: Intel(R) Core(TM) i5-8400 CPU @ 2.80GHz, 6 cores, 15G,  Windows 10 , 64 bit Build 19041 (10.0.19041.3155)
Time: Sun Sep  3 18:30:20 2023 대한민국 표준시 elapsed time: 742 seconds (0d 0h 12m 22s)

---------------  T H R E A D  ---------------

Current thread (0x000001c92cb86800):  JavaThread "C2 CompilerThread0" daemon [_thread_in_native, id=26588, stack(0x000000b537700000,0x000000b537800000)]


Current CompileTask:
C2: 742235 22792       4       com.jidesoft.plaf.basic.BasicJideButtonUI::paint (350 bytes)

Stack: [0x000000b537700000,0x000000b537800000],  sp=0x000000b5377fb620,  free space=1005k
Native frames: (J=compiled Java code, j=interpreted, Vv=VM code, C=native code)
V  [jvm.dll+0x666c05]
V  [jvm.dll+0x1a989d]
V  [jvm.dll+0x218ad2]
V  [jvm.dll+0x217b6a]
V  [jvm.dll+0x194370]
V  [jvm.dll+0x226b3f]
V  [jvm.dll+0x225148]
V  [jvm.dll+0x73774d]
V  [jvm.dll+0x633942]
C  [ucrtbase.dll+0x21bb2]
C  [KERNEL32.DLL+0x17614]
C  [ntdll.dll+0x526b1]


siginfo: EXCEPTION_ACCESS_VIOLATION (0xc0000005), reading address 0x00007febec3c8b28


Register to memory mapping:

RIP=0x00007ffbec1d6c05 jvm.dll
RAX=0x00007febec3c8a40 is an unknown value
RBX=0x000001c9ff5f3040 points into unknown readable memory: b0 cd d6 2d c9 01 00 00
RCX=0x000001c93123ee10 points into unknown readable memory: 40 8a 3c ec eb 7f 00 00
RDX=0x00000000000004bb is an unknown value
RSP=0x000000b5377fb620 is pointing into the stack for thread: 0x000001c92cb86800
RBP=0x000000b5377fb720 is pointing into the stack for thread: 0x000001c92cb86800
RSI=0x000001c9ff5f3080 points into unknown readable memory: b0 cd d6 2d c9 01 00 00
RDI=0x000001c92f21aab8 points into unknown readable memory: 60 ea 3d ec fb 7f 00 00
R8 =0x000001c9ff5f3080 points into unknown readable memory: b0 cd d6 2d c9 01 00 00
R9 =0x000001c930227020 points into unknown readable memory: 00 00 00 00 00 00 00 00
R10=0x000001c9faf94550 points into unknown readable memory: 30 46 3b ec fb 7f 00 00
R11=0x000000b5377fbd00 is pointing into the stack for thread: 0x000001c92cb86800
R12=0x0000000000000263 is an unknown value
R13=0x000001c9ff5f3080 points into unknown readable memory: b0 cd d6 2d c9 01 00 00
R14=0x000001c9fadb6bd0 points into unknown readable memory: 80 fe 3a ec fb 7f 00 00
R15=0x000001c93123ee10 points into unknown readable memory: 40 8a 3c ec eb 7f 00 00


Registers:
RAX=0x00007febec3c8a40, RBX=0x000001c9ff5f3040, RCX=0x000001c93123ee10, RDX=0x00000000000004bb
RSP=0x000000b5377fb620, RBP=0x000000b5377fb720, RSI=0x000001c9ff5f3080, RDI=0x000001c92f21aab8
R8 =0x000001c9ff5f3080, R9 =0x000001c930227020, R10=0x000001c9faf94550, R11=0x000000b5377fbd00
R12=0x0000000000000263, R13=0x000001c9ff5f3080, R14=0x000001c9fadb6bd0, R15=0x000001c93123ee10
RIP=0x00007ffbec1d6c05, EFLAGS=0x0000000000010246

Top of Stack: (sp=0x000000b5377fb620)
0x000000b5377fb620:   000000b5377fbd00 0000000000000010
0x000000b5377fb630:   000000b5377fb720 000001c9faf94550
0x000000b5377fb640:   000001c9ff5f3080 000001c9ff5f3040
0x000000b5377fb650:   000001c900000010 00000000ffffffff
0x000000b5377fb660:   000001c9ff5f3080 000001c9faf94550
0x000000b5377fb670:   000001c93123ee10 0000002000000006
0x000000b5377fb680:   0000000000000000 00007ffb00000007
0x000000b5377fb690:   000001c9fb0872c0 000001c9316207c0
0x000000b5377fb6a0:   000001c900000167 000001c93161fad0
0x000000b5377fb6b0:   00000000000004bb 00007ffbebbdd506
0x000000b5377fb6c0:   0000000000000000 0000000000000000
0x000000b5377fb6d0:   0000000000000000 0000000000000000
0x000000b5377fb6e0:   0000000000000000 0000000000000000
0x000000b5377fb6f0:   0000000000000000 0000000000000000
0x000000b5377fb700:   0000000000000000 0000000000000000
0x000000b5377fb710:   0000000000000000 0000000000000000 

Instructions: (pc=0x00007ffbec1d6c05)
0x00007ffbec1d6be5:   00 00 3b c1 0f 82 e1 fd ff ff 4c 8b 6c 24 40 41
0x00007ffbec1d6bf5:   0f b6 47 2c 24 03 3c 02 75 14 49 8b 07 49 8b cf
0x00007ffbec1d6c05:   ff 90 e8 00 00 00 41 8b 4f 18 8b f8 eb 02 33 ff
0x00007ffbec1d6c15:   4c 8b b5 78 01 00 00 bb 01 00 00 00 3b cb 76 52 


Stack slot to memory mapping:
stack at sp + 0 slots: 0x000000b5377fbd00 is pointing into the stack for thread: 0x000001c92cb86800
stack at sp + 1 slots: 0x0000000000000010 is an unknown value
stack at sp + 2 slots: 0x000000b5377fb720 is pointing into the stack for thread: 0x000001c92cb86800
stack at sp + 3 slots: 0x000001c9faf94550 points into unknown readable memory: 30 46 3b ec fb 7f 00 00
stack at sp + 4 slots: 0x000001c9ff5f3080 points into unknown readable memory: b0 cd d6 2d c9 01 00 00
stack at sp + 5 slots: 0x000001c9ff5f3040 points into unknown readable memory: b0 cd d6 2d c9 01 00 00
stack at sp + 6 slots: 0x000001c900000010 points into unknown readable memory: ee ff ee ff 02 00 00 00
stack at sp + 7 slots: 0x00000000ffffffff is an unknown value


---------------  P R O C E S S  ---------------

Threads class SMR info:
_java_thread_list=0x000001c931556030, length=58, elements={
0x000001c931100800, 0x000001c91e25a800, 0x000001c929588800, 0x000001c91c9d7800,
0x000001c92e1f6800, 0x000001c92cb86800, 0x000001c92df81800, 0x000001c9281b2800,
0x000001c91ea90800, 0x000001c93129b800, 0x000001c92cf10800, 0x000001c92a50f000,
0x000001c90a89d000, 0x000001c9332b6000, 0x000001c92ea27800, 0x000001c92bf4d800,
0x000001c932bec800, 0x000001c92c187800, 0x000001c92c185800, 0x000001c92c186800,
0x000001c92c183000, 0x000001c92c18b800, 0x000001c92c18e000, 0x000001c92c18f800,
0x000001c92c18a800, 0x000001c92c18e800, 0x000001c92c189800, 0x000001c92c190800,
0x000001c95dc1b800, 0x000001c95dc1e000, 0x000001c95dc1d000, 0x000001c95dc1e800,
0x000001c95dc20800, 0x000001c95dc1a800, 0x000001c95dc25000, 0x000001c95dc29800,
0x000001c95dc23800, 0x000001c96762f000, 0x000001c967630800, 0x000001c95dc28800,
0x000001c95dc2a000, 0x000001c95dc24800, 0x000001c967631800, 0x000001c967633800,
0x000001c967633000, 0x000001c967634800, 0x000001c967635800, 0x000001c92c18d000,
0x000001c92c188000, 0x000001c92c189000, 0x000001c932bed000, 0x000001c932bee000,
0x000001c932bee800, 0x000001c9faebe800, 0x000001c9faebe000, 0x000001c9faebf800,
0x000001c9faebd000, 0x000001c9faebc800
}

Java Threads: ( => current thread )
  0x000001c931100800 JavaThread "main" [_thread_blocked, id=15464, stack(0x000000b535c00000,0x000000b535d00000)]
  0x000001c91e25a800 JavaThread "Reference Handler" daemon [_thread_blocked, id=14740, stack(0x000000b536300000,0x000000b536800000)]
  0x000001c929588800 JavaThread "Finalizer" daemon [_thread_blocked, id=12904, stack(0x000000b536800000,0x000000b536d00000)]
  0x000001c91c9d7800 JavaThread "Signal Dispatcher" daemon [_thread_blocked, id=17160, stack(0x000000b536d00000,0x000000b537200000)]
  0x000001c92e1f6800 JavaThread "Attach Listener" daemon [_thread_blocked, id=13284, stack(0x000000b537200000,0x000000b537700000)]
=>0x000001c92cb86800 JavaThread "C2 CompilerThread0" daemon [_thread_in_native, id=26588, stack(0x000000b537700000,0x000000b537800000)]
  0x000001c92df81800 JavaThread "C1 CompilerThread0" daemon [_thread_in_native, id=29940, stack(0x000000b537800000,0x000000b537900000)]
  0x000001c9281b2800 JavaThread "Sweeper thread" daemon [_thread_blocked, id=21884, stack(0x000000b537900000,0x000000b537e00000)]
  0x000001c91ea90800 JavaThread "Common-Cleaner" daemon [_thread_blocked, id=30064, stack(0x000000b537e00000,0x000000b538300000)]
  0x000001c93129b800 JavaThread "Service Thread" daemon [_thread_blocked, id=29704, stack(0x000000b538300000,0x000000b538800000)]
  0x000001c92cf10800 JavaThread "Java2D Disposer" daemon [_thread_blocked, id=3572, stack(0x000000b538a00000,0x000000b538f00000)]
  0x000001c92a50f000 JavaThread "AWT-Shutdown" [_thread_blocked, id=20788, stack(0x000000b538f00000,0x000000b539400000)]
  0x000001c90a89d000 JavaThread "AWT-Windows" daemon [_thread_in_native, id=26768, stack(0x000000b539400000,0x000000b539900000)]
  0x000001c9332b6000 JavaThread "TimerQueue" daemon [_thread_blocked, id=10152, stack(0x000000b539900000,0x000000b539e00000)]
  0x000001c92ea27800 JavaThread "AWT-EventQueue-0" [_thread_in_native, id=8512, stack(0x000000b53a300000,0x000000b53a800000)]
  0x000001c92bf4d800 JavaThread "Thread-1" [_thread_in_native, id=15264, stack(0x000000b534500000,0x000000b535900000)]
  0x000001c932bec800 JavaThread "Process Messages Thread" [_thread_blocked, id=9656, stack(0x000000b53ad00000,0x000000b53b200000)]
  0x000001c92c187800 JavaThread "Batik CleanerThread" daemon [_thread_blocked, id=26152, stack(0x000000b53a800000,0x000000b53ad00000)]
  0x000001c92c185800 JavaThread "SyntheticaCleanerThread" daemon [_thread_blocked, id=4804, stack(0x000000b53bf00000,0x000000b53c400000)]
  0x000001c92c186800 JavaThread "Refresh Filesets Swing Worker Thread" [_thread_blocked, id=13764, stack(0x000000b53c400000,0x000000b53c900000)]
  0x000001c92c183000 JavaThread "hw_ila_monitor" [_thread_blocked, id=27632, stack(0x000000b53c900000,0x000000b53ce00000)]
  0x000001c92c18b800 JavaThread "SyntheticaAnimation 50" daemon [_thread_blocked, id=15116, stack(0x000000b53d300000,0x000000b53d800000)]
  0x000001c92c18e000 JavaThread "pool-1-thread-1" [_thread_blocked, id=17372, stack(0x000000b53d800000,0x000000b53dd00000)]
  0x000001c92c18f800 JavaThread "pool-2-thread-1" [_thread_blocked, id=23364, stack(0x000000b53df00000,0x000000b53e400000)]
  0x000001c92c18a800 JavaThread "pool-3-thread-1" [_thread_blocked, id=31260, stack(0x000000b53e400000,0x000000b53e900000)]
  0x000001c92c18e800 JavaThread "Update Runs Swing Worker Thread" [_thread_blocked, id=28908, stack(0x000000b53e900000,0x000000b53ee00000)]
  0x000001c92c189800 JavaThread "Monitor HEventQueue Thread" [_thread_blocked, id=14412, stack(0x000000b53ef00000,0x000000b53f400000)]
  0x000001c92c190800 JavaThread "SyntheticaAnimation 25" daemon [_thread_blocked, id=17716, stack(0x000000b53f400000,0x000000b53f900000)]
  0x000001c95dc1b800 JavaThread "QuantumRenderer-0" daemon [_thread_blocked, id=29388, stack(0x000000b540700000,0x000000b540c00000)]
  0x000001c95dc1e000 JavaThread "InvokeLaterDispatcher" daemon [_thread_blocked, id=27544, stack(0x000000b540c00000,0x000000b541100000)]
  0x000001c95dc1d000 JavaThread "JavaFX Application Thread" [_thread_in_native, id=23212, stack(0x000000b541100000,0x000000b541600000)]
  0x000001c95dc1e800 JavaThread "Thread-31" daemon [_thread_in_native, id=31456, stack(0x000000b53fd00000,0x000000b53fe00000)]
  0x000001c95dc20800 JavaThread "Prism Font Disposer" daemon [_thread_blocked, id=30636, stack(0x000000b540200000,0x000000b540700000)]
  0x000001c95dc1a800 JavaThread "Disposer" daemon [_thread_blocked, id=27104, stack(0x000000b541600000,0x000000b541b00000)]
  0x000001c95dc25000 JavaThread "SyntheticaAnimation 70" daemon [_thread_blocked, id=27332, stack(0x000000b542700000,0x000000b542c00000)]
  0x000001c95dc29800 JavaThread "SocketStreamHandle-1" daemon [_thread_in_native, id=18172, stack(0x000000b544500000,0x000000b544a00000)]
  0x000001c95dc23800 JavaThread "Cleaner-0" daemon [_thread_blocked, id=26552, stack(0x000000b544a00000,0x000000b544f00000)]
  0x000001c96762f000 JavaThread "Swing-Shell" daemon [_thread_blocked, id=30864, stack(0x000000b53b900000,0x000000b53be00000)]
  0x000001c967630800 JavaThread "SyntheticaAnimation 50" daemon [_thread_blocked, id=31188, stack(0x000000b53ce00000,0x000000b53d300000)]
  0x000001c95dc28800 JavaThread "pool-7-thread-1" [_thread_blocked, id=23736, stack(0x000000b541b00000,0x000000b542000000)]
  0x000001c95dc2a000 JavaThread "pool-8-thread-1" [_thread_blocked, id=12248, stack(0x000000b543600000,0x000000b543b00000)]
  0x000001c95dc24800 JavaThread "pool-9-thread-1" [_thread_blocked, id=12176, stack(0x000000b543b00000,0x000000b544000000)]
  0x000001c967631800 JavaThread "pool-10-thread-1" [_thread_blocked, id=11796, stack(0x000000b544000000,0x000000b544500000)]
  0x000001c967633800 JavaThread "pool-11-thread-1" [_thread_blocked, id=12144, stack(0x000000b544f00000,0x000000b545400000)]
  0x000001c967633000 JavaThread "pool-12-thread-1" [_thread_blocked, id=29824, stack(0x000000b545400000,0x000000b545900000)]
  0x000001c967634800 JavaThread "pool-13-thread-1" [_thread_blocked, id=18596, stack(0x000000b545900000,0x000000b545e00000)]
  0x000001c967635800 JavaThread "pool-14-thread-1" [_thread_blocked, id=4760, stack(0x000000b545e00000,0x000000b546300000)]
  0x000001c92c18d000 JavaThread "pool-15-thread-1" [_thread_blocked, id=21292, stack(0x000000b546300000,0x000000b546800000)]
  0x000001c92c188000 JavaThread "pool-16-thread-1" [_thread_blocked, id=18200, stack(0x000000b546800000,0x000000b546d00000)]
  0x000001c92c189000 JavaThread "pool-17-thread-1" [_thread_blocked, id=13376, stack(0x000000b546d00000,0x000000b547200000)]
  0x000001c932bed000 JavaThread "pool-18-thread-1" [_thread_blocked, id=14484, stack(0x000000b547200000,0x000000b547700000)]
  0x000001c932bee000 JavaThread "pool-19-thread-1" [_thread_blocked, id=25232, stack(0x000000b547700000,0x000000b547c00000)]
  0x000001c932bee800 JavaThread "pool-20-thread-1" [_thread_blocked, id=30420, stack(0x000000b547c00000,0x000000b548100000)]
  0x000001c9faebe800 JavaThread "pool-21-thread-1" [_thread_blocked, id=17424, stack(0x000000b548100000,0x000000b548600000)]
  0x000001c9faebe000 JavaThread "pool-22-thread-1" [_thread_blocked, id=18356, stack(0x000000b548600000,0x000000b548b00000)]
  0x000001c9faebf800 JavaThread "pool-23-thread-1" [_thread_blocked, id=25216, stack(0x000000b548b00000,0x000000b549000000)]
  0x000001c9faebd000 JavaThread "pool-24-thread-1" [_thread_blocked, id=18636, stack(0x000000b549000000,0x000000b549500000)]
  0x000001c9faebc800 JavaThread "Image Animator 0" daemon [_thread_blocked, id=27296, stack(0x000000b543100000,0x000000b543600000)]

Other Threads:
  0x000001c927147800 VMThread "VM Thread" [stack: 0x000000b536200000,0x000000b536300000] [id=20980]
  0x000001c93105e800 WatcherThread [stack: 0x000000b538800000,0x000000b538900000] [id=22256]
  0x000001c91c6d3000 GCTaskThread "GC Thread#0" [stack: 0x000000b535d00000,0x000000b535e00000] [id=31696]
  0x000001c929267800 GCTaskThread "GC Thread#1" [stack: 0x000000b53b200000,0x000000b53b300000] [id=19896]
  0x000001c929268000 GCTaskThread "GC Thread#2" [stack: 0x000000b53b300000,0x000000b53b400000] [id=19788]
  0x000001c92d94f800 GCTaskThread "GC Thread#3" [stack: 0x000000b53b400000,0x000000b53b500000] [id=5288]
  0x000001c92e2f5000 GCTaskThread "GC Thread#4" [stack: 0x000000b53b500000,0x000000b53b600000] [id=21896]
  0x000001c91262f800 GCTaskThread "GC Thread#5" [stack: 0x000000b53b600000,0x000000b53b700000] [id=14496]
  0x000001c92f378000 ConcurrentGCThread "G1 Main Marker" [stack: 0x000000b535e00000,0x000000b535f00000] [id=22896]
  0x000001c92a55e000 ConcurrentGCThread "G1 Conc#0" [stack: 0x000000b535f00000,0x000000b536000000] [id=1616]
  0x000001c92aaf7800 ConcurrentGCThread "G1 Conc#1" [stack: 0x000000b53b800000,0x000000b53b900000] [id=22672]
  0x000001c92c4e0000 ConcurrentGCThread "G1 Refine#0" [stack: 0x000000b536000000,0x000000b536100000] [id=7868]
  0x000001c91921c000 ConcurrentGCThread "G1 Refine#1" [stack: 0x000000b53b700000,0x000000b53b800000] [id=15496]
  0x000001c92a845000 ConcurrentGCThread "G1 Refine#2" [stack: 0x000000b53be00000,0x000000b53bf00000] [id=22648]
  0x000001c92f6b6800 ConcurrentGCThread "G1 Young RemSet Sampling" [stack: 0x000000b536100000,0x000000b536200000] [id=14464]

Threads with active compile tasks:
C2 CompilerThread022792       4       com.jidesoft.plaf.basic.BasicJideButtonUI::paint (350 bytes)

VM state:not at safepoint (normal execution)

VM Mutex/Monitor currently owned by a thread: None

Heap address: 0x0000000740000000, size: 3072 MB, Compressed Oops mode: Zero based, Oop shift amount: 3
Narrow klass base: 0x0000000800000000, Narrow klass shift: 0
Compressed class space size: 1073741824 Address: 0x0000000800000000

Heap:
 garbage-first heap   total 324608K, used 266706K [0x0000000740000000, 0x0000000800000000)
  region size 1024K, 40 young (40960K), 5 survivors (5120K)
 Metaspace       used 102791K, capacity 105621K, committed 105864K, reserved 1140736K
  class space    used 14198K, capacity 15488K, committed 15488K, reserved 1048576K
Heap Regions: E=young(eden), S=young(survivor), O=old, HS=humongous(starts), HC=humongous(continues), CS=collection set, F=free, A=archive, TAMS=top-at-mark-start (previous, next)
|   0|0x0000000740000000, 0x0000000740100000, 0x0000000740100000|100%|HS|  |TAMS 0x0000000740100000, 0x0000000740000000| Complete 
|   1|0x0000000740100000, 0x0000000740200000, 0x0000000740200000|100%|HC|  |TAMS 0x0000000740200000, 0x0000000740100000| Complete 
|   2|0x0000000740200000, 0x0000000740300000, 0x0000000740300000|100%|HS|  |TAMS 0x0000000740300000, 0x0000000740200000| Complete 
|   3|0x0000000740300000, 0x00000007403fffe8, 0x0000000740400000| 99%| O|  |TAMS 0x00000007403fffe8, 0x0000000740300000| Untracked 
|   4|0x0000000740400000, 0x0000000740500000, 0x0000000740500000|100%| O|  |TAMS 0x0000000740500000, 0x0000000740400000| Untracked 
|   5|0x0000000740500000, 0x00000007405ffff0, 0x0000000740600000| 99%| O|  |TAMS 0x00000007405ffff0, 0x0000000740500000| Untracked 
|   6|0x0000000740600000, 0x00000007406ffff8, 0x0000000740700000| 99%| O|  |TAMS 0x00000007406ffff8, 0x0000000740600000| Untracked 
|   7|0x0000000740700000, 0x00000007407ffcc0, 0x0000000740800000| 99%| O|  |TAMS 0x00000007407ffcc0, 0x0000000740700000| Untracked 
|   8|0x0000000740800000, 0x00000007408fffe8, 0x0000000740900000| 99%| O|  |TAMS 0x00000007408fffe8, 0x0000000740800000| Untracked 
|   9|0x0000000740900000, 0x00000007409ffff0, 0x0000000740a00000| 99%| O|  |TAMS 0x00000007409ffff0, 0x0000000740900000| Untracked 
|  10|0x0000000740a00000, 0x0000000740af7ba8, 0x0000000740b00000| 96%| O|  |TAMS 0x0000000740af7ba8, 0x0000000740a00000| Untracked 
|  11|0x0000000740b00000, 0x0000000740bffff8, 0x0000000740c00000| 99%| O|  |TAMS 0x0000000740bffff8, 0x0000000740b00000| Untracked 
|  12|0x0000000740c00000, 0x0000000740cffff0, 0x0000000740d00000| 99%| O|  |TAMS 0x0000000740cffff0, 0x0000000740c00000| Untracked 
|  13|0x0000000740d00000, 0x0000000740dffff0, 0x0000000740e00000| 99%| O|  |TAMS 0x0000000740dffff0, 0x0000000740d00000| Untracked 
|  14|0x0000000740e00000, 0x0000000740effff8, 0x0000000740f00000| 99%| O|  |TAMS 0x0000000740effff8, 0x0000000740e00000| Untracked 
|  15|0x0000000740f00000, 0x0000000740fef038, 0x0000000741000000| 93%| O|  |TAMS 0x0000000740fef038, 0x0000000740f00000| Untracked 
|  16|0x0000000741000000, 0x0000000741100000, 0x0000000741100000|100%| O|  |TAMS 0x0000000741100000, 0x0000000741000000| Untracked 
|  17|0x0000000741100000, 0x0000000741200000, 0x0000000741200000|100%| O|  |TAMS 0x0000000741200000, 0x0000000741100000| Untracked 
|  18|0x0000000741200000, 0x00000007412c2a18, 0x0000000741300000| 76%| O|  |TAMS 0x00000007412c2a18, 0x0000000741200000| Untracked 
|  19|0x0000000741300000, 0x0000000741400000, 0x0000000741400000|100%| O|  |TAMS 0x0000000741400000, 0x0000000741300000| Untracked 
|  20|0x0000000741400000, 0x0000000741500000, 0x0000000741500000|100%| O|  |TAMS 0x0000000741500000, 0x0000000741400000| Untracked 
|  21|0x0000000741500000, 0x00000007415ffff0, 0x0000000741600000| 99%| O|  |TAMS 0x00000007415ffff0, 0x0000000741500000| Untracked 
|  22|0x0000000741600000, 0x00000007416fffe8, 0x0000000741700000| 99%| O|  |TAMS 0x00000007416fffe8, 0x0000000741600000| Untracked 
|  23|0x0000000741700000, 0x0000000741800000, 0x0000000741800000|100%| O|  |TAMS 0x0000000741800000, 0x0000000741700000| Untracked 
|  24|0x0000000741800000, 0x00000007418fffe8, 0x0000000741900000| 99%| O|  |TAMS 0x00000007418fffe8, 0x0000000741800000| Untracked 
|  25|0x0000000741900000, 0x0000000741a00000, 0x0000000741a00000|100%| O|  |TAMS 0x0000000741a00000, 0x0000000741900000| Untracked 
|  26|0x0000000741a00000, 0x0000000741b00000, 0x0000000741b00000|100%| O|  |TAMS 0x0000000741b00000, 0x0000000741a00000| Untracked 
|  27|0x0000000741b00000, 0x0000000741c00000, 0x0000000741c00000|100%| O|  |TAMS 0x0000000741c00000, 0x0000000741b00000| Untracked 
|  28|0x0000000741c00000, 0x0000000741cfffe8, 0x0000000741d00000| 99%| O|  |TAMS 0x0000000741cfffe8, 0x0000000741c00000| Untracked 
|  29|0x0000000741d00000, 0x0000000741dffff0, 0x0000000741e00000| 99%| O|  |TAMS 0x0000000741dffff0, 0x0000000741d00000| Untracked 
|  30|0x0000000741e00000, 0x0000000741effff0, 0x0000000741f00000| 99%| O|  |TAMS 0x0000000741effff0, 0x0000000741e00000| Untracked 
|  31|0x0000000741f00000, 0x0000000741ffffe8, 0x0000000742000000| 99%| O|  |TAMS 0x0000000741ffffe8, 0x0000000741f00000| Untracked 
|  32|0x0000000742000000, 0x00000007420ffff0, 0x0000000742100000| 99%| O|  |TAMS 0x00000007420ffff0, 0x0000000742000000| Untracked 
|  33|0x0000000742100000, 0x00000007421fff90, 0x0000000742200000| 99%| O|  |TAMS 0x00000007421fff90, 0x0000000742100000| Untracked 
|  34|0x0000000742200000, 0x00000007422fff58, 0x0000000742300000| 99%| O|  |TAMS 0x00000007422fff58, 0x0000000742200000| Untracked 
|  35|0x0000000742300000, 0x0000000742400000, 0x0000000742400000|100%| O|  |TAMS 0x0000000742400000, 0x0000000742300000| Untracked 
|  36|0x0000000742400000, 0x0000000742500000, 0x0000000742500000|100%| O|  |TAMS 0x0000000742500000, 0x0000000742400000| Untracked 
|  37|0x0000000742500000, 0x00000007425ffff0, 0x0000000742600000| 99%| O|  |TAMS 0x00000007425ffff0, 0x0000000742500000| Untracked 
|  38|0x0000000742600000, 0x0000000742700000, 0x0000000742700000|100%| O|  |TAMS 0x0000000742700000, 0x0000000742600000| Untracked 
|  39|0x0000000742700000, 0x00000007427ffff8, 0x0000000742800000| 99%| O|  |TAMS 0x00000007427ffff8, 0x0000000742700000| Untracked 
|  40|0x0000000742800000, 0x0000000742900000, 0x0000000742900000|100%| O|  |TAMS 0x0000000742900000, 0x0000000742800000| Untracked 
|  41|0x0000000742900000, 0x00000007429ffff8, 0x0000000742a00000| 99%| O|  |TAMS 0x00000007429ffff8, 0x0000000742900000| Untracked 
|  42|0x0000000742a00000, 0x0000000742afffe8, 0x0000000742b00000| 99%| O|  |TAMS 0x0000000742afffe8, 0x0000000742a00000| Untracked 
|  43|0x0000000742b00000, 0x0000000742bffff8, 0x0000000742c00000| 99%| O|  |TAMS 0x0000000742bffff8, 0x0000000742b00000| Untracked 
|  44|0x0000000742c00000, 0x0000000742cffff8, 0x0000000742d00000| 99%| O|  |TAMS 0x0000000742cffff8, 0x0000000742c00000| Untracked 
|  45|0x0000000742d00000, 0x0000000742dffff0, 0x0000000742e00000| 99%| O|  |TAMS 0x0000000742dffff0, 0x0000000742d00000| Untracked 
|  46|0x0000000742e00000, 0x0000000742f00000, 0x0000000742f00000|100%| O|  |TAMS 0x0000000742f00000, 0x0000000742e00000| Untracked 
|  47|0x0000000742f00000, 0x0000000743000000, 0x0000000743000000|100%| O|  |TAMS 0x0000000743000000, 0x0000000742f00000| Untracked 
|  48|0x0000000743000000, 0x0000000743100000, 0x0000000743100000|100%| O|  |TAMS 0x0000000743100000, 0x0000000743000000| Untracked 
|  49|0x0000000743100000, 0x00000007431ffff8, 0x0000000743200000| 99%| O|  |TAMS 0x00000007431ffff8, 0x0000000743100000| Untracked 
|  50|0x0000000743200000, 0x0000000743300000, 0x0000000743300000|100%| O|  |TAMS 0x0000000743300000, 0x0000000743200000| Untracked 
|  51|0x0000000743300000, 0x00000007433ffff8, 0x0000000743400000| 99%| O|  |TAMS 0x00000007433ffff8, 0x0000000743300000| Untracked 
|  52|0x0000000743400000, 0x00000007434ffec0, 0x0000000743500000| 99%| O|  |TAMS 0x00000007434ffec0, 0x0000000743400000| Untracked 
|  53|0x0000000743500000, 0x0000000743600000, 0x0000000743600000|100%|HS|  |TAMS 0x0000000743600000, 0x0000000743500000| Complete 
|  54|0x0000000743600000, 0x0000000743700000, 0x0000000743700000|100%|HC|  |TAMS 0x0000000743700000, 0x0000000743600000| Complete 
|  55|0x0000000743700000, 0x0000000743800000, 0x0000000743800000|100%|HC|  |TAMS 0x0000000743800000, 0x0000000743700000| Complete 
|  56|0x0000000743800000, 0x0000000743900000, 0x0000000743900000|100%|HC|  |TAMS 0x0000000743900000, 0x0000000743800000| Complete 
|  57|0x0000000743900000, 0x0000000743a00000, 0x0000000743a00000|100%|HC|  |TAMS 0x0000000743a00000, 0x0000000743900000| Complete 
|  58|0x0000000743a00000, 0x0000000743b00000, 0x0000000743b00000|100%|HC|  |TAMS 0x0000000743b00000, 0x0000000743a00000| Complete 
|  59|0x0000000743b00000, 0x0000000743c00000, 0x0000000743c00000|100%|HC|  |TAMS 0x0000000743c00000, 0x0000000743b00000| Complete 
|  60|0x0000000743c00000, 0x0000000743d00000, 0x0000000743d00000|100%|HC|  |TAMS 0x0000000743d00000, 0x0000000743c00000| Complete 
|  61|0x0000000743d00000, 0x0000000743dffff8, 0x0000000743e00000| 99%| O|  |TAMS 0x0000000743dffff8, 0x0000000743d00000| Untracked 
|  62|0x0000000743e00000, 0x0000000743f00000, 0x0000000743f00000|100%| O|  |TAMS 0x0000000743f00000, 0x0000000743e00000| Untracked 
|  63|0x0000000743f00000, 0x0000000743fffff8, 0x0000000744000000| 99%| O|  |TAMS 0x0000000743fffff8, 0x0000000743f00000| Untracked 
|  64|0x0000000744000000, 0x00000007440ffff8, 0x0000000744100000| 99%| O|  |TAMS 0x00000007440ffff8, 0x0000000744000000| Untracked 
|  65|0x0000000744100000, 0x00000007441fffd0, 0x0000000744200000| 99%| O|  |TAMS 0x00000007441fffd0, 0x0000000744100000| Untracked 
|  66|0x0000000744200000, 0x0000000744300000, 0x0000000744300000|100%| O|  |TAMS 0x0000000744300000, 0x0000000744200000| Untracked 
|  67|0x0000000744300000, 0x0000000744400000, 0x0000000744400000|100%| O|  |TAMS 0x0000000744400000, 0x0000000744300000| Untracked 
|  68|0x0000000744400000, 0x0000000744500000, 0x0000000744500000|100%| O|  |TAMS 0x0000000744500000, 0x0000000744400000| Untracked 
|  69|0x0000000744500000, 0x00000007445ffcc0, 0x0000000744600000| 99%| O|  |TAMS 0x00000007445ffcc0, 0x0000000744500000| Untracked 
|  70|0x0000000744600000, 0x00000007446fffe8, 0x0000000744700000| 99%| O|  |TAMS 0x00000007446fffe8, 0x0000000744600000| Untracked 
|  71|0x0000000744700000, 0x00000007447fffd0, 0x0000000744800000| 99%| O|  |TAMS 0x00000007447fffd0, 0x0000000744700000| Untracked 
|  72|0x0000000744800000, 0x00000007448fefb8, 0x0000000744900000| 99%| O|  |TAMS 0x00000007448fefb8, 0x0000000744800000| Untracked 
|  73|0x0000000744900000, 0x00000007449ffb18, 0x0000000744a00000| 99%| O|  |TAMS 0x00000007449ffb18, 0x0000000744900000| Untracked 
|  74|0x0000000744a00000, 0x0000000744affff0, 0x0000000744b00000| 99%| O|  |TAMS 0x0000000744affff0, 0x0000000744a00000| Untracked 
|  75|0x0000000744b00000, 0x0000000744bffff8, 0x0000000744c00000| 99%| O|  |TAMS 0x0000000744bffff8, 0x0000000744b00000| Untracked 
|  76|0x0000000744c00000, 0x0000000744d00000, 0x0000000744d00000|100%| O|  |TAMS 0x0000000744d00000, 0x0000000744c00000| Untracked 
|  77|0x0000000744d00000, 0x0000000744dffff0, 0x0000000744e00000| 99%| O|  |TAMS 0x0000000744dffff0, 0x0000000744d00000| Untracked 
|  78|0x0000000744e00000, 0x0000000744f00000, 0x0000000744f00000|100%| O|  |TAMS 0x0000000744f00000, 0x0000000744e00000| Untracked 
|  79|0x0000000744f00000, 0x0000000744fffff8, 0x0000000745000000| 99%| O|  |TAMS 0x0000000744fffff8, 0x0000000744f00000| Untracked 
|  80|0x0000000745000000, 0x00000007450ffff8, 0x0000000745100000| 99%| O|  |TAMS 0x00000007450ffff8, 0x0000000745000000| Untracked 
|  81|0x0000000745100000, 0x0000000745200000, 0x0000000745200000|100%| O|  |TAMS 0x0000000745200000, 0x0000000745100000| Untracked 
|  82|0x0000000745200000, 0x00000007452ffff8, 0x0000000745300000| 99%| O|  |TAMS 0x00000007452ffff8, 0x0000000745200000| Untracked 
|  83|0x0000000745300000, 0x00000007453fe808, 0x0000000745400000| 99%| O|  |TAMS 0x00000007453fe808, 0x0000000745300000| Untracked 
|  84|0x0000000745400000, 0x0000000745500000, 0x0000000745500000|100%| O|  |TAMS 0x0000000745500000, 0x0000000745400000| Untracked 
|  85|0x0000000745500000, 0x00000007455fc4c0, 0x0000000745600000| 98%| O|  |TAMS 0x00000007455fc4c0, 0x0000000745500000| Untracked 
|  86|0x0000000745600000, 0x00000007456daca0, 0x0000000745700000| 85%| O|  |TAMS 0x00000007456daca0, 0x0000000745600000| Untracked 
|  87|0x0000000745700000, 0x0000000745765028, 0x0000000745800000| 39%| O|  |TAMS 0x0000000745765028, 0x0000000745700000| Untracked 
|  88|0x0000000745800000, 0x000000074582ab98, 0x0000000745900000| 16%| O|  |TAMS 0x000000074582ab98, 0x0000000745800000| Untracked 
|  89|0x0000000745900000, 0x0000000745a00000, 0x0000000745a00000|100%| O|  |TAMS 0x0000000745a00000, 0x0000000745900000| Untracked 
|  90|0x0000000745a00000, 0x0000000745b00000, 0x0000000745b00000|100%| O|  |TAMS 0x0000000745b00000, 0x0000000745a00000| Untracked 
|  91|0x0000000745b00000, 0x0000000745c00000, 0x0000000745c00000|100%| O|  |TAMS 0x0000000745c00000, 0x0000000745b00000| Untracked 
|  92|0x0000000745c00000, 0x0000000745d00000, 0x0000000745d00000|100%| O|  |TAMS 0x0000000745d00000, 0x0000000745c00000| Untracked 
|  93|0x0000000745d00000, 0x0000000745e00000, 0x0000000745e00000|100%|HS|  |TAMS 0x0000000745e00000, 0x0000000745d00000| Complete 
|  94|0x0000000745e00000, 0x0000000745f00000, 0x0000000745f00000|100%|HC|  |TAMS 0x0000000745f00000, 0x0000000745e00000| Complete 
|  95|0x0000000745f00000, 0x0000000746000000, 0x0000000746000000|100%| O|  |TAMS 0x0000000746000000, 0x0000000745f00000| Untracked 
|  96|0x0000000746000000, 0x0000000746100000, 0x0000000746100000|100%| O|  |TAMS 0x0000000746100000, 0x0000000746000000| Untracked 
|  97|0x0000000746100000, 0x0000000746200000, 0x0000000746200000|100%| O|  |TAMS 0x0000000746200000, 0x0000000746100000| Untracked 
|  98|0x0000000746200000, 0x0000000746300000, 0x0000000746300000|100%| O|  |TAMS 0x0000000746300000, 0x0000000746200000| Untracked 
|  99|0x0000000746300000, 0x0000000746400000, 0x0000000746400000|100%| O|  |TAMS 0x0000000746400000, 0x0000000746300000| Untracked 
| 100|0x0000000746400000, 0x0000000746500000, 0x0000000746500000|100%| O|  |TAMS 0x0000000746500000, 0x0000000746400000| Untracked 
| 101|0x0000000746500000, 0x0000000746600000, 0x0000000746600000|100%| O|  |TAMS 0x0000000746600000, 0x0000000746500000| Untracked 
| 102|0x0000000746600000, 0x0000000746700000, 0x0000000746700000|100%| O|  |TAMS 0x0000000746700000, 0x0000000746600000| Untracked 
| 103|0x0000000746700000, 0x0000000746800000, 0x0000000746800000|100%|HS|  |TAMS 0x0000000746800000, 0x0000000746700000| Complete 
| 104|0x0000000746800000, 0x0000000746900000, 0x0000000746900000|100%|HC|  |TAMS 0x0000000746900000, 0x0000000746800000| Complete 
| 105|0x0000000746900000, 0x0000000746a00000, 0x0000000746a00000|100%|HC|  |TAMS 0x0000000746a00000, 0x0000000746900000| Complete 
| 106|0x0000000746a00000, 0x0000000746b00000, 0x0000000746b00000|100%|HC|  |TAMS 0x0000000746b00000, 0x0000000746a00000| Complete 
| 107|0x0000000746b00000, 0x0000000746b7bc00, 0x0000000746c00000| 48%| O|  |TAMS 0x0000000746b7bc00, 0x0000000746b00000| Untracked 
| 108|0x0000000746c00000, 0x0000000746d00000, 0x0000000746d00000|100%|HS|  |TAMS 0x0000000746c00000, 0x0000000746c00000| Complete 
| 109|0x0000000746d00000, 0x0000000746e00000, 0x0000000746e00000|100%|HC|  |TAMS 0x0000000746d00000, 0x0000000746d00000| Complete 
| 110|0x0000000746e00000, 0x0000000746f00000, 0x0000000746f00000|100%|HC|  |TAMS 0x0000000746e00000, 0x0000000746e00000| Complete 
| 111|0x0000000746f00000, 0x0000000747000000, 0x0000000747000000|100%|HC|  |TAMS 0x0000000746f00000, 0x0000000746f00000| Complete 
| 112|0x0000000747000000, 0x0000000747100000, 0x0000000747100000|100%|HC|  |TAMS 0x0000000747000000, 0x0000000747000000| Complete 
| 113|0x0000000747100000, 0x0000000747200000, 0x0000000747200000|100%|HC|  |TAMS 0x0000000747100000, 0x0000000747100000| Complete 
| 114|0x0000000747200000, 0x0000000747300000, 0x0000000747300000|100%|HC|  |TAMS 0x0000000747200000, 0x0000000747200000| Complete 
| 115|0x0000000747300000, 0x0000000747400000, 0x0000000747400000|100%|HC|  |TAMS 0x0000000747300000, 0x0000000747300000| Complete 
| 116|0x0000000747400000, 0x0000000747400000, 0x0000000747500000|  0%| F|  |TAMS 0x0000000747400000, 0x0000000747400000| Untracked 
| 117|0x0000000747500000, 0x0000000747500000, 0x0000000747600000|  0%| F|  |TAMS 0x0000000747500000, 0x0000000747500000| Untracked 
| 118|0x0000000747600000, 0x0000000747600000, 0x0000000747700000|  0%| F|  |TAMS 0x0000000747600000, 0x0000000747600000| Untracked 
| 119|0x0000000747700000, 0x0000000747700000, 0x0000000747800000|  0%| F|  |TAMS 0x0000000747700000, 0x0000000747700000| Untracked 
| 120|0x0000000747800000, 0x0000000747800000, 0x0000000747900000|  0%| F|  |TAMS 0x0000000747800000, 0x0000000747800000| Untracked 
| 121|0x0000000747900000, 0x0000000747900000, 0x0000000747a00000|  0%| F|  |TAMS 0x0000000747900000, 0x0000000747900000| Untracked 
| 122|0x0000000747a00000, 0x0000000747a0a370, 0x0000000747b00000|  3%| O|  |TAMS 0x0000000747a0a370, 0x0000000747a00000| Untracked 
| 123|0x0000000747b00000, 0x0000000747b00000, 0x0000000747c00000|  0%| F|  |TAMS 0x0000000747b00000, 0x0000000747b00000| Untracked 
| 124|0x0000000747c00000, 0x0000000747c00000, 0x0000000747d00000|  0%| F|  |TAMS 0x0000000747c00000, 0x0000000747c00000| Untracked 
| 125|0x0000000747d00000, 0x0000000747d00000, 0x0000000747e00000|  0%| F|  |TAMS 0x0000000747d00000, 0x0000000747d00000| Untracked 
| 126|0x0000000747e00000, 0x0000000747e00000, 0x0000000747f00000|  0%| F|  |TAMS 0x0000000747e00000, 0x0000000747e00000| Untracked 
| 127|0x0000000747f00000, 0x0000000747f00000, 0x0000000748000000|  0%| F|  |TAMS 0x0000000747f00000, 0x0000000747f00000| Untracked 
| 128|0x0000000748000000, 0x0000000748100000, 0x0000000748100000|100%|HS|  |TAMS 0x0000000748100000, 0x0000000748000000| Complete 
| 129|0x0000000748100000, 0x0000000748200000, 0x0000000748200000|100%|HC|  |TAMS 0x0000000748200000, 0x0000000748100000| Complete 
| 130|0x0000000748200000, 0x0000000748300000, 0x0000000748300000|100%|HC|  |TAMS 0x0000000748300000, 0x0000000748200000| Complete 
| 131|0x0000000748300000, 0x0000000748400000, 0x0000000748400000|100%|HC|  |TAMS 0x0000000748400000, 0x0000000748300000| Complete 
| 132|0x0000000748400000, 0x0000000748500000, 0x0000000748500000|100%|HC|  |TAMS 0x0000000748500000, 0x0000000748400000| Complete 
| 133|0x0000000748500000, 0x0000000748600000, 0x0000000748600000|100%|HC|  |TAMS 0x0000000748600000, 0x0000000748500000| Complete 
| 134|0x0000000748600000, 0x0000000748700000, 0x0000000748700000|100%|HC|  |TAMS 0x0000000748700000, 0x0000000748600000| Complete 
| 135|0x0000000748700000, 0x0000000748800000, 0x0000000748800000|100%|HC|  |TAMS 0x0000000748800000, 0x0000000748700000| Complete 
| 136|0x0000000748800000, 0x0000000748900000, 0x0000000748900000|100%|HC|  |TAMS 0x0000000748900000, 0x0000000748800000| Complete 
| 137|0x0000000748900000, 0x0000000748a00000, 0x0000000748a00000|100%|HC|  |TAMS 0x0000000748a00000, 0x0000000748900000| Complete 
| 138|0x0000000748a00000, 0x0000000748b00000, 0x0000000748b00000|100%|HC|  |TAMS 0x0000000748b00000, 0x0000000748a00000| Complete 
| 139|0x0000000748b00000, 0x0000000748c00000, 0x0000000748c00000|100%|HC|  |TAMS 0x0000000748c00000, 0x0000000748b00000| Complete 
| 140|0x0000000748c00000, 0x0000000748d00000, 0x0000000748d00000|100%|HC|  |TAMS 0x0000000748d00000, 0x0000000748c00000| Complete 
| 141|0x0000000748d00000, 0x0000000748e00000, 0x0000000748e00000|100%|HC|  |TAMS 0x0000000748e00000, 0x0000000748d00000| Complete 
| 142|0x0000000748e00000, 0x0000000748f00000, 0x0000000748f00000|100%|HC|  |TAMS 0x0000000748f00000, 0x0000000748e00000| Complete 
| 143|0x0000000748f00000, 0x0000000749000000, 0x0000000749000000|100%|HC|  |TAMS 0x0000000749000000, 0x0000000748f00000| Complete 
| 144|0x0000000749000000, 0x0000000749100000, 0x0000000749100000|100%|HC|  |TAMS 0x0000000749100000, 0x0000000749000000| Complete 
| 145|0x0000000749100000, 0x0000000749200000, 0x0000000749200000|100%|HC|  |TAMS 0x0000000749200000, 0x0000000749100000| Complete 
| 146|0x0000000749200000, 0x0000000749300000, 0x0000000749300000|100%|HC|  |TAMS 0x0000000749300000, 0x0000000749200000| Complete 
| 147|0x0000000749300000, 0x0000000749400000, 0x0000000749400000|100%|HC|  |TAMS 0x0000000749400000, 0x0000000749300000| Complete 
| 148|0x0000000749400000, 0x0000000749500000, 0x0000000749500000|100%|HC|  |TAMS 0x0000000749500000, 0x0000000749400000| Complete 
| 149|0x0000000749500000, 0x0000000749600000, 0x0000000749600000|100%|HC|  |TAMS 0x0000000749600000, 0x0000000749500000| Complete 
| 150|0x0000000749600000, 0x0000000749700000, 0x0000000749700000|100%|HC|  |TAMS 0x0000000749700000, 0x0000000749600000| Complete 
| 151|0x0000000749700000, 0x0000000749800000, 0x0000000749800000|100%|HC|  |TAMS 0x0000000749800000, 0x0000000749700000| Complete 
| 152|0x0000000749800000, 0x0000000749900000, 0x0000000749900000|100%|HC|  |TAMS 0x0000000749900000, 0x0000000749800000| Complete 
| 153|0x0000000749900000, 0x0000000749a00000, 0x0000000749a00000|100%|HC|  |TAMS 0x0000000749a00000, 0x0000000749900000| Complete 
| 154|0x0000000749a00000, 0x0000000749b00000, 0x0000000749b00000|100%|HC|  |TAMS 0x0000000749b00000, 0x0000000749a00000| Complete 
| 155|0x0000000749b00000, 0x0000000749c00000, 0x0000000749c00000|100%|HC|  |TAMS 0x0000000749c00000, 0x0000000749b00000| Complete 
| 156|0x0000000749c00000, 0x0000000749d00000, 0x0000000749d00000|100%|HC|  |TAMS 0x0000000749d00000, 0x0000000749c00000| Complete 
| 157|0x0000000749d00000, 0x0000000749e00000, 0x0000000749e00000|100%|HC|  |TAMS 0x0000000749e00000, 0x0000000749d00000| Complete 
| 158|0x0000000749e00000, 0x0000000749f00000, 0x0000000749f00000|100%|HC|  |TAMS 0x0000000749f00000, 0x0000000749e00000| Complete 
| 159|0x0000000749f00000, 0x000000074a000000, 0x000000074a000000|100%|HC|  |TAMS 0x000000074a000000, 0x0000000749f00000| Complete 
| 160|0x000000074a000000, 0x000000074a100000, 0x000000074a100000|100%|HC|  |TAMS 0x000000074a100000, 0x000000074a000000| Complete 
| 161|0x000000074a100000, 0x000000074a200000, 0x000000074a200000|100%|HC|  |TAMS 0x000000074a200000, 0x000000074a100000| Complete 
| 162|0x000000074a200000, 0x000000074a300000, 0x000000074a300000|100%|HC|  |TAMS 0x000000074a300000, 0x000000074a200000| Complete 
| 163|0x000000074a300000, 0x000000074a400000, 0x000000074a400000|100%|HC|  |TAMS 0x000000074a400000, 0x000000074a300000| Complete 
| 164|0x000000074a400000, 0x000000074a500000, 0x000000074a500000|100%|HC|  |TAMS 0x000000074a500000, 0x000000074a400000| Complete 
| 165|0x000000074a500000, 0x000000074a600000, 0x000000074a600000|100%|HC|  |TAMS 0x000000074a600000, 0x000000074a500000| Complete 
| 166|0x000000074a600000, 0x000000074a700000, 0x000000074a700000|100%|HC|  |TAMS 0x000000074a700000, 0x000000074a600000| Complete 
| 167|0x000000074a700000, 0x000000074a800000, 0x000000074a800000|100%|HC|  |TAMS 0x000000074a800000, 0x000000074a700000| Complete 
| 168|0x000000074a800000, 0x000000074a900000, 0x000000074a900000|100%|HC|  |TAMS 0x000000074a900000, 0x000000074a800000| Complete 
| 169|0x000000074a900000, 0x000000074aa00000, 0x000000074aa00000|100%|HC|  |TAMS 0x000000074aa00000, 0x000000074a900000| Complete 
| 170|0x000000074aa00000, 0x000000074ab00000, 0x000000074ab00000|100%|HC|  |TAMS 0x000000074ab00000, 0x000000074aa00000| Complete 
| 171|0x000000074ab00000, 0x000000074ac00000, 0x000000074ac00000|100%|HC|  |TAMS 0x000000074ac00000, 0x000000074ab00000| Complete 
| 172|0x000000074ac00000, 0x000000074ad00000, 0x000000074ad00000|100%|HC|  |TAMS 0x000000074ad00000, 0x000000074ac00000| Complete 
| 173|0x000000074ad00000, 0x000000074ae00000, 0x000000074ae00000|100%|HC|  |TAMS 0x000000074ae00000, 0x000000074ad00000| Complete 
| 174|0x000000074ae00000, 0x000000074af00000, 0x000000074af00000|100%|HC|  |TAMS 0x000000074af00000, 0x000000074ae00000| Complete 
| 175|0x000000074af00000, 0x000000074b000000, 0x000000074b000000|100%|HC|  |TAMS 0x000000074b000000, 0x000000074af00000| Complete 
| 176|0x000000074b000000, 0x000000074b100000, 0x000000074b100000|100%|HC|  |TAMS 0x000000074b100000, 0x000000074b000000| Complete 
| 177|0x000000074b100000, 0x000000074b200000, 0x000000074b200000|100%|HC|  |TAMS 0x000000074b200000, 0x000000074b100000| Complete 
| 178|0x000000074b200000, 0x000000074b300000, 0x000000074b300000|100%|HC|  |TAMS 0x000000074b300000, 0x000000074b200000| Complete 
| 179|0x000000074b300000, 0x000000074b400000, 0x000000074b400000|100%|HC|  |TAMS 0x000000074b400000, 0x000000074b300000| Complete 
| 180|0x000000074b400000, 0x000000074b500000, 0x000000074b500000|100%|HC|  |TAMS 0x000000074b500000, 0x000000074b400000| Complete 
| 181|0x000000074b500000, 0x000000074b600000, 0x000000074b600000|100%|HC|  |TAMS 0x000000074b600000, 0x000000074b500000| Complete 
| 182|0x000000074b600000, 0x000000074b700000, 0x000000074b700000|100%|HC|  |TAMS 0x000000074b700000, 0x000000074b600000| Complete 
| 183|0x000000074b700000, 0x000000074b800000, 0x000000074b800000|100%|HC|  |TAMS 0x000000074b800000, 0x000000074b700000| Complete 
| 184|0x000000074b800000, 0x000000074b900000, 0x000000074b900000|100%|HC|  |TAMS 0x000000074b900000, 0x000000074b800000| Complete 
| 185|0x000000074b900000, 0x000000074ba00000, 0x000000074ba00000|100%|HC|  |TAMS 0x000000074ba00000, 0x000000074b900000| Complete 
| 186|0x000000074ba00000, 0x000000074bb00000, 0x000000074bb00000|100%|HC|  |TAMS 0x000000074bb00000, 0x000000074ba00000| Complete 
| 187|0x000000074bb00000, 0x000000074bc00000, 0x000000074bc00000|100%|HC|  |TAMS 0x000000074bc00000, 0x000000074bb00000| Complete 
| 188|0x000000074bc00000, 0x000000074bd00000, 0x000000074bd00000|100%|HC|  |TAMS 0x000000074bd00000, 0x000000074bc00000| Complete 
| 189|0x000000074bd00000, 0x000000074be00000, 0x000000074be00000|100%|HC|  |TAMS 0x000000074be00000, 0x000000074bd00000| Complete 
| 190|0x000000074be00000, 0x000000074bf00000, 0x000000074bf00000|100%|HC|  |TAMS 0x000000074bf00000, 0x000000074be00000| Complete 
| 191|0x000000074bf00000, 0x000000074c000000, 0x000000074c000000|100%|HC|  |TAMS 0x000000074c000000, 0x000000074bf00000| Complete 
| 192|0x000000074c000000, 0x000000074c100000, 0x000000074c100000|100%|HC|  |TAMS 0x000000074c100000, 0x000000074c000000| Complete 
| 193|0x000000074c100000, 0x000000074c200000, 0x000000074c200000|100%|HC|  |TAMS 0x000000074c200000, 0x000000074c100000| Complete 
| 194|0x000000074c200000, 0x000000074c300000, 0x000000074c300000|100%|HC|  |TAMS 0x000000074c300000, 0x000000074c200000| Complete 
| 195|0x000000074c300000, 0x000000074c400000, 0x000000074c400000|100%|HC|  |TAMS 0x000000074c400000, 0x000000074c300000| Complete 
| 196|0x000000074c400000, 0x000000074c500000, 0x000000074c500000|100%|HC|  |TAMS 0x000000074c500000, 0x000000074c400000| Complete 
| 197|0x000000074c500000, 0x000000074c600000, 0x000000074c600000|100%|HC|  |TAMS 0x000000074c600000, 0x000000074c500000| Complete 
| 198|0x000000074c600000, 0x000000074c700000, 0x000000074c700000|100%|HC|  |TAMS 0x000000074c700000, 0x000000074c600000| Complete 
| 199|0x000000074c700000, 0x000000074c800000, 0x000000074c800000|100%|HC|  |TAMS 0x000000074c800000, 0x000000074c700000| Complete 
| 200|0x000000074c800000, 0x000000074c900000, 0x000000074c900000|100%|HC|  |TAMS 0x000000074c900000, 0x000000074c800000| Complete 
| 201|0x000000074c900000, 0x000000074ca00000, 0x000000074ca00000|100%|HC|  |TAMS 0x000000074ca00000, 0x000000074c900000| Complete 
| 202|0x000000074ca00000, 0x000000074cb00000, 0x000000074cb00000|100%|HC|  |TAMS 0x000000074cb00000, 0x000000074ca00000| Complete 
| 203|0x000000074cb00000, 0x000000074cc00000, 0x000000074cc00000|100%|HC|  |TAMS 0x000000074cc00000, 0x000000074cb00000| Complete 
| 204|0x000000074cc00000, 0x000000074cd00000, 0x000000074cd00000|100%|HC|  |TAMS 0x000000074cd00000, 0x000000074cc00000| Complete 
| 205|0x000000074cd00000, 0x000000074ce00000, 0x000000074ce00000|100%|HC|  |TAMS 0x000000074ce00000, 0x000000074cd00000| Complete 
| 206|0x000000074ce00000, 0x000000074cf00000, 0x000000074cf00000|100%|HC|  |TAMS 0x000000074cf00000, 0x000000074ce00000| Complete 
| 207|0x000000074cf00000, 0x000000074d000000, 0x000000074d000000|100%|HC|  |TAMS 0x000000074d000000, 0x000000074cf00000| Complete 
| 208|0x000000074d000000, 0x000000074d100000, 0x000000074d100000|100%|HC|  |TAMS 0x000000074d100000, 0x000000074d000000| Complete 
| 209|0x000000074d100000, 0x000000074d200000, 0x000000074d200000|100%|HC|  |TAMS 0x000000074d200000, 0x000000074d100000| Complete 
| 210|0x000000074d200000, 0x000000074d300000, 0x000000074d300000|100%|HC|  |TAMS 0x000000074d300000, 0x000000074d200000| Complete 
| 211|0x000000074d300000, 0x000000074d400000, 0x000000074d400000|100%|HC|  |TAMS 0x000000074d400000, 0x000000074d300000| Complete 
| 212|0x000000074d400000, 0x000000074d500000, 0x000000074d500000|100%|HC|  |TAMS 0x000000074d500000, 0x000000074d400000| Complete 
| 213|0x000000074d500000, 0x000000074d600000, 0x000000074d600000|100%|HC|  |TAMS 0x000000074d600000, 0x000000074d500000| Complete 
| 214|0x000000074d600000, 0x000000074d700000, 0x000000074d700000|100%|HC|  |TAMS 0x000000074d700000, 0x000000074d600000| Complete 
| 215|0x000000074d700000, 0x000000074d800000, 0x000000074d800000|100%|HC|  |TAMS 0x000000074d800000, 0x000000074d700000| Complete 
| 216|0x000000074d800000, 0x000000074d900000, 0x000000074d900000|100%|HC|  |TAMS 0x000000074d900000, 0x000000074d800000| Complete 
| 217|0x000000074d900000, 0x000000074da00000, 0x000000074da00000|100%|HC|  |TAMS 0x000000074da00000, 0x000000074d900000| Complete 
| 218|0x000000074da00000, 0x000000074db00000, 0x000000074db00000|100%|HC|  |TAMS 0x000000074db00000, 0x000000074da00000| Complete 
| 219|0x000000074db00000, 0x000000074dc00000, 0x000000074dc00000|100%|HC|  |TAMS 0x000000074dc00000, 0x000000074db00000| Complete 
| 220|0x000000074dc00000, 0x000000074dd00000, 0x000000074dd00000|100%|HC|  |TAMS 0x000000074dd00000, 0x000000074dc00000| Complete 
| 221|0x000000074dd00000, 0x000000074de00000, 0x000000074de00000|100%|HS|  |TAMS 0x000000074de00000, 0x000000074dd00000| Complete 
| 222|0x000000074de00000, 0x000000074df00000, 0x000000074df00000|100%|HC|  |TAMS 0x000000074df00000, 0x000000074de00000| Complete 
| 223|0x000000074df00000, 0x000000074e000000, 0x000000074e000000|100%|HC|  |TAMS 0x000000074e000000, 0x000000074df00000| Complete 
| 224|0x000000074e000000, 0x000000074e100000, 0x000000074e100000|100%|HC|  |TAMS 0x000000074e100000, 0x000000074e000000| Complete 
| 225|0x000000074e100000, 0x000000074e200000, 0x000000074e200000|100%|HC|  |TAMS 0x000000074e200000, 0x000000074e100000| Complete 
| 226|0x000000074e200000, 0x000000074e300000, 0x000000074e300000|100%|HC|  |TAMS 0x000000074e300000, 0x000000074e200000| Complete 
| 227|0x000000074e300000, 0x000000074e400000, 0x000000074e400000|100%|HC|  |TAMS 0x000000074e400000, 0x000000074e300000| Complete 
| 228|0x000000074e400000, 0x000000074e500000, 0x000000074e500000|100%|HC|  |TAMS 0x000000074e500000, 0x000000074e400000| Complete 
| 229|0x000000074e500000, 0x000000074e600000, 0x000000074e600000|100%|HS|  |TAMS 0x000000074e600000, 0x000000074e500000| Complete 
| 230|0x000000074e600000, 0x000000074e700000, 0x000000074e700000|100%|HC|  |TAMS 0x000000074e700000, 0x000000074e600000| Complete 
| 231|0x000000074e700000, 0x000000074e800000, 0x000000074e800000|100%|HC|  |TAMS 0x000000074e800000, 0x000000074e700000| Complete 
| 232|0x000000074e800000, 0x000000074e900000, 0x000000074e900000|100%|HC|  |TAMS 0x000000074e900000, 0x000000074e800000| Complete 
| 233|0x000000074e900000, 0x000000074ea00000, 0x000000074ea00000|100%|HC|  |TAMS 0x000000074ea00000, 0x000000074e900000| Complete 
| 234|0x000000074ea00000, 0x000000074eb00000, 0x000000074eb00000|100%|HC|  |TAMS 0x000000074eb00000, 0x000000074ea00000| Complete 
| 235|0x000000074eb00000, 0x000000074ec00000, 0x000000074ec00000|100%|HC|  |TAMS 0x000000074ec00000, 0x000000074eb00000| Complete 
| 236|0x000000074ec00000, 0x000000074ed00000, 0x000000074ed00000|100%|HC|  |TAMS 0x000000074ed00000, 0x000000074ec00000| Complete 
| 237|0x000000074ed00000, 0x000000074ed00000, 0x000000074ee00000|  0%| F|  |TAMS 0x000000074ed00000, 0x000000074ed00000| Untracked 
| 238|0x000000074ee00000, 0x000000074ee00000, 0x000000074ef00000|  0%| F|  |TAMS 0x000000074ee00000, 0x000000074ee00000| Untracked 
| 239|0x000000074ef00000, 0x000000074ef00000, 0x000000074f000000|  0%| F|  |TAMS 0x000000074ef00000, 0x000000074ef00000| Untracked 
| 240|0x000000074f000000, 0x000000074f000000, 0x000000074f100000|  0%| F|  |TAMS 0x000000074f000000, 0x000000074f000000| Untracked 
| 241|0x000000074f100000, 0x000000074f100000, 0x000000074f200000|  0%| F|  |TAMS 0x000000074f100000, 0x000000074f100000| Untracked 
| 242|0x000000074f200000, 0x000000074f200000, 0x000000074f300000|  0%| F|  |TAMS 0x000000074f200000, 0x000000074f200000| Untracked 
| 243|0x000000074f300000, 0x000000074f300000, 0x000000074f400000|  0%| F|  |TAMS 0x000000074f300000, 0x000000074f300000| Untracked 
| 244|0x000000074f400000, 0x000000074f400000, 0x000000074f500000|  0%| F|  |TAMS 0x000000074f400000, 0x000000074f400000| Untracked 
| 245|0x000000074f500000, 0x000000074f500000, 0x000000074f600000|  0%| F|  |TAMS 0x000000074f500000, 0x000000074f500000| Untracked 
| 246|0x000000074f600000, 0x000000074f600000, 0x000000074f700000|  0%| F|  |TAMS 0x000000074f600000, 0x000000074f600000| Untracked 
| 247|0x000000074f700000, 0x000000074f700000, 0x000000074f800000|  0%| F|  |TAMS 0x000000074f700000, 0x000000074f700000| Untracked 
| 248|0x000000074f800000, 0x000000074f800000, 0x000000074f900000|  0%| F|  |TAMS 0x000000074f800000, 0x000000074f800000| Untracked 
| 249|0x000000074f900000, 0x000000074f900000, 0x000000074fa00000|  0%| F|  |TAMS 0x000000074f900000, 0x000000074f900000| Untracked 
| 250|0x000000074fa00000, 0x000000074fa00000, 0x000000074fb00000|  0%| F|  |TAMS 0x000000074fa00000, 0x000000074fa00000| Untracked 
| 251|0x000000074fb00000, 0x000000074fb00000, 0x000000074fc00000|  0%| F|  |TAMS 0x000000074fb00000, 0x000000074fb00000| Untracked 
| 252|0x000000074fc00000, 0x000000074fc00000, 0x000000074fd00000|  0%| F|  |TAMS 0x000000074fc00000, 0x000000074fc00000| Untracked 
| 253|0x000000074fd00000, 0x000000074fd00000, 0x000000074fe00000|  0%| F|  |TAMS 0x000000074fd00000, 0x000000074fd00000| Untracked 
| 254|0x000000074fe00000, 0x000000074fe00000, 0x000000074ff00000|  0%| F|  |TAMS 0x000000074fe00000, 0x000000074fe00000| Untracked 
| 255|0x000000074ff00000, 0x000000074ff00000, 0x0000000750000000|  0%| F|  |TAMS 0x000000074ff00000, 0x000000074ff00000| Untracked 
| 256|0x0000000750000000, 0x0000000750000000, 0x0000000750100000|  0%| F|  |TAMS 0x0000000750000000, 0x0000000750000000| Untracked 
| 257|0x0000000750100000, 0x0000000750100000, 0x0000000750200000|  0%| F|  |TAMS 0x0000000750100000, 0x0000000750100000| Untracked 
| 258|0x0000000750200000, 0x0000000750200000, 0x0000000750300000|  0%| F|  |TAMS 0x0000000750200000, 0x0000000750200000| Untracked 
| 259|0x0000000750300000, 0x0000000750300000, 0x0000000750400000|  0%| F|  |TAMS 0x0000000750300000, 0x0000000750300000| Untracked 
| 260|0x0000000750400000, 0x0000000750400000, 0x0000000750500000|  0%| F|  |TAMS 0x0000000750400000, 0x0000000750400000| Untracked 
| 261|0x0000000750500000, 0x0000000750500000, 0x0000000750600000|  0%| F|  |TAMS 0x0000000750500000, 0x0000000750500000| Untracked 
| 262|0x0000000750600000, 0x0000000750600000, 0x0000000750700000|  0%| F|  |TAMS 0x0000000750600000, 0x0000000750600000| Untracked 
| 263|0x0000000750700000, 0x0000000750700000, 0x0000000750800000|  0%| F|  |TAMS 0x0000000750700000, 0x0000000750700000| Untracked 
| 264|0x0000000750800000, 0x0000000750800000, 0x0000000750900000|  0%| F|  |TAMS 0x0000000750800000, 0x0000000750800000| Untracked 
| 265|0x0000000750900000, 0x0000000750900000, 0x0000000750a00000|  0%| F|  |TAMS 0x0000000750900000, 0x0000000750900000| Untracked 
| 266|0x0000000750a00000, 0x0000000750a00000, 0x0000000750b00000|  0%| F|  |TAMS 0x0000000750a00000, 0x0000000750a00000| Untracked 
| 267|0x0000000750b00000, 0x0000000750b00000, 0x0000000750c00000|  0%| F|  |TAMS 0x0000000750b00000, 0x0000000750b00000| Untracked 
| 268|0x0000000750c00000, 0x0000000750c00000, 0x0000000750d00000|  0%| F|  |TAMS 0x0000000750c00000, 0x0000000750c00000| Untracked 
| 269|0x0000000750d00000, 0x0000000750d00000, 0x0000000750e00000|  0%| F|  |TAMS 0x0000000750d00000, 0x0000000750d00000| Untracked 
| 270|0x0000000750e00000, 0x0000000750e00000, 0x0000000750f00000|  0%| F|  |TAMS 0x0000000750e00000, 0x0000000750e00000| Untracked 
| 271|0x0000000750f00000, 0x0000000750f00000, 0x0000000751000000|  0%| F|  |TAMS 0x0000000750f00000, 0x0000000750f00000| Untracked 
| 272|0x0000000751000000, 0x0000000751000000, 0x0000000751100000|  0%| F|  |TAMS 0x0000000751000000, 0x0000000751000000| Untracked 
| 273|0x0000000751100000, 0x0000000751100000, 0x0000000751200000|  0%| F|  |TAMS 0x0000000751100000, 0x0000000751100000| Untracked 
| 274|0x0000000751200000, 0x0000000751200000, 0x0000000751300000|  0%| F|  |TAMS 0x0000000751200000, 0x0000000751200000| Untracked 
| 275|0x0000000751300000, 0x0000000751300000, 0x0000000751400000|  0%| F|  |TAMS 0x0000000751300000, 0x0000000751300000| Untracked 
| 276|0x0000000751400000, 0x0000000751480800, 0x0000000751500000| 50%| E|  |TAMS 0x0000000751400000, 0x0000000751400000| Complete 
| 277|0x0000000751500000, 0x0000000751600000, 0x0000000751600000|100%| E|CS|TAMS 0x0000000751500000, 0x0000000751500000| Complete 
| 278|0x0000000751600000, 0x0000000751700000, 0x0000000751700000|100%| E|CS|TAMS 0x0000000751600000, 0x0000000751600000| Complete 
| 279|0x0000000751700000, 0x0000000751800000, 0x0000000751800000|100%| E|CS|TAMS 0x0000000751700000, 0x0000000751700000| Complete 
| 280|0x0000000751800000, 0x0000000751900000, 0x0000000751900000|100%| E|CS|TAMS 0x0000000751800000, 0x0000000751800000| Complete 
| 281|0x0000000751900000, 0x0000000751a00000, 0x0000000751a00000|100%| E|CS|TAMS 0x0000000751900000, 0x0000000751900000| Complete 
| 282|0x0000000751a00000, 0x0000000751b00000, 0x0000000751b00000|100%| E|CS|TAMS 0x0000000751a00000, 0x0000000751a00000| Complete 
| 283|0x0000000751b00000, 0x0000000751c00000, 0x0000000751c00000|100%| E|CS|TAMS 0x0000000751b00000, 0x0000000751b00000| Complete 
| 284|0x0000000751c00000, 0x0000000751d00000, 0x0000000751d00000|100%| E|CS|TAMS 0x0000000751c00000, 0x0000000751c00000| Complete 
| 285|0x0000000751d00000, 0x0000000751e00000, 0x0000000751e00000|100%| E|CS|TAMS 0x0000000751d00000, 0x0000000751d00000| Complete 
| 286|0x0000000751e00000, 0x0000000751f00000, 0x0000000751f00000|100%| E|CS|TAMS 0x0000000751e00000, 0x0000000751e00000| Complete 
| 287|0x0000000751f00000, 0x0000000752000000, 0x0000000752000000|100%| E|CS|TAMS 0x0000000751f00000, 0x0000000751f00000| Complete 
| 288|0x0000000752000000, 0x0000000752100000, 0x0000000752100000|100%| E|CS|TAMS 0x0000000752000000, 0x0000000752000000| Complete 
| 289|0x0000000752100000, 0x0000000752200000, 0x0000000752200000|100%| E|CS|TAMS 0x0000000752100000, 0x0000000752100000| Complete 
| 290|0x0000000752200000, 0x0000000752300000, 0x0000000752300000|100%| E|CS|TAMS 0x0000000752200000, 0x0000000752200000| Complete 
| 291|0x0000000752300000, 0x0000000752400000, 0x0000000752400000|100%| E|CS|TAMS 0x0000000752300000, 0x0000000752300000| Complete 
| 292|0x0000000752400000, 0x0000000752500000, 0x0000000752500000|100%| E|CS|TAMS 0x0000000752400000, 0x0000000752400000| Complete 
| 293|0x0000000752500000, 0x0000000752600000, 0x0000000752600000|100%| E|CS|TAMS 0x0000000752500000, 0x0000000752500000| Complete 
| 294|0x0000000752600000, 0x0000000752700000, 0x0000000752700000|100%| E|CS|TAMS 0x0000000752600000, 0x0000000752600000| Complete 
| 295|0x0000000752700000, 0x0000000752800000, 0x0000000752800000|100%| E|CS|TAMS 0x0000000752700000, 0x0000000752700000| Complete 
| 296|0x0000000752800000, 0x0000000752900000, 0x0000000752900000|100%| E|CS|TAMS 0x0000000752800000, 0x0000000752800000| Complete 
| 297|0x0000000752900000, 0x0000000752a00000, 0x0000000752a00000|100%| E|CS|TAMS 0x0000000752900000, 0x0000000752900000| Complete 
| 298|0x0000000752a00000, 0x0000000752b00000, 0x0000000752b00000|100%| E|CS|TAMS 0x0000000752a00000, 0x0000000752a00000| Complete 
| 299|0x0000000752b00000, 0x0000000752c00000, 0x0000000752c00000|100%| E|CS|TAMS 0x0000000752b00000, 0x0000000752b00000| Complete 
| 300|0x0000000752c00000, 0x0000000752d00000, 0x0000000752d00000|100%| E|CS|TAMS 0x0000000752c00000, 0x0000000752c00000| Complete 
| 301|0x0000000752d00000, 0x0000000752e00000, 0x0000000752e00000|100%| E|CS|TAMS 0x0000000752d00000, 0x0000000752d00000| Complete 
| 302|0x0000000752e00000, 0x0000000752ee21a0, 0x0000000752f00000| 88%| S|CS|TAMS 0x0000000752e00000, 0x0000000752e00000| Complete 
| 303|0x0000000752f00000, 0x0000000753000000, 0x0000000753000000|100%| S|CS|TAMS 0x0000000752f00000, 0x0000000752f00000| Complete 
| 304|0x0000000753000000, 0x0000000753100000, 0x0000000753100000|100%| S|CS|TAMS 0x0000000753000000, 0x0000000753000000| Complete 
| 305|0x0000000753100000, 0x0000000753200000, 0x0000000753200000|100%| S|CS|TAMS 0x0000000753100000, 0x0000000753100000| Complete 
| 306|0x0000000753200000, 0x0000000753300000, 0x0000000753300000|100%| S|CS|TAMS 0x0000000753200000, 0x0000000753200000| Complete 
| 307|0x0000000753300000, 0x0000000753400000, 0x0000000753400000|100%| E|CS|TAMS 0x0000000753300000, 0x0000000753300000| Complete 
| 308|0x0000000753400000, 0x0000000753500000, 0x0000000753500000|100%| E|  |TAMS 0x0000000753400000, 0x0000000753400000| Complete 
| 309|0x0000000753500000, 0x0000000753600000, 0x0000000753600000|100%| E|CS|TAMS 0x0000000753500000, 0x0000000753500000| Complete 
| 310|0x0000000753600000, 0x0000000753700000, 0x0000000753700000|100%| E|CS|TAMS 0x0000000753600000, 0x0000000753600000| Complete 
| 311|0x0000000753700000, 0x0000000753800000, 0x0000000753800000|100%| E|CS|TAMS 0x0000000753700000, 0x0000000753700000| Complete 
| 312|0x0000000753800000, 0x0000000753900000, 0x0000000753900000|100%| E|CS|TAMS 0x0000000753800000, 0x0000000753800000| Complete 
| 313|0x0000000753900000, 0x0000000753a00000, 0x0000000753a00000|100%| E|CS|TAMS 0x0000000753900000, 0x0000000753900000| Complete 
| 314|0x0000000753a00000, 0x0000000753b00000, 0x0000000753b00000|100%| E|CS|TAMS 0x0000000753a00000, 0x0000000753a00000| Complete 
| 315|0x0000000753b00000, 0x0000000753c00000, 0x0000000753c00000|100%| E|CS|TAMS 0x0000000753b00000, 0x0000000753b00000| Complete 
| 316|0x0000000753c00000, 0x0000000753d00000, 0x0000000753d00000|100%| E|CS|TAMS 0x0000000753c00000, 0x0000000753c00000| Complete 

Card table byte_map: [0x000001c90cff0000,0x000001c90d5f0000] _byte_map_base: 0x000001c9095f0000

Marking Bits (Prev, Next): (CMBitMap*) 0x000001c930de9d38, (CMBitMap*) 0x000001c930de9d70
 Prev Bits: [0x000001c94a5f0000, 0x000001c94d5f0000)
 Next Bits: [0x000001c94d5f0000, 0x000001c9505f0000)

Polling page: 0x000001c9010e0000

Metaspace:

Usage:
  Non-class:     88.02 MB capacity,    86.52 MB ( 98%) used,     1.14 MB (  1%) free+waste,   377.19 KB ( <1%) overhead. 
      Class:     15.13 MB capacity,    13.87 MB ( 92%) used,     1.08 MB (  7%) free+waste,   183.69 KB (  1%) overhead. 
       Both:    103.15 MB capacity,   100.38 MB ( 97%) used,     2.22 MB (  2%) free+waste,   560.88 KB ( <1%) overhead. 

Virtual space:
  Non-class space:       90.00 MB reserved,      88.26 MB ( 98%) committed 
      Class space:        1.00 GB reserved,      15.13 MB (  1%) committed 
             Both:        1.09 GB reserved,     103.38 MB (  9%) committed 

Chunk freelists:
   Non-Class:  0 bytes
       Class:  0 bytes
        Both:  0 bytes

CodeHeap 'non-profiled nmethods': size=120064Kb used=18430Kb max_used=19106Kb free=101633Kb
 bounds [0x000001c9430b0000, 0x000001c944360000, 0x000001c94a5f0000]
CodeHeap 'profiled nmethods': size=120000Kb used=40169Kb max_used=46379Kb free=79830Kb
 bounds [0x000001c93bb80000, 0x000001c93e920000, 0x000001c9430b0000]
CodeHeap 'non-nmethods': size=5696Kb used=1817Kb max_used=1873Kb free=3878Kb
 bounds [0x000001c93b5f0000, 0x000001c93b860000, 0x000001c93bb80000]
 total_blobs=32118 nmethods=16748 adapters=1357
 compilation: enabled
              stopped_count=0, restarted_count=0
 full_count=0

Compilation events (10 events):
Event: 742.019 Thread 0x000001c92df81800 22791       1       com.jidesoft.editor.DefaultCodeEditorSettings::isLineHighlightVisible (5 bytes)
Event: 742.019 Thread 0x000001c92df81800 nmethod 22791 0x000001c943b5a190 code [0x000001c943b5a340, 0x000001c943b5a458]
Event: 742.078 Thread 0x000001c92df81800 22793       3       de.javasoft.plaf.synthetica.painter.ToolTipPainter::getInstance (36 bytes)
Event: 742.078 Thread 0x000001c92df81800 nmethod 22793 0x000001c93c298b10 code [0x000001c93c298d00, 0x000001c93c299210]
Event: 742.109 Thread 0x000001c92cb86800 nmethod 22784 0x000001c943fad610 code [0x000001c943fadcc0, 0x000001c943fb7998]
Event: 742.109 Thread 0x000001c92cb86800 22789       4       com.jidesoft.editor.CodeEditor::getFoldingModel (53 bytes)
Event: 742.116 Thread 0x000001c92cb86800 nmethod 22789 0x000001c943b87290 code [0x000001c943b87480, 0x000001c943b87f18]
Event: 742.116 Thread 0x000001c92cb86800 22792       4       com.jidesoft.plaf.basic.BasicJideButtonUI::paint (350 bytes)
Event: 742.167 Thread 0x000001c92df81800 22794       3       javax.swing.JComponent::setPreferredSize (6 bytes)
Event: 742.167 Thread 0x000001c92df81800 nmethod 22794 0x000001c93be52a10 code [0x000001c93be52bc0, 0x000001c93be52d50]

GC Heap History (10 events):
Event: 665.627 GC heap before
{Heap before GC invocations=119 (full 10):
 garbage-first heap   total 324608K, used 279317K [0x0000000740000000, 0x0000000800000000)
  region size 1024K, 60 young (61440K), 4 survivors (4096K)
 Metaspace       used 102665K, capacity 105524K, committed 105608K, reserved 1140736K
  class space    used 14195K, capacity 15484K, committed 15488K, reserved 1048576K
}
Event: 665.632 GC heap after
{Heap after GC invocations=120 (full 10):
 garbage-first heap   total 324608K, used 215425K [0x0000000740000000, 0x0000000800000000)
  region size 1024K, 6 young (6144K), 6 survivors (6144K)
 Metaspace       used 102665K, capacity 105524K, committed 105608K, reserved 1140736K
  class space    used 14195K, capacity 15484K, committed 15488K, reserved 1048576K
}
Event: 668.233 GC heap before
{Heap before GC invocations=120 (full 10):
 garbage-first heap   total 324608K, used 251265K [0x0000000740000000, 0x0000000800000000)
  region size 1024K, 42 young (43008K), 6 survivors (6144K)
 Metaspace       used 102694K, capacity 105542K, committed 105608K, reserved 1140736K
  class space    used 14197K, capacity 15488K, committed 15488K, reserved 1048576K
}
Event: 668.237 GC heap after
{Heap after GC invocations=121 (full 10):
 garbage-first heap   total 324608K, used 214542K [0x0000000740000000, 0x0000000800000000)
  region size 1024K, 3 young (3072K), 3 survivors (3072K)
 Metaspace       used 102694K, capacity 105542K, committed 105608K, reserved 1140736K
  class space    used 14197K, capacity 15488K, committed 15488K, reserved 1048576K
}
Event: 692.246 GC heap before
{Heap before GC invocations=122 (full 10):
 garbage-first heap   total 324608K, used 270862K [0x0000000740000000, 0x0000000800000000)
  region size 1024K, 51 young (52224K), 3 survivors (3072K)
 Metaspace       used 102742K, capacity 105620K, committed 105864K, reserved 1140736K
  class space    used 14197K, capacity 15488K, committed 15488K, reserved 1048576K
}
Event: 692.250 GC heap after
{Heap after GC invocations=123 (full 10):
 garbage-first heap   total 324608K, used 222430K [0x0000000740000000, 0x0000000800000000)
  region size 1024K, 3 young (3072K), 3 survivors (3072K)
 Metaspace       used 102742K, capacity 105620K, committed 105864K, reserved 1140736K
  class space    used 14197K, capacity 15488K, committed 15488K, reserved 1048576K
}
Event: 734.436 GC heap before
{Heap before GC invocations=124 (full 10):
 garbage-first heap   total 324608K, used 287966K [0x0000000740000000, 0x0000000800000000)
  region size 1024K, 60 young (61440K), 3 survivors (3072K)
 Metaspace       used 102777K, capacity 105621K, committed 105864K, reserved 1140736K
  class space    used 14198K, capacity 15488K, committed 15488K, reserved 1048576K
}
Event: 734.439 GC heap after
{Heap after GC invocations=125 (full 10):
 garbage-first heap   total 324608K, used 223980K [0x0000000740000000, 0x0000000800000000)
  region size 1024K, 5 young (5120K), 5 survivors (5120K)
 Metaspace       used 102777K, capacity 105621K, committed 105864K, reserved 1140736K
  class space    used 14198K, capacity 15488K, committed 15488K, reserved 1048576K
}
Event: 736.263 GC heap before
{Heap before GC invocations=125 (full 10):
 garbage-first heap   total 324608K, used 233196K [0x0000000740000000, 0x0000000800000000)
  region size 1024K, 15 young (15360K), 5 survivors (5120K)
 Metaspace       used 102782K, capacity 105621K, committed 105864K, reserved 1140736K
  class space    used 14198K, capacity 15488K, committed 15488K, reserved 1048576K
}
Event: 736.268 GC heap after
{Heap after GC invocations=126 (full 10):
 garbage-first heap   total 324608K, used 224722K [0x0000000740000000, 0x0000000800000000)
  region size 1024K, 5 young (5120K), 5 survivors (5120K)
 Metaspace       used 102782K, capacity 105621K, committed 105864K, reserved 1140736K
  class space    used 14198K, capacity 15488K, committed 15488K, reserved 1048576K
}

Deoptimization events (10 events):
Event: 491.412 Thread 0x000001c92ea27800 Uncommon trap: reason=unstable_if action=reinterpret pc=0x000001c9437c2fa4 method=javax.swing.text.GapContent.createPosition(I)Ljavax/swing/text/Position; @ 7 c2
Event: 491.436 Thread 0x000001c92ea27800 Uncommon trap: reason=bimorphic_or_optimized_type_check action=maybe_recompile pc=0x000001c944143758 method=javax.swing.text.FlowView$FlowStrategy.layoutRow(Ljavax/swing/text/FlowView;II)I @ 137 c2
Event: 491.436 Thread 0x000001c92ea27800 Uncommon trap: reason=bimorphic_or_optimized_type_check action=maybe_recompile pc=0x000001c944143758 method=javax.swing.text.FlowView$FlowStrategy.layoutRow(Ljavax/swing/text/FlowView;II)I @ 137 c2
Event: 491.439 Thread 0x000001c92ea27800 Uncommon trap: reason=unstable_fused_if action=reinterpret pc=0x000001c9442db820 method=javax.swing.text.html.parser.Parser.parseAttributeValue(Z)Ljava/lang/String; @ 51 c2
Event: 496.232 Thread 0x000001c92ea27800 Uncommon trap: reason=unstable_if action=reinterpret pc=0x000001c943b4cf90 method=java.security.AccessControlContext.optimize()Ljava/security/AccessControlContext; @ 279 c2
Event: 666.376 Thread 0x000001c92ea27800 Uncommon trap: reason=profile_predicate action=maybe_recompile pc=0x000001c94348c730 method=javax.swing.text.DefaultStyledDocument.updateStylesListeningTo()V @ 80 c2
Event: 666.378 Thread 0x000001c92ea27800 Uncommon trap: reason=profile_predicate action=maybe_recompile pc=0x000001c94348c730 method=javax.swing.text.DefaultStyledDocument.updateStylesListeningTo()V @ 80 c2
Event: 666.379 Thread 0x000001c92ea27800 Uncommon trap: reason=profile_predicate action=maybe_recompile pc=0x000001c94348c730 method=javax.swing.text.DefaultStyledDocument.updateStylesListeningTo()V @ 80 c2
Event: 666.380 Thread 0x000001c92ea27800 Uncommon trap: reason=profile_predicate action=maybe_recompile pc=0x000001c94348c730 method=javax.swing.text.DefaultStyledDocument.updateStylesListeningTo()V @ 80 c2
Event: 741.961 Thread 0x000001c9332b6000 Uncommon trap: reason=unstable_if action=reinterpret pc=0x000001c943e710ac method=javax.swing.Timer.post()V @ 16 c2

Classes redefined (0 events):
No events

Internal exceptions (10 events):
Event: 736.373 Thread 0x000001c92ea27800 Exception <a 'java/io/FileNotFoundException'{0x0000000753cd3ab0}> (0x0000000753cd3ab0) thrown at [t:/workspace/open/src/hotspot/share/prims/jni.cpp, line 615]
Event: 736.615 Thread 0x000001c92ea27800 Exception <a 'java/io/FileNotFoundException'{0x0000000753bdef00}> (0x0000000753bdef00) thrown at [t:/workspace/open/src/hotspot/share/prims/jni.cpp, line 615]
Event: 736.662 Thread 0x000001c92ea27800 Exception <a 'java/io/FileNotFoundException'{0x0000000753a1ed90}> (0x0000000753a1ed90) thrown at [t:/workspace/open/src/hotspot/share/prims/jni.cpp, line 615]
Event: 736.737 Thread 0x000001c92ea27800 Exception <a 'java/io/FileNotFoundException'{0x0000000753aae630}> (0x0000000753aae630) thrown at [t:/workspace/open/src/hotspot/share/prims/jni.cpp, line 615]
Event: 738.064 Thread 0x000001c92ea27800 Exception <a 'java/io/FileNotFoundException'{0x0000000753653530}> (0x0000000753653530) thrown at [t:/workspace/open/src/hotspot/share/prims/jni.cpp, line 615]
Event: 739.456 Thread 0x000001c92ea27800 Exception <a 'java/io/FileNotFoundException'{0x00000007533fc330}> (0x00000007533fc330) thrown at [t:/workspace/open/src/hotspot/share/prims/jni.cpp, line 615]
Event: 741.374 Thread 0x000001c92ea27800 Exception <a 'java/io/FileNotFoundException'{0x0000000752b550f8}> (0x0000000752b550f8) thrown at [t:/workspace/open/src/hotspot/share/prims/jni.cpp, line 615]
Event: 741.615 Thread 0x000001c92ea27800 Exception <a 'java/io/FileNotFoundException'{0x0000000752914260}> (0x0000000752914260) thrown at [t:/workspace/open/src/hotspot/share/prims/jni.cpp, line 615]
Event: 741.662 Thread 0x000001c92ea27800 Exception <a 'java/io/FileNotFoundException'{0x00000007529517d8}> (0x00000007529517d8) thrown at [t:/workspace/open/src/hotspot/share/prims/jni.cpp, line 615]
Event: 741.738 Thread 0x000001c92ea27800 Exception <a 'java/io/FileNotFoundException'{0x00000007529aea48}> (0x00000007529aea48) thrown at [t:/workspace/open/src/hotspot/share/prims/jni.cpp, line 615]

Events (10 events):
Event: 739.666 Thread 0x000001c9faec3800 Thread exited: 0x000001c9faec3800
Event: 740.664 Thread 0x000001c9faec3000 Thread added: 0x000001c9faec3000
Event: 740.668 Thread 0x000001c9faec3000 Thread exited: 0x000001c9faec3000
Event: 741.665 Thread 0x000001c9faec5800 Thread added: 0x000001c9faec5800
Event: 741.668 Thread 0x000001c9faec5800 Thread exited: 0x000001c9faec5800
Event: 741.921 Executing VM operation: BulkRevokeBias
Event: 741.921 Executing VM operation: BulkRevokeBias done
Event: 741.961 Thread 0x000001c9332b6000 Uncommon trap: trap_request=0xffffff4d fr.pc=0x000001c943e710ac relative=0x000000000000006c
Event: 741.961 Thread 0x000001c9332b6000 DEOPT PACKING pc=0x000001c943e710ac sp=0x000000b539dff080
Event: 741.961 Thread 0x000001c9332b6000 DEOPT UNPACKING pc=0x000001c93b6191af sp=0x000000b539dff020 mode 2


Dynamic libraries:
0x00007ff79bb80000 - 0x00007ff79bbaf000 	E:\Xilinx\Vivado\2020.2\bin\unwrapped\win64.o\vivado.exe
0x00007ffc7fe30000 - 0x00007ffc80028000 	C:\WINDOWS\SYSTEM32\ntdll.dll
0x00007ffc7e300000 - 0x00007ffc7e3bf000 	C:\WINDOWS\System32\KERNEL32.DLL
0x00007ffc7d680000 - 0x00007ffc7d976000 	C:\WINDOWS\System32\KERNELBASE.dll
0x00007ffc7d510000 - 0x00007ffc7d610000 	C:\WINDOWS\System32\ucrtbase.dll
0x00007ffc5bc70000 - 0x00007ffc5bcfe000 	C:\WINDOWS\SYSTEM32\MSVCP140.dll
0x00007ffc6ef40000 - 0x00007ffc6ef53000 	E:\Xilinx\Vivado\2020.2\lib\win64.o\libboost_signals.dll
0x00007ffc5c2d0000 - 0x00007ffc5c2eb000 	C:\WINDOWS\SYSTEM32\VCRUNTIME140.dll
0x00007ffc6ee00000 - 0x00007ffc6ee18000 	E:\Xilinx\Vivado\2020.2\lib\win64.o\librdi_commonmain.dll
0x00007ffbefeb0000 - 0x00007ffbf1027000 	E:\Xilinx\Vivado\2020.2\lib\win64.o\librdi_common.dll
0x00007ffc7fc50000 - 0x00007ffc7fded000 	C:\WINDOWS\System32\USER32.dll
0x00007ffc7d980000 - 0x00007ffc7d9a2000 	C:\WINDOWS\System32\win32u.dll
0x00007ffc5c4d0000 - 0x00007ffc5c4dc000 	C:\WINDOWS\SYSTEM32\VCRUNTIME140_1.dll
0x00007ffc7f1b0000 - 0x00007ffc7f1dc000 	C:\WINDOWS\System32\GDI32.dll
0x00007ffc7dd70000 - 0x00007ffc7de85000 	C:\WINDOWS\System32\gdi32full.dll
0x00007ffc7dc10000 - 0x00007ffc7dcad000 	C:\WINDOWS\System32\msvcp_win.dll
0x00007ffc63f80000 - 0x00007ffc63fa2000 	E:\Xilinx\Vivado\2020.2\lib\win64.o\libboost_filesystem.dll
0x00007ffc7fba0000 - 0x00007ffc7fc4f000 	C:\WINDOWS\System32\ADVAPI32.dll
0x00007ffc7df00000 - 0x00007ffc7df9e000 	C:\WINDOWS\System32\msvcrt.dll
0x00007ffc7f110000 - 0x00007ffc7f1ac000 	C:\WINDOWS\System32\sechost.dll
0x00007ffc788e0000 - 0x00007ffc788e9000 	E:\Xilinx\Vivado\2020.2\lib\win64.o\librdi_commonversion.dll
0x00007ffc7f4f0000 - 0x00007ffc7f616000 	C:\WINDOWS\System32\RPCRT4.dll
0x00007ffc4e330000 - 0x00007ffc4e4c9000 	E:\Xilinx\Vivado\2020.2\lib\win64.o\librdi_commonxillic.dll
0x00007ffc7e9c0000 - 0x00007ffc7f104000 	C:\WINDOWS\System32\SHELL32.dll
0x00000000629e0000 - 0x0000000062b0b000 	E:\Xilinx\Vivado\2020.2\lib\win64.o\tcl85t.dll
0x00007ffc7dd40000 - 0x00007ffc7dd67000 	C:\WINDOWS\System32\bcrypt.dll
0x00007ffc7de90000 - 0x00007ffc7defb000 	C:\WINDOWS\System32\WS2_32.dll
0x00007ffc42310000 - 0x00007ffc4267e000 	E:\Xilinx\Vivado\2020.2\lib\win64.o\libCOIN-all.dll
0x00007ffc780e0000 - 0x00007ffc780f0000 	E:\Xilinx\Vivado\2020.2\lib\win64.o\libboost_date_time.dll
0x00007ffc5b940000 - 0x00007ffc5b9b3000 	E:\Xilinx\Vivado\2020.2\lib\win64.o\libboost_program_options.dll
0x00007ffc56b60000 - 0x00007ffc56c71000 	E:\Xilinx\Vivado\2020.2\lib\win64.o\libboost_regex.dll
0x00007ffc78070000 - 0x00007ffc78079000 	E:\Xilinx\Vivado\2020.2\lib\win64.o\libboost_system.dll
0x00007ffc60eb0000 - 0x00007ffc60ece000 	E:\Xilinx\Vivado\2020.2\lib\win64.o\libboost_thread.dll
0x00007ffc6efc0000 - 0x00007ffc6efcc000 	E:\Xilinx\Vivado\2020.2\lib\win64.o\libboost_xilinx.dll
0x00007ffc4e2a0000 - 0x00007ffc4e322000 	E:\Xilinx\Vivado\2020.2\lib\win64.o\libhdlpsolve.dll
0x00007ffc4dff0000 - 0x00007ffc4e095000 	E:\Xilinx\Vivado\2020.2\lib\win64.o\libhdxml.dll
0x00007ffbef0b0000 - 0x00007ffbefea2600 	E:\Xilinx\Vivado\2020.2\lib\win64.o\libisl_iostreams.dll
0x00007ffc60e80000 - 0x00007ffc60ea8000 	E:\Xilinx\Vivado\2020.2\lib\win64.o\libisl_sysinfo.dll
0x00007ffc5d1d0000 - 0x00007ffc5d235000 	E:\Xilinx\Vivado\2020.2\lib\win64.o\liblmx6.0.dll
0x00007ffc60e60000 - 0x00007ffc60e7a000 	E:\Xilinx\Vivado\2020.2\lib\win64.o\pthreadVC2.dll
0x00007ffc5dd20000 - 0x00007ffc5dd3c000 	E:\Xilinx\Vivado\2020.2\lib\win64.o\librdiconfig.dll
0x00007ffc7f350000 - 0x00007ffc7f3a5000 	C:\WINDOWS\System32\SHLWAPI.dll
0x0000000012000000 - 0x0000000012270000 	E:\Xilinx\Vivado\2020.2\lib\win64.o\xerces-c_3_1.dll
0x00007ffc5dcf0000 - 0x00007ffc5dd11000 	E:\Xilinx\Vivado\2020.2\lib\win64.o\librdizlib.dll
0x00007ffc6cc50000 - 0x00007ffc6cc69000 	C:\WINDOWS\SYSTEM32\NETAPI32.dll
0x00007ffc6c290000 - 0x00007ffc6c766000 	C:\WINDOWS\SYSTEM32\WININET.dll
0x00007ffc761f0000 - 0x00007ffc762fa000 	C:\WINDOWS\SYSTEM32\WINHTTP.dll
0x00007ffc6d0e0000 - 0x00007ffc6d2cd000 	C:\WINDOWS\SYSTEM32\urlmon.dll
0x00007ffbeedd0000 - 0x00007ffbef0ab000 	E:\Xilinx\Vivado\2020.2\lib\win64.o\libXil_lmgr11.dll
0x00007ffc7f270000 - 0x00007ffc7f34a000 	C:\WINDOWS\System32\COMDLG32.dll
0x00007ffc7dfa0000 - 0x00007ffc7e2f4000 	C:\WINDOWS\System32\combase.dll
0x00007ffc7e610000 - 0x00007ffc7e6bd000 	C:\WINDOWS\System32\shcore.dll
0x00007ffc69090000 - 0x00007ffc69099000 	C:\WINDOWS\SYSTEM32\WSOCK32.dll
0x00007ffc08ec0000 - 0x00007ffc08ef1000 	C:\WINDOWS\SYSTEM32\VCOMP140.DLL
0x00007ffc7f410000 - 0x00007ffc7f4dd000 	C:\WINDOWS\System32\OLEAUT32.dll
0x00007ffc7e3c0000 - 0x00007ffc7e4ea000 	C:\WINDOWS\System32\ole32.dll
0x00007ffbeceb0000 - 0x00007ffbeedc7000 	E:\Xilinx\Vivado\2020.2\lib\win64.o\gurobi90.dll
0x00007ffc7d610000 - 0x00007ffc7d677000 	C:\WINDOWS\System32\WINTRUST.dll
0x00007ffc7dab0000 - 0x00007ffc7dc0e000 	C:\WINDOWS\System32\CRYPT32.dll
0x00007ffc7f3b0000 - 0x00007ffc7f406000 	C:\WINDOWS\System32\WLDAP32.dll
0x00007ffc7f260000 - 0x00007ffc7f268000 	C:\WINDOWS\System32\Normaliz.dll
0x00007ffc6edf0000 - 0x00007ffc6edfc000 	E:\Xilinx\Vivado\2020.2\lib\win64.o\libboost_chrono.dll
0x00007ffc5be20000 - 0x00007ffc5be36000 	E:\Xilinx\Vivado\2020.2\lib\win64.o\libboost_iostreams.dll
0x00007ffc5bdf0000 - 0x00007ffc5be13000 	E:\Xilinx\Vivado\2020.2\lib\win64.o\libisl_iosutils.dll
0x00007ffc6e920000 - 0x00007ffc6ebdc000 	C:\WINDOWS\SYSTEM32\iertutil.dll
0x00007ffc6ce10000 - 0x00007ffc6ce39000 	C:\WINDOWS\SYSTEM32\srvcli.dll
0x00007ffc7ca30000 - 0x00007ffc7ca3c000 	C:\WINDOWS\SYSTEM32\netutils.dll
0x00007ffc50240000 - 0x00007ffc502f0000 	C:\WINDOWS\WinSxS\amd64_microsoft.windows.common-controls_6595b64144ccf1df_5.82.19041.1110_none_792d1c772443f647\COMCTL32.dll
0x00007ffc77c60000 - 0x00007ffc77c7d000 	C:\WINDOWS\SYSTEM32\dhcpcsvc.DLL
0x00007ffc7cbe0000 - 0x00007ffc7cc4a000 	C:\WINDOWS\SYSTEM32\MSWSOCK.DLL
0x00007ffc7f6e0000 - 0x00007ffc7f710000 	C:\WINDOWS\System32\IMM32.DLL
0x00007ffc7d010000 - 0x00007ffc7d022000 	C:\WINDOWS\SYSTEM32\MSASN1.dll
0x00007ffc7bd90000 - 0x00007ffc7bda2000 	C:\WINDOWS\SYSTEM32\kernel.appcore.dll
0x00007ffbec980000 - 0x00007ffbecea2000 	E:\Xilinx\Vivado\2020.2\lib\win64.o\librdi_commontasks.dll
0x00007ffc78480000 - 0x00007ffc7848a000 	C:\WINDOWS\SYSTEM32\VERSION.dll
0x00007ffbec6a0000 - 0x00007ffbec975000 	E:\Xilinx\Vivado\2020.2\lib\win64.o\librdi_sio.dll
0x00007ffbebb70000 - 0x00007ffbec693000 	E:\Xilinx\Vivado\2020.2\tps\win64\jre11.0.2\bin\server\jvm.dll
0x00007ffc7c8d0000 - 0x00007ffc7c90b000 	C:\WINDOWS\SYSTEM32\IPHLPAPI.DLL
0x00007ffc7f6d0000 - 0x00007ffc7f6d8000 	C:\WINDOWS\System32\PSAPI.DLL
0x00007ffc65e80000 - 0x00007ffc65ea7000 	C:\WINDOWS\SYSTEM32\WINMM.dll
0x00007ffc7b120000 - 0x00007ffc7b8b3000 	C:\WINDOWS\SYSTEM32\windows.storage.dll
0x00007ffc7ce80000 - 0x00007ffc7ceae000 	C:\WINDOWS\SYSTEM32\Wldp.dll
0x00007ffbe90b0000 - 0x00007ffbebb6e000 	E:\Xilinx\Vivado\2020.2\lib\win64.o\librdi_tcltasks.dll
0x00007ffbe8c00000 - 0x00007ffbe90a6000 	E:\Xilinx\Vivado\2020.2\lib\win64.o\librdi_bitstream.dll
0x00007ffc4cfe0000 - 0x00007ffc4d193000 	E:\Xilinx\Vivado\2020.2\lib\win64.o\librdi_board.dll
0x00007ffc4cf60000 - 0x00007ffc4cfde000 	E:\Xilinx\Vivado\2020.2\lib\win64.o\librdi_boarddep.dll
0x00007ffc36ca0000 - 0x00007ffc36d96000 	E:\Xilinx\Vivado\2020.2\lib\win64.o\librdi_chipscope.dll
0x00007ffc291f0000 - 0x00007ffc29351000 	E:\Xilinx\Vivado\2020.2\lib\win64.o\librdi_containers.dll
0x00007ffbe8a10000 - 0x00007ffbe8bfa000 	E:\Xilinx\Vivado\2020.2\lib\win64.o\librdi_chipscopeimpl.dll
0x00007ffbe4100000 - 0x00007ffbe4818000 	E:\Xilinx\Vivado\2020.2\lib\win64.o\librdi_coregenipxact.dll
0x00007ffbe2390000 - 0x00007ffbe40f1000 	E:\Xilinx\Vivado\2020.2\lib\win64.o\librdi_designutils.dll
0x00007ffbc9a40000 - 0x00007ffbc9da8000 	E:\Xilinx\Vivado\2020.2\lib\win64.o\librdi_dlyest.dll
0x00007ffbc93e0000 - 0x00007ffbc9a3d000 	E:\Xilinx\Vivado\2020.2\lib\win64.o\librdi_drc.dll
0x00007ffbc9320000 - 0x00007ffbc93d3000 	E:\Xilinx\Vivado\2020.2\lib\win64.o\librdi_dsp.dll
0x00007ffbe6be0000 - 0x00007ffbe8a0c000 	E:\Xilinx\Vivado\2020.2\lib\win64.o\librdi_constraints.dll
0x00007ffbc8c50000 - 0x00007ffbc9312000 	E:\Xilinx\Vivado\2020.2\lib\win64.o\librdi_filemgmt.dll
0x00007ffbc8930000 - 0x00007ffbc8c4d000 	E:\Xilinx\Vivado\2020.2\lib\win64.o\librdi_guitools.dll
0x00007ffbc9db0000 - 0x00007ffbe238f000 	E:\Xilinx\Vivado\2020.2\lib\win64.o\librdi_device.dll
0x00007ffbe4820000 - 0x00007ffbe6bdd000 	E:\Xilinx\Vivado\2020.2\lib\win64.o\librdi_coregen.dll
0x00007ffc40920000 - 0x00007ffc4098b000 	E:\Xilinx\Vivado\2020.2\lib\win64.o\librdi_hdf.dll
0x00007ffbc86b0000 - 0x00007ffbc8927000 	E:\Xilinx\Vivado\2020.2\lib\win64.o\librdi_hip_devdesign.dll
0x00007ffbc8560000 - 0x00007ffbc86a7000 	E:\Xilinx\Vivado\2020.2\lib\win64.o\librdi_hip_perf_analysis.dll
0x00007ffbc6980000 - 0x00007ffbc8554000 	E:\Xilinx\Vivado\2020.2\lib\win64.o\librdi_implflow.dll
0x00007ffbc6330000 - 0x00007ffbc697c000 	E:\Xilinx\Vivado\2020.2\lib\win64.o\librdi_memdata.dll
0x00007ffc30e40000 - 0x00007ffc30eb2000 	E:\Xilinx\Vivado\2020.2\lib\win64.o\librdi_memoryarray.dll
0x00007ffbc3ee0000 - 0x00007ffbc6324000 	E:\Xilinx\Vivado\2020.2\lib\win64.o\librdi_mig.dll
0x00007ffc47d00000 - 0x00007ffc47d54000 	E:\Xilinx\Vivado\2020.2\lib\win64.o\librdi_pfi.dll
0x00007ffbc37b0000 - 0x00007ffbc3edc000 	E:\Xilinx\Vivado\2020.2\lib\win64.o\librdi_netlist.dll
0x00007ffbc05a0000 - 0x00007ffbc37a7000 	E:\Xilinx\Vivado\2020.2\lib\win64.o\librdi_place.dll
0x00007ffbc0200000 - 0x00007ffbc059e000 	E:\Xilinx\Vivado\2020.2\lib\win64.o\librdi_platform.dll
0x00007ffbbf9e0000 - 0x00007ffbc01f7000 	E:\Xilinx\Vivado\2020.2\lib\win64.o\librdi_power.dll
0x00007ffbbf360000 - 0x00007ffbbf9d4000 	E:\Xilinx\Vivado\2020.2\lib\win64.o\librdi_project.dll
0x00007ffbbec30000 - 0x00007ffbbf352000 	E:\Xilinx\Vivado\2020.2\lib\win64.o\librdi_psta.dll
0x00007ffbbe420000 - 0x00007ffbbec2c000 	E:\Xilinx\Vivado\2020.2\lib\win64.o\librdi_rsb.dll
0x00007ffbbdef0000 - 0x00007ffbbe41b000 	E:\Xilinx\Vivado\2020.2\lib\win64.o\librdi_runs.dll
0x00007ffbbdde0000 - 0x00007ffbbdee9000 	E:\Xilinx\Vivado\2020.2\lib\win64.o\librdi_runsbase.dll
0x00007ffbbdb60000 - 0x00007ffbbddd4000 	E:\Xilinx\Vivado\2020.2\lib\win64.o\librdi_simdata.dll
0x00007ffbbcbd0000 - 0x00007ffbbdb51000 	E:\Xilinx\Vivado\2020.2\lib\win64.o\librdi_timing.dll
0x00007ffbbcb20000 - 0x00007ffbbcbc7000 	E:\Xilinx\Vivado\2020.2\lib\win64.o\librdi_xhubtasks.dll
0x00007ffbbca00000 - 0x00007ffbbcb16000 	E:\Xilinx\Vivado\2020.2\lib\win64.o\librdi_xhub.dll
0x00007ffbbc810000 - 0x00007ffbbc9fb000 	E:\Xilinx\Vivado\2020.2\lib\win64.o\librdi_advchipscopeimpl.dll
0x00007ffc564e0000 - 0x00007ffc56527000 	E:\Xilinx\Vivado\2020.2\lib\win64.o\libboost_serialization.dll
0x00007ffbbc510000 - 0x00007ffbbc80b000 	E:\Xilinx\Vivado\2020.2\lib\win64.o\librdi_hip_config.dll
0x00007ffbbc420000 - 0x00007ffbbc50b000 	E:\Xilinx\Vivado\2020.2\lib\win64.o\librdi_ipconfig_readwrite.dll
0x00007ffc3fae0000 - 0x00007ffc3fb4a000 	E:\Xilinx\Vivado\2020.2\lib\win64.o\librdi_noc_frameworks.dll
0x00007ffbbbed0000 - 0x00007ffbbc41e000 	E:\Xilinx\Vivado\2020.2\lib\win64.o\librdi_xdm.dll
0x00007ffbbb2e0000 - 0x00007ffbbb36d000 	E:\Xilinx\Vivado\2020.2\lib\win64.o\treelite_runtime.dll
0x00007ffbbb240000 - 0x00007ffbbb2de000 	E:\Xilinx\Vivado\2020.2\lib\win64.o\libise.dll

dbghelp: loaded successfully - version: 4.0.5 - missing functions: none
symbol engine: initialized successfully - sym options: 0x614 - pdb path: .;E:\Xilinx\Vivado\2020.2\bin\unwrapped\win64.o;C:\WINDOWS\SYSTEM32;E:\Xilinx\Vivado\2020.2\lib\win64.o;C:\WINDOWS\WinSxS\amd64_microsoft.windows.common-controls_6595b64144ccf1df_5.82.19041.1110_none_792d1c772443f647;E:\Xilinx\Vivado\2020.2\tps\win64\jre11.0.2\bin\server;E:\Xilinx\Vivado\2020.2\tps\win64\python-3.8.3;E:\Xilinx\Vivado\2020.2\tps\win64\jre11.0.2\bin;C:\WINDOWS\WinSxS\amd64_microsoft.windows.common-controls_6595b64144ccf1df_6.0.19041.1110_none_60b5254171f9507e;C:\WINDOWS\HancomIME\x64;E:\Xilinx\Vivado\2020.2\tps\win64\javafx-sdk-11.0.2\bin;C:\WINDOWS\System32\DriverStore\FileRepository\iigd_dch.inf_amd64_518f2921ba495409;C:\WINDOWS\WinSxS\amd64_microsoft.windows.gdiplus_6595b64144ccf1df_1.1.19041.2251_none_91a40448cc8846c1

VM Arguments:
jvm_args: -Dsun.java2d.pmoffscreen=false -Dhttps.protocols=TLSv1,TLSv1.1,TLSv1.2 -Dsun.java2d.xrender=false -Dsun.java2d.d3d=false -Dsun.awt.nopixfmt=true -Dsun.java2d.dpiaware=true -Dsun.java2d.uiScale.enabled=false -Xverify:none -Dswing.aatext=true -XX:-UsePerfData -Djdk.map.althashing.threshold=512 -XX:StringTableSize=4072 --add-opens=java.base/java.nio=ALL-UNNAMED --add-opens=java.desktop/sun.swing=ALL-UNNAMED --add-opens=java.desktop/javax.swing=ALL-UNNAMED --add-opens=java.desktop/javax.swing.tree=ALL-UNNAMED --add-opens=java.desktop/javax.swing.plaf.basic=ALL-UNNAMED --add-opens=java.desktop/javax.swing.plaf.synth=ALL-UNNAMED --add-opens=java.desktop/com.sun.awt=ALL-UNNAMED -XX:NewSize=60m -XX:MaxNewSize=60m -Xms128m -Xmx3072m -Xss5m 
java_command: <unknown>
java_class_path (initial): E:/Xilinx/Vivado/2020.2\lib\classes\alloy.jar;E:/Xilinx/Vivado/2020.2\lib\classes\ArchiveSummary.jar;E:/Xilinx/Vivado/2020.2\lib\classes\autoesl-models.jar;E:/Xilinx/Vivado/2020.2\lib\classes\autopilot.scelaborator.jar;E:/Xilinx/Vivado/2020.2\lib\classes\autopilot.sourceprocessor.jar;E:/Xilinx/Vivado/2020.2\lib\classes\autopilot.tbprocessor.jar;E:/Xilinx/Vivado/2020.2\lib\classes\batik-anim.jar;E:/Xilinx/Vivado/2020.2\lib\classes\batik-awt-util.jar;E:/Xilinx/Vivado/2020.2\lib\classes\batik-bridge.jar;E:/Xilinx/Vivado/2020.2\lib\classes\batik-codec.jar;E:/Xilinx/Vivado/2020.2\lib\classes\batik-css.jar;E:/Xilinx/Vivado/2020.2\lib\classes\batik-dom.jar;E:/Xilinx/Vivado/2020.2\lib\classes\batik-ext.jar;E:/Xilinx/Vivado/2020.2\lib\classes\batik-gui-util.jar;E:/Xilinx/Vivado/2020.2\lib\classes\batik-gvt.jar;E:/Xilinx/Vivado/2020.2\lib\classes\batik-parser.jar;E:/Xilinx/Vivado/2020.2\lib\classes\batik-script.jar;E:/Xilinx/Vivado/2020.2\lib\classes\batik-svg-dom.jar;E:/Xilinx/Vivado/2020.2\lib\classes\batik-swing.jar;E:/Xilinx/Vivado/2020.2\lib\classes\batik-transcoder.jar;E:/Xilinx/Vivado/2020.2\lib\classes\batik-util.jar;E:/Xilinx/Vivado/2020.2\lib\classes\batik-xml.jar;E:/Xilinx/Vivado/2020.2\lib\classes\com.google.gson_2.8.2.v20180104-1110.jar;E:/Xilinx/Vivado/2020.2\lib\classes\com.google.guava_27.1.0.v20190517-1946.jar;E:/Xilinx/Vivado/2020.2\lib\classes\com.ibm.icu_4.4.2.v20110208.jar;E:/Xilinx/Vivado/2020.2\lib\classes\com.sigasi.hdt.connection_4.9.0.202009050929.jar;E:/Xilinx/Vivado/2020.2\lib\classes\com.sigasi.hdt.epl_4.9.0.202009050929.jar;E:/Xilinx/Vivado/2020.2\lib\classes\com.sigasi.hdt.project_4.9.0.202009050929.jar;E:/Xilinx/Vivado/2020.2\lib\classes\com.sigasi.hdt.readonlyfilesystem_4.9.0.202009050929.jar;E:/Xilinx/Vivado/2020.2\lib\classes\com.sigasi.lcm_4.9.0.202009050929.jar;E:/Xilinx/Vivado/2020.2\lib\classes\com.sigasi.sdk.client_4.9.0.202009050929.jar;E:/Xilinx/Vivado/2020.2\lib\classes\com.xilinx.hls.services.jar;E:/Xili
Launcher Type: generic

[Global flags]
     bool BytecodeVerificationLocal                = false                                     {product} {command line}
     bool BytecodeVerificationRemote               = false                                     {product} {command line}
     intx CICompilerCount                          = 3                                         {product} {ergonomic}
     uint ConcGCThreads                            = 2                                         {product} {ergonomic}
     uint G1ConcRefinementThreads                  = 6                                         {product} {ergonomic}
   size_t G1HeapRegionSize                         = 1048576                                   {product} {ergonomic}
    uintx GCDrainStackTargetSize                   = 64                                        {product} {ergonomic}
   size_t InitialHeapSize                          = 134217728                                 {product} {command line}
   size_t MarkStackSize                            = 4194304                                   {product} {ergonomic}
   size_t MaxHeapSize                              = 3221225472                                {product} {command line}
   size_t MaxNewSize                               = 62914560                                  {product} {command line}
   size_t MinHeapDeltaBytes                        = 1048576                                   {product} {ergonomic}
   size_t NewSize                                  = 62914560                                  {product} {command line}
    uintx NonNMethodCodeHeapSize                   = 5830092                                {pd product} {ergonomic}
    uintx NonProfiledCodeHeapSize                  = 122914074                              {pd product} {ergonomic}
    uintx ProfiledCodeHeapSize                     = 122914074                              {pd product} {ergonomic}
    uintx ReservedCodeCacheSize                    = 251658240                              {pd product} {ergonomic}
     bool SegmentedCodeCache                       = true                                      {product} {ergonomic}
    uintx StringTableSize                          = 4072                                      {product} {command line}
     intx ThreadStackSize                          = 5120                                   {pd product} {command line}
     bool UseCompressedClassPointers               = true                                 {lp64_product} {ergonomic}
     bool UseCompressedOops                        = true                                 {lp64_product} {ergonomic}
     bool UseG1GC                                  = true                                      {product} {ergonomic}
     bool UseLargePagesIndividualAllocation        = false                                  {pd product} {ergonomic}
     bool UsePerfData                              = false                                     {product} {command line}

Logging:
Log output configuration:
 #0: stdout all=warning uptime,level,tags
 #1: stderr all=off uptime,level,tags

Environment Variables:
PATH=E:/Xilinx/Vivado/2020.2\gnuwin\bin;E:/Xilinx/Vivado/2020.2\gnu\microblaze\nt\bin;E:/Xilinx/Vivado/2020.2/bin;E:/Xilinx/Vivado/2020.2/tps/win64/javafx-sdk-11.0.2/lib;E:/Xilinx/Vivado/2020.2/tps/win64/javafx-sdk-11.0.2/bin;E:/Xilinx/Vivado/2020.2/lib/win64.o;E:/Xilinx/Vivado/2020.2/tps/win64/jre11.0.2/bin/server;E:/Xilinx/Vivado/2020.2/tps/win64/jre11.0.2/bin;E:/Xilinx/Vitis/2020.2/bin;E:/Xilinx/Vivado/2020.2/ids_lite/ISE/bin/nt64;E:/Xilinx/Vivado/2020.2/ids_lite/ISE/lib/nt64;E:/Xilinx/Vitis_HLS/2020.2/bin;C:\Users\QC109_4\anaconda3;C:\Users\QC109_4\anaconda3\Library\mingw-w64\bin;C:\Users\QC109_4\anaconda3\Library\usr\bin;C:\Users\QC109_4\anaconda3\Library\bin;C:\Users\QC109_4\anaconda3\Scripts;C:\Program Files\ImageMagick-7.1.1-Q16-HDRI;C:\WINDOWS\system32;C:\WINDOWS;C:\WINDOWS\System32\Wbem;C:\WINDOWS\System32\WindowsPowerShell\v1.0\;C:\WINDOWS\System32\OpenSSH\;E:\Users\QC109_4\matlab\bin;C:\Program Files\Microsoft SQL Server\120\Tools\Binn\;C:\Program Files\dotnet\;C:\Program Files\Git\cmd;C:\Program Files (x86)\ZeinSoft\ComVoy\2.0\agent;C:\Program Files (x86)\GnuWin32\bin;C:\Program Files (x86)\GNU Arm Embedded Toolchain\10 2021.10\bin;C:\Users\QC109_4\AppData\Local\Programs\Python\Python311\Scripts\;C:\Users\QC109_4\AppData\Local\Programs\Python\Python311\;C:\Program Files (x86)\Arm GNU Toolchain aarch64-none-elf\12.3 rel1\bin;C:\Users\QC109_4\AppData\Local\Microsoft\WindowsApps;C:\Program Files\Bandizip\;C:\ProgramData\Anaconda3\Library;C:\Users\QC109_4\AppData\Local\Programs\Microsoft VS Code\bin;C:\Users\QC109_4\AppData\Local\GitHubDesktop\bin;C:\Users\QC109_4\AppData\Local\Programs\Julia-1.9.2\bin;E:\texlive\2023\bin\windows;E:/Xilinx/Vivado/2020.2\tps\mingw\6.2.0\win64.o\nt\bin;E:/Xilinx/Vivado/2020.2\tps\mingw\6.2.0\win64.o\nt\libexec\gcc\x86_64-w64-mingw32\6.2.0;E:/Xilinx/Vivado/2020.2\tps\win64\python-3.8.3;E:/Xilinx/Vivado/2020.2\tps\win64\python-3.8.3\bin;E:/Xilinx/Vivado/2020.2\tps\win64\python-3.8.3\lib;E:/Xilinx/Vivado/2020.2\tps\win64\python-3.8
USERNAME=QC109_4
OS=Windows_NT
PROCESSOR_IDENTIFIER=Intel64 Family 6 Model 158 Stepping 10, GenuineIntel



---------------  S Y S T E M  ---------------

OS: Windows 10 , 64 bit Build 19041 (10.0.19041.3155)

CPU:total 6 (initial active 6) (6 cores per cpu, 1 threads per core) family 6 model 158 stepping 10, cmov, cx8, fxsr, mmx, sse, sse2, sse3, ssse3, sse4.1, sse4.2, popcnt, avx, avx2, aes, clmul, erms, 3dnowpref, lzcnt, tsc, tscinvbit, bmi1, bmi2, adx, fma

Memory: 4k page, system-wide physical 16245M (4080M free)
TotalPageFile size 27481M (AvailPageFile size 4934M)
current process WorkingSet (physical memory assigned to process): 2491M, peak: 2955M
current process commit charge ("private bytes"): 2923M, peak: 2939M

vm_info: OpenJDK 64-Bit Server VM (11.0.2+9) for windows-amd64 JRE (11.0.2+9), built on Jan 18 2019 05:23:22 by "mach5one" with MS VC++ 15.5 (VS2017)

END.
