#
# A fatal error has been detected by the Java Runtime Environment:
#
#  EXCEPTION_ACCESS_VIOLATION (0xc0000005) at pc=0x00007fff8e94dd33, pid=22844, tid=18476
#
# JRE version: OpenJDK Runtime Environment (11.0.2+9) (build 11.0.2+9)
# Java VM: OpenJDK 64-Bit Server VM (11.0.2+9, mixed mode, tiered, compressed oops, g1 gc, windows-amd64)
# Problematic frame:
# V  [jvm.dll+0x38dd33]
#
# No core dump will be written. Minidumps are not enabled by default on client versions of Windows
#
# If you would like to submit a bug report, please visit:
#   http://bugreport.java.com/bugreport/crash.jsp
#

---------------  S U M M A R Y ------------

Command Line: -Dsun.java2d.pmoffscreen=false -Dhttps.protocols=TLSv1,TLSv1.1,TLSv1.2 -Dsun.java2d.xrender=false -Dsun.java2d.d3d=false -Dsun.awt.nopixfmt=true -Dsun.java2d.dpiaware=true -Dsun.java2d.uiScale.enabled=false -Xverify:none -Dswing.aatext=true -XX:-UsePerfData -Djdk.map.althashing.threshold=512 -XX:StringTableSize=4072 --add-opens=java.base/java.nio=ALL-UNNAMED --add-opens=java.desktop/sun.swing=ALL-UNNAMED --add-opens=java.desktop/javax.swing=ALL-UNNAMED --add-opens=java.desktop/javax.swing.tree=ALL-UNNAMED --add-opens=java.desktop/javax.swing.plaf.basic=ALL-UNNAMED --add-opens=java.desktop/javax.swing.plaf.synth=ALL-UNNAMED --add-opens=java.desktop/com.sun.awt=ALL-UNNAMED -XX:NewSize=60m -XX:MaxNewSize=60m -Xms128m -Xmx3072m -Xss5m 

Host: Intel(R) Core(TM) i5-8400 CPU @ 2.80GHz, 6 cores, 15G,  Windows 10 , 64 bit Build 19041 (10.0.19041.3636)
Time: Thu Jan 25 17:36:18 2024 대한민국 표준시 elapsed time: 630 seconds (0d 0h 10m 30s)

---------------  T H R E A D  ---------------

Current thread (0x000002537fad8800):  JavaThread "Messages View GetMessages Thread" [_thread_in_vm, id=18476, stack(0x000000d83cb00000,0x000000d83d000000)]

Stack: [0x000000d83cb00000,0x000000d83d000000],  sp=0x000000d83cfff6c0,  free space=5117k
Native frames: (J=compiled Java code, j=interpreted, Vv=VM code, C=native code)
V  [jvm.dll+0x38dd33]
V  [jvm.dll+0x6347c2]
V  [jvm.dll+0x38e81a]
V  [jvm.dll+0x38eaa7]
V  [jvm.dll+0x40e081]
V  [jvm.dll+0x73774d]
V  [jvm.dll+0x633942]
C  [ucrtbase.dll+0x21bb2]
C  [KERNEL32.DLL+0x17344]
C  [ntdll.dll+0x526b1]


siginfo: EXCEPTION_ACCESS_VIOLATION (0xc0000005), writing address 0x000000d83cff86c0


Register to memory mapping:

RIP=0x00007fff8e94dd33 jvm.dll
RAX=0x0000000000000001 is an unknown value
RBX=0x000000d83cff86c0 is pointing into the stack for thread: 0x000002537fad8800
RCX=4096 is a compressed pointer to class: 0x0000000800001000
java.lang.Object {0x0000000800001008}
RDX=0x0 is NULL
RSP=0x000000d83cfff6c0 is pointing into the stack for thread: 0x000002537fad8800
RBP=0x000000d83cfff7c0 is pointing into the stack for thread: 0x000002537fad8800
RSI=0x000000d83cfff980 is pointing into the stack for thread: 0x000002537fad8800
RDI=0x000000d83cfffa50 is pointing into the stack for thread: 0x000002537fad8800
R8 =0x000000d83cfff6c0 is pointing into the stack for thread: 0x000002537fad8800
R9 =0x000002537fad8800 is a thread
R10=0x000000d83cfff8a0 is pointing into the stack for thread: 0x000002537fad8800
R11=0x000000d83cfffa50 is pointing into the stack for thread: 0x000002537fad8800
R12=0x00000253222327c0 points into unknown readable memory: 80 63 8c 52 07 00 00 00
R13=0x000000d83cfff8a0 is pointing into the stack for thread: 0x000002537fad8800
R14=0x000002537fad8800 is a thread
R15=0x0 is NULL


Registers:
RAX=0x0000000000000001, RBX=0x000000d83cff86c0, RCX=0x0000000000001000, RDX=0x0000000000000000
RSP=0x000000d83cfff6c0, RBP=0x000000d83cfff7c0, RSI=0x000000d83cfff980, RDI=0x000000d83cfffa50
R8 =0x000000d83cfff6c0, R9 =0x000002537fad8800, R10=0x000000d83cfff8a0, R11=0x000000d83cfffa50
R12=0x00000253222327c0, R13=0x000000d83cfff8a0, R14=0x000002537fad8800, R15=0x0000000000000000
RIP=0x00007fff8e94dd33, EFLAGS=0x0000000000010206

Top of Stack: (sp=0x000000d83cfff6c0)
0x000000d83cfff6c0:   000000d83cfff6c0 000000d83cfff980
0x000000d83cfff6d0:   00000252fc95a5b0 000002537fad8800
0x000000d83cfff6e0:   00007fff4bb209a0 00007fff4bb19fad
0x000000d83cfff6f0:   00007fff49fd0000 00007ff801869a26
0x000000d83cfff700:   0000025307888400 00007ff801869993
0x000000d83cfff710:   0000000000000002 00007fff4bb1a1fb
0x000000d83cfff720:   0000000000000001 0000000000000000
0x000000d83cfff730:   00007ffffab700f8 000000007ffe0384
0x000000d83cfff740:   000000d821eb4000 0000000000000002
0x000000d83cfff750:   000000d83cfffa58 00007fff4bb1a684
0x000000d83cfff760:   00007ffffc790000 00007fff8e916555
0x000000d83cfff770:   0000000000000002 00007ff801869a26
0x000000d83cfff780:   00007ffffc790000 0000000000000002
0x000000d83cfff790:   000002537fad8800 00007fff8eaf5863
0x000000d83cfff7a0:   00000253222327c0 000002537fad8800
0x000000d83cfff7b0:   000000d83cfff850 00007ff8018ad9c4 

Instructions: (pc=0x00007fff8e94dd33)
0x00007fff8e94dd13:   00 33 d2 48 8b 05 1b 73 6f 00 48 f7 f1 48 83 f8
0x00007fff8e94dd23:   01 72 16 66 66 0f 1f 84 00 00 00 00 00 48 2b d9
0x00007fff8e94dd33:   c6 03 00 48 83 e8 01 75 f4 4d 85 ff 74 57 49 8b
0x00007fff8e94dd43:   07 49 8b cf ff 90 88 00 00 00 84 c0 0f 84 c8 00 


Stack slot to memory mapping:
stack at sp + 0 slots: 0x000000d83cfff6c0 is pointing into the stack for thread: 0x000002537fad8800
stack at sp + 1 slots: 0x000000d83cfff980 is pointing into the stack for thread: 0x000002537fad8800
stack at sp + 2 slots: {method} {0x00000252fc95a5b8} 'run' '()V' in 'java/lang/Thread'
stack at sp + 3 slots: 0x000002537fad8800 is a thread
stack at sp + 4 slots: 0x00007fff4bb209a0 points into unknown readable memory: 00 00 00 00 00 00 00 00
stack at sp + 5 slots: 0x00007fff4bb19fad points into unknown readable memory: 0f b6 c0
stack at sp + 6 slots: 0x00007fff49fd0000 points into unknown readable memory: 4d 5a 90 00 03 00 00 00
stack at sp + 7 slots: 0x00007ff801869a26 ntdll.dll


---------------  P R O C E S S  ---------------

Threads class SMR info:
_java_thread_list=0x00000253820317d0, length=77, elements={
0x00000252c9b64800, 0x00000252f495e800, 0x00000252f861a800, 0x00000252f8719800,
0x00000252bbb18000, 0x00000252f574f800, 0x00000252f84d9800, 0x00000252f5d6f800,
0x00000252f40eb800, 0x00000252a5ebf800, 0x00000252e8a96800, 0x00000252e8a97000,
0x00000252efd80800, 0x00000252f65d4800, 0x00000252f6071000, 0x00000252e64f2000,
0x00000252b7d1a000, 0x00000252b7d18800, 0x00000252e79d6800, 0x00000252e79d4000,
0x00000252e79d2800, 0x00000252e79d7000, 0x00000252e79d9000, 0x00000252e79d5800,
0x00000252e79d3000, 0x00000252e79df800, 0x00000252e79da800, 0x00000252e79db800,
0x00000252e79e0000, 0x00000252e79dd000, 0x00000252e79dd800, 0x00000252e79d4800,
0x00000252e79e1000, 0x00000252b7d1a800, 0x0000025325fd9000, 0x000002532af80800,
0x000002532706b800, 0x00000253274fd000, 0x0000025328f2e000, 0x0000025328f29800,
0x000002532af82000, 0x0000025328f2d000, 0x000002531f675800, 0x000002532706c000,
0x000002532706d000, 0x0000025328f2a800, 0x000002531f676800, 0x0000025328f2c000,
0x0000025328f28000, 0x0000025328f2e800, 0x0000025328f29000, 0x00000252f88a8800,
0x00000252f88a9000, 0x000002531f677800, 0x00000252f88aa800, 0x00000252f88af000,
0x000002532af81800, 0x000002531f678000, 0x00000252f88aa000, 0x00000252f88ab800,
0x000002532706e000, 0x00000252f88ac800, 0x00000252f88ad000, 0x00000252f88ae000,
0x0000025389ba3800, 0x0000025389b9f800, 0x00000252f29d1000, 0x0000025389ba6000,
0x0000025380cc7000, 0x0000025389ba1000, 0x00000252fc561800, 0x00000252f29d0000,
0x00000252f29d5000, 0x000002537fad9000, 0x000002537fada800, 0x0000025389ba4000,
0x000002537fad8800
}

Java Threads: ( => current thread )
  0x00000252c9b64800 JavaThread "main" [_thread_blocked, id=21960, stack(0x000000d823c00000,0x000000d823d00000)]
  0x00000252f495e800 JavaThread "Reference Handler" daemon [_thread_blocked, id=8580, stack(0x000000d824300000,0x000000d824800000)]
  0x00000252f861a800 JavaThread "Finalizer" daemon [_thread_blocked, id=27052, stack(0x000000d824800000,0x000000d824d00000)]
  0x00000252f8719800 JavaThread "Signal Dispatcher" daemon [_thread_blocked, id=28156, stack(0x000000d824d00000,0x000000d825200000)]
  0x00000252bbb18000 JavaThread "Attach Listener" daemon [_thread_blocked, id=24792, stack(0x000000d825200000,0x000000d825700000)]
  0x00000252f574f800 JavaThread "C2 CompilerThread0" daemon [_thread_blocked, id=22948, stack(0x000000d825700000,0x000000d825800000)]
  0x00000252f84d9800 JavaThread "C1 CompilerThread0" daemon [_thread_blocked, id=25996, stack(0x000000d825800000,0x000000d825900000)]
  0x00000252f5d6f800 JavaThread "Sweeper thread" daemon [_thread_blocked, id=20208, stack(0x000000d825900000,0x000000d825e00000)]
  0x00000252f40eb800 JavaThread "Common-Cleaner" daemon [_thread_blocked, id=26180, stack(0x000000d825e00000,0x000000d826300000)]
  0x00000252a5ebf800 JavaThread "Service Thread" daemon [_thread_blocked, id=13228, stack(0x000000d826300000,0x000000d826800000)]
  0x00000252e8a96800 JavaThread "Java2D Disposer" daemon [_thread_blocked, id=3112, stack(0x000000d826a00000,0x000000d826f00000)]
  0x00000252e8a97000 JavaThread "AWT-Shutdown" [_thread_blocked, id=13624, stack(0x000000d826f00000,0x000000d827400000)]
  0x00000252efd80800 JavaThread "AWT-Windows" daemon [_thread_in_native, id=26096, stack(0x000000d827400000,0x000000d827900000)]
  0x00000252f65d4800 JavaThread "TimerQueue" daemon [_thread_blocked, id=28160, stack(0x000000d827900000,0x000000d827e00000)]
  0x00000252f6071000 JavaThread "AWT-EventQueue-0" [_thread_blocked, id=11428, stack(0x000000d828300000,0x000000d828800000)]
  0x00000252e64f2000 JavaThread "Thread-1" [_thread_in_native, id=15620, stack(0x000000d822500000,0x000000d823900000)]
  0x00000252b7d1a000 JavaThread "Process Messages Thread" [_thread_blocked, id=17712, stack(0x000000d828d00000,0x000000d829200000)]
  0x00000252b7d18800 JavaThread "Batik CleanerThread" daemon [_thread_blocked, id=16328, stack(0x000000d828800000,0x000000d828d00000)]
  0x00000252e79d6800 JavaThread "SyntheticaCleanerThread" daemon [_thread_blocked, id=5132, stack(0x000000d82a100000,0x000000d82a600000)]
  0x00000252e79d4000 JavaThread "Refresh Filesets Swing Worker Thread" [_thread_blocked, id=14424, stack(0x000000d82a600000,0x000000d82ab00000)]
  0x00000252e79d2800 JavaThread "hw_ila_monitor" [_thread_blocked, id=21512, stack(0x000000d82ab00000,0x000000d82b000000)]
  0x00000252e79d7000 JavaThread "SyntheticaAnimation 50" daemon [_thread_blocked, id=15876, stack(0x000000d82b500000,0x000000d82ba00000)]
  0x00000252e79d9000 JavaThread "pool-1-thread-1" [_thread_blocked, id=7724, stack(0x000000d82bb00000,0x000000d82c000000)]
  0x00000252e79d5800 JavaThread "pool-2-thread-1" [_thread_blocked, id=15388, stack(0x000000d82c000000,0x000000d82c500000)]
  0x00000252e79d3000 JavaThread "pool-3-thread-1" [_thread_blocked, id=19840, stack(0x000000d82c500000,0x000000d82ca00000)]
  0x00000252e79df800 JavaThread "Update Runs Swing Worker Thread" [_thread_blocked, id=25904, stack(0x000000d82ca00000,0x000000d82cf00000)]
  0x00000252e79da800 JavaThread "Monitor HEventQueue Thread" [_thread_blocked, id=1824, stack(0x000000d82d000000,0x000000d82d500000)]
  0x00000252e79db800 JavaThread "SyntheticaAnimation 25" daemon [_thread_blocked, id=17072, stack(0x000000d82d500000,0x000000d82da00000)]
  0x00000252e79e0000 JavaThread "QuantumRenderer-0" daemon [_thread_blocked, id=19216, stack(0x000000d82e300000,0x000000d82e800000)]
  0x00000252e79dd000 JavaThread "InvokeLaterDispatcher" daemon [_thread_blocked, id=23652, stack(0x000000d82e800000,0x000000d82ed00000)]
  0x00000252e79dd800 JavaThread "JavaFX Application Thread" [_thread_in_native, id=8144, stack(0x000000d82ed00000,0x000000d82f200000)]
  0x00000252e79d4800 JavaThread "Thread-37" daemon [_thread_in_native, id=8412, stack(0x000000d82b400000,0x000000d82b500000)]
  0x00000252e79e1000 JavaThread "Prism Font Disposer" daemon [_thread_blocked, id=11772, stack(0x000000d82da00000,0x000000d82df00000)]
  0x00000252b7d1a800 JavaThread "Disposer" daemon [_thread_blocked, id=20844, stack(0x000000d82f200000,0x000000d82f700000)]
  0x0000025325fd9000 JavaThread "SyntheticaAnimation 70" daemon [_thread_blocked, id=25660, stack(0x000000d830500000,0x000000d830a00000)]
  0x000002532af80800 JavaThread "SocketStreamHandle-1" daemon [_thread_in_native, id=14256, stack(0x000000d831f00000,0x000000d832400000)]
  0x000002532706b800 JavaThread "Cleaner-0" daemon [_thread_blocked, id=28344, stack(0x000000d832600000,0x000000d832b00000)]
  0x00000253274fd000 JavaThread "SyntheticaAnimation 50" daemon [_thread_blocked, id=7444, stack(0x000000d827e00000,0x000000d828300000)]
  0x0000025328f2e000 JavaThread "pool-6-thread-1" [_thread_blocked, id=26852, stack(0x000000d82fe00000,0x000000d830300000)]
  0x0000025328f29800 JavaThread "pool-7-thread-1" [_thread_blocked, id=10572, stack(0x000000d831800000,0x000000d831d00000)]
  0x000002532af82000 JavaThread "pool-8-thread-1" [_thread_blocked, id=25544, stack(0x000000d832b00000,0x000000d833000000)]
  0x0000025328f2d000 JavaThread "pool-9-thread-1" [_thread_blocked, id=5140, stack(0x000000d833000000,0x000000d833500000)]
  0x000002531f675800 JavaThread "pool-10-thread-1" [_thread_blocked, id=964, stack(0x000000d833500000,0x000000d833a00000)]
  0x000002532706c000 JavaThread "pool-11-thread-1" [_thread_blocked, id=20268, stack(0x000000d833a00000,0x000000d833f00000)]
  0x000002532706d000 JavaThread "pool-12-thread-1" [_thread_blocked, id=9372, stack(0x000000d833f00000,0x000000d834400000)]
  0x0000025328f2a800 JavaThread "pool-13-thread-1" [_thread_blocked, id=16972, stack(0x000000d834400000,0x000000d834900000)]
  0x000002531f676800 JavaThread "pool-14-thread-1" [_thread_blocked, id=21128, stack(0x000000d834900000,0x000000d834e00000)]
  0x0000025328f2c000 JavaThread "pool-15-thread-1" [_thread_blocked, id=21728, stack(0x000000d834e00000,0x000000d835300000)]
  0x0000025328f28000 JavaThread "pool-16-thread-1" [_thread_blocked, id=12052, stack(0x000000d835300000,0x000000d835800000)]
  0x0000025328f2e800 JavaThread "pool-17-thread-1" [_thread_blocked, id=10928, stack(0x000000d835800000,0x000000d835d00000)]
  0x0000025328f29000 JavaThread "pool-18-thread-1" [_thread_blocked, id=15880, stack(0x000000d835d00000,0x000000d836200000)]
  0x00000252f88a8800 JavaThread "pool-19-thread-1" [_thread_blocked, id=19760, stack(0x000000d836200000,0x000000d836700000)]
  0x00000252f88a9000 JavaThread "pool-20-thread-1" [_thread_blocked, id=12488, stack(0x000000d836700000,0x000000d836c00000)]
  0x000002531f677800 JavaThread "pool-21-thread-1" [_thread_blocked, id=28508, stack(0x000000d836c00000,0x000000d837100000)]
  0x00000252f88aa800 JavaThread "pool-22-thread-1" [_thread_blocked, id=22748, stack(0x000000d837100000,0x000000d837600000)]
  0x00000252f88af000 JavaThread "pool-23-thread-1" [_thread_blocked, id=19756, stack(0x000000d837600000,0x000000d837b00000)]
  0x000002532af81800 JavaThread "pool-24-thread-1" [_thread_blocked, id=26908, stack(0x000000d837b00000,0x000000d838000000)]
  0x000002531f678000 JavaThread "pool-25-thread-1" [_thread_blocked, id=23468, stack(0x000000d838000000,0x000000d838500000)]
  0x00000252f88aa000 JavaThread "pool-26-thread-1" [_thread_blocked, id=19544, stack(0x000000d838500000,0x000000d838a00000)]
  0x00000252f88ab800 JavaThread "pool-27-thread-1" [_thread_blocked, id=9224, stack(0x000000d838a00000,0x000000d838f00000)]
  0x000002532706e000 JavaThread "pool-28-thread-1" [_thread_blocked, id=28136, stack(0x000000d838f00000,0x000000d839400000)]
  0x00000252f88ac800 JavaThread "pool-29-thread-1" [_thread_blocked, id=22776, stack(0x000000d839400000,0x000000d839900000)]
  0x00000252f88ad000 JavaThread "pool-30-thread-1" [_thread_blocked, id=25220, stack(0x000000d839900000,0x000000d839e00000)]
  0x00000252f88ae000 JavaThread "pool-31-thread-1" [_thread_blocked, id=26500, stack(0x000000d839e00000,0x000000d83a300000)]
  0x0000025389ba3800 JavaThread "pool-32-thread-1" [_thread_blocked, id=288, stack(0x000000d83a300000,0x000000d83a800000)]
  0x0000025389b9f800 JavaThread "pool-33-thread-1" [_thread_blocked, id=27276, stack(0x000000d83a800000,0x000000d83ad00000)]
  0x00000252f29d1000 JavaThread "pool-34-thread-1" [_thread_blocked, id=23248, stack(0x000000d83ad00000,0x000000d83b200000)]
  0x0000025389ba6000 JavaThread "pool-35-thread-1" [_thread_blocked, id=16408, stack(0x000000d83b200000,0x000000d83b700000)]
  0x0000025380cc7000 JavaThread "Image Animator 0" daemon [_thread_blocked, id=20424, stack(0x000000d830a00000,0x000000d830f00000)]
  0x0000025389ba1000 JavaThread "pool-36-thread-1" [_thread_blocked, id=26416, stack(0x000000d829b00000,0x000000d82a000000)]
  0x00000252fc561800 JavaThread "pool-37-thread-1" [_thread_blocked, id=27720, stack(0x000000d82f700000,0x000000d82fc00000)]
  0x00000252f29d0000 JavaThread "pool-38-thread-1" [_thread_blocked, id=2420, stack(0x000000d830f00000,0x000000d831400000)]
  0x00000252f29d5000 JavaThread "pool-39-thread-1" [_thread_blocked, id=13968, stack(0x000000d83b700000,0x000000d83bc00000)]
  0x000002537fad9000 JavaThread "pool-40-thread-1" [_thread_blocked, id=21100, stack(0x000000d83bc00000,0x000000d83c100000)]
  0x000002537fada800 JavaThread "Image Animator 0" daemon [_thread_blocked, id=23380, stack(0x000000d83c100000,0x000000d83c600000)]
  0x0000025389ba4000 JavaThread "pool-41-thread-1" [_thread_blocked, id=23048, stack(0x000000d83c600000,0x000000d83cb00000)]
=>0x000002537fad8800 JavaThread "Messages View GetMessages Thread" [_thread_in_vm, id=18476, stack(0x000000d83cb00000,0x000000d83d000000)]
  0x0000025380cca000 Thread [stack: 0x000000d83d000000,0x000000d83d500000] [id=25856]

Other Threads:
  0x00000252f4a92800 VMThread "VM Thread" [stack: 0x000000d824200000,0x000000d824300000] [id=18104]
  0x00000252995d5800 WatcherThread [stack: 0x000000d826800000,0x000000d826900000] [id=16008]
  0x00000252f531e800 GCTaskThread "GC Thread#0" [stack: 0x000000d823d00000,0x000000d823e00000] [id=17036]
  0x00000252f659c800 GCTaskThread "GC Thread#1" [stack: 0x000000d829400000,0x000000d829500000] [id=20808]
  0x00000252f32ec800 GCTaskThread "GC Thread#2" [stack: 0x000000d829500000,0x000000d829600000] [id=22856]
  0x00000252a3651000 GCTaskThread "GC Thread#3" [stack: 0x000000d829600000,0x000000d829700000] [id=20124]
  0x00000252f5fce000 GCTaskThread "GC Thread#4" [stack: 0x000000d829700000,0x000000d829800000] [id=19404]
  0x00000252f5fcf000 GCTaskThread "GC Thread#5" [stack: 0x000000d829800000,0x000000d829900000] [id=26920]
  0x00000252f87e4000 ConcurrentGCThread "G1 Main Marker" [stack: 0x000000d823e00000,0x000000d823f00000] [id=22520]
  0x00000252f2314800 ConcurrentGCThread "G1 Conc#0" [stack: 0x000000d823f00000,0x000000d824000000] [id=13240]
  0x00000252f5fca000 ConcurrentGCThread "G1 Conc#1" [stack: 0x000000d829a00000,0x000000d829b00000] [id=20256]
  0x000002529fb7e000 ConcurrentGCThread "G1 Refine#0" [stack: 0x000000d824000000,0x000000d824100000] [id=25448]
  0x00000252f6685800 ConcurrentGCThread "G1 Refine#1" [stack: 0x000000d829900000,0x000000d829a00000] [id=24000]
  0x00000252fc22c800 ConcurrentGCThread "G1 Refine#2" [stack: 0x000000d82a000000,0x000000d82a100000] [id=21908]
  0x00000252f3b7f800 ConcurrentGCThread "G1 Refine#3" [stack: 0x000000d82ba00000,0x000000d82bb00000] [id=21720]
  0x00000252ca971800 ConcurrentGCThread "G1 Young RemSet Sampling" [stack: 0x000000d824100000,0x000000d824200000] [id=17040]

Threads with active compile tasks:

VM state:not at safepoint (normal execution)

VM Mutex/Monitor currently owned by a thread: None

Heap address: 0x0000000740000000, size: 3072 MB, Compressed Oops mode: Zero based, Oop shift amount: 3
Narrow klass base: 0x0000000800000000, Narrow klass shift: 0
Compressed class space size: 1073741824 Address: 0x0000000800000000

Heap:
 garbage-first heap   total 322560K, used 246948K [0x0000000740000000, 0x0000000800000000)
  region size 1024K, 30 young (30720K), 5 survivors (5120K)
 Metaspace       used 104797K, capacity 107971K, committed 108164K, reserved 1142784K
  class space    used 14442K, capacity 15878K, committed 15924K, reserved 1048576K
Heap Regions: E=young(eden), S=young(survivor), O=old, HS=humongous(starts), HC=humongous(continues), CS=collection set, F=free, A=archive, TAMS=top-at-mark-start (previous, next)
|   0|0x0000000740000000, 0x0000000740100000, 0x0000000740100000|100%|HS|  |TAMS 0x0000000740100000, 0x0000000740000000| Complete 
|   1|0x0000000740100000, 0x0000000740200000, 0x0000000740200000|100%|HC|  |TAMS 0x0000000740200000, 0x0000000740100000| Complete 
|   2|0x0000000740200000, 0x0000000740300000, 0x0000000740300000|100%|HS|  |TAMS 0x0000000740300000, 0x0000000740200000| Complete 
|   3|0x0000000740300000, 0x0000000740400000, 0x0000000740400000|100%| O|  |TAMS 0x0000000740400000, 0x0000000740300000| Untracked 
|   4|0x0000000740400000, 0x00000007404fffe8, 0x0000000740500000| 99%| O|  |TAMS 0x00000007404fffe8, 0x0000000740400000| Untracked 
|   5|0x0000000740500000, 0x00000007405fffe8, 0x0000000740600000| 99%| O|  |TAMS 0x00000007405fffe8, 0x0000000740500000| Untracked 
|   6|0x0000000740600000, 0x0000000740700000, 0x0000000740700000|100%| O|  |TAMS 0x0000000740700000, 0x0000000740600000| Untracked 
|   7|0x0000000740700000, 0x0000000740800000, 0x0000000740800000|100%| O|  |TAMS 0x0000000740800000, 0x0000000740700000| Untracked 
|   8|0x0000000740800000, 0x00000007408fffc8, 0x0000000740900000| 99%| O|  |TAMS 0x00000007408fffc8, 0x0000000740800000| Untracked 
|   9|0x0000000740900000, 0x00000007409fda00, 0x0000000740a00000| 99%| O|  |TAMS 0x00000007409fda00, 0x0000000740900000| Untracked 
|  10|0x0000000740a00000, 0x0000000740afa858, 0x0000000740b00000| 97%| O|  |TAMS 0x0000000740afa858, 0x0000000740a00000| Untracked 
|  11|0x0000000740b00000, 0x0000000740bffff0, 0x0000000740c00000| 99%| O|  |TAMS 0x0000000740bffff0, 0x0000000740b00000| Untracked 
|  12|0x0000000740c00000, 0x0000000740d00000, 0x0000000740d00000|100%| O|  |TAMS 0x0000000740d00000, 0x0000000740c00000| Untracked 
|  13|0x0000000740d00000, 0x0000000740dff9e0, 0x0000000740e00000| 99%| O|  |TAMS 0x0000000740dff9e0, 0x0000000740d00000| Untracked 
|  14|0x0000000740e00000, 0x0000000740effff8, 0x0000000740f00000| 99%| O|  |TAMS 0x0000000740effff8, 0x0000000740e00000| Untracked 
|  15|0x0000000740f00000, 0x0000000740fe9c18, 0x0000000741000000| 91%| O|  |TAMS 0x0000000740fe9c18, 0x0000000740f00000| Untracked 
|  16|0x0000000741000000, 0x00000007410fe1e0, 0x0000000741100000| 99%| O|  |TAMS 0x00000007410fe1e0, 0x0000000741000000| Untracked 
|  17|0x0000000741100000, 0x00000007411ffff8, 0x0000000741200000| 99%| O|  |TAMS 0x00000007411ffff8, 0x0000000741100000| Untracked 
|  18|0x0000000741200000, 0x00000007412ffff0, 0x0000000741300000| 99%| O|  |TAMS 0x00000007412ffff0, 0x0000000741200000| Untracked 
|  19|0x0000000741300000, 0x00000007413ffff8, 0x0000000741400000| 99%| O|  |TAMS 0x00000007413ffff8, 0x0000000741300000| Untracked 
|  20|0x0000000741400000, 0x0000000741500000, 0x0000000741500000|100%| O|  |TAMS 0x0000000741500000, 0x0000000741400000| Untracked 
|  21|0x0000000741500000, 0x00000007415ffff0, 0x0000000741600000| 99%| O|  |TAMS 0x00000007415ffff0, 0x0000000741500000| Untracked 
|  22|0x0000000741600000, 0x00000007416fffe8, 0x0000000741700000| 99%| O|  |TAMS 0x00000007416fffe8, 0x0000000741600000| Untracked 
|  23|0x0000000741700000, 0x00000007417ffff0, 0x0000000741800000| 99%| O|  |TAMS 0x00000007417ffff0, 0x0000000741700000| Untracked 
|  24|0x0000000741800000, 0x0000000741900000, 0x0000000741900000|100%| O|  |TAMS 0x0000000741900000, 0x0000000741800000| Untracked 
|  25|0x0000000741900000, 0x0000000741a00000, 0x0000000741a00000|100%| O|  |TAMS 0x0000000741a00000, 0x0000000741900000| Untracked 
|  26|0x0000000741a00000, 0x0000000741affff8, 0x0000000741b00000| 99%| O|  |TAMS 0x0000000741affff8, 0x0000000741a00000| Untracked 
|  27|0x0000000741b00000, 0x0000000741c00000, 0x0000000741c00000|100%| O|  |TAMS 0x0000000741c00000, 0x0000000741b00000| Untracked 
|  28|0x0000000741c00000, 0x0000000741cffff0, 0x0000000741d00000| 99%| O|  |TAMS 0x0000000741cffff0, 0x0000000741c00000| Untracked 
|  29|0x0000000741d00000, 0x0000000741dfffe8, 0x0000000741e00000| 99%| O|  |TAMS 0x0000000741dfffe8, 0x0000000741d00000| Untracked 
|  30|0x0000000741e00000, 0x0000000741efffe8, 0x0000000741f00000| 99%| O|  |TAMS 0x0000000741efffe8, 0x0000000741e00000| Untracked 
|  31|0x0000000741f00000, 0x0000000741fffff8, 0x0000000742000000| 99%| O|  |TAMS 0x0000000741fffff8, 0x0000000741f00000| Untracked 
|  32|0x0000000742000000, 0x00000007420ffff0, 0x0000000742100000| 99%| O|  |TAMS 0x00000007420ffff0, 0x0000000742000000| Untracked 
|  33|0x0000000742100000, 0x00000007421fffe8, 0x0000000742200000| 99%| O|  |TAMS 0x00000007421fffe8, 0x0000000742100000| Untracked 
|  34|0x0000000742200000, 0x00000007422ffff8, 0x0000000742300000| 99%| O|  |TAMS 0x00000007422ffff8, 0x0000000742200000| Untracked 
|  35|0x0000000742300000, 0x00000007423ffff0, 0x0000000742400000| 99%| O|  |TAMS 0x00000007423ffff0, 0x0000000742300000| Untracked 
|  36|0x0000000742400000, 0x00000007424ffff8, 0x0000000742500000| 99%| O|  |TAMS 0x00000007424ffff8, 0x0000000742400000| Untracked 
|  37|0x0000000742500000, 0x00000007425fffe8, 0x0000000742600000| 99%| O|  |TAMS 0x00000007425fffe8, 0x0000000742500000| Untracked 
|  38|0x0000000742600000, 0x00000007426ffff8, 0x0000000742700000| 99%| O|  |TAMS 0x00000007426ffff8, 0x0000000742600000| Untracked 
|  39|0x0000000742700000, 0x00000007427fffe8, 0x0000000742800000| 99%| O|  |TAMS 0x00000007427fffe8, 0x0000000742700000| Untracked 
|  40|0x0000000742800000, 0x00000007428fffe8, 0x0000000742900000| 99%| O|  |TAMS 0x00000007428fffe8, 0x0000000742800000| Untracked 
|  41|0x0000000742900000, 0x00000007429ffff0, 0x0000000742a00000| 99%| O|  |TAMS 0x00000007429ffff0, 0x0000000742900000| Untracked 
|  42|0x0000000742a00000, 0x0000000742affe08, 0x0000000742b00000| 99%| O|  |TAMS 0x0000000742affe08, 0x0000000742a00000| Untracked 
|  43|0x0000000742b00000, 0x0000000742bfff68, 0x0000000742c00000| 99%| O|  |TAMS 0x0000000742bfff68, 0x0000000742b00000| Untracked 
|  44|0x0000000742c00000, 0x0000000742d00000, 0x0000000742d00000|100%| O|  |TAMS 0x0000000742d00000, 0x0000000742c00000| Untracked 
|  45|0x0000000742d00000, 0x0000000742dfffc0, 0x0000000742e00000| 99%| O|  |TAMS 0x0000000742dfffc0, 0x0000000742d00000| Untracked 
|  46|0x0000000742e00000, 0x0000000742efffe8, 0x0000000742f00000| 99%| O|  |TAMS 0x0000000742efffe8, 0x0000000742e00000| Untracked 
|  47|0x0000000742f00000, 0x0000000742fffff0, 0x0000000743000000| 99%| O|  |TAMS 0x0000000742fffff0, 0x0000000742f00000| Untracked 
|  48|0x0000000743000000, 0x00000007430fffe8, 0x0000000743100000| 99%| O|  |TAMS 0x00000007430fffe8, 0x0000000743000000| Untracked 
|  49|0x0000000743100000, 0x00000007431fff48, 0x0000000743200000| 99%| O|  |TAMS 0x00000007431fff48, 0x0000000743100000| Untracked 
|  50|0x0000000743200000, 0x0000000743300000, 0x0000000743300000|100%| O|  |TAMS 0x0000000743300000, 0x0000000743200000| Untracked 
|  51|0x0000000743300000, 0x00000007433ffb08, 0x0000000743400000| 99%| O|  |TAMS 0x00000007433ffb08, 0x0000000743300000| Untracked 
|  52|0x0000000743400000, 0x0000000743500000, 0x0000000743500000|100%|HS|  |TAMS 0x0000000743500000, 0x0000000743400000| Complete 
|  53|0x0000000743500000, 0x0000000743600000, 0x0000000743600000|100%|HC|  |TAMS 0x0000000743600000, 0x0000000743500000| Complete 
|  54|0x0000000743600000, 0x0000000743700000, 0x0000000743700000|100%|HC|  |TAMS 0x0000000743700000, 0x0000000743600000| Complete 
|  55|0x0000000743700000, 0x0000000743800000, 0x0000000743800000|100%|HC|  |TAMS 0x0000000743800000, 0x0000000743700000| Complete 
|  56|0x0000000743800000, 0x0000000743900000, 0x0000000743900000|100%|HC|  |TAMS 0x0000000743900000, 0x0000000743800000| Complete 
|  57|0x0000000743900000, 0x0000000743a00000, 0x0000000743a00000|100%|HC|  |TAMS 0x0000000743a00000, 0x0000000743900000| Complete 
|  58|0x0000000743a00000, 0x0000000743b00000, 0x0000000743b00000|100%|HC|  |TAMS 0x0000000743b00000, 0x0000000743a00000| Complete 
|  59|0x0000000743b00000, 0x0000000743c00000, 0x0000000743c00000|100%|HC|  |TAMS 0x0000000743c00000, 0x0000000743b00000| Complete 
|  60|0x0000000743c00000, 0x0000000743cffff0, 0x0000000743d00000| 99%| O|  |TAMS 0x0000000743cffff0, 0x0000000743c00000| Untracked 
|  61|0x0000000743d00000, 0x0000000743e00000, 0x0000000743e00000|100%| O|  |TAMS 0x0000000743e00000, 0x0000000743d00000| Untracked 
|  62|0x0000000743e00000, 0x0000000743effff8, 0x0000000743f00000| 99%| O|  |TAMS 0x0000000743effff8, 0x0000000743e00000| Untracked 
|  63|0x0000000743f00000, 0x0000000743fffff0, 0x0000000744000000| 99%| O|  |TAMS 0x0000000743fffff0, 0x0000000743f00000| Untracked 
|  64|0x0000000744000000, 0x00000007440fffe8, 0x0000000744100000| 99%| O|  |TAMS 0x00000007440fffe8, 0x0000000744000000| Untracked 
|  65|0x0000000744100000, 0x00000007441ffff8, 0x0000000744200000| 99%| O|  |TAMS 0x00000007441ffff8, 0x0000000744100000| Untracked 
|  66|0x0000000744200000, 0x00000007442fffe0, 0x0000000744300000| 99%| O|  |TAMS 0x00000007442fffe0, 0x0000000744200000| Untracked 
|  67|0x0000000744300000, 0x00000007443fffe8, 0x0000000744400000| 99%| O|  |TAMS 0x00000007443fffe8, 0x0000000744300000| Untracked 
|  68|0x0000000744400000, 0x00000007444ffff8, 0x0000000744500000| 99%| O|  |TAMS 0x00000007444ffff8, 0x0000000744400000| Untracked 
|  69|0x0000000744500000, 0x0000000744600000, 0x0000000744600000|100%| O|  |TAMS 0x0000000744600000, 0x0000000744500000| Untracked 
|  70|0x0000000744600000, 0x0000000744700000, 0x0000000744700000|100%| O|  |TAMS 0x0000000744700000, 0x0000000744600000| Untracked 
|  71|0x0000000744700000, 0x00000007447fffe0, 0x0000000744800000| 99%| O|  |TAMS 0x00000007447fffe0, 0x0000000744700000| Untracked 
|  72|0x0000000744800000, 0x00000007448fff98, 0x0000000744900000| 99%| O|  |TAMS 0x00000007448fff98, 0x0000000744800000| Untracked 
|  73|0x0000000744900000, 0x00000007449fee10, 0x0000000744a00000| 99%| O|  |TAMS 0x00000007449fee10, 0x0000000744900000| Untracked 
|  74|0x0000000744a00000, 0x0000000744b00000, 0x0000000744b00000|100%| O|  |TAMS 0x0000000744b00000, 0x0000000744a00000| Untracked 
|  75|0x0000000744b00000, 0x0000000744bfffe0, 0x0000000744c00000| 99%| O|  |TAMS 0x0000000744bfffe0, 0x0000000744b00000| Untracked 
|  76|0x0000000744c00000, 0x0000000744cff808, 0x0000000744d00000| 99%| O|  |TAMS 0x0000000744cff808, 0x0000000744c00000| Untracked 
|  77|0x0000000744d00000, 0x0000000744dffff0, 0x0000000744e00000| 99%| O|  |TAMS 0x0000000744dffff0, 0x0000000744d00000| Untracked 
|  78|0x0000000744e00000, 0x0000000744efffd8, 0x0000000744f00000| 99%| O|  |TAMS 0x0000000744efffd8, 0x0000000744e00000| Untracked 
|  79|0x0000000744f00000, 0x0000000744fffff8, 0x0000000745000000| 99%| O|  |TAMS 0x0000000744fffff8, 0x0000000744f00000| Untracked 
|  80|0x0000000745000000, 0x00000007450fff50, 0x0000000745100000| 99%| O|  |TAMS 0x00000007450fff50, 0x0000000745000000| Untracked 
|  81|0x0000000745100000, 0x00000007451ffff0, 0x0000000745200000| 99%| O|  |TAMS 0x00000007451ffff0, 0x0000000745100000| Untracked 
|  82|0x0000000745200000, 0x0000000745300000, 0x0000000745300000|100%| O|  |TAMS 0x0000000745300000, 0x0000000745200000| Untracked 
|  83|0x0000000745300000, 0x00000007453ffff8, 0x0000000745400000| 99%| O|  |TAMS 0x00000007453ffff8, 0x0000000745300000| Untracked 
|  84|0x0000000745400000, 0x00000007454fffe8, 0x0000000745500000| 99%| O|  |TAMS 0x00000007454fffe8, 0x0000000745400000| Untracked 
|  85|0x0000000745500000, 0x0000000745600000, 0x0000000745600000|100%|HS|  |TAMS 0x0000000745600000, 0x0000000745500000| Complete 
|  86|0x0000000745600000, 0x0000000745700000, 0x0000000745700000|100%|HC|  |TAMS 0x0000000745700000, 0x0000000745600000| Complete 
|  87|0x0000000745700000, 0x0000000745800000, 0x0000000745800000|100%|HC|  |TAMS 0x0000000745800000, 0x0000000745700000| Complete 
|  88|0x0000000745800000, 0x00000007458ee0d0, 0x0000000745900000| 92%| O|  |TAMS 0x00000007458ee0d0, 0x0000000745800000| Untracked 
|  89|0x0000000745900000, 0x00000007459bc188, 0x0000000745a00000| 73%| O|  |TAMS 0x00000007459bc188, 0x0000000745900000| Untracked 
|  90|0x0000000745a00000, 0x0000000745b00000, 0x0000000745b00000|100%| O|  |TAMS 0x0000000745b00000, 0x0000000745a00000| Untracked 
|  91|0x0000000745b00000, 0x0000000745c00000, 0x0000000745c00000|100%|HS|  |TAMS 0x0000000745c00000, 0x0000000745b00000| Complete 
|  92|0x0000000745c00000, 0x0000000745d00000, 0x0000000745d00000|100%|HC|  |TAMS 0x0000000745d00000, 0x0000000745c00000| Complete 
|  93|0x0000000745d00000, 0x0000000745e00000, 0x0000000745e00000|100%| O|  |TAMS 0x0000000745e00000, 0x0000000745d00000| Untracked 
|  94|0x0000000745e00000, 0x0000000745f00000, 0x0000000745f00000|100%| O|  |TAMS 0x0000000745f00000, 0x0000000745e00000| Untracked 
|  95|0x0000000745f00000, 0x0000000746000000, 0x0000000746000000|100%| O|  |TAMS 0x0000000746000000, 0x0000000745f00000| Untracked 
|  96|0x0000000746000000, 0x000000074601cfd8, 0x0000000746100000| 11%| O|  |TAMS 0x000000074601cfd8, 0x0000000746000000| Untracked 
|  97|0x0000000746100000, 0x000000074611f588, 0x0000000746200000| 12%| O|  |TAMS 0x000000074611f588, 0x0000000746100000| Untracked 
|  98|0x0000000746200000, 0x0000000746300000, 0x0000000746300000|100%| O|  |TAMS 0x0000000746300000, 0x0000000746200000| Untracked 
|  99|0x0000000746300000, 0x0000000746400000, 0x0000000746400000|100%| O|  |TAMS 0x0000000746400000, 0x0000000746300000| Untracked 
| 100|0x0000000746400000, 0x0000000746500000, 0x0000000746500000|100%| O|  |TAMS 0x0000000746500000, 0x0000000746400000| Untracked 
| 101|0x0000000746500000, 0x0000000746600000, 0x0000000746600000|100%| O|  |TAMS 0x0000000746600000, 0x0000000746500000| Untracked 
| 102|0x0000000746600000, 0x0000000746700000, 0x0000000746700000|100%| O|  |TAMS 0x0000000746700000, 0x0000000746600000| Untracked 
| 103|0x0000000746700000, 0x0000000746800000, 0x0000000746800000|100%| O|  |TAMS 0x0000000746800000, 0x0000000746700000| Untracked 
| 104|0x0000000746800000, 0x0000000746900000, 0x0000000746900000|100%| O|  |TAMS 0x0000000746900000, 0x0000000746800000| Untracked 
| 105|0x0000000746900000, 0x0000000746a00000, 0x0000000746a00000|100%| O|  |TAMS 0x0000000746a00000, 0x0000000746900000| Untracked 
| 106|0x0000000746a00000, 0x0000000746a018c8, 0x0000000746b00000|  0%| O|  |TAMS 0x0000000746a018c8, 0x0000000746a00000| Untracked 
| 107|0x0000000746b00000, 0x0000000746c00000, 0x0000000746c00000|100%|HS|  |TAMS 0x0000000746c00000, 0x0000000746b00000| Complete 
| 108|0x0000000746c00000, 0x0000000746d00000, 0x0000000746d00000|100%|HC|  |TAMS 0x0000000746d00000, 0x0000000746c00000| Complete 
| 109|0x0000000746d00000, 0x0000000746e00000, 0x0000000746e00000|100%|HC|  |TAMS 0x0000000746e00000, 0x0000000746d00000| Complete 
| 110|0x0000000746e00000, 0x0000000746f00000, 0x0000000746f00000|100%|HC|  |TAMS 0x0000000746f00000, 0x0000000746e00000| Complete 
| 111|0x0000000746f00000, 0x0000000747000000, 0x0000000747000000|100%|HC|  |TAMS 0x0000000747000000, 0x0000000746f00000| Complete 
| 112|0x0000000747000000, 0x0000000747100000, 0x0000000747100000|100%|HC|  |TAMS 0x0000000747100000, 0x0000000747000000| Complete 
| 113|0x0000000747100000, 0x0000000747200000, 0x0000000747200000|100%|HC|  |TAMS 0x0000000747200000, 0x0000000747100000| Complete 
| 114|0x0000000747200000, 0x0000000747300000, 0x0000000747300000|100%|HC|  |TAMS 0x0000000747300000, 0x0000000747200000| Complete 
| 115|0x0000000747300000, 0x0000000747400000, 0x0000000747400000|100%| O|  |TAMS 0x0000000747400000, 0x0000000747300000| Untracked 
| 116|0x0000000747400000, 0x0000000747500000, 0x0000000747500000|100%| O|  |TAMS 0x0000000747500000, 0x0000000747400000| Untracked 
| 117|0x0000000747500000, 0x0000000747600000, 0x0000000747600000|100%| O|  |TAMS 0x0000000747600000, 0x0000000747500000| Untracked 
| 118|0x0000000747600000, 0x0000000747700000, 0x0000000747700000|100%| O|  |TAMS 0x0000000747700000, 0x0000000747600000| Untracked 
| 119|0x0000000747700000, 0x0000000747800000, 0x0000000747800000|100%| O|  |TAMS 0x0000000747751e00, 0x0000000747700000| Untracked 
| 120|0x0000000747800000, 0x000000074783d400, 0x0000000747900000| 23%| O|  |TAMS 0x0000000747800000, 0x0000000747800000| Untracked 
| 121|0x0000000747900000, 0x0000000747900000, 0x0000000747a00000|  0%| F|  |TAMS 0x0000000747900000, 0x0000000747900000| Untracked 
| 122|0x0000000747a00000, 0x0000000747a00000, 0x0000000747b00000|  0%| F|  |TAMS 0x0000000747a00000, 0x0000000747a00000| Untracked 
| 123|0x0000000747b00000, 0x0000000747c00000, 0x0000000747c00000|100%| O|  |TAMS 0x0000000747c00000, 0x0000000747b00000| Untracked 
| 124|0x0000000747c00000, 0x0000000747d00000, 0x0000000747d00000|100%| O|  |TAMS 0x0000000747d00000, 0x0000000747c00000| Untracked 
| 125|0x0000000747d00000, 0x0000000747d00000, 0x0000000747e00000|  0%| F|  |TAMS 0x0000000747d00000, 0x0000000747d00000| Untracked 
| 126|0x0000000747e00000, 0x0000000747e00000, 0x0000000747f00000|  0%| F|  |TAMS 0x0000000747e00000, 0x0000000747e00000| Untracked 
| 127|0x0000000747f00000, 0x0000000747f00000, 0x0000000748000000|  0%| F|  |TAMS 0x0000000747f00000, 0x0000000747f00000| Untracked 
| 128|0x0000000748000000, 0x0000000748100000, 0x0000000748100000|100%|HS|  |TAMS 0x0000000748100000, 0x0000000748000000| Complete 
| 129|0x0000000748100000, 0x0000000748200000, 0x0000000748200000|100%|HC|  |TAMS 0x0000000748200000, 0x0000000748100000| Complete 
| 130|0x0000000748200000, 0x0000000748300000, 0x0000000748300000|100%|HC|  |TAMS 0x0000000748300000, 0x0000000748200000| Complete 
| 131|0x0000000748300000, 0x0000000748400000, 0x0000000748400000|100%|HC|  |TAMS 0x0000000748400000, 0x0000000748300000| Complete 
| 132|0x0000000748400000, 0x0000000748500000, 0x0000000748500000|100%|HC|  |TAMS 0x0000000748500000, 0x0000000748400000| Complete 
| 133|0x0000000748500000, 0x0000000748600000, 0x0000000748600000|100%|HC|  |TAMS 0x0000000748600000, 0x0000000748500000| Complete 
| 134|0x0000000748600000, 0x0000000748700000, 0x0000000748700000|100%|HC|  |TAMS 0x0000000748700000, 0x0000000748600000| Complete 
| 135|0x0000000748700000, 0x0000000748800000, 0x0000000748800000|100%|HC|  |TAMS 0x0000000748800000, 0x0000000748700000| Complete 
| 136|0x0000000748800000, 0x0000000748900000, 0x0000000748900000|100%|HC|  |TAMS 0x0000000748900000, 0x0000000748800000| Complete 
| 137|0x0000000748900000, 0x0000000748a00000, 0x0000000748a00000|100%|HC|  |TAMS 0x0000000748a00000, 0x0000000748900000| Complete 
| 138|0x0000000748a00000, 0x0000000748b00000, 0x0000000748b00000|100%|HC|  |TAMS 0x0000000748b00000, 0x0000000748a00000| Complete 
| 139|0x0000000748b00000, 0x0000000748c00000, 0x0000000748c00000|100%|HC|  |TAMS 0x0000000748c00000, 0x0000000748b00000| Complete 
| 140|0x0000000748c00000, 0x0000000748d00000, 0x0000000748d00000|100%|HC|  |TAMS 0x0000000748d00000, 0x0000000748c00000| Complete 
| 141|0x0000000748d00000, 0x0000000748e00000, 0x0000000748e00000|100%|HC|  |TAMS 0x0000000748e00000, 0x0000000748d00000| Complete 
| 142|0x0000000748e00000, 0x0000000748f00000, 0x0000000748f00000|100%|HC|  |TAMS 0x0000000748f00000, 0x0000000748e00000| Complete 
| 143|0x0000000748f00000, 0x0000000749000000, 0x0000000749000000|100%|HC|  |TAMS 0x0000000749000000, 0x0000000748f00000| Complete 
| 144|0x0000000749000000, 0x0000000749100000, 0x0000000749100000|100%|HC|  |TAMS 0x0000000749100000, 0x0000000749000000| Complete 
| 145|0x0000000749100000, 0x0000000749200000, 0x0000000749200000|100%|HC|  |TAMS 0x0000000749200000, 0x0000000749100000| Complete 
| 146|0x0000000749200000, 0x0000000749300000, 0x0000000749300000|100%|HC|  |TAMS 0x0000000749300000, 0x0000000749200000| Complete 
| 147|0x0000000749300000, 0x0000000749400000, 0x0000000749400000|100%|HC|  |TAMS 0x0000000749400000, 0x0000000749300000| Complete 
| 148|0x0000000749400000, 0x0000000749500000, 0x0000000749500000|100%|HC|  |TAMS 0x0000000749500000, 0x0000000749400000| Complete 
| 149|0x0000000749500000, 0x0000000749600000, 0x0000000749600000|100%|HC|  |TAMS 0x0000000749600000, 0x0000000749500000| Complete 
| 150|0x0000000749600000, 0x0000000749700000, 0x0000000749700000|100%|HC|  |TAMS 0x0000000749700000, 0x0000000749600000| Complete 
| 151|0x0000000749700000, 0x0000000749800000, 0x0000000749800000|100%|HC|  |TAMS 0x0000000749800000, 0x0000000749700000| Complete 
| 152|0x0000000749800000, 0x0000000749900000, 0x0000000749900000|100%|HC|  |TAMS 0x0000000749900000, 0x0000000749800000| Complete 
| 153|0x0000000749900000, 0x0000000749a00000, 0x0000000749a00000|100%|HC|  |TAMS 0x0000000749a00000, 0x0000000749900000| Complete 
| 154|0x0000000749a00000, 0x0000000749b00000, 0x0000000749b00000|100%|HC|  |TAMS 0x0000000749b00000, 0x0000000749a00000| Complete 
| 155|0x0000000749b00000, 0x0000000749c00000, 0x0000000749c00000|100%|HC|  |TAMS 0x0000000749c00000, 0x0000000749b00000| Complete 
| 156|0x0000000749c00000, 0x0000000749d00000, 0x0000000749d00000|100%|HC|  |TAMS 0x0000000749d00000, 0x0000000749c00000| Complete 
| 157|0x0000000749d00000, 0x0000000749e00000, 0x0000000749e00000|100%|HC|  |TAMS 0x0000000749e00000, 0x0000000749d00000| Complete 
| 158|0x0000000749e00000, 0x0000000749f00000, 0x0000000749f00000|100%|HC|  |TAMS 0x0000000749f00000, 0x0000000749e00000| Complete 
| 159|0x0000000749f00000, 0x000000074a000000, 0x000000074a000000|100%|HC|  |TAMS 0x000000074a000000, 0x0000000749f00000| Complete 
| 160|0x000000074a000000, 0x000000074a100000, 0x000000074a100000|100%|HC|  |TAMS 0x000000074a100000, 0x000000074a000000| Complete 
| 161|0x000000074a100000, 0x000000074a200000, 0x000000074a200000|100%|HC|  |TAMS 0x000000074a200000, 0x000000074a100000| Complete 
| 162|0x000000074a200000, 0x000000074a300000, 0x000000074a300000|100%|HC|  |TAMS 0x000000074a300000, 0x000000074a200000| Complete 
| 163|0x000000074a300000, 0x000000074a400000, 0x000000074a400000|100%|HC|  |TAMS 0x000000074a400000, 0x000000074a300000| Complete 
| 164|0x000000074a400000, 0x000000074a500000, 0x000000074a500000|100%|HC|  |TAMS 0x000000074a500000, 0x000000074a400000| Complete 
| 165|0x000000074a500000, 0x000000074a600000, 0x000000074a600000|100%|HC|  |TAMS 0x000000074a600000, 0x000000074a500000| Complete 
| 166|0x000000074a600000, 0x000000074a700000, 0x000000074a700000|100%|HC|  |TAMS 0x000000074a700000, 0x000000074a600000| Complete 
| 167|0x000000074a700000, 0x000000074a800000, 0x000000074a800000|100%|HC|  |TAMS 0x000000074a800000, 0x000000074a700000| Complete 
| 168|0x000000074a800000, 0x000000074a900000, 0x000000074a900000|100%|HC|  |TAMS 0x000000074a900000, 0x000000074a800000| Complete 
| 169|0x000000074a900000, 0x000000074aa00000, 0x000000074aa00000|100%|HC|  |TAMS 0x000000074aa00000, 0x000000074a900000| Complete 
| 170|0x000000074aa00000, 0x000000074ab00000, 0x000000074ab00000|100%|HC|  |TAMS 0x000000074ab00000, 0x000000074aa00000| Complete 
| 171|0x000000074ab00000, 0x000000074ac00000, 0x000000074ac00000|100%|HC|  |TAMS 0x000000074ac00000, 0x000000074ab00000| Complete 
| 172|0x000000074ac00000, 0x000000074ad00000, 0x000000074ad00000|100%|HC|  |TAMS 0x000000074ad00000, 0x000000074ac00000| Complete 
| 173|0x000000074ad00000, 0x000000074ae00000, 0x000000074ae00000|100%|HC|  |TAMS 0x000000074ae00000, 0x000000074ad00000| Complete 
| 174|0x000000074ae00000, 0x000000074af00000, 0x000000074af00000|100%|HC|  |TAMS 0x000000074af00000, 0x000000074ae00000| Complete 
| 175|0x000000074af00000, 0x000000074b000000, 0x000000074b000000|100%|HC|  |TAMS 0x000000074b000000, 0x000000074af00000| Complete 
| 176|0x000000074b000000, 0x000000074b100000, 0x000000074b100000|100%|HC|  |TAMS 0x000000074b100000, 0x000000074b000000| Complete 
| 177|0x000000074b100000, 0x000000074b200000, 0x000000074b200000|100%|HC|  |TAMS 0x000000074b200000, 0x000000074b100000| Complete 
| 178|0x000000074b200000, 0x000000074b300000, 0x000000074b300000|100%|HC|  |TAMS 0x000000074b300000, 0x000000074b200000| Complete 
| 179|0x000000074b300000, 0x000000074b400000, 0x000000074b400000|100%|HC|  |TAMS 0x000000074b400000, 0x000000074b300000| Complete 
| 180|0x000000074b400000, 0x000000074b500000, 0x000000074b500000|100%|HC|  |TAMS 0x000000074b500000, 0x000000074b400000| Complete 
| 181|0x000000074b500000, 0x000000074b600000, 0x000000074b600000|100%|HC|  |TAMS 0x000000074b600000, 0x000000074b500000| Complete 
| 182|0x000000074b600000, 0x000000074b700000, 0x000000074b700000|100%|HC|  |TAMS 0x000000074b700000, 0x000000074b600000| Complete 
| 183|0x000000074b700000, 0x000000074b800000, 0x000000074b800000|100%|HC|  |TAMS 0x000000074b800000, 0x000000074b700000| Complete 
| 184|0x000000074b800000, 0x000000074b900000, 0x000000074b900000|100%|HC|  |TAMS 0x000000074b900000, 0x000000074b800000| Complete 
| 185|0x000000074b900000, 0x000000074ba00000, 0x000000074ba00000|100%|HC|  |TAMS 0x000000074ba00000, 0x000000074b900000| Complete 
| 186|0x000000074ba00000, 0x000000074bb00000, 0x000000074bb00000|100%|HC|  |TAMS 0x000000074bb00000, 0x000000074ba00000| Complete 
| 187|0x000000074bb00000, 0x000000074bc00000, 0x000000074bc00000|100%|HC|  |TAMS 0x000000074bc00000, 0x000000074bb00000| Complete 
| 188|0x000000074bc00000, 0x000000074bd00000, 0x000000074bd00000|100%|HC|  |TAMS 0x000000074bd00000, 0x000000074bc00000| Complete 
| 189|0x000000074bd00000, 0x000000074be00000, 0x000000074be00000|100%|HC|  |TAMS 0x000000074be00000, 0x000000074bd00000| Complete 
| 190|0x000000074be00000, 0x000000074bf00000, 0x000000074bf00000|100%|HC|  |TAMS 0x000000074bf00000, 0x000000074be00000| Complete 
| 191|0x000000074bf00000, 0x000000074c000000, 0x000000074c000000|100%|HC|  |TAMS 0x000000074c000000, 0x000000074bf00000| Complete 
| 192|0x000000074c000000, 0x000000074c100000, 0x000000074c100000|100%|HC|  |TAMS 0x000000074c100000, 0x000000074c000000| Complete 
| 193|0x000000074c100000, 0x000000074c200000, 0x000000074c200000|100%|HC|  |TAMS 0x000000074c200000, 0x000000074c100000| Complete 
| 194|0x000000074c200000, 0x000000074c300000, 0x000000074c300000|100%|HC|  |TAMS 0x000000074c300000, 0x000000074c200000| Complete 
| 195|0x000000074c300000, 0x000000074c400000, 0x000000074c400000|100%|HC|  |TAMS 0x000000074c400000, 0x000000074c300000| Complete 
| 196|0x000000074c400000, 0x000000074c500000, 0x000000074c500000|100%|HC|  |TAMS 0x000000074c500000, 0x000000074c400000| Complete 
| 197|0x000000074c500000, 0x000000074c600000, 0x000000074c600000|100%|HC|  |TAMS 0x000000074c600000, 0x000000074c500000| Complete 
| 198|0x000000074c600000, 0x000000074c700000, 0x000000074c700000|100%|HC|  |TAMS 0x000000074c700000, 0x000000074c600000| Complete 
| 199|0x000000074c700000, 0x000000074c800000, 0x000000074c800000|100%|HC|  |TAMS 0x000000074c800000, 0x000000074c700000| Complete 
| 200|0x000000074c800000, 0x000000074c900000, 0x000000074c900000|100%|HC|  |TAMS 0x000000074c900000, 0x000000074c800000| Complete 
| 201|0x000000074c900000, 0x000000074ca00000, 0x000000074ca00000|100%|HC|  |TAMS 0x000000074ca00000, 0x000000074c900000| Complete 
| 202|0x000000074ca00000, 0x000000074cb00000, 0x000000074cb00000|100%|HC|  |TAMS 0x000000074cb00000, 0x000000074ca00000| Complete 
| 203|0x000000074cb00000, 0x000000074cc00000, 0x000000074cc00000|100%|HC|  |TAMS 0x000000074cc00000, 0x000000074cb00000| Complete 
| 204|0x000000074cc00000, 0x000000074cd00000, 0x000000074cd00000|100%|HC|  |TAMS 0x000000074cd00000, 0x000000074cc00000| Complete 
| 205|0x000000074cd00000, 0x000000074ce00000, 0x000000074ce00000|100%|HC|  |TAMS 0x000000074ce00000, 0x000000074cd00000| Complete 
| 206|0x000000074ce00000, 0x000000074cf00000, 0x000000074cf00000|100%|HC|  |TAMS 0x000000074cf00000, 0x000000074ce00000| Complete 
| 207|0x000000074cf00000, 0x000000074d000000, 0x000000074d000000|100%|HC|  |TAMS 0x000000074d000000, 0x000000074cf00000| Complete 
| 208|0x000000074d000000, 0x000000074d100000, 0x000000074d100000|100%|HC|  |TAMS 0x000000074d100000, 0x000000074d000000| Complete 
| 209|0x000000074d100000, 0x000000074d200000, 0x000000074d200000|100%|HC|  |TAMS 0x000000074d200000, 0x000000074d100000| Complete 
| 210|0x000000074d200000, 0x000000074d300000, 0x000000074d300000|100%|HC|  |TAMS 0x000000074d300000, 0x000000074d200000| Complete 
| 211|0x000000074d300000, 0x000000074d400000, 0x000000074d400000|100%|HC|  |TAMS 0x000000074d400000, 0x000000074d300000| Complete 
| 212|0x000000074d400000, 0x000000074d500000, 0x000000074d500000|100%|HC|  |TAMS 0x000000074d500000, 0x000000074d400000| Complete 
| 213|0x000000074d500000, 0x000000074d600000, 0x000000074d600000|100%|HC|  |TAMS 0x000000074d600000, 0x000000074d500000| Complete 
| 214|0x000000074d600000, 0x000000074d700000, 0x000000074d700000|100%|HC|  |TAMS 0x000000074d700000, 0x000000074d600000| Complete 
| 215|0x000000074d700000, 0x000000074d800000, 0x000000074d800000|100%|HC|  |TAMS 0x000000074d800000, 0x000000074d700000| Complete 
| 216|0x000000074d800000, 0x000000074d900000, 0x000000074d900000|100%|HC|  |TAMS 0x000000074d900000, 0x000000074d800000| Complete 
| 217|0x000000074d900000, 0x000000074da00000, 0x000000074da00000|100%|HC|  |TAMS 0x000000074da00000, 0x000000074d900000| Complete 
| 218|0x000000074da00000, 0x000000074db00000, 0x000000074db00000|100%|HC|  |TAMS 0x000000074db00000, 0x000000074da00000| Complete 
| 219|0x000000074db00000, 0x000000074dc00000, 0x000000074dc00000|100%|HC|  |TAMS 0x000000074dc00000, 0x000000074db00000| Complete 
| 220|0x000000074dc00000, 0x000000074dd00000, 0x000000074dd00000|100%|HC|  |TAMS 0x000000074dd00000, 0x000000074dc00000| Complete 
| 221|0x000000074dd00000, 0x000000074dd00000, 0x000000074de00000|  0%| F|  |TAMS 0x000000074dd00000, 0x000000074dd00000| Untracked 
| 222|0x000000074de00000, 0x000000074de00000, 0x000000074df00000|  0%| F|  |TAMS 0x000000074de00000, 0x000000074de00000| Untracked 
| 223|0x000000074df00000, 0x000000074df00000, 0x000000074e000000|  0%| F|  |TAMS 0x000000074df00000, 0x000000074df00000| Untracked 
| 224|0x000000074e000000, 0x000000074e050560, 0x000000074e100000| 31%| O|  |TAMS 0x000000074e050560, 0x000000074e000000| Untracked 
| 225|0x000000074e100000, 0x000000074e100000, 0x000000074e200000|  0%| F|  |TAMS 0x000000074e100000, 0x000000074e100000| Untracked 
| 226|0x000000074e200000, 0x000000074e200000, 0x000000074e300000|  0%| F|  |TAMS 0x000000074e200000, 0x000000074e200000| Untracked 
| 227|0x000000074e300000, 0x000000074e300000, 0x000000074e400000|  0%| F|  |TAMS 0x000000074e300000, 0x000000074e300000| Untracked 
| 228|0x000000074e400000, 0x000000074e400000, 0x000000074e500000|  0%| F|  |TAMS 0x000000074e400000, 0x000000074e400000| Untracked 
| 229|0x000000074e500000, 0x000000074e500000, 0x000000074e600000|  0%| F|  |TAMS 0x000000074e500000, 0x000000074e500000| Untracked 
| 230|0x000000074e600000, 0x000000074e600000, 0x000000074e700000|  0%| F|  |TAMS 0x000000074e600000, 0x000000074e600000| Untracked 
| 231|0x000000074e700000, 0x000000074e700000, 0x000000074e800000|  0%| F|  |TAMS 0x000000074e700000, 0x000000074e700000| Untracked 
| 232|0x000000074e800000, 0x000000074e800000, 0x000000074e900000|  0%| F|  |TAMS 0x000000074e800000, 0x000000074e800000| Untracked 
| 233|0x000000074e900000, 0x000000074e900000, 0x000000074ea00000|  0%| F|  |TAMS 0x000000074e900000, 0x000000074e900000| Untracked 
| 234|0x000000074ea00000, 0x000000074ea00000, 0x000000074eb00000|  0%| F|  |TAMS 0x000000074ea00000, 0x000000074ea00000| Untracked 
| 235|0x000000074eb00000, 0x000000074eb00000, 0x000000074ec00000|  0%| F|  |TAMS 0x000000074eb00000, 0x000000074eb00000| Untracked 
| 236|0x000000074ec00000, 0x000000074ec00000, 0x000000074ed00000|  0%| F|  |TAMS 0x000000074ec00000, 0x000000074ec00000| Untracked 
| 237|0x000000074ed00000, 0x000000074ed00000, 0x000000074ee00000|  0%| F|  |TAMS 0x000000074ed00000, 0x000000074ed00000| Untracked 
| 238|0x000000074ee00000, 0x000000074ee00000, 0x000000074ef00000|  0%| F|  |TAMS 0x000000074ee00000, 0x000000074ee00000| Untracked 
| 239|0x000000074ef00000, 0x000000074ef00000, 0x000000074f000000|  0%| F|  |TAMS 0x000000074ef00000, 0x000000074ef00000| Untracked 
| 240|0x000000074f000000, 0x000000074f000000, 0x000000074f100000|  0%| F|  |TAMS 0x000000074f000000, 0x000000074f000000| Untracked 
| 241|0x000000074f100000, 0x000000074f100000, 0x000000074f200000|  0%| F|  |TAMS 0x000000074f100000, 0x000000074f100000| Untracked 
| 242|0x000000074f200000, 0x000000074f200000, 0x000000074f300000|  0%| F|  |TAMS 0x000000074f200000, 0x000000074f200000| Untracked 
| 243|0x000000074f300000, 0x000000074f300000, 0x000000074f400000|  0%| F|  |TAMS 0x000000074f300000, 0x000000074f300000| Untracked 
| 244|0x000000074f400000, 0x000000074f400000, 0x000000074f500000|  0%| F|  |TAMS 0x000000074f400000, 0x000000074f400000| Untracked 
| 245|0x000000074f500000, 0x000000074f500000, 0x000000074f600000|  0%| F|  |TAMS 0x000000074f500000, 0x000000074f500000| Untracked 
| 246|0x000000074f600000, 0x000000074f600000, 0x000000074f700000|  0%| F|  |TAMS 0x000000074f600000, 0x000000074f600000| Untracked 
| 247|0x000000074f700000, 0x000000074f700000, 0x000000074f800000|  0%| F|  |TAMS 0x000000074f700000, 0x000000074f700000| Untracked 
| 248|0x000000074f800000, 0x000000074f800000, 0x000000074f900000|  0%| F|  |TAMS 0x000000074f800000, 0x000000074f800000| Untracked 
| 249|0x000000074f900000, 0x000000074f900000, 0x000000074fa00000|  0%| F|  |TAMS 0x000000074f900000, 0x000000074f900000| Untracked 
| 250|0x000000074fa00000, 0x000000074fad64c0, 0x000000074fb00000| 83%| S|CS|TAMS 0x000000074fa00000, 0x000000074fa00000| Complete 
| 251|0x000000074fb00000, 0x000000074fc00000, 0x000000074fc00000|100%| S|CS|TAMS 0x000000074fb00000, 0x000000074fb00000| Complete 
| 252|0x000000074fc00000, 0x000000074fd00000, 0x000000074fd00000|100%| S|CS|TAMS 0x000000074fc00000, 0x000000074fc00000| Complete 
| 253|0x000000074fd00000, 0x000000074fe00000, 0x000000074fe00000|100%| S|CS|TAMS 0x000000074fd00000, 0x000000074fd00000| Complete 
| 254|0x000000074fe00000, 0x000000074ff00000, 0x000000074ff00000|100%| S|CS|TAMS 0x000000074fe00000, 0x000000074fe00000| Complete 
| 255|0x000000074ff00000, 0x000000074ff00000, 0x0000000750000000|  0%| F|  |TAMS 0x000000074ff00000, 0x000000074ff00000| Untracked 
| 256|0x0000000750000000, 0x0000000750000000, 0x0000000750100000|  0%| F|  |TAMS 0x0000000750000000, 0x0000000750000000| Untracked 
| 257|0x0000000750100000, 0x0000000750100000, 0x0000000750200000|  0%| F|  |TAMS 0x0000000750100000, 0x0000000750100000| Untracked 
| 258|0x0000000750200000, 0x0000000750200000, 0x0000000750300000|  0%| F|  |TAMS 0x0000000750200000, 0x0000000750200000| Untracked 
| 259|0x0000000750300000, 0x0000000750300000, 0x0000000750400000|  0%| F|  |TAMS 0x0000000750300000, 0x0000000750300000| Untracked 
| 260|0x0000000750400000, 0x0000000750400000, 0x0000000750500000|  0%| F|  |TAMS 0x0000000750400000, 0x0000000750400000| Untracked 
| 261|0x0000000750500000, 0x0000000750500000, 0x0000000750600000|  0%| F|  |TAMS 0x0000000750500000, 0x0000000750500000| Untracked 
| 262|0x0000000750600000, 0x0000000750600000, 0x0000000750700000|  0%| F|  |TAMS 0x0000000750600000, 0x0000000750600000| Untracked 
| 263|0x0000000750700000, 0x0000000750700000, 0x0000000750800000|  0%| F|  |TAMS 0x0000000750700000, 0x0000000750700000| Untracked 
| 264|0x0000000750800000, 0x0000000750800000, 0x0000000750900000|  0%| F|  |TAMS 0x0000000750800000, 0x0000000750800000| Untracked 
| 265|0x0000000750900000, 0x0000000750900000, 0x0000000750a00000|  0%| F|  |TAMS 0x0000000750900000, 0x0000000750900000| Untracked 
| 266|0x0000000750a00000, 0x0000000750a00000, 0x0000000750b00000|  0%| F|  |TAMS 0x0000000750a00000, 0x0000000750a00000| Untracked 
| 267|0x0000000750b00000, 0x0000000750b00000, 0x0000000750c00000|  0%| F|  |TAMS 0x0000000750b00000, 0x0000000750b00000| Untracked 
| 268|0x0000000750c00000, 0x0000000750c00000, 0x0000000750d00000|  0%| F|  |TAMS 0x0000000750c00000, 0x0000000750c00000| Untracked 
| 269|0x0000000750d00000, 0x0000000750d00000, 0x0000000750e00000|  0%| F|  |TAMS 0x0000000750d00000, 0x0000000750d00000| Untracked 
| 270|0x0000000750e00000, 0x0000000750e00000, 0x0000000750f00000|  0%| F|  |TAMS 0x0000000750e00000, 0x0000000750e00000| Untracked 
| 271|0x0000000750f00000, 0x0000000750f00000, 0x0000000751000000|  0%| F|  |TAMS 0x0000000750f00000, 0x0000000750f00000| Untracked 
| 272|0x0000000751000000, 0x0000000751000000, 0x0000000751100000|  0%| F|  |TAMS 0x0000000751000000, 0x0000000751000000| Untracked 
| 273|0x0000000751100000, 0x0000000751100000, 0x0000000751200000|  0%| F|  |TAMS 0x0000000751100000, 0x0000000751100000| Untracked 
| 274|0x0000000751200000, 0x0000000751200000, 0x0000000751300000|  0%| F|  |TAMS 0x0000000751200000, 0x0000000751200000| Untracked 
| 275|0x0000000751300000, 0x0000000751300000, 0x0000000751400000|  0%| F|  |TAMS 0x0000000751300000, 0x0000000751300000| Untracked 
| 276|0x0000000751400000, 0x0000000751400000, 0x0000000751500000|  0%| F|  |TAMS 0x0000000751400000, 0x0000000751400000| Untracked 
| 277|0x0000000751500000, 0x0000000751500000, 0x0000000751600000|  0%| F|  |TAMS 0x0000000751500000, 0x0000000751500000| Untracked 
| 278|0x0000000751600000, 0x0000000751600000, 0x0000000751700000|  0%| F|  |TAMS 0x0000000751600000, 0x0000000751600000| Untracked 
| 279|0x0000000751700000, 0x0000000751700000, 0x0000000751800000|  0%| F|  |TAMS 0x0000000751700000, 0x0000000751700000| Untracked 
| 280|0x0000000751800000, 0x0000000751800000, 0x0000000751900000|  0%| F|  |TAMS 0x0000000751800000, 0x0000000751800000| Untracked 
| 281|0x0000000751900000, 0x0000000751900000, 0x0000000751a00000|  0%| F|  |TAMS 0x0000000751900000, 0x0000000751900000| Untracked 
| 282|0x0000000751a00000, 0x0000000751a00000, 0x0000000751b00000|  0%| F|  |TAMS 0x0000000751a00000, 0x0000000751a00000| Untracked 
| 283|0x0000000751b00000, 0x0000000751b00000, 0x0000000751c00000|  0%| F|  |TAMS 0x0000000751b00000, 0x0000000751b00000| Untracked 
| 284|0x0000000751c00000, 0x0000000751c00000, 0x0000000751d00000|  0%| F|  |TAMS 0x0000000751c00000, 0x0000000751c00000| Untracked 
| 285|0x0000000751d00000, 0x0000000751d00000, 0x0000000751e00000|  0%| F|  |TAMS 0x0000000751d00000, 0x0000000751d00000| Untracked 
| 286|0x0000000751e00000, 0x0000000751e00000, 0x0000000751f00000|  0%| F|  |TAMS 0x0000000751e00000, 0x0000000751e00000| Untracked 
| 287|0x0000000751f00000, 0x0000000751f00000, 0x0000000752000000|  0%| F|  |TAMS 0x0000000751f00000, 0x0000000751f00000| Untracked 
| 288|0x0000000752000000, 0x0000000752000000, 0x0000000752100000|  0%| F|  |TAMS 0x0000000752000000, 0x0000000752000000| Untracked 
| 289|0x0000000752100000, 0x0000000752100000, 0x0000000752200000|  0%| F|  |TAMS 0x0000000752100000, 0x0000000752100000| Untracked 
| 290|0x0000000752200000, 0x0000000752203dc0, 0x0000000752300000|  1%| E|  |TAMS 0x0000000752200000, 0x0000000752200000| Complete 
| 291|0x0000000752300000, 0x0000000752400000, 0x0000000752400000|100%| E|CS|TAMS 0x0000000752300000, 0x0000000752300000| Complete 
| 292|0x0000000752400000, 0x0000000752500000, 0x0000000752500000|100%| E|CS|TAMS 0x0000000752400000, 0x0000000752400000| Complete 
| 293|0x0000000752500000, 0x0000000752600000, 0x0000000752600000|100%| E|CS|TAMS 0x0000000752500000, 0x0000000752500000| Complete 
| 294|0x0000000752600000, 0x0000000752700000, 0x0000000752700000|100%| E|CS|TAMS 0x0000000752600000, 0x0000000752600000| Complete 
| 295|0x0000000752700000, 0x0000000752800000, 0x0000000752800000|100%| E|CS|TAMS 0x0000000752700000, 0x0000000752700000| Complete 
| 296|0x0000000752800000, 0x0000000752900000, 0x0000000752900000|100%| E|CS|TAMS 0x0000000752800000, 0x0000000752800000| Complete 
| 297|0x0000000752900000, 0x0000000752a00000, 0x0000000752a00000|100%| E|CS|TAMS 0x0000000752900000, 0x0000000752900000| Complete 
| 298|0x0000000752a00000, 0x0000000752b00000, 0x0000000752b00000|100%| E|CS|TAMS 0x0000000752a00000, 0x0000000752a00000| Complete 
| 299|0x0000000752b00000, 0x0000000752c00000, 0x0000000752c00000|100%| E|CS|TAMS 0x0000000752b00000, 0x0000000752b00000| Complete 
| 300|0x0000000752c00000, 0x0000000752d00000, 0x0000000752d00000|100%| E|CS|TAMS 0x0000000752c00000, 0x0000000752c00000| Complete 
| 301|0x0000000752d00000, 0x0000000752e00000, 0x0000000752e00000|100%| E|CS|TAMS 0x0000000752d00000, 0x0000000752d00000| Complete 
| 302|0x0000000752e00000, 0x0000000752f00000, 0x0000000752f00000|100%| E|CS|TAMS 0x0000000752e00000, 0x0000000752e00000| Complete 
| 303|0x0000000752f00000, 0x0000000753000000, 0x0000000753000000|100%| E|CS|TAMS 0x0000000752f00000, 0x0000000752f00000| Complete 
| 304|0x0000000753000000, 0x0000000753100000, 0x0000000753100000|100%| E|CS|TAMS 0x0000000753000000, 0x0000000753000000| Complete 
| 305|0x0000000753100000, 0x0000000753200000, 0x0000000753200000|100%| E|CS|TAMS 0x0000000753100000, 0x0000000753100000| Complete 
| 306|0x0000000753200000, 0x0000000753300000, 0x0000000753300000|100%| E|CS|TAMS 0x0000000753200000, 0x0000000753200000| Complete 
| 307|0x0000000753300000, 0x0000000753400000, 0x0000000753400000|100%| E|CS|TAMS 0x0000000753300000, 0x0000000753300000| Complete 
| 308|0x0000000753400000, 0x0000000753500000, 0x0000000753500000|100%| E|CS|TAMS 0x0000000753400000, 0x0000000753400000| Complete 
| 309|0x0000000753500000, 0x0000000753600000, 0x0000000753600000|100%| E|CS|TAMS 0x0000000753500000, 0x0000000753500000| Complete 
| 310|0x0000000753600000, 0x0000000753700000, 0x0000000753700000|100%| E|CS|TAMS 0x0000000753600000, 0x0000000753600000| Complete 
| 311|0x0000000753700000, 0x0000000753800000, 0x0000000753800000|100%| E|CS|TAMS 0x0000000753700000, 0x0000000753700000| Complete 
| 312|0x0000000753800000, 0x0000000753900000, 0x0000000753900000|100%| E|CS|TAMS 0x0000000753800000, 0x0000000753800000| Complete 
| 313|0x0000000753900000, 0x0000000753a00000, 0x0000000753a00000|100%| E|CS|TAMS 0x0000000753900000, 0x0000000753900000| Complete 
| 314|0x0000000753a00000, 0x0000000753b00000, 0x0000000753b00000|100%| E|CS|TAMS 0x0000000753a00000, 0x0000000753a00000| Complete 

Card table byte_map: [0x00000252de590000,0x00000252deb90000] _byte_map_base: 0x00000252dab90000

Marking Bits (Prev, Next): (CMBitMap*) 0x00000252f4a8bec8, (CMBitMap*) 0x00000252f4a8bf00
 Prev Bits: [0x0000025316860000, 0x0000025319860000)
 Next Bits: [0x0000025319860000, 0x000002531c860000)

Polling page: 0x00000252803c0000

Metaspace:

Usage:
  Non-class:     89.93 MB capacity,    88.24 MB ( 98%) used,     1.29 MB (  1%) free+waste,   416.63 KB ( <1%) overhead. 
      Class:     15.51 MB capacity,    14.10 MB ( 91%) used,     1.20 MB (  8%) free+waste,   204.19 KB (  1%) overhead. 
       Both:    105.44 MB capacity,   102.34 MB ( 97%) used,     2.49 MB (  2%) free+waste,   620.81 KB ( <1%) overhead. 

Virtual space:
  Non-class space:       92.00 MB reserved,      90.08 MB ( 98%) committed 
      Class space:        1.00 GB reserved,      15.55 MB (  2%) committed 
             Both:        1.09 GB reserved,     105.63 MB (  9%) committed 

Chunk freelists:
   Non-Class:  2.38 KB
       Class:  0 bytes
        Both:  2.38 KB

CodeHeap 'non-profiled nmethods': size=120064Kb used=19279Kb max_used=19974Kb free=100785Kb
 bounds [0x000002530f320000, 0x00000253106b0000, 0x0000025316860000]
CodeHeap 'profiled nmethods': size=120000Kb used=43475Kb max_used=47706Kb free=76525Kb
 bounds [0x0000025307df0000, 0x000002530ad00000, 0x000002530f320000]
CodeHeap 'non-nmethods': size=5696Kb used=1915Kb max_used=1957Kb free=3780Kb
 bounds [0x0000025307860000, 0x0000025307ad0000, 0x0000025307df0000]
 total_blobs=32672 nmethods=17392 adapters=1500
 compilation: enabled
              stopped_count=0, restarted_count=0
 full_count=0

Compilation events (10 events):
Event: 630.835 Thread 0x00000252f84d9800 22882       3       ui.views.systembuilder.hv::v (135 bytes)
Event: 630.836 Thread 0x00000252f84d9800 nmethod 22882 0x0000025308761d10 code [0x0000025308762100, 0x0000025308763f80]
Event: 630.836 Thread 0x00000252f84d9800 22883       3       ui.views.systembuilder.hv::aD (210 bytes)
Event: 630.838 Thread 0x00000252f84d9800 nmethod 22883 0x00000253088b0490 code [0x00000253088b08e0, 0x00000253088b2e20]
Event: 630.838 Thread 0x00000252f84d9800 22885       1       com.jidesoft.list.StyledListCellRenderer::revalidate (1 bytes)
Event: 630.838 Thread 0x00000252f84d9800 nmethod 22885 0x000002530f5a8810 code [0x000002530f5a89c0, 0x000002530f5a8ad8]
Event: 630.838 Thread 0x00000252f84d9800 22884       3       ui.views.systembuilder.hv::aE (448 bytes)
Event: 630.839 Thread 0x00000252f574f800 22886       4       java.awt.geom.Rectangle2D::setFrame (11 bytes)
Event: 630.839 Thread 0x00000252f84d9800 nmethod 22884 0x00000253088fd310 code [0x00000253088fd700, 0x00000253088ff6e0]
Event: 630.840 Thread 0x00000252f574f800 nmethod 22886 0x000002530f603e90 code [0x000002530f604020, 0x000002530f6040d8]

GC Heap History (10 events):
Event: 581.884 GC heap before
{Heap before GC invocations=113 (full 6):
 garbage-first heap   total 322560K, used 275040K [0x0000000740000000, 0x0000000800000000)
  region size 1024K, 60 young (61440K), 4 survivors (4096K)
 Metaspace       used 104448K, capacity 107585K, committed 107652K, reserved 1140736K
  class space    used 14442K, capacity 15878K, committed 15924K, reserved 1048576K
}
Event: 581.888 GC heap after
{Heap after GC invocations=114 (full 6):
 garbage-first heap   total 322560K, used 219544K [0x0000000740000000, 0x0000000800000000)
  region size 1024K, 5 young (5120K), 5 survivors (5120K)
 Metaspace       used 104448K, capacity 107585K, committed 107652K, reserved 1140736K
  class space    used 14442K, capacity 15878K, committed 15924K, reserved 1048576K
}
Event: 593.690 GC heap before
{Heap before GC invocations=114 (full 6):
 garbage-first heap   total 322560K, used 275864K [0x0000000740000000, 0x0000000800000000)
  region size 1024K, 60 young (61440K), 5 survivors (5120K)
 Metaspace       used 104481K, capacity 107649K, committed 107908K, reserved 1140736K
  class space    used 14442K, capacity 15878K, committed 15924K, reserved 1048576K
}
Event: 593.696 GC heap after
{Heap after GC invocations=115 (full 6):
 garbage-first heap   total 322560K, used 220260K [0x0000000740000000, 0x0000000800000000)
  region size 1024K, 5 young (5120K), 5 survivors (5120K)
 Metaspace       used 104481K, capacity 107649K, committed 107908K, reserved 1140736K
  class space    used 14442K, capacity 15878K, committed 15924K, reserved 1048576K
}
Event: 609.820 GC heap before
{Heap before GC invocations=116 (full 6):
 garbage-first heap   total 322560K, used 275556K [0x0000000740000000, 0x0000000800000000)
  region size 1024K, 60 young (61440K), 5 survivors (5120K)
 Metaspace       used 104531K, capacity 107713K, committed 107908K, reserved 1140736K
  class space    used 14442K, capacity 15878K, committed 15924K, reserved 1048576K
}
Event: 609.825 GC heap after
{Heap after GC invocations=117 (full 6):
 garbage-first heap   total 322560K, used 220954K [0x0000000740000000, 0x0000000800000000)
  region size 1024K, 6 young (6144K), 6 survivors (6144K)
 Metaspace       used 104531K, capacity 107713K, committed 107908K, reserved 1140736K
  class space    used 14442K, capacity 15878K, committed 15924K, reserved 1048576K
}
Event: 622.712 GC heap before
{Heap before GC invocations=117 (full 6):
 garbage-first heap   total 322560K, used 276250K [0x0000000740000000, 0x0000000800000000)
  region size 1024K, 60 young (61440K), 6 survivors (6144K)
 Metaspace       used 104599K, capacity 107777K, committed 107908K, reserved 1140736K
  class space    used 14442K, capacity 15878K, committed 15924K, reserved 1048576K
}
Event: 622.717 GC heap after
{Heap after GC invocations=118 (full 6):
 garbage-first heap   total 322560K, used 221882K [0x0000000740000000, 0x0000000800000000)
  region size 1024K, 6 young (6144K), 6 survivors (6144K)
 Metaspace       used 104599K, capacity 107777K, committed 107908K, reserved 1140736K
  class space    used 14442K, capacity 15878K, committed 15924K, reserved 1048576K
}
Event: 629.267 GC heap before
{Heap before GC invocations=119 (full 6):
 garbage-first heap   total 322560K, used 277178K [0x0000000740000000, 0x0000000800000000)
  region size 1024K, 60 young (61440K), 6 survivors (6144K)
 Metaspace       used 104765K, capacity 107970K, committed 108164K, reserved 1142784K
  class space    used 14442K, capacity 15878K, committed 15924K, reserved 1048576K
}
Event: 629.272 GC heap after
{Heap after GC invocations=120 (full 6):
 garbage-first heap   total 322560K, used 222372K [0x0000000740000000, 0x0000000800000000)
  region size 1024K, 5 young (5120K), 5 survivors (5120K)
 Metaspace       used 104765K, capacity 107970K, committed 108164K, reserved 1142784K
  class space    used 14442K, capacity 15878K, committed 15924K, reserved 1048576K
}

Deoptimization events (10 events):
Event: 606.625 Thread 0x000002537fada800 Uncommon trap: reason=bimorphic_or_optimized_type_check action=maybe_recompile pc=0x000002530fa97554 method=java.awt.Component.imageUpdate(Ljava/awt/Image;IIIII)Z @ 61 c2
Event: 606.625 Thread 0x000002537fada800 Uncommon trap: reason=bimorphic_or_optimized_type_check action=maybe_recompile pc=0x000002530fa97554 method=java.awt.Component.imageUpdate(Ljava/awt/Image;IIIII)Z @ 61 c2
Event: 606.625 Thread 0x000002537fada800 Uncommon trap: reason=bimorphic_or_optimized_type_check action=maybe_recompile pc=0x000002530fa97554 method=java.awt.Component.imageUpdate(Ljava/awt/Image;IIIII)Z @ 61 c2
Event: 606.625 Thread 0x000002537fada800 Uncommon trap: reason=bimorphic_or_optimized_type_check action=maybe_recompile pc=0x000002530fa97554 method=java.awt.Component.imageUpdate(Ljava/awt/Image;IIIII)Z @ 61 c2
Event: 623.875 Thread 0x00000252f6071000 Uncommon trap: reason=unstable_if action=reinterpret pc=0x000002530fd50ad8 method=sun.java2d.marlin.MarlinTileGenerator.getAlphaRLE([BII)V @ 1279 c2
Event: 625.116 Thread 0x00000252f6071000 Uncommon trap: reason=unstable_if action=reinterpret pc=0x000002531066a70c method=sun.java2d.marlin.MarlinTileGenerator.getAlphaRLE([BII)V @ 1631 c2
Event: 625.659 Thread 0x00000252f6071000 Uncommon trap: reason=unstable_if action=reinterpret pc=0x00000253106792c0 method=sun.java2d.marlin.MarlinTileGenerator.getAlphaRLE([BII)V @ 1583 c2
Event: 625.675 Thread 0x00000252f6071000 Uncommon trap: reason=unstable_if action=reinterpret pc=0x000002530fc51ddc method=sun.java2d.marlin.MarlinTileGenerator.getAlphaRLE([BII)V @ 867 c2
Event: 626.124 Thread 0x00000252f6071000 Uncommon trap: reason=unstable_if action=reinterpret pc=0x00000253106846a4 method=sun.java2d.marlin.MarlinTileGenerator.getAlphaRLE([BII)V @ 936 c2
Event: 627.128 Thread 0x00000252f6071000 Uncommon trap: reason=unstable_if action=reinterpret pc=0x000002531068b30c method=sun.java2d.marlin.MarlinTileGenerator.getAlphaRLE([BII)V @ 1415 c2

Classes redefined (0 events):
No events

Internal exceptions (10 events):
Event: 627.942 Thread 0x00000252f6071000 Exception <a 'java/io/FileNotFoundException'{0x00000007509d2ca8}> (0x00000007509d2ca8) thrown at [t:/workspace/open/src/hotspot/share/prims/jni.cpp, line 615]
Event: 627.999 Thread 0x00000252f6071000 Exception <a 'java/io/FileNotFoundException'{0x000000075087e6e8}> (0x000000075087e6e8) thrown at [t:/workspace/open/src/hotspot/share/prims/jni.cpp, line 615]
Event: 628.066 Thread 0x00000252f6071000 Exception <a 'java/io/FileNotFoundException'{0x0000000750881210}> (0x0000000750881210) thrown at [t:/workspace/open/src/hotspot/share/prims/jni.cpp, line 615]
Event: 628.291 Thread 0x00000252f6071000 Exception <a 'java/io/FileNotFoundException'{0x0000000750768820}> (0x0000000750768820) thrown at [t:/workspace/open/src/hotspot/share/prims/jni.cpp, line 615]
Event: 628.596 Thread 0x00000252f6071000 Exception <a 'java/io/FileNotFoundException'{0x00000007507f1bc8}> (0x00000007507f1bc8) thrown at [t:/workspace/open/src/hotspot/share/prims/jni.cpp, line 615]
Event: 628.596 Thread 0x00000252f6071000 Exception <a 'java/io/FileNotFoundException'{0x00000007507f2b90}> (0x00000007507f2b90) thrown at [t:/workspace/open/src/hotspot/share/prims/jni.cpp, line 615]
Event: 628.799 Thread 0x00000252f6071000 Exception <a 'java/io/FileNotFoundException'{0x00000007507fc220}> (0x00000007507fc220) thrown at [t:/workspace/open/src/hotspot/share/prims/jni.cpp, line 615]
Event: 629.081 Thread 0x00000252f6071000 Exception <a 'java/io/FileNotFoundException'{0x000000075064b9d0}> (0x000000075064b9d0) thrown at [t:/workspace/open/src/hotspot/share/prims/jni.cpp, line 615]
Event: 629.154 Thread 0x00000252f6071000 Exception <a 'java/io/FileNotFoundException'{0x0000000750652190}> (0x0000000750652190) thrown at [t:/workspace/open/src/hotspot/share/prims/jni.cpp, line 615]
Event: 630.266 Thread 0x00000252f6071000 Exception <a 'java/io/FileNotFoundException'{0x00000007530ca558}> (0x00000007530ca558) thrown at [t:/workspace/open/src/hotspot/share/prims/jni.cpp, line 615]

Events (10 events):
Event: 629.851 Thread 0x0000025389ba5000 Thread exited: 0x0000025389ba5000
Event: 630.075 Thread 0x0000025389ba2800 Thread added: 0x0000025389ba2800
Event: 630.078 Thread 0x0000025389ba2800 Thread exited: 0x0000025389ba2800
Event: 630.176 Thread 0x000002537fad8800 Thread added: 0x000002537fad8800
Event: 630.179 Thread 0x000002537fad8800 Thread exited: 0x000002537fad8800
Event: 630.275 Thread 0x00000252f29d3000 Thread added: 0x00000252f29d3000
Event: 630.278 Thread 0x00000252f29d3000 Thread exited: 0x00000252f29d3000
Event: 630.509 Thread 0x0000025380cc7800 Thread added: 0x0000025380cc7800
Event: 630.512 Thread 0x0000025380cc7800 Thread exited: 0x0000025380cc7800
Event: 630.828 Thread 0x000002537fad8800 Thread added: 0x000002537fad8800


Dynamic libraries:
0x00007ff652020000 - 0x00007ff65204f000 	E:\Xilinx\Vivado\2020.2\bin\unwrapped\win64.o\vivado.exe
0x00007ff801850000 - 0x00007ff801a48000 	C:\WINDOWS\SYSTEM32\ntdll.dll
0x00007ff800d20000 - 0x00007ff800ddd000 	C:\WINDOWS\System32\KERNEL32.DLL
0x00007fffff4b0000 - 0x00007fffff7a6000 	C:\WINDOWS\System32\KERNELBASE.dll
0x00007fffff380000 - 0x00007fffff480000 	C:\WINDOWS\System32\ucrtbase.dll
0x00007fffd8200000 - 0x00007fffd828e000 	C:\WINDOWS\SYSTEM32\MSVCP140.dll
0x00007fffd8d80000 - 0x00007fffd8d9b000 	C:\WINDOWS\SYSTEM32\VCRUNTIME140.dll
0x00007fffa1290000 - 0x00007fffa2407000 	E:\Xilinx\Vivado\2020.2\lib\win64.o\librdi_common.dll
0x00007ffffaa50000 - 0x00007ffffaa68000 	E:\Xilinx\Vivado\2020.2\lib\win64.o\librdi_commonmain.dll
0x00007fffd0170000 - 0x00007fffd0183000 	E:\Xilinx\Vivado\2020.2\lib\win64.o\libboost_signals.dll
0x00007ff800b30000 - 0x00007ff800cce000 	C:\WINDOWS\System32\USER32.dll
0x00007ffffef10000 - 0x00007ffffef32000 	C:\WINDOWS\System32\win32u.dll
0x00007fffd8da0000 - 0x00007fffd8dac000 	C:\WINDOWS\SYSTEM32\VCRUNTIME140_1.dll
0x00007ff800cf0000 - 0x00007ff800d1c000 	C:\WINDOWS\System32\GDI32.dll
0x00007ffffef40000 - 0x00007fffff05a000 	C:\WINDOWS\System32\gdi32full.dll
0x00007fffff2e0000 - 0x00007fffff37d000 	C:\WINDOWS\System32\msvcp_win.dll
0x00007fffffad0000 - 0x00007fffffb83000 	C:\WINDOWS\System32\ADVAPI32.dll
0x00007fffffbf0000 - 0x00007fffffc8e000 	C:\WINDOWS\System32\msvcrt.dll
0x00007fffd0140000 - 0x00007fffd0162000 	E:\Xilinx\Vivado\2020.2\lib\win64.o\libboost_filesystem.dll
0x00007ff801770000 - 0x00007ff80180f000 	C:\WINDOWS\System32\sechost.dll
0x00007ffff9e30000 - 0x00007ffff9e39000 	E:\Xilinx\Vivado\2020.2\lib\win64.o\librdi_commonversion.dll
0x00007ff8001f0000 - 0x00007ff800316000 	C:\WINDOWS\System32\RPCRT4.dll
0x00007fffcffa0000 - 0x00007fffd0139000 	E:\Xilinx\Vivado\2020.2\lib\win64.o\librdi_commonxillic.dll
0x00007fffff480000 - 0x00007fffff4a7000 	C:\WINDOWS\System32\bcrypt.dll
0x00007ff800030000 - 0x00007ff80009b000 	C:\WINDOWS\System32\WS2_32.dll
0x00007ff800330000 - 0x00007ff800a75000 	C:\WINDOWS\System32\SHELL32.dll
0x00000000770f0000 - 0x000000007721b000 	E:\Xilinx\Vivado\2020.2\lib\win64.o\tcl85t.dll
0x00007fffc0f80000 - 0x00007fffc12ee000 	E:\Xilinx\Vivado\2020.2\lib\win64.o\libCOIN-all.dll
0x00007fffcff90000 - 0x00007fffcffa0000 	E:\Xilinx\Vivado\2020.2\lib\win64.o\libboost_date_time.dll
0x00007fffc0f00000 - 0x00007fffc0f73000 	E:\Xilinx\Vivado\2020.2\lib\win64.o\libboost_program_options.dll
0x00007fffc0de0000 - 0x00007fffc0ef1000 	E:\Xilinx\Vivado\2020.2\lib\win64.o\libboost_regex.dll
0x00007fffcff80000 - 0x00007fffcff89000 	E:\Xilinx\Vivado\2020.2\lib\win64.o\libboost_system.dll
0x00007fffcff60000 - 0x00007fffcff7e000 	E:\Xilinx\Vivado\2020.2\lib\win64.o\libboost_thread.dll
0x00007fffc4a90000 - 0x00007fffc4a9c000 	E:\Xilinx\Vivado\2020.2\lib\win64.o\libboost_xilinx.dll
0x00007fffbd3d0000 - 0x00007fffbd452000 	E:\Xilinx\Vivado\2020.2\lib\win64.o\libhdlpsolve.dll
0x00007fffbd320000 - 0x00007fffbd3c5000 	E:\Xilinx\Vivado\2020.2\lib\win64.o\libhdxml.dll
0x00007fff91010000 - 0x00007fff91e02600 	E:\Xilinx\Vivado\2020.2\lib\win64.o\libisl_iostreams.dll
0x00007fffbd2b0000 - 0x00007fffbd315000 	E:\Xilinx\Vivado\2020.2\lib\win64.o\liblmx6.0.dll
0x00007fffc4a60000 - 0x00007fffc4a88000 	E:\Xilinx\Vivado\2020.2\lib\win64.o\libisl_sysinfo.dll
0x00007fffc4a40000 - 0x00007fffc4a5a000 	E:\Xilinx\Vivado\2020.2\lib\win64.o\pthreadVC2.dll
0x00007fffc0dc0000 - 0x00007fffc0ddc000 	E:\Xilinx\Vivado\2020.2\lib\win64.o\librdiconfig.dll
0x00007fffc0d10000 - 0x00007fffc0d31000 	E:\Xilinx\Vivado\2020.2\lib\win64.o\librdizlib.dll
0x00007ff8000a0000 - 0x00007ff8000f5000 	C:\WINDOWS\System32\SHLWAPI.dll
0x0000000012000000 - 0x0000000012270000 	E:\Xilinx\Vivado\2020.2\lib\win64.o\xerces-c_3_1.dll
0x00007fffbc930000 - 0x00007fffbcc0b000 	E:\Xilinx\Vivado\2020.2\lib\win64.o\libXil_lmgr11.dll
0x00007ff800110000 - 0x00007ff8001ea000 	C:\WINDOWS\System32\COMDLG32.dll
0x00007fffffc90000 - 0x00007ffffffe4000 	C:\WINDOWS\System32\combase.dll
0x00007ff800a80000 - 0x00007ff800b2d000 	C:\WINDOWS\System32\shcore.dll
0x00007fffef4e0000 - 0x00007fffef9b6000 	C:\WINDOWS\SYSTEM32\WININET.dll
0x00007fffefe40000 - 0x00007fffefe59000 	C:\WINDOWS\SYSTEM32\NETAPI32.dll
0x00007ffff7c40000 - 0x00007ffff7d4a000 	C:\WINDOWS\SYSTEM32\WINHTTP.dll
0x00007ff800f90000 - 0x00007ff80105d000 	C:\WINDOWS\System32\OLEAUT32.dll
0x00007ff800de0000 - 0x00007ff800f0b000 	C:\WINDOWS\System32\ole32.dll
0x00007fffff060000 - 0x00007fffff0c7000 	C:\WINDOWS\System32\WINTRUST.dll
0x00007ffff10f0000 - 0x00007ffff12dd000 	C:\WINDOWS\SYSTEM32\urlmon.dll
0x00007fffff180000 - 0x00007fffff2dd000 	C:\WINDOWS\System32\CRYPT32.dll
0x00007fffeb4a0000 - 0x00007fffeb4a9000 	C:\WINDOWS\SYSTEM32\WSOCK32.dll
0x00007fffc4aa0000 - 0x00007fffc4ad1000 	C:\WINDOWS\SYSTEM32\VCOMP140.DLL
0x00007fff8f0f0000 - 0x00007fff91007000 	E:\Xilinx\Vivado\2020.2\lib\win64.o\gurobi90.dll
0x00007ff801290000 - 0x00007ff8012e6000 	C:\WINDOWS\System32\WLDAP32.dll
0x00007ff800320000 - 0x00007ff800328000 	C:\WINDOWS\System32\Normaliz.dll
0x00007fffc4a30000 - 0x00007fffc4a3c000 	E:\Xilinx\Vivado\2020.2\lib\win64.o\libboost_chrono.dll
0x00007fffc0da0000 - 0x00007fffc0db6000 	E:\Xilinx\Vivado\2020.2\lib\win64.o\libboost_iostreams.dll
0x00007fffbd280000 - 0x00007fffbd2a3000 	E:\Xilinx\Vivado\2020.2\lib\win64.o\libisl_iosutils.dll
0x00007fffeccd0000 - 0x00007fffecd80000 	C:\WINDOWS\WinSxS\amd64_microsoft.windows.common-controls_6595b64144ccf1df_5.82.19041.3636_none_7931fb75243f97c8\COMCTL32.dll
0x00007ffff8fb0000 - 0x00007ffff8fcd000 	C:\WINDOWS\SYSTEM32\dhcpcsvc.DLL
0x00007ffff0e30000 - 0x00007ffff10ec000 	C:\WINDOWS\SYSTEM32\iertutil.dll
0x00007ffff0e00000 - 0x00007ffff0e28000 	C:\WINDOWS\SYSTEM32\srvcli.dll
0x00007ffffe3d0000 - 0x00007ffffe3dc000 	C:\WINDOWS\SYSTEM32\netutils.dll
0x00007ffffe630000 - 0x00007ffffe69a000 	C:\WINDOWS\SYSTEM32\MSWSOCK.DLL
0x00007ff800000000 - 0x00007ff800030000 	C:\WINDOWS\System32\IMM32.DLL
0x00007ffffea60000 - 0x00007ffffea72000 	C:\WINDOWS\SYSTEM32\MSASN1.dll
0x00007ffffd7a0000 - 0x00007ffffd7b2000 	C:\WINDOWS\SYSTEM32\kernel.appcore.dll
0x00007fffa2be0000 - 0x00007fffa3102000 	E:\Xilinx\Vivado\2020.2\lib\win64.o\librdi_commontasks.dll
0x00007ffff9700000 - 0x00007ffff970a000 	C:\WINDOWS\SYSTEM32\VERSION.dll
0x00007fffbc650000 - 0x00007fffbc925000 	E:\Xilinx\Vivado\2020.2\lib\win64.o\librdi_sio.dll
0x00007fff8e5c0000 - 0x00007fff8f0e3000 	E:\Xilinx\Vivado\2020.2\tps\win64\jre11.0.2\bin\server\jvm.dll
0x00007ff800100000 - 0x00007ff800108000 	C:\WINDOWS\System32\PSAPI.DLL
0x00007ffffe2c0000 - 0x00007ffffe2fb000 	C:\WINDOWS\SYSTEM32\IPHLPAPI.DLL
0x00007fffeb4c0000 - 0x00007fffeb4e7000 	C:\WINDOWS\SYSTEM32\WINMM.dll
0x00007ffffcd20000 - 0x00007ffffd4bb000 	C:\WINDOWS\SYSTEM32\windows.storage.dll
0x00007ffffe8d0000 - 0x00007ffffe8fd000 	C:\WINDOWS\SYSTEM32\Wldp.dll
0x00007fff898e0000 - 0x00007fff8c39e000 	E:\Xilinx\Vivado\2020.2\lib\win64.o\librdi_tcltasks.dll
0x00007fffa2730000 - 0x00007fffa2bd6000 	E:\Xilinx\Vivado\2020.2\lib\win64.o\librdi_bitstream.dll
0x00007fffa10d0000 - 0x00007fffa1283000 	E:\Xilinx\Vivado\2020.2\lib\win64.o\librdi_board.dll
0x00007fffbd200000 - 0x00007fffbd27e000 	E:\Xilinx\Vivado\2020.2\lib\win64.o\librdi_boarddep.dll
0x00007fffbcff0000 - 0x00007fffbd0e6000 	E:\Xilinx\Vivado\2020.2\lib\win64.o\librdi_chipscope.dll
0x00007fffa0a20000 - 0x00007fffa0c0a000 	E:\Xilinx\Vivado\2020.2\lib\win64.o\librdi_chipscopeimpl.dll
0x00007fff87ab0000 - 0x00007fff898dc000 	E:\Xilinx\Vivado\2020.2\lib\win64.o\librdi_constraints.dll
0x00007fffa08b0000 - 0x00007fffa0a11000 	E:\Xilinx\Vivado\2020.2\lib\win64.o\librdi_containers.dll
0x00007fff83450000 - 0x00007fff8580d000 	E:\Xilinx\Vivado\2020.2\lib\win64.o\librdi_coregen.dll
0x00007fff8dea0000 - 0x00007fff8e5b8000 	E:\Xilinx\Vivado\2020.2\lib\win64.o\librdi_coregenipxact.dll
0x00007fff816e0000 - 0x00007fff83441000 	E:\Xilinx\Vivado\2020.2\lib\win64.o\librdi_designutils.dll
0x00007fffa0540000 - 0x00007fffa08a8000 	E:\Xilinx\Vivado\2020.2\lib\win64.o\librdi_dlyest.dll
0x00007fff57d40000 - 0x00007fff7031f000 	E:\Xilinx\Vivado\2020.2\lib\win64.o\librdi_device.dll
0x00007fff8d840000 - 0x00007fff8de9d000 	E:\Xilinx\Vivado\2020.2\lib\win64.o\librdi_drc.dll
0x00007fffa0480000 - 0x00007fffa0533000 	E:\Xilinx\Vivado\2020.2\lib\win64.o\librdi_dsp.dll
0x00007fff8d170000 - 0x00007fff8d832000 	E:\Xilinx\Vivado\2020.2\lib\win64.o\librdi_filemgmt.dll
0x00007fff9f020000 - 0x00007fff9f33d000 	E:\Xilinx\Vivado\2020.2\lib\win64.o\librdi_guitools.dll
0x00007fffbcf80000 - 0x00007fffbcfeb000 	E:\Xilinx\Vivado\2020.2\lib\win64.o\librdi_hdf.dll
0x00007fff8cef0000 - 0x00007fff8d167000 	E:\Xilinx\Vivado\2020.2\lib\win64.o\librdi_hip_devdesign.dll
0x00007fffa0330000 - 0x00007fffa0477000 	E:\Xilinx\Vivado\2020.2\lib\win64.o\librdi_hip_perf_analysis.dll
0x00007fff7fb00000 - 0x00007fff816d4000 	E:\Xilinx\Vivado\2020.2\lib\win64.o\librdi_implflow.dll
0x00007fff8c7c0000 - 0x00007fff8ce0c000 	E:\Xilinx\Vivado\2020.2\lib\win64.o\librdi_memdata.dll
0x00007fffb68b0000 - 0x00007fffb6922000 	E:\Xilinx\Vivado\2020.2\lib\win64.o\librdi_memoryarray.dll
0x00007fff7d6b0000 - 0x00007fff7faf4000 	E:\Xilinx\Vivado\2020.2\lib\win64.o\librdi_mig.dll
0x00007fff87380000 - 0x00007fff87aac000 	E:\Xilinx\Vivado\2020.2\lib\win64.o\librdi_netlist.dll
0x00007fff7a4a0000 - 0x00007fff7d6a7000 	E:\Xilinx\Vivado\2020.2\lib\win64.o\librdi_place.dll
0x00007fffbc5f0000 - 0x00007fffbc644000 	E:\Xilinx\Vivado\2020.2\lib\win64.o\librdi_pfi.dll
0x00007fff86b60000 - 0x00007fff87377000 	E:\Xilinx\Vivado\2020.2\lib\win64.o\librdi_power.dll
0x00007fff8c420000 - 0x00007fff8c7be000 	E:\Xilinx\Vivado\2020.2\lib\win64.o\librdi_platform.dll
0x00007fff79e20000 - 0x00007fff7a494000 	E:\Xilinx\Vivado\2020.2\lib\win64.o\librdi_project.dll
0x00007fff78ee0000 - 0x00007fff796ec000 	E:\Xilinx\Vivado\2020.2\lib\win64.o\librdi_rsb.dll
0x00007fff796f0000 - 0x00007fff79e12000 	E:\Xilinx\Vivado\2020.2\lib\win64.o\librdi_psta.dll
0x00007fff789b0000 - 0x00007fff78edb000 	E:\Xilinx\Vivado\2020.2\lib\win64.o\librdi_runs.dll
0x00007fff9ef10000 - 0x00007fff9f019000 	E:\Xilinx\Vivado\2020.2\lib\win64.o\librdi_runsbase.dll
0x00007fff85e30000 - 0x00007fff860a4000 	E:\Xilinx\Vivado\2020.2\lib\win64.o\librdi_simdata.dll
0x00007fff77a20000 - 0x00007fff789a1000 	E:\Xilinx\Vivado\2020.2\lib\win64.o\librdi_timing.dll
0x00007fff86a40000 - 0x00007fff86b56000 	E:\Xilinx\Vivado\2020.2\lib\win64.o\librdi_xhub.dll
0x00007fffa0220000 - 0x00007fffa02c7000 	E:\Xilinx\Vivado\2020.2\lib\win64.o\librdi_xhubtasks.dll
0x00007fff85a40000 - 0x00007fff85c2b000 	E:\Xilinx\Vivado\2020.2\lib\win64.o\librdi_advchipscopeimpl.dll
0x00007fffa26e0000 - 0x00007fffa2727000 	E:\Xilinx\Vivado\2020.2\lib\win64.o\libboost_serialization.dll
0x00007fffa1060000 - 0x00007fffa10ca000 	E:\Xilinx\Vivado\2020.2\lib\win64.o\librdi_noc_frameworks.dll
0x00007fff9f360000 - 0x00007fff9f3a6000 	E:\Xilinx\Vivado\2020.2\lib\win64.o\libboost_graph.dll
0x00007fff86950000 - 0x00007fff86a3b000 	E:\Xilinx\Vivado\2020.2\lib\win64.o\librdi_ipconfig_readwrite.dll
0x00007fff866b0000 - 0x00007fff86776000 	E:\Xilinx\Vivado\2020.2\lib\win64.o\librdi_bda.dll
0x00007fff772b0000 - 0x00007fff77a17000 	E:\Xilinx\Vivado\2020.2\lib\win64.o\librdi_ippcw.dll
0x00007fff76750000 - 0x00007fff772a6000 	E:\Xilinx\Vivado\2020.2\lib\win64.o\libverific.dll

dbghelp: loaded successfully - version: 4.0.5 - missing functions: none
symbol engine: initialized successfully - sym options: 0x614 - pdb path: .;E:\Xilinx\Vivado\2020.2\bin\unwrapped\win64.o;C:\WINDOWS\SYSTEM32;E:\Xilinx\Vivado\2020.2\lib\win64.o;C:\WINDOWS\WinSxS\amd64_microsoft.windows.common-controls_6595b64144ccf1df_5.82.19041.3636_none_7931fb75243f97c8;E:\Xilinx\Vivado\2020.2\tps\win64\jre11.0.2\bin\server;E:\Xilinx\Vivado\2020.2\tps\win64\python-3.8.3;E:\Xilinx\Vivado\2020.2\tps\win64\jre11.0.2\bin;C:\WINDOWS\WinSxS\amd64_microsoft.windows.common-controls_6595b64144ccf1df_6.0.19041.3636_none_60b6a03d71f818d5;C:\Windows\System32\IME\IMEKR;C:\Windows\System32\IME\shared;E:\Xilinx\Vivado\2020.2\tps\win64\javafx-sdk-11.0.2\bin;C:\WINDOWS\System32\DriverStore\FileRepository\iigd_dch.inf_amd64_518f2921ba495409

VM Arguments:
jvm_args: -Dsun.java2d.pmoffscreen=false -Dhttps.protocols=TLSv1,TLSv1.1,TLSv1.2 -Dsun.java2d.xrender=false -Dsun.java2d.d3d=false -Dsun.awt.nopixfmt=true -Dsun.java2d.dpiaware=true -Dsun.java2d.uiScale.enabled=false -Xverify:none -Dswing.aatext=true -XX:-UsePerfData -Djdk.map.althashing.threshold=512 -XX:StringTableSize=4072 --add-opens=java.base/java.nio=ALL-UNNAMED --add-opens=java.desktop/sun.swing=ALL-UNNAMED --add-opens=java.desktop/javax.swing=ALL-UNNAMED --add-opens=java.desktop/javax.swing.tree=ALL-UNNAMED --add-opens=java.desktop/javax.swing.plaf.basic=ALL-UNNAMED --add-opens=java.desktop/javax.swing.plaf.synth=ALL-UNNAMED --add-opens=java.desktop/com.sun.awt=ALL-UNNAMED -XX:NewSize=60m -XX:MaxNewSize=60m -Xms128m -Xmx3072m -Xss5m 
java_command: <unknown>
java_class_path (initial): E:/Xilinx/Vivado/2020.2\lib\classes\alloy.jar;E:/Xilinx/Vivado/2020.2\lib\classes\ArchiveSummary.jar;E:/Xilinx/Vivado/2020.2\lib\classes\autoesl-models.jar;E:/Xilinx/Vivado/2020.2\lib\classes\autopilot.scelaborator.jar;E:/Xilinx/Vivado/2020.2\lib\classes\autopilot.sourceprocessor.jar;E:/Xilinx/Vivado/2020.2\lib\classes\autopilot.tbprocessor.jar;E:/Xilinx/Vivado/2020.2\lib\classes\batik-anim.jar;E:/Xilinx/Vivado/2020.2\lib\classes\batik-awt-util.jar;E:/Xilinx/Vivado/2020.2\lib\classes\batik-bridge.jar;E:/Xilinx/Vivado/2020.2\lib\classes\batik-codec.jar;E:/Xilinx/Vivado/2020.2\lib\classes\batik-css.jar;E:/Xilinx/Vivado/2020.2\lib\classes\batik-dom.jar;E:/Xilinx/Vivado/2020.2\lib\classes\batik-ext.jar;E:/Xilinx/Vivado/2020.2\lib\classes\batik-gui-util.jar;E:/Xilinx/Vivado/2020.2\lib\classes\batik-gvt.jar;E:/Xilinx/Vivado/2020.2\lib\classes\batik-parser.jar;E:/Xilinx/Vivado/2020.2\lib\classes\batik-script.jar;E:/Xilinx/Vivado/2020.2\lib\classes\batik-svg-dom.jar;E:/Xilinx/Vivado/2020.2\lib\classes\batik-swing.jar;E:/Xilinx/Vivado/2020.2\lib\classes\batik-transcoder.jar;E:/Xilinx/Vivado/2020.2\lib\classes\batik-util.jar;E:/Xilinx/Vivado/2020.2\lib\classes\batik-xml.jar;E:/Xilinx/Vivado/2020.2\lib\classes\com.google.gson_2.8.2.v20180104-1110.jar;E:/Xilinx/Vivado/2020.2\lib\classes\com.google.guava_27.1.0.v20190517-1946.jar;E:/Xilinx/Vivado/2020.2\lib\classes\com.ibm.icu_4.4.2.v20110208.jar;E:/Xilinx/Vivado/2020.2\lib\classes\com.sigasi.hdt.connection_4.9.0.202009050929.jar;E:/Xilinx/Vivado/2020.2\lib\classes\com.sigasi.hdt.epl_4.9.0.202009050929.jar;E:/Xilinx/Vivado/2020.2\lib\classes\com.sigasi.hdt.project_4.9.0.202009050929.jar;E:/Xilinx/Vivado/2020.2\lib\classes\com.sigasi.hdt.readonlyfilesystem_4.9.0.202009050929.jar;E:/Xilinx/Vivado/2020.2\lib\classes\com.sigasi.lcm_4.9.0.202009050929.jar;E:/Xilinx/Vivado/2020.2\lib\classes\com.sigasi.sdk.client_4.9.0.202009050929.jar;E:/Xilinx/Vivado/2020.2\lib\classes\com.xilinx.hls.services.jar;E:/Xili
Launcher Type: generic

[Global flags]
     bool BytecodeVerificationLocal                = false                                     {product} {command line}
     bool BytecodeVerificationRemote               = false                                     {product} {command line}
     intx CICompilerCount                          = 3                                         {product} {ergonomic}
     uint ConcGCThreads                            = 2                                         {product} {ergonomic}
     uint G1ConcRefinementThreads                  = 6                                         {product} {ergonomic}
   size_t G1HeapRegionSize                         = 1048576                                   {product} {ergonomic}
    uintx GCDrainStackTargetSize                   = 64                                        {product} {ergonomic}
   size_t InitialHeapSize                          = 134217728                                 {product} {command line}
   size_t MarkStackSize                            = 4194304                                   {product} {ergonomic}
   size_t MaxHeapSize                              = 3221225472                                {product} {command line}
   size_t MaxNewSize                               = 62914560                                  {product} {command line}
   size_t MinHeapDeltaBytes                        = 1048576                                   {product} {ergonomic}
   size_t NewSize                                  = 62914560                                  {product} {command line}
    uintx NonNMethodCodeHeapSize                   = 5830092                                {pd product} {ergonomic}
    uintx NonProfiledCodeHeapSize                  = 122914074                              {pd product} {ergonomic}
    uintx ProfiledCodeHeapSize                     = 122914074                              {pd product} {ergonomic}
    uintx ReservedCodeCacheSize                    = 251658240                              {pd product} {ergonomic}
     bool SegmentedCodeCache                       = true                                      {product} {ergonomic}
    uintx StringTableSize                          = 4072                                      {product} {command line}
     intx ThreadStackSize                          = 5120                                   {pd product} {command line}
     bool UseCompressedClassPointers               = true                                 {lp64_product} {ergonomic}
     bool UseCompressedOops                        = true                                 {lp64_product} {ergonomic}
     bool UseG1GC                                  = true                                      {product} {ergonomic}
     bool UseLargePagesIndividualAllocation        = false                                  {pd product} {ergonomic}
     bool UsePerfData                              = false                                     {product} {command line}

Logging:
Log output configuration:
 #0: stdout all=warning uptime,level,tags
 #1: stderr all=off uptime,level,tags

Environment Variables:
PATH=E:/Xilinx/Vivado/2020.2\gnuwin\bin;E:/Xilinx/Vivado/2020.2\gnu\microblaze\nt\bin;E:/Xilinx/Vivado/2020.2/bin;E:/Xilinx/Vivado/2020.2/tps/win64/javafx-sdk-11.0.2/lib;E:/Xilinx/Vivado/2020.2/tps/win64/javafx-sdk-11.0.2/bin;E:/Xilinx/Vivado/2020.2/lib/win64.o;E:/Xilinx/Vivado/2020.2/tps/win64/jre11.0.2/bin/server;E:/Xilinx/Vivado/2020.2/tps/win64/jre11.0.2/bin;E:/Xilinx/Vitis/2020.2/bin;E:/Xilinx/Vivado/2020.2/ids_lite/ISE/bin/nt64;E:/Xilinx/Vivado/2020.2/ids_lite/ISE/lib/nt64;E:/Xilinx/Vitis_HLS/2020.2/bin;C:\Users\QC109_4\anaconda3;C:\Users\QC109_4\anaconda3\Library\mingw-w64\bin;C:\Users\QC109_4\anaconda3\Library\usr\bin;C:\Users\QC109_4\anaconda3\Library\bin;C:\Users\QC109_4\anaconda3\Scripts;C:\Program Files\ImageMagick-7.1.1-Q16-HDRI;C:\WINDOWS\system32;C:\WINDOWS;C:\WINDOWS\System32\Wbem;C:\WINDOWS\System32\WindowsPowerShell\v1.0\;C:\WINDOWS\System32\OpenSSH\;E:\Users\QC109_4\matlab\bin;C:\Program Files\Microsoft SQL Server\120\Tools\Binn\;C:\Program Files\dotnet\;C:\Program Files\Git\cmd;C:\Program Files (x86)\ZeinSoft\ComVoy\2.0\agent;C:\Program Files (x86)\GnuWin32\bin;C:\Program Files (x86)\GNU Arm Embedded Toolchain\10 2021.10\bin;E:\RFSoC\gs10.01.2\bin;E:\LLVM\bin;C:\Users\QC109_4\AppData\Local\Programs\Python\Python311\Scripts\;C:\Users\QC109_4\AppData\Local\Programs\Python\Python311\;C:\Program Files (x86)\Arm GNU Toolchain aarch64-none-elf\12.3 rel1\bin;C:\Users\QC109_4\AppData\Local\Microsoft\WindowsApps;C:\Program Files\Bandizip\;C:\ProgramData\Anaconda3\Library;C:\Users\QC109_4\AppData\Local\Programs\Microsoft VS Code\bin;C:\Users\QC109_4\AppData\Local\GitHubDesktop\bin;C:\Users\QC109_4\AppData\Local\Programs\Julia-1.9.2\bin;E:\texlive\2023\bin\windows;C:\Users\QC109_4\mingw64\bin;E:/Xilinx/Vivado/2020.2\tps\mingw\6.2.0\win64.o\nt\bin;E:/Xilinx/Vivado/2020.2\tps\mingw\6.2.0\win64.o\nt\libexec\gcc\x86_64-w64-mingw32\6.2.0;E:/Xilinx/Vivado/2020.2\tps\win64\python-3.8.3;E:/Xilinx/Vivado/2020.2\tps\win64\python-3.8.3\bin;E:/Xilinx/Vivado/2020.2\tps\win
USERNAME=QC109_4
OS=Windows_NT
PROCESSOR_IDENTIFIER=Intel64 Family 6 Model 158 Stepping 10, GenuineIntel



---------------  S Y S T E M  ---------------

OS: Windows 10 , 64 bit Build 19041 (10.0.19041.3636)

CPU:total 6 (initial active 6) (6 cores per cpu, 1 threads per core) family 6 model 158 stepping 10, cmov, cx8, fxsr, mmx, sse, sse2, sse3, ssse3, sse4.1, sse4.2, popcnt, avx, avx2, aes, clmul, erms, 3dnowpref, lzcnt, tsc, tscinvbit, bmi1, bmi2, adx, fma

Memory: 4k page, system-wide physical 16245M (532M free)
TotalPageFile size 31508M (AvailPageFile size 42M)
current process WorkingSet (physical memory assigned to process): 730M, peak: 3236M
current process commit charge ("private bytes"): 3234M, peak: 3246M

vm_info: OpenJDK 64-Bit Server VM (11.0.2+9) for windows-amd64 JRE (11.0.2+9), built on Jan 18 2019 05:23:22 by "mach5one" with MS VC++ 15.5 (VS2017)

END.
