# Copyright (C) 1994-2020, Concept Engineering GmbH.
# All Rights Reserved.  Cmd=logfile.
# Nlview 7.0r6  2020-01-29 bk=1.5227 VDI=41 GEI=36 GUI=JA:10.0 non-TLS
# License cookie [G|T|S|B|*] for HR="Xilinx Inc."
# -----------------------------------------------------------------------------
# -----------------------------------------------------------------------------
property attrfontsize 8
property fillcolor1
#R #441133
property fillcolor5
#R #651b4d
property -colorscheme lightblue
property shadowstyle 1
property showpinname 5
property showcellname 1
property showattribute 1
property showinstname 1
property boxminwidth 40
property boxminheight 40
#CMD bind stroke-1 -action {}
#CMD bind stroke-nw-1 -action callback -echo_type line -echo_text {Zoom fit}
#CMD bind stroke-nw-1 -action zoom_fit -echo_type line -echo_text {Zoom fit}
#CMD bind stroke-ne-1 -action zoom_out -echo_type line -echo_text {Zoom -%z}
#CMD bind stroke-se-1 -action zoom_in -echo_type rectangle -autoscroll -echo_text {Zoom area}
#CMD bind stroke-sw-1 -action zoom_in2 -echo_type line -echo_text {Zoom +%z}
module new rfconverter
#  * Current module is rfconverter 
load symbol TILE_SYMBOL v HIERBOX port a in
increment -const
load inst Tile_224 TILE_SYMBOL v -pg 1 -y 200 -x 1 -autohide -attr @cell Tile_224 -attr @name {} -attr @fillcolor #f9f7f7
attribute {pin Tile_224 a } -attr @name {}
attribute {hierPin Tile_224 a } -attr @name {}
load symbol m03 v HIERGEN port RX in attrdsp @name -cc 0 0 10
load inst ADC.Tile_224.ADC2.m03 m03 v -hier Tile_224 -pg 1 -y 201 -x 200 -resize 40 40 -autohide -attr @name {}
attribute {inst ADC.Tile_224.ADC2.m03 } -attr @fillcolor #aaa7a7
attribute {pin ADC.Tile_224.ADC2.m03 RX } -attr @name {}
load symbol m02 syn HIERGEN attrdsp @name -cc -10 -10 50 port RX in
load inst ADC.Tile_224.ADC2.m02 m02 syn -hier Tile_224 -pg 1 -y 202 -x 200 -resize 40 40 -autohide -attr @name {}
attribute {inst ADC.Tile_224.ADC2.m02 } -attr @fillcolor #aaa7a7
attribute {pin ADC.Tile_224.ADC2.m02 RX } -attr @name {}
load symbol ADC2mixer syn HIERGEN port LEFT_Q in.left.sq port LEFT_I in.left.sq port RIGHT_Q out.right.sq port RIGHT_I out.right.sq attrdsp @cell -lc 50 50 14
load inst ADC.Tile_224.ADC2.mixer ADC2mixer syn -hier Tile_224 -pg 1 -y 226 -x 190 -resize 80 105 -attr @cell Mixer -attr @name {}
attribute {inst ADC.Tile_224.ADC2.mixer } -attr @fillcolor #e2e0de
attribute {pin ADC.Tile_224.ADC2.mixer LEFT_Q} -attr @fillcolor #ffffff
attribute {pin ADC.Tile_224.ADC2.mixer LEFT_I} -attr @fillcolor #ffffff
attribute {pin ADC.Tile_224.ADC2.mixer RIGHT_Q} -attr @fillcolor #ffffff
attribute {pin ADC.Tile_224.ADC2.mixer RIGHT_I} -attr @fillcolor #ffffff
attribute {pin ADC.Tile_224.ADC2.mixer LEFT_Q} -attr @name Q
attribute {pin ADC.Tile_224.ADC2.mixer LEFT_I} -attr @name I
attribute {pin ADC.Tile_224.ADC2.mixer RIGHT_Q} -attr @name Q
attribute {pin ADC.Tile_224.ADC2.mixer RIGHT_I} -attr @name I
load symbol ADC2 syn HIERGEN port TX out
load inst ADC.Tile_224.ADC2 ADC2 syn -hier Tile_224 -pg 1 -y 226 -x 1 -resize 60 85 -attr @cell ADC1 -autohide
attribute {inst ADC.Tile_224.ADC2} -attr @fillcolor #e2e0de
attribute {inst ADC.Tile_224.ADC2} -attr @name {}
attribute {pin ADC.Tile_224.ADC2 TX } -attr @name {}
load symbol m01 v HIERGEN port RX in attrdsp @name -cc 0 0 10
load inst ADC.Tile_224.ADC0.m01 m01 v -hier Tile_224 -pg 1 -y 351 -x 200 -resize 40 40 -autohide -attr @name {}
attribute {inst ADC.Tile_224.ADC0.m01 } -attr @fillcolor #aaa7a7
attribute {pin ADC.Tile_224.ADC0.m01 RX } -attr @name {}
load symbol m00 syn HIERGEN attrdsp @name -cc -10 -10 50 port RX in
load inst ADC.Tile_224.ADC0.m00 m00 syn -hier Tile_224 -pg 1 -y 352 -x 200 -resize 40 40 -autohide -attr @name {}
attribute {inst ADC.Tile_224.ADC0.m00 } -attr @fillcolor #aaa7a7
attribute {pin ADC.Tile_224.ADC0.m00 RX } -attr @name {}
load symbol ADC0mixer syn HIERGEN port LEFT_Q in.left.sq port LEFT_I in.left.sq port RIGHT_Q out.right.sq port RIGHT_I out.right.sq attrdsp @cell -lc 50 50 14
load inst ADC.Tile_224.ADC0.mixer ADC0mixer syn -hier Tile_224 -pg 1 -y 376 -x 190 -resize 80 105 -attr @cell Mixer -attr @name {}
attribute {inst ADC.Tile_224.ADC0.mixer } -attr @fillcolor #e2e0de
attribute {pin ADC.Tile_224.ADC0.mixer LEFT_Q} -attr @fillcolor #ffffff
attribute {pin ADC.Tile_224.ADC0.mixer LEFT_I} -attr @fillcolor #ffffff
attribute {pin ADC.Tile_224.ADC0.mixer RIGHT_Q} -attr @fillcolor #ffffff
attribute {pin ADC.Tile_224.ADC0.mixer RIGHT_I} -attr @fillcolor #ffffff
attribute {pin ADC.Tile_224.ADC0.mixer LEFT_Q} -attr @name Q
attribute {pin ADC.Tile_224.ADC0.mixer LEFT_I} -attr @name I
attribute {pin ADC.Tile_224.ADC0.mixer RIGHT_Q} -attr @name Q
attribute {pin ADC.Tile_224.ADC0.mixer RIGHT_I} -attr @name I
load symbol ADC0 syn HIERGEN port TX out
load inst ADC.Tile_224.ADC0 ADC0 syn -hier Tile_224 -pg 1 -y 376 -x 1 -resize 60 85 -autohide
attribute {inst ADC.Tile_224.ADC0} -attr @fillcolor #e2e0de
attribute {inst ADC.Tile_224.ADC0} -attr @name {}
attribute {pin ADC.Tile_224.ADC0 TX } -attr @name {}
load inst Tile_225 TILE_SYMBOL v -pg 1 -y 200 -x 1 -autohide -attr @cell Tile_225 -attr @name {} -attr @fillcolor #f9f7f7
attribute {pin Tile_225 a } -attr @name {}
attribute {hierPin Tile_225 a } -attr @name {}
load symbol m03 v HIERGEN port RX in attrdsp @name -cc 0 0 10
load inst ADC.Tile_225.ADC2.m03 m03 v -hier Tile_225 -pg 1 -y 201 -x 200 -resize 40 40 -autohide -attr @name {}
attribute {inst ADC.Tile_225.ADC2.m03 } -attr @fillcolor #aaa7a7
attribute {pin ADC.Tile_225.ADC2.m03 RX } -attr @name {}
load symbol m02 syn HIERGEN attrdsp @name -cc -10 -10 50 port RX in
load inst ADC.Tile_225.ADC2.m02 m02 syn -hier Tile_225 -pg 1 -y 202 -x 200 -resize 40 40 -autohide -attr @name {}
attribute {inst ADC.Tile_225.ADC2.m02 } -attr @fillcolor #aaa7a7
attribute {pin ADC.Tile_225.ADC2.m02 RX } -attr @name {}
load symbol ADC2mixer syn HIERGEN port LEFT_Q in.left.sq port LEFT_I in.left.sq port RIGHT_Q out.right.sq port RIGHT_I out.right.sq attrdsp @cell -lc 50 50 14
load inst ADC.Tile_225.ADC2.mixer ADC2mixer syn -hier Tile_225 -pg 1 -y 226 -x 190 -resize 80 105 -attr @cell Mixer -attr @name {}
attribute {inst ADC.Tile_225.ADC2.mixer } -attr @fillcolor #e2e0de
attribute {pin ADC.Tile_225.ADC2.mixer LEFT_Q} -attr @fillcolor #ffffff
attribute {pin ADC.Tile_225.ADC2.mixer LEFT_I} -attr @fillcolor #ffffff
attribute {pin ADC.Tile_225.ADC2.mixer RIGHT_Q} -attr @fillcolor #ffffff
attribute {pin ADC.Tile_225.ADC2.mixer RIGHT_I} -attr @fillcolor #ffffff
attribute {pin ADC.Tile_225.ADC2.mixer LEFT_Q} -attr @name Q
attribute {pin ADC.Tile_225.ADC2.mixer LEFT_I} -attr @name I
attribute {pin ADC.Tile_225.ADC2.mixer RIGHT_Q} -attr @name Q
attribute {pin ADC.Tile_225.ADC2.mixer RIGHT_I} -attr @name I
load symbol ADC2 syn HIERGEN port TX out
load inst ADC.Tile_225.ADC2 ADC2 syn -hier Tile_225 -pg 1 -y 226 -x 1 -resize 60 85 -attr @cell ADC1 -autohide
attribute {inst ADC.Tile_225.ADC2} -attr @fillcolor #e2e0de
attribute {inst ADC.Tile_225.ADC2} -attr @name {}
attribute {pin ADC.Tile_225.ADC2 TX } -attr @name {}
load symbol m01 v HIERGEN port RX in attrdsp @name -cc 0 0 10
load inst ADC.Tile_225.ADC0.m01 m01 v -hier Tile_225 -pg 1 -y 351 -x 200 -resize 40 40 -autohide -attr @name {}
attribute {inst ADC.Tile_225.ADC0.m01 } -attr @fillcolor #aaa7a7
attribute {pin ADC.Tile_225.ADC0.m01 RX } -attr @name {}
load symbol m00 syn HIERGEN attrdsp @name -cc -10 -10 50 port RX in
load inst ADC.Tile_225.ADC0.m00 m00 syn -hier Tile_225 -pg 1 -y 352 -x 200 -resize 40 40 -autohide -attr @name {}
attribute {inst ADC.Tile_225.ADC0.m00 } -attr @fillcolor #aaa7a7
attribute {pin ADC.Tile_225.ADC0.m00 RX } -attr @name {}
load symbol ADC0mixer syn HIERGEN port LEFT_Q in.left.sq port LEFT_I in.left.sq port RIGHT_Q out.right.sq port RIGHT_I out.right.sq attrdsp @cell -lc 50 50 14
load inst ADC.Tile_225.ADC0.mixer ADC0mixer syn -hier Tile_225 -pg 1 -y 376 -x 190 -resize 80 105 -attr @cell Mixer -attr @name {}
attribute {inst ADC.Tile_225.ADC0.mixer } -attr @fillcolor #e2e0de
attribute {pin ADC.Tile_225.ADC0.mixer LEFT_Q} -attr @fillcolor #ffffff
attribute {pin ADC.Tile_225.ADC0.mixer LEFT_I} -attr @fillcolor #ffffff
attribute {pin ADC.Tile_225.ADC0.mixer RIGHT_Q} -attr @fillcolor #ffffff
attribute {pin ADC.Tile_225.ADC0.mixer RIGHT_I} -attr @fillcolor #ffffff
attribute {pin ADC.Tile_225.ADC0.mixer LEFT_Q} -attr @name Q
attribute {pin ADC.Tile_225.ADC0.mixer LEFT_I} -attr @name I
attribute {pin ADC.Tile_225.ADC0.mixer RIGHT_Q} -attr @name Q
attribute {pin ADC.Tile_225.ADC0.mixer RIGHT_I} -attr @name I
load symbol ADC0 syn HIERGEN port TX out
load inst ADC.Tile_225.ADC0 ADC0 syn -hier Tile_225 -pg 1 -y 376 -x 1 -resize 60 85 -autohide
attribute {inst ADC.Tile_225.ADC0} -attr @fillcolor #e2e0de
attribute {inst ADC.Tile_225.ADC0} -attr @name {}
attribute {pin ADC.Tile_225.ADC0 TX } -attr @name {}
load inst Tile_226 TILE_SYMBOL v -pg 1 -y 200 -x 1 -autohide -attr @cell Tile_226 -attr @name {} -attr @fillcolor #f9f7f7
attribute {pin Tile_226 a } -attr @name {}
attribute {hierPin Tile_226 a } -attr @name {}
load symbol m03 v HIERGEN port RX in attrdsp @name -cc 0 0 10
load inst ADC.Tile_226.ADC2.m03 m03 v -hier Tile_226 -pg 1 -y 201 -x 200 -resize 40 40 -autohide -attr @name {}
attribute {inst ADC.Tile_226.ADC2.m03 } -attr @fillcolor #aaa7a7
attribute {pin ADC.Tile_226.ADC2.m03 RX } -attr @name {}
load symbol m02 syn HIERGEN attrdsp @name -cc -10 -10 50 port RX in
load inst ADC.Tile_226.ADC2.m02 m02 syn -hier Tile_226 -pg 1 -y 202 -x 200 -resize 40 40 -autohide -attr @name {}
attribute {inst ADC.Tile_226.ADC2.m02 } -attr @fillcolor #aaa7a7
attribute {pin ADC.Tile_226.ADC2.m02 RX } -attr @name {}
load symbol ADC2mixer syn HIERGEN port LEFT_Q in.left.sq port LEFT_I in.left.sq port RIGHT_Q out.right.sq port RIGHT_I out.right.sq attrdsp @cell -lc 50 50 14
load inst ADC.Tile_226.ADC2.mixer ADC2mixer syn -hier Tile_226 -pg 1 -y 226 -x 190 -resize 80 105 -attr @cell Mixer -attr @name {}
attribute {inst ADC.Tile_226.ADC2.mixer } -attr @fillcolor #e2e0de
attribute {pin ADC.Tile_226.ADC2.mixer LEFT_Q} -attr @fillcolor #ffffff
attribute {pin ADC.Tile_226.ADC2.mixer LEFT_I} -attr @fillcolor #ffffff
attribute {pin ADC.Tile_226.ADC2.mixer RIGHT_Q} -attr @fillcolor #ffffff
attribute {pin ADC.Tile_226.ADC2.mixer RIGHT_I} -attr @fillcolor #ffffff
attribute {pin ADC.Tile_226.ADC2.mixer LEFT_Q} -attr @name Q
attribute {pin ADC.Tile_226.ADC2.mixer LEFT_I} -attr @name I
attribute {pin ADC.Tile_226.ADC2.mixer RIGHT_Q} -attr @name Q
attribute {pin ADC.Tile_226.ADC2.mixer RIGHT_I} -attr @name I
load symbol ADC2 syn HIERGEN port TX out
load inst ADC.Tile_226.ADC2 ADC2 syn -hier Tile_226 -pg 1 -y 226 -x 1 -resize 60 85 -attr @cell ADC1 -autohide
attribute {inst ADC.Tile_226.ADC2} -attr @fillcolor #e2e0de
attribute {inst ADC.Tile_226.ADC2} -attr @name {}
attribute {pin ADC.Tile_226.ADC2 TX } -attr @name {}
load symbol m01 v HIERGEN port RX in attrdsp @name -cc 0 0 10
load inst ADC.Tile_226.ADC0.m01 m01 v -hier Tile_226 -pg 1 -y 351 -x 200 -resize 40 40 -autohide -attr @name {}
attribute {inst ADC.Tile_226.ADC0.m01 } -attr @fillcolor #aaa7a7
attribute {pin ADC.Tile_226.ADC0.m01 RX } -attr @name {}
load symbol m00 syn HIERGEN attrdsp @name -cc -10 -10 50 port RX in
load inst ADC.Tile_226.ADC0.m00 m00 syn -hier Tile_226 -pg 1 -y 352 -x 200 -resize 40 40 -autohide -attr @name {}
attribute {inst ADC.Tile_226.ADC0.m00 } -attr @fillcolor #aaa7a7
attribute {pin ADC.Tile_226.ADC0.m00 RX } -attr @name {}
load symbol ADC0mixer syn HIERGEN port LEFT_Q in.left.sq port LEFT_I in.left.sq port RIGHT_Q out.right.sq port RIGHT_I out.right.sq attrdsp @cell -lc 50 50 14
load inst ADC.Tile_226.ADC0.mixer ADC0mixer syn -hier Tile_226 -pg 1 -y 376 -x 190 -resize 80 105 -attr @cell Mixer -attr @name {}
attribute {inst ADC.Tile_226.ADC0.mixer } -attr @fillcolor #e2e0de
attribute {pin ADC.Tile_226.ADC0.mixer LEFT_Q} -attr @fillcolor #ffffff
attribute {pin ADC.Tile_226.ADC0.mixer LEFT_I} -attr @fillcolor #ffffff
attribute {pin ADC.Tile_226.ADC0.mixer RIGHT_Q} -attr @fillcolor #ffffff
attribute {pin ADC.Tile_226.ADC0.mixer RIGHT_I} -attr @fillcolor #ffffff
attribute {pin ADC.Tile_226.ADC0.mixer LEFT_Q} -attr @name Q
attribute {pin ADC.Tile_226.ADC0.mixer LEFT_I} -attr @name I
attribute {pin ADC.Tile_226.ADC0.mixer RIGHT_Q} -attr @name Q
attribute {pin ADC.Tile_226.ADC0.mixer RIGHT_I} -attr @name I
load symbol ADC0 syn HIERGEN port TX out
load inst ADC.Tile_226.ADC0 ADC0 syn -hier Tile_226 -pg 1 -y 376 -x 1 -resize 60 85 -autohide
attribute {inst ADC.Tile_226.ADC0} -attr @fillcolor #e2e0de
attribute {inst ADC.Tile_226.ADC0} -attr @name {}
attribute {pin ADC.Tile_226.ADC0 TX } -attr @name {}
load inst Tile_227 TILE_SYMBOL v -pg 1 -y 200 -x 1 -autohide -attr @cell Tile_227 -attr @name {} -attr @fillcolor #f9f7f7
attribute {pin Tile_227 a } -attr @name {}
attribute {hierPin Tile_227 a } -attr @name {}
load symbol m03 v HIERGEN port RX in attrdsp @name -cc 0 0 10
load inst ADC.Tile_227.ADC2.m03 m03 v -hier Tile_227 -pg 1 -y 201 -x 200 -resize 40 40 -autohide -attr @name {}
attribute {inst ADC.Tile_227.ADC2.m03 } -attr @fillcolor #aaa7a7
attribute {pin ADC.Tile_227.ADC2.m03 RX } -attr @name {}
load symbol m02 syn HIERGEN attrdsp @name -cc -10 -10 50 port RX in
load inst ADC.Tile_227.ADC2.m02 m02 syn -hier Tile_227 -pg 1 -y 202 -x 200 -resize 40 40 -autohide -attr @name {}
attribute {inst ADC.Tile_227.ADC2.m02 } -attr @fillcolor #aaa7a7
attribute {pin ADC.Tile_227.ADC2.m02 RX } -attr @name {}
load symbol ADC2mixer syn HIERGEN port LEFT_Q in.left.sq port LEFT_I in.left.sq port RIGHT_Q out.right.sq port RIGHT_I out.right.sq attrdsp @cell -lc 50 50 14
load inst ADC.Tile_227.ADC2.mixer ADC2mixer syn -hier Tile_227 -pg 1 -y 226 -x 190 -resize 80 105 -attr @cell Mixer -attr @name {}
attribute {inst ADC.Tile_227.ADC2.mixer } -attr @fillcolor #e2e0de
attribute {pin ADC.Tile_227.ADC2.mixer LEFT_Q} -attr @fillcolor #ffffff
attribute {pin ADC.Tile_227.ADC2.mixer LEFT_I} -attr @fillcolor #ffffff
attribute {pin ADC.Tile_227.ADC2.mixer RIGHT_Q} -attr @fillcolor #ffffff
attribute {pin ADC.Tile_227.ADC2.mixer RIGHT_I} -attr @fillcolor #ffffff
attribute {pin ADC.Tile_227.ADC2.mixer LEFT_Q} -attr @name Q
attribute {pin ADC.Tile_227.ADC2.mixer LEFT_I} -attr @name I
attribute {pin ADC.Tile_227.ADC2.mixer RIGHT_Q} -attr @name Q
attribute {pin ADC.Tile_227.ADC2.mixer RIGHT_I} -attr @name I
load symbol ADC2 syn HIERGEN port TX out
load inst ADC.Tile_227.ADC2 ADC2 syn -hier Tile_227 -pg 1 -y 226 -x 1 -resize 60 85 -attr @cell ADC1 -autohide
attribute {inst ADC.Tile_227.ADC2} -attr @fillcolor #e2e0de
attribute {inst ADC.Tile_227.ADC2} -attr @name {}
attribute {pin ADC.Tile_227.ADC2 TX } -attr @name {}
load symbol m01 v HIERGEN port RX in attrdsp @name -cc 0 0 10
load inst ADC.Tile_227.ADC0.m01 m01 v -hier Tile_227 -pg 1 -y 351 -x 200 -resize 40 40 -autohide -attr @name {}
attribute {inst ADC.Tile_227.ADC0.m01 } -attr @fillcolor #aaa7a7
attribute {pin ADC.Tile_227.ADC0.m01 RX } -attr @name {}
load symbol m00 syn HIERGEN attrdsp @name -cc -10 -10 50 port RX in
load inst ADC.Tile_227.ADC0.m00 m00 syn -hier Tile_227 -pg 1 -y 352 -x 200 -resize 40 40 -autohide -attr @name {}
attribute {inst ADC.Tile_227.ADC0.m00 } -attr @fillcolor #aaa7a7
attribute {pin ADC.Tile_227.ADC0.m00 RX } -attr @name {}
load symbol ADC0mixer syn HIERGEN port LEFT_Q in.left.sq port LEFT_I in.left.sq port RIGHT_Q out.right.sq port RIGHT_I out.right.sq attrdsp @cell -lc 50 50 14
load inst ADC.Tile_227.ADC0.mixer ADC0mixer syn -hier Tile_227 -pg 1 -y 376 -x 190 -resize 80 105 -attr @cell Mixer -attr @name {}
attribute {inst ADC.Tile_227.ADC0.mixer } -attr @fillcolor #e2e0de
attribute {pin ADC.Tile_227.ADC0.mixer LEFT_Q} -attr @fillcolor #ffffff
attribute {pin ADC.Tile_227.ADC0.mixer LEFT_I} -attr @fillcolor #ffffff
attribute {pin ADC.Tile_227.ADC0.mixer RIGHT_Q} -attr @fillcolor #ffffff
attribute {pin ADC.Tile_227.ADC0.mixer RIGHT_I} -attr @fillcolor #ffffff
attribute {pin ADC.Tile_227.ADC0.mixer LEFT_Q} -attr @name Q
attribute {pin ADC.Tile_227.ADC0.mixer LEFT_I} -attr @name I
attribute {pin ADC.Tile_227.ADC0.mixer RIGHT_Q} -attr @name Q
attribute {pin ADC.Tile_227.ADC0.mixer RIGHT_I} -attr @name I
load symbol ADC0 syn HIERGEN port TX out
load inst ADC.Tile_227.ADC0 ADC0 syn -hier Tile_227 -pg 1 -y 376 -x 1 -resize 60 85 -autohide
attribute {inst ADC.Tile_227.ADC0} -attr @fillcolor #e2e0de
attribute {inst ADC.Tile_227.ADC0} -attr @name {}
attribute {pin ADC.Tile_227.ADC0 TX } -attr @name {}
show
# Starting Split Pages                                                   91.14
# Split Pages 36 Comps, 0 Nets 0 NetBundles 0 CGraphics                  91.14
# KwayPart started for 36 comps, 0 nets                                  91.14
# Init done: 1 nodes (1 locked nodes), 0 edges                           91.14
# Startpart done: 1 parts                                                91.14
# KwayPart done                                                          91.14
# End of Split Pages: 1 pages                                            91.14
# End of Split Pages                                                     91.14
# Generating Regions for Page 1:   36 Comps,    0 Nets                   91.14
# Analyze                                                                91.14
# Levelize                                                               91.14
# End of LevelAssign mode=I, 4 Levels, 8 Comps, limit=30000              91.14
# Nets                                                                   91.14
# Place                                                                  91.14
# PlaceNets                                                              91.14
# SpaceY                                                                 91.14
# Track                                                                  91.14
# SpaceX                                                                 91.14
# Wire                                                                   91.14
# End of Wire: 0 nets, 0 ch, wire: 0-->0 (0 with wbits)                  91.14
# End of doGenerate                                                      91.14
# Analyze                                                                91.14
# Levelize                                                               91.14
# End of LevelAssign mode=I, 4 Levels, 8 Comps, limit=30000              91.14
# Nets                                                                   91.14
# Place                                                                  91.14
# PlaceNets                                                              91.14
# SpaceY                                                                 91.14
# Track                                                                  91.14
# SpaceX                                                                 91.14
# Wire                                                                   91.14
# End of Wire: 0 nets, 0 ch, wire: 0-->0 (0 with wbits)                  91.14
# End of doGenerate                                                      91.14
# Analyze                                                                91.14
# Levelize                                                               91.14
# End of LevelAssign mode=I, 4 Levels, 8 Comps, limit=30000              91.14
# Nets                                                                   91.14
# Place                                                                  91.14
# PlaceNets                                                              91.14
# SpaceY                                                                 91.14
# Track                                                                  91.14
# SpaceX                                                                 91.14
# Wire                                                                   91.14
# End of Wire: 0 nets, 0 ch, wire: 0-->0 (0 with wbits)                  91.14
# End of doGenerate                                                      91.14
# Analyze                                                                91.14
# Levelize                                                               91.14
# End of LevelAssign mode=I, 4 Levels, 8 Comps, limit=30000              91.14
# Nets                                                                   91.14
# Place                                                                  91.14
# PlaceNets                                                              91.14
# SpaceY                                                                 91.14
# Track                                                                  91.14
# SpaceX                                                                 91.14
# Wire                                                                   91.14
# End of Wire: 0 nets, 0 ch, wire: 0-->0 (0 with wbits)                  91.14
# End of doGenerate                                                      91.14
# Analyze                                                                91.14
# Levelize                                                               91.14
# End of LevelAssign mode=I, 2 Levels, 4 Comps, limit=30000              91.14
# Nets                                                                   91.14
# Place                                                                  91.14
# PlaceNets                                                              91.14
# SpaceY                                                                 91.14
# Track                                                                  91.14
# SpaceX                                                                 91.14
# Wire                                                                   91.14
# End of Wire: 0 nets, 0 ch, wire: 0-->0 (0 with wbits)                  91.14
# End of doGenerate                                                      91.14
# End of Generating Regions for Page 1                                   91.14
scrollpos 108 676
zoom -x 0 -y 0 0.5
scrollpos 68 423
#R 0.5
#CMD scrollpos 0 0
scrollpos 0 0
module new rfconverter
#  * Current module is rfconverter 
load symbol TILE_SYMBOL v HIERBOX port a in
increment -const
load inst Tile_224 TILE_SYMBOL v -pg 1 -y 200 -x 1 -autohide -attr @cell Tile_224 -attr @name {} -attr @fillcolor #f9f7f7
attribute {pin Tile_224 a } -attr @name {}
attribute {hierPin Tile_224 a } -attr @name {}
load symbol m03 v HIERGEN port RX in attrdsp @name -cc 0 0 10
load inst ADC.Tile_224.ADC2.m03 m03 v -hier Tile_224 -pg 1 -y 201 -x 200 -resize 40 40 -autohide -attr @name {}
attribute {inst ADC.Tile_224.ADC2.m03 } -attr @fillcolor #aaa7a7
attribute {pin ADC.Tile_224.ADC2.m03 RX } -attr @name {}
load symbol m02 syn HIERGEN attrdsp @name -cc -10 -10 50 port RX in
load inst ADC.Tile_224.ADC2.m02 m02 syn -hier Tile_224 -pg 1 -y 202 -x 200 -resize 40 40 -autohide -attr @name {}
attribute {inst ADC.Tile_224.ADC2.m02 } -attr @fillcolor #aaa7a7
attribute {pin ADC.Tile_224.ADC2.m02 RX } -attr @name {}
load symbol ADC2mixer syn HIERGEN port LEFT_Q in.left.sq port LEFT_I in.left.sq port RIGHT_Q out.right.sq port RIGHT_I out.right.sq attrdsp @cell -lc 50 50 14
load inst ADC.Tile_224.ADC2.mixer ADC2mixer syn -hier Tile_224 -pg 1 -y 226 -x 190 -resize 80 105 -attr @cell Mixer -attr @name {}
attribute {inst ADC.Tile_224.ADC2.mixer } -attr @fillcolor #e2e0de
attribute {pin ADC.Tile_224.ADC2.mixer LEFT_Q} -attr @fillcolor #ffffff
attribute {pin ADC.Tile_224.ADC2.mixer LEFT_I} -attr @fillcolor #ffffff
attribute {pin ADC.Tile_224.ADC2.mixer RIGHT_Q} -attr @fillcolor #ffffff
attribute {pin ADC.Tile_224.ADC2.mixer RIGHT_I} -attr @fillcolor #ffffff
attribute {pin ADC.Tile_224.ADC2.mixer LEFT_Q} -attr @name Q
attribute {pin ADC.Tile_224.ADC2.mixer LEFT_I} -attr @name I
attribute {pin ADC.Tile_224.ADC2.mixer RIGHT_Q} -attr @name Q
attribute {pin ADC.Tile_224.ADC2.mixer RIGHT_I} -attr @name I
load symbol ADC2 syn HIERGEN port TX out
load inst ADC.Tile_224.ADC2 ADC2 syn -hier Tile_224 -pg 1 -y 226 -x 1 -resize 60 85 -attr @cell ADC1 -autohide
attribute {inst ADC.Tile_224.ADC2} -attr @fillcolor #e2e0de
attribute {inst ADC.Tile_224.ADC2} -attr @name {}
attribute {pin ADC.Tile_224.ADC2 TX } -attr @name {}
load symbol m01 v HIERGEN port RX in attrdsp @name -cc 0 0 10
load inst ADC.Tile_224.ADC0.m01 m01 v -hier Tile_224 -pg 1 -y 351 -x 200 -resize 40 40 -autohide -attr @name {}
attribute {inst ADC.Tile_224.ADC0.m01 } -attr @fillcolor #aaa7a7
attribute {pin ADC.Tile_224.ADC0.m01 RX } -attr @name {}
load symbol m00 syn HIERGEN attrdsp @name -cc -10 -10 50 port RX in
load inst ADC.Tile_224.ADC0.m00 m00 syn -hier Tile_224 -pg 1 -y 352 -x 200 -resize 40 40 -autohide -attr @name {}
attribute {inst ADC.Tile_224.ADC0.m00 } -attr @fillcolor #aaa7a7
attribute {pin ADC.Tile_224.ADC0.m00 RX } -attr @name {}
load symbol ADC0mixer syn HIERGEN port LEFT_Q in.left.sq port LEFT_I in.left.sq port RIGHT_Q out.right.sq port RIGHT_I out.right.sq attrdsp @cell -lc 50 50 14
load inst ADC.Tile_224.ADC0.mixer ADC0mixer syn -hier Tile_224 -pg 1 -y 376 -x 190 -resize 80 105 -attr @cell Mixer -attr @name {}
attribute {inst ADC.Tile_224.ADC0.mixer } -attr @fillcolor #e2e0de
attribute {pin ADC.Tile_224.ADC0.mixer LEFT_Q} -attr @fillcolor #ffffff
attribute {pin ADC.Tile_224.ADC0.mixer LEFT_I} -attr @fillcolor #ffffff
attribute {pin ADC.Tile_224.ADC0.mixer RIGHT_Q} -attr @fillcolor #ffffff
attribute {pin ADC.Tile_224.ADC0.mixer RIGHT_I} -attr @fillcolor #ffffff
attribute {pin ADC.Tile_224.ADC0.mixer LEFT_Q} -attr @name Q
attribute {pin ADC.Tile_224.ADC0.mixer LEFT_I} -attr @name I
attribute {pin ADC.Tile_224.ADC0.mixer RIGHT_Q} -attr @name Q
attribute {pin ADC.Tile_224.ADC0.mixer RIGHT_I} -attr @name I
load symbol ADC0 syn HIERGEN port TX out
load inst ADC.Tile_224.ADC0 ADC0 syn -hier Tile_224 -pg 1 -y 376 -x 1 -resize 60 85 -autohide
attribute {inst ADC.Tile_224.ADC0} -attr @fillcolor #e2e0de
attribute {inst ADC.Tile_224.ADC0} -attr @name {}
attribute {pin ADC.Tile_224.ADC0 TX } -attr @name {}
load inst Tile_225 TILE_SYMBOL v -pg 1 -y 200 -x 1 -autohide -attr @cell Tile_225 -attr @name {} -attr @fillcolor #f9f7f7
attribute {pin Tile_225 a } -attr @name {}
attribute {hierPin Tile_225 a } -attr @name {}
load symbol m03 v HIERGEN port RX in attrdsp @name -cc 0 0 10
load inst ADC.Tile_225.ADC2.m03 m03 v -hier Tile_225 -pg 1 -y 201 -x 200 -resize 40 40 -autohide -attr @name {}
attribute {inst ADC.Tile_225.ADC2.m03 } -attr @fillcolor #aaa7a7
attribute {pin ADC.Tile_225.ADC2.m03 RX } -attr @name {}
load symbol m02 syn HIERGEN attrdsp @name -cc -10 -10 50 port RX in
load inst ADC.Tile_225.ADC2.m02 m02 syn -hier Tile_225 -pg 1 -y 202 -x 200 -resize 40 40 -autohide -attr @name {}
attribute {inst ADC.Tile_225.ADC2.m02 } -attr @fillcolor #aaa7a7
attribute {pin ADC.Tile_225.ADC2.m02 RX } -attr @name {}
load symbol ADC2mixer syn HIERGEN port LEFT_Q in.left.sq port LEFT_I in.left.sq port RIGHT_Q out.right.sq port RIGHT_I out.right.sq attrdsp @cell -lc 50 50 14
load inst ADC.Tile_225.ADC2.mixer ADC2mixer syn -hier Tile_225 -pg 1 -y 226 -x 190 -resize 80 105 -attr @cell Mixer -attr @name {}
attribute {inst ADC.Tile_225.ADC2.mixer } -attr @fillcolor #e2e0de
attribute {pin ADC.Tile_225.ADC2.mixer LEFT_Q} -attr @fillcolor #ffffff
attribute {pin ADC.Tile_225.ADC2.mixer LEFT_I} -attr @fillcolor #ffffff
attribute {pin ADC.Tile_225.ADC2.mixer RIGHT_Q} -attr @fillcolor #ffffff
attribute {pin ADC.Tile_225.ADC2.mixer RIGHT_I} -attr @fillcolor #ffffff
attribute {pin ADC.Tile_225.ADC2.mixer LEFT_Q} -attr @name Q
attribute {pin ADC.Tile_225.ADC2.mixer LEFT_I} -attr @name I
attribute {pin ADC.Tile_225.ADC2.mixer RIGHT_Q} -attr @name Q
attribute {pin ADC.Tile_225.ADC2.mixer RIGHT_I} -attr @name I
load symbol ADC2 syn HIERGEN port TX out
load inst ADC.Tile_225.ADC2 ADC2 syn -hier Tile_225 -pg 1 -y 226 -x 1 -resize 60 85 -attr @cell ADC1 -autohide
attribute {inst ADC.Tile_225.ADC2} -attr @fillcolor #e2e0de
attribute {inst ADC.Tile_225.ADC2} -attr @name {}
attribute {pin ADC.Tile_225.ADC2 TX } -attr @name {}
load symbol m01 v HIERGEN port RX in attrdsp @name -cc 0 0 10
load inst ADC.Tile_225.ADC0.m01 m01 v -hier Tile_225 -pg 1 -y 351 -x 200 -resize 40 40 -autohide -attr @name {}
attribute {inst ADC.Tile_225.ADC0.m01 } -attr @fillcolor #aaa7a7
attribute {pin ADC.Tile_225.ADC0.m01 RX } -attr @name {}
load symbol m00 syn HIERGEN attrdsp @name -cc -10 -10 50 port RX in
load inst ADC.Tile_225.ADC0.m00 m00 syn -hier Tile_225 -pg 1 -y 352 -x 200 -resize 40 40 -autohide -attr @name {}
attribute {inst ADC.Tile_225.ADC0.m00 } -attr @fillcolor #aaa7a7
attribute {pin ADC.Tile_225.ADC0.m00 RX } -attr @name {}
load symbol ADC0mixer syn HIERGEN port LEFT_Q in.left.sq port LEFT_I in.left.sq port RIGHT_Q out.right.sq port RIGHT_I out.right.sq attrdsp @cell -lc 50 50 14
load inst ADC.Tile_225.ADC0.mixer ADC0mixer syn -hier Tile_225 -pg 1 -y 376 -x 190 -resize 80 105 -attr @cell Mixer -attr @name {}
attribute {inst ADC.Tile_225.ADC0.mixer } -attr @fillcolor #e2e0de
attribute {pin ADC.Tile_225.ADC0.mixer LEFT_Q} -attr @fillcolor #ffffff
attribute {pin ADC.Tile_225.ADC0.mixer LEFT_I} -attr @fillcolor #ffffff
attribute {pin ADC.Tile_225.ADC0.mixer RIGHT_Q} -attr @fillcolor #ffffff
attribute {pin ADC.Tile_225.ADC0.mixer RIGHT_I} -attr @fillcolor #ffffff
attribute {pin ADC.Tile_225.ADC0.mixer LEFT_Q} -attr @name Q
attribute {pin ADC.Tile_225.ADC0.mixer LEFT_I} -attr @name I
attribute {pin ADC.Tile_225.ADC0.mixer RIGHT_Q} -attr @name Q
attribute {pin ADC.Tile_225.ADC0.mixer RIGHT_I} -attr @name I
load symbol ADC0 syn HIERGEN port TX out
load inst ADC.Tile_225.ADC0 ADC0 syn -hier Tile_225 -pg 1 -y 376 -x 1 -resize 60 85 -autohide
attribute {inst ADC.Tile_225.ADC0} -attr @fillcolor #e2e0de
attribute {inst ADC.Tile_225.ADC0} -attr @name {}
attribute {pin ADC.Tile_225.ADC0 TX } -attr @name {}
load inst Tile_226 TILE_SYMBOL v -pg 1 -y 200 -x 1 -autohide -attr @cell Tile_226 -attr @name {} -attr @fillcolor #f9f7f7
attribute {pin Tile_226 a } -attr @name {}
attribute {hierPin Tile_226 a } -attr @name {}
load symbol m03 v HIERGEN port RX in attrdsp @name -cc 0 0 10
load inst ADC.Tile_226.ADC2.m03 m03 v -hier Tile_226 -pg 1 -y 201 -x 200 -resize 40 40 -autohide -attr @name {}
attribute {inst ADC.Tile_226.ADC2.m03 } -attr @fillcolor #aaa7a7
attribute {pin ADC.Tile_226.ADC2.m03 RX } -attr @name {}
load symbol m02 syn HIERGEN attrdsp @name -cc -10 -10 50 port RX in
load inst ADC.Tile_226.ADC2.m02 m02 syn -hier Tile_226 -pg 1 -y 202 -x 200 -resize 40 40 -autohide -attr @name {}
attribute {inst ADC.Tile_226.ADC2.m02 } -attr @fillcolor #aaa7a7
attribute {pin ADC.Tile_226.ADC2.m02 RX } -attr @name {}
load symbol ADC2mixer syn HIERGEN port LEFT_Q in.left.sq port LEFT_I in.left.sq port RIGHT_Q out.right.sq port RIGHT_I out.right.sq attrdsp @cell -lc 50 50 14
load inst ADC.Tile_226.ADC2.mixer ADC2mixer syn -hier Tile_226 -pg 1 -y 226 -x 190 -resize 80 105 -attr @cell Mixer -attr @name {}
attribute {inst ADC.Tile_226.ADC2.mixer } -attr @fillcolor #e2e0de
attribute {pin ADC.Tile_226.ADC2.mixer LEFT_Q} -attr @fillcolor #ffffff
attribute {pin ADC.Tile_226.ADC2.mixer LEFT_I} -attr @fillcolor #ffffff
attribute {pin ADC.Tile_226.ADC2.mixer RIGHT_Q} -attr @fillcolor #ffffff
attribute {pin ADC.Tile_226.ADC2.mixer RIGHT_I} -attr @fillcolor #ffffff
attribute {pin ADC.Tile_226.ADC2.mixer LEFT_Q} -attr @name Q
attribute {pin ADC.Tile_226.ADC2.mixer LEFT_I} -attr @name I
attribute {pin ADC.Tile_226.ADC2.mixer RIGHT_Q} -attr @name Q
attribute {pin ADC.Tile_226.ADC2.mixer RIGHT_I} -attr @name I
load symbol ADC2 syn HIERGEN port TX out
load inst ADC.Tile_226.ADC2 ADC2 syn -hier Tile_226 -pg 1 -y 226 -x 1 -resize 60 85 -attr @cell ADC1 -autohide
attribute {inst ADC.Tile_226.ADC2} -attr @fillcolor #e2e0de
attribute {inst ADC.Tile_226.ADC2} -attr @name {}
attribute {pin ADC.Tile_226.ADC2 TX } -attr @name {}
load symbol m01 v HIERGEN port RX in attrdsp @name -cc 0 0 10
load inst ADC.Tile_226.ADC0.m01 m01 v -hier Tile_226 -pg 1 -y 351 -x 200 -resize 40 40 -autohide -attr @name {}
attribute {inst ADC.Tile_226.ADC0.m01 } -attr @fillcolor #aaa7a7
attribute {pin ADC.Tile_226.ADC0.m01 RX } -attr @name {}
load symbol m00 syn HIERGEN attrdsp @name -cc -10 -10 50 port RX in
load inst ADC.Tile_226.ADC0.m00 m00 syn -hier Tile_226 -pg 1 -y 352 -x 200 -resize 40 40 -autohide -attr @name {}
attribute {inst ADC.Tile_226.ADC0.m00 } -attr @fillcolor #aaa7a7
attribute {pin ADC.Tile_226.ADC0.m00 RX } -attr @name {}
load symbol ADC0mixer syn HIERGEN port LEFT_Q in.left.sq port LEFT_I in.left.sq port RIGHT_Q out.right.sq port RIGHT_I out.right.sq attrdsp @cell -lc 50 50 14
load inst ADC.Tile_226.ADC0.mixer ADC0mixer syn -hier Tile_226 -pg 1 -y 376 -x 190 -resize 80 105 -attr @cell Mixer -attr @name {}
attribute {inst ADC.Tile_226.ADC0.mixer } -attr @fillcolor #e2e0de
attribute {pin ADC.Tile_226.ADC0.mixer LEFT_Q} -attr @fillcolor #ffffff
attribute {pin ADC.Tile_226.ADC0.mixer LEFT_I} -attr @fillcolor #ffffff
attribute {pin ADC.Tile_226.ADC0.mixer RIGHT_Q} -attr @fillcolor #ffffff
attribute {pin ADC.Tile_226.ADC0.mixer RIGHT_I} -attr @fillcolor #ffffff
attribute {pin ADC.Tile_226.ADC0.mixer LEFT_Q} -attr @name Q
attribute {pin ADC.Tile_226.ADC0.mixer LEFT_I} -attr @name I
attribute {pin ADC.Tile_226.ADC0.mixer RIGHT_Q} -attr @name Q
attribute {pin ADC.Tile_226.ADC0.mixer RIGHT_I} -attr @name I
load symbol ADC0 syn HIERGEN port TX out
load inst ADC.Tile_226.ADC0 ADC0 syn -hier Tile_226 -pg 1 -y 376 -x 1 -resize 60 85 -autohide
attribute {inst ADC.Tile_226.ADC0} -attr @fillcolor #e2e0de
attribute {inst ADC.Tile_226.ADC0} -attr @name {}
attribute {pin ADC.Tile_226.ADC0 TX } -attr @name {}
load inst Tile_227 TILE_SYMBOL v -pg 1 -y 200 -x 1 -autohide -attr @cell Tile_227 -attr @name {} -attr @fillcolor #f9f7f7
attribute {pin Tile_227 a } -attr @name {}
attribute {hierPin Tile_227 a } -attr @name {}
load symbol m03 v HIERGEN port RX in attrdsp @name -cc 0 0 10
load inst ADC.Tile_227.ADC2.m03 m03 v -hier Tile_227 -pg 1 -y 201 -x 200 -resize 40 40 -autohide -attr @name {}
attribute {inst ADC.Tile_227.ADC2.m03 } -attr @fillcolor #aaa7a7
attribute {pin ADC.Tile_227.ADC2.m03 RX } -attr @name {}
load symbol m02 syn HIERGEN attrdsp @name -cc -10 -10 50 port RX in
load inst ADC.Tile_227.ADC2.m02 m02 syn -hier Tile_227 -pg 1 -y 202 -x 200 -resize 40 40 -autohide -attr @name {}
attribute {inst ADC.Tile_227.ADC2.m02 } -attr @fillcolor #aaa7a7
attribute {pin ADC.Tile_227.ADC2.m02 RX } -attr @name {}
load symbol ADC2mixer syn HIERGEN port LEFT_Q in.left.sq port LEFT_I in.left.sq port RIGHT_Q out.right.sq port RIGHT_I out.right.sq attrdsp @cell -lc 50 50 14
load inst ADC.Tile_227.ADC2.mixer ADC2mixer syn -hier Tile_227 -pg 1 -y 226 -x 190 -resize 80 105 -attr @cell Mixer -attr @name {}
attribute {inst ADC.Tile_227.ADC2.mixer } -attr @fillcolor #e2e0de
attribute {pin ADC.Tile_227.ADC2.mixer LEFT_Q} -attr @fillcolor #ffffff
attribute {pin ADC.Tile_227.ADC2.mixer LEFT_I} -attr @fillcolor #ffffff
attribute {pin ADC.Tile_227.ADC2.mixer RIGHT_Q} -attr @fillcolor #ffffff
attribute {pin ADC.Tile_227.ADC2.mixer RIGHT_I} -attr @fillcolor #ffffff
attribute {pin ADC.Tile_227.ADC2.mixer LEFT_Q} -attr @name Q
attribute {pin ADC.Tile_227.ADC2.mixer LEFT_I} -attr @name I
attribute {pin ADC.Tile_227.ADC2.mixer RIGHT_Q} -attr @name Q
attribute {pin ADC.Tile_227.ADC2.mixer RIGHT_I} -attr @name I
load symbol ADC2 syn HIERGEN port TX out
load inst ADC.Tile_227.ADC2 ADC2 syn -hier Tile_227 -pg 1 -y 226 -x 1 -resize 60 85 -attr @cell ADC1 -autohide
attribute {inst ADC.Tile_227.ADC2} -attr @fillcolor #e2e0de
attribute {inst ADC.Tile_227.ADC2} -attr @name {}
attribute {pin ADC.Tile_227.ADC2 TX } -attr @name {}
load symbol m01 v HIERGEN port RX in attrdsp @name -cc 0 0 10
load inst ADC.Tile_227.ADC0.m01 m01 v -hier Tile_227 -pg 1 -y 351 -x 200 -resize 40 40 -autohide -attr @name {}
attribute {inst ADC.Tile_227.ADC0.m01 } -attr @fillcolor #aaa7a7
attribute {pin ADC.Tile_227.ADC0.m01 RX } -attr @name {}
load symbol m00 syn HIERGEN attrdsp @name -cc -10 -10 50 port RX in
load inst ADC.Tile_227.ADC0.m00 m00 syn -hier Tile_227 -pg 1 -y 352 -x 200 -resize 40 40 -autohide -attr @name {}
attribute {inst ADC.Tile_227.ADC0.m00 } -attr @fillcolor #aaa7a7
attribute {pin ADC.Tile_227.ADC0.m00 RX } -attr @name {}
load symbol ADC0mixer syn HIERGEN port LEFT_Q in.left.sq port LEFT_I in.left.sq port RIGHT_Q out.right.sq port RIGHT_I out.right.sq attrdsp @cell -lc 50 50 14
load inst ADC.Tile_227.ADC0.mixer ADC0mixer syn -hier Tile_227 -pg 1 -y 376 -x 190 -resize 80 105 -attr @cell Mixer -attr @name {}
attribute {inst ADC.Tile_227.ADC0.mixer } -attr @fillcolor #e2e0de
attribute {pin ADC.Tile_227.ADC0.mixer LEFT_Q} -attr @fillcolor #ffffff
attribute {pin ADC.Tile_227.ADC0.mixer LEFT_I} -attr @fillcolor #ffffff
attribute {pin ADC.Tile_227.ADC0.mixer RIGHT_Q} -attr @fillcolor #ffffff
attribute {pin ADC.Tile_227.ADC0.mixer RIGHT_I} -attr @fillcolor #ffffff
attribute {pin ADC.Tile_227.ADC0.mixer LEFT_Q} -attr @name Q
attribute {pin ADC.Tile_227.ADC0.mixer LEFT_I} -attr @name I
attribute {pin ADC.Tile_227.ADC0.mixer RIGHT_Q} -attr @name Q
attribute {pin ADC.Tile_227.ADC0.mixer RIGHT_I} -attr @name I
load symbol ADC0 syn HIERGEN port TX out
load inst ADC.Tile_227.ADC0 ADC0 syn -hier Tile_227 -pg 1 -y 376 -x 1 -resize 60 85 -autohide
attribute {inst ADC.Tile_227.ADC0} -attr @fillcolor #e2e0de
attribute {inst ADC.Tile_227.ADC0} -attr @name {}
attribute {pin ADC.Tile_227.ADC0 TX } -attr @name {}
show
# Starting Split Pages                                                   91.17
# Split Pages 36 Comps, 0 Nets 0 NetBundles 0 CGraphics                  91.17
# KwayPart started for 36 comps, 0 nets                                  91.17
# Init done: 1 nodes (1 locked nodes), 0 edges                           91.17
# Startpart done: 1 parts                                                91.17
# KwayPart done                                                          91.17
# End of Split Pages: 1 pages                                            91.17
# End of Split Pages                                                     91.17
# Generating Regions for Page 1:   36 Comps,    0 Nets                   91.17
# Analyze                                                                91.17
# Levelize                                                               91.17
# End of LevelAssign mode=I, 4 Levels, 8 Comps, limit=30000              91.17
# Nets                                                                   91.17
# Place                                                                  91.17
# PlaceNets                                                              91.17
# SpaceY                                                                 91.17
# Track                                                                  91.17
# SpaceX                                                                 91.17
# Wire                                                                   91.17
# End of Wire: 0 nets, 0 ch, wire: 0-->0 (0 with wbits)                  91.17
# End of doGenerate                                                      91.17
# Analyze                                                                91.17
# Levelize                                                               91.17
# End of LevelAssign mode=I, 4 Levels, 8 Comps, limit=30000              91.17
# Nets                                                                   91.17
# Place                                                                  91.17
# PlaceNets                                                              91.17
# SpaceY                                                                 91.17
# Track                                                                  91.17
# SpaceX                                                                 91.17
# Wire                                                                   91.17
# End of Wire: 0 nets, 0 ch, wire: 0-->0 (0 with wbits)                  91.17
# End of doGenerate                                                      91.17
# Analyze                                                                91.17
# Levelize                                                               91.17
# End of LevelAssign mode=I, 4 Levels, 8 Comps, limit=30000              91.17
# Nets                                                                   91.17
# Place                                                                  91.17
# PlaceNets                                                              91.17
# SpaceY                                                                 91.17
# Track                                                                  91.17
# SpaceX                                                                 91.17
# Wire                                                                   91.17
# End of Wire: 0 nets, 0 ch, wire: 0-->0 (0 with wbits)                  91.17
# End of doGenerate                                                      91.17
# Analyze                                                                91.17
# Levelize                                                               91.17
# End of LevelAssign mode=I, 4 Levels, 8 Comps, limit=30000              91.17
# Nets                                                                   91.17
# Place                                                                  91.17
# PlaceNets                                                              91.17
# SpaceY                                                                 91.17
# Track                                                                  91.17
# SpaceX                                                                 91.17
# Wire                                                                   91.17
# End of Wire: 0 nets, 0 ch, wire: 0-->0 (0 with wbits)                  91.17
# End of doGenerate                                                      91.17
# Analyze                                                                91.17
# Levelize                                                               91.17
# End of LevelAssign mode=I, 2 Levels, 4 Comps, limit=30000              91.17
# Nets                                                                   91.17
# Place                                                                  91.17
# PlaceNets                                                              91.17
# SpaceY                                                                 91.17
# Track                                                                  91.17
# SpaceX                                                                 91.17
# Wire                                                                   91.17
# End of Wire: 0 nets, 0 ch, wire: 0-->0 (0 with wbits)                  91.17
# End of doGenerate                                                      91.17
# End of Generating Regions for Page 1                                   91.17
scrollpos 108 676
zoom -x 0 -y 0 0.5
scrollpos 68 423
#R 0.5
#CMD scrollpos 0 0
scrollpos 0 0
increment -const
attribute {inst ADC.Tile_224.ADC0} -attr @fillcolor #e2e0de
attribute {inst ADC.Tile_224.ADC0.mixer } -attr @fillcolor #e2e0de
attribute {inst ADC.Tile_224.ADC0.m00} -attr @name Real
attribute {inst ADC.Tile_224.ADC0.m01} -attr @name Real
attribute {inst ADC.Tile_224.ADC2} -attr @fillcolor #e2e0de
attribute {inst ADC.Tile_224.ADC2.mixer } -attr @fillcolor #e2e0de
attribute {inst ADC.Tile_224.ADC2.m02} -attr @name Real
attribute {inst ADC.Tile_224.ADC2.m03} -attr @name Real
attribute {inst ADC.Tile_225.ADC0} -attr @fillcolor #e2e0de
attribute {inst ADC.Tile_225.ADC0.mixer } -attr @fillcolor #e2e0de
attribute {inst ADC.Tile_225.ADC0.m00} -attr @name Real
attribute {inst ADC.Tile_225.ADC0.m01} -attr @name Real
attribute {inst ADC.Tile_225.ADC2} -attr @fillcolor #e2e0de
attribute {inst ADC.Tile_225.ADC2.mixer } -attr @fillcolor #e2e0de
attribute {inst ADC.Tile_225.ADC2.m02} -attr @name Real
attribute {inst ADC.Tile_225.ADC2.m03} -attr @name Real
attribute {inst ADC.Tile_226.ADC0} -attr @fillcolor #e2e0de
attribute {inst ADC.Tile_226.ADC0.mixer } -attr @fillcolor #e2e0de
attribute {inst ADC.Tile_226.ADC0.m00} -attr @name Real
attribute {inst ADC.Tile_226.ADC0.m01} -attr @name Real
attribute {inst ADC.Tile_226.ADC2} -attr @fillcolor #e2e0de
attribute {inst ADC.Tile_226.ADC2.mixer } -attr @fillcolor #e2e0de
attribute {inst ADC.Tile_226.ADC2.m02} -attr @name Real
attribute {inst ADC.Tile_226.ADC2.m03} -attr @name Real
attribute {inst ADC.Tile_227.ADC0} -attr @fillcolor #e2e0de
attribute {inst ADC.Tile_227.ADC0.mixer } -attr @fillcolor #e2e0de
attribute {inst ADC.Tile_227.ADC0.m00} -attr @name Real
attribute {inst ADC.Tile_227.ADC0.m01} -attr @name Real
attribute {inst ADC.Tile_227.ADC2} -attr @fillcolor #e2e0de
attribute {inst ADC.Tile_227.ADC2.mixer } -attr @fillcolor #e2e0de
attribute {inst ADC.Tile_227.ADC2.m02} -attr @name Real
attribute {inst ADC.Tile_227.ADC2.m03} -attr @name Real
show
# Starting Split Pages                                                   91.17
# Split Pages 36 Comps, 0 Nets 0 NetBundles 0 CGraphics                  91.17
# KwayPart started for 36 comps, 0 nets                                  91.17
# Init done: 1 nodes (1 locked nodes), 0 edges                           91.17
# Startpart done: 1 parts                                                91.17
# KwayPart done                                                          91.17
# End of Split Pages: 1 pages                                            91.17
# End of Split Pages                                                     91.17
# Generating Regions for Page 1:   36 Comps,    0 Nets                   91.17
# Analyze                                                                91.17
# Levelize                                                               91.17
# End of LevelAssign mode=I, 4 Levels, 8 Comps, limit=30000              91.17
# Nets                                                                   91.17
# Place                                                                  91.17
# PlaceNets                                                              91.17
# SpaceY                                                                 91.17
# Track                                                                  91.17
# SpaceX                                                                 91.17
# Wire                                                                   91.17
# End of Wire: 0 nets, 0 ch, wire: 0-->0 (0 with wbits)                  91.17
# End of doGenerate                                                      91.17
# Analyze                                                                91.17
# Levelize                                                               91.17
# End of LevelAssign mode=I, 4 Levels, 8 Comps, limit=30000              91.17
# Nets                                                                   91.17
# Place                                                                  91.17
# PlaceNets                                                              91.17
# SpaceY                                                                 91.17
# Track                                                                  91.17
# SpaceX                                                                 91.17
# Wire                                                                   91.17
# End of Wire: 0 nets, 0 ch, wire: 0-->0 (0 with wbits)                  91.17
# End of doGenerate                                                      91.17
# Analyze                                                                91.17
# Levelize                                                               91.17
# End of LevelAssign mode=I, 4 Levels, 8 Comps, limit=30000              91.17
# Nets                                                                   91.17
# Place                                                                  91.17
# PlaceNets                                                              91.17
# SpaceY                                                                 91.17
# Track                                                                  91.17
# SpaceX                                                                 91.17
# Wire                                                                   91.17
# End of Wire: 0 nets, 0 ch, wire: 0-->0 (0 with wbits)                  91.17
# End of doGenerate                                                      91.17
# Analyze                                                                91.17
# Levelize                                                               91.17
# End of LevelAssign mode=I, 4 Levels, 8 Comps, limit=30000              91.17
# Nets                                                                   91.17
# Place                                                                  91.17
# PlaceNets                                                              91.17
# SpaceY                                                                 91.17
# Track                                                                  91.17
# SpaceX                                                                 91.17
# Wire                                                                   91.17
# End of Wire: 0 nets, 0 ch, wire: 0-->0 (0 with wbits)                  91.17
# End of doGenerate                                                      91.17
# Analyze                                                                91.17
# Levelize                                                               91.17
# End of LevelAssign mode=I, 2 Levels, 4 Comps, limit=30000              91.17
# Nets                                                                   91.17
# Place                                                                  91.17
# PlaceNets                                                              91.17
# SpaceY                                                                 91.17
# Track                                                                  91.17
# SpaceX                                                                 91.17
# Wire                                                                   91.17
# End of Wire: 0 nets, 0 ch, wire: 0-->0 (0 with wbits)                  91.17
# End of doGenerate                                                      91.17
# End of Generating Regions for Page 1                                   91.17
#CMD scrollpos -100 -30
scrollpos -100 -30
fullfit
scrollpos -250 -326
fullfit
scrollpos -184 75
scrollpos -184 75
scrollpos -189 76
#CMD scrollpos
#R -189 76
increment -const
attribute {inst ADC.Tile_224.ADC0} -attr @fillcolor #e2e0de
attribute {inst ADC.Tile_224.ADC0.mixer } -attr @fillcolor #e2e0de
attribute {inst ADC.Tile_224.ADC0.m00} -attr @name Real
attribute {inst ADC.Tile_224.ADC0.m01} -attr @name Real
attribute {inst ADC.Tile_224.ADC2} -attr @fillcolor #e2e0de
attribute {inst ADC.Tile_224.ADC2.mixer } -attr @fillcolor #e2e0de
attribute {inst ADC.Tile_224.ADC2.m02} -attr @name Real
attribute {inst ADC.Tile_224.ADC2.m03} -attr @name Real
attribute {inst ADC.Tile_225.ADC0} -attr @fillcolor #e2e0de
attribute {inst ADC.Tile_225.ADC0.mixer } -attr @fillcolor #e2e0de
attribute {inst ADC.Tile_225.ADC0.m00} -attr @name Real
attribute {inst ADC.Tile_225.ADC0.m01} -attr @name Real
attribute {inst ADC.Tile_225.ADC2} -attr @fillcolor #e2e0de
attribute {inst ADC.Tile_225.ADC2.mixer } -attr @fillcolor #e2e0de
attribute {inst ADC.Tile_225.ADC2.m02} -attr @name Real
attribute {inst ADC.Tile_225.ADC2.m03} -attr @name Real
attribute {inst ADC.Tile_226.ADC0} -attr @fillcolor #e2e0de
attribute {inst ADC.Tile_226.ADC0.mixer } -attr @fillcolor #e2e0de
attribute {inst ADC.Tile_226.ADC0.m00} -attr @name Real
attribute {inst ADC.Tile_226.ADC0.m01} -attr @name Real
attribute {inst ADC.Tile_226.ADC2} -attr @fillcolor #e2e0de
attribute {inst ADC.Tile_226.ADC2.mixer } -attr @fillcolor #e2e0de
attribute {inst ADC.Tile_226.ADC2.m02} -attr @name Real
attribute {inst ADC.Tile_226.ADC2.m03} -attr @name Real
attribute {inst ADC.Tile_227.ADC0} -attr @fillcolor #e2e0de
attribute {inst ADC.Tile_227.ADC0.mixer } -attr @fillcolor #e2e0de
attribute {inst ADC.Tile_227.ADC0.m00} -attr @name Real
attribute {inst ADC.Tile_227.ADC0.m01} -attr @name Real
attribute {inst ADC.Tile_227.ADC2} -attr @fillcolor #e2e0de
attribute {inst ADC.Tile_227.ADC2.mixer } -attr @fillcolor #e2e0de
attribute {inst ADC.Tile_227.ADC2.m02} -attr @name Real
attribute {inst ADC.Tile_227.ADC2.m03} -attr @name Real
show
# Starting Split Pages                                                   99.78
# Split Pages 36 Comps, 0 Nets 0 NetBundles 0 CGraphics                  99.78
# KwayPart started for 36 comps, 0 nets                                  99.78
# Init done: 1 nodes (1 locked nodes), 0 edges                           99.78
# Startpart done: 1 parts                                                99.78
# KwayPart done                                                          99.78
# End of Split Pages: 1 pages                                            99.78
# End of Split Pages                                                     99.78
# Generating Regions for Page 1:   36 Comps,    0 Nets                   99.78
# Analyze                                                                99.78
# Levelize                                                               99.78
# End of LevelAssign mode=I, 4 Levels, 8 Comps, limit=30000              99.78
# Nets                                                                   99.78
# Place                                                                  99.78
# PlaceNets                                                              99.78
# SpaceY                                                                 99.78
# Track                                                                  99.78
# SpaceX                                                                 99.78
# Wire                                                                   99.78
# End of Wire: 0 nets, 0 ch, wire: 0-->0 (0 with wbits)                  99.78
# End of doGenerate                                                      99.78
# Analyze                                                                99.78
# Levelize                                                               99.78
# End of LevelAssign mode=I, 4 Levels, 8 Comps, limit=30000              99.78
# Nets                                                                   99.78
# Place                                                                  99.78
# PlaceNets                                                              99.78
# SpaceY                                                                 99.78
# Track                                                                  99.78
# SpaceX                                                                 99.78
# Wire                                                                   99.78
# End of Wire: 0 nets, 0 ch, wire: 0-->0 (0 with wbits)                  99.78
# End of doGenerate                                                      99.78
# Analyze                                                                99.78
# Levelize                                                               99.78
# End of LevelAssign mode=I, 4 Levels, 8 Comps, limit=30000              99.78
# Nets                                                                   99.78
# Place                                                                  99.78
# PlaceNets                                                              99.78
# SpaceY                                                                 99.78
# Track                                                                  99.78
# SpaceX                                                                 99.78
# Wire                                                                   99.78
# End of Wire: 0 nets, 0 ch, wire: 0-->0 (0 with wbits)                  99.78
# End of doGenerate                                                      99.78
# Analyze                                                                99.78
# Levelize                                                               99.78
# End of LevelAssign mode=I, 4 Levels, 8 Comps, limit=30000              99.78
# Nets                                                                   99.78
# Place                                                                  99.78
# PlaceNets                                                              99.78
# SpaceY                                                                 99.78
# Track                                                                  99.78
# SpaceX                                                                 99.78
# Wire                                                                   99.78
# End of Wire: 0 nets, 0 ch, wire: 0-->0 (0 with wbits)                  99.78
# End of doGenerate                                                      99.78
# Analyze                                                                99.78
# Levelize                                                               99.78
# End of LevelAssign mode=I, 2 Levels, 4 Comps, limit=30000              99.78
# Nets                                                                   99.78
# Place                                                                  99.78
# PlaceNets                                                              99.78
# SpaceY                                                                 99.78
# Track                                                                  99.78
# SpaceX                                                                 99.78
# Wire                                                                   99.78
# End of Wire: 0 nets, 0 ch, wire: 0-->0 (0 with wbits)                  99.78
# End of doGenerate                                                      99.78
# End of Generating Regions for Page 1                                   99.78
#CMD scrollpos -100 -30
scrollpos -100 -30
#CMD scrollpos -189 76
scrollpos -189 76
#CMD scrollpos
#R -189 76
increment -const
attribute {inst ADC.Tile_224.ADC0} -attr @fillcolor #e2e0de
attribute {inst ADC.Tile_224.ADC0.mixer } -attr @fillcolor #e2e0de
attribute {inst ADC.Tile_224.ADC0.m00} -attr @name Real
attribute {inst ADC.Tile_224.ADC0.m01} -attr @name Real
attribute {inst ADC.Tile_224.ADC2} -attr @fillcolor #e2e0de
attribute {inst ADC.Tile_224.ADC2.mixer } -attr @fillcolor #e2e0de
attribute {inst ADC.Tile_224.ADC2.m02} -attr @name Real
attribute {inst ADC.Tile_224.ADC2.m03} -attr @name Real
attribute {inst ADC.Tile_225.ADC0} -attr @fillcolor #e2e0de
attribute {inst ADC.Tile_225.ADC0.mixer } -attr @fillcolor #e2e0de
attribute {inst ADC.Tile_225.ADC0.m00} -attr @name Real
attribute {inst ADC.Tile_225.ADC0.m01} -attr @name Real
attribute {inst ADC.Tile_225.ADC2} -attr @fillcolor #e2e0de
attribute {inst ADC.Tile_225.ADC2.mixer } -attr @fillcolor #e2e0de
attribute {inst ADC.Tile_225.ADC2.m02} -attr @name Real
attribute {inst ADC.Tile_225.ADC2.m03} -attr @name Real
attribute {inst ADC.Tile_226.ADC0} -attr @fillcolor #e2e0de
attribute {inst ADC.Tile_226.ADC0.mixer } -attr @fillcolor #e2e0de
attribute {inst ADC.Tile_226.ADC0.m00} -attr @name Real
attribute {inst ADC.Tile_226.ADC0.m01} -attr @name Real
attribute {inst ADC.Tile_226.ADC2} -attr @fillcolor #e2e0de
attribute {inst ADC.Tile_226.ADC2.mixer } -attr @fillcolor #e2e0de
attribute {inst ADC.Tile_226.ADC2.m02} -attr @name Real
attribute {inst ADC.Tile_226.ADC2.m03} -attr @name Real
attribute {inst ADC.Tile_227.ADC0} -attr @fillcolor #e2e0de
attribute {inst ADC.Tile_227.ADC0.mixer } -attr @fillcolor #e2e0de
attribute {inst ADC.Tile_227.ADC0.m00} -attr @name Real
attribute {inst ADC.Tile_227.ADC0.m01} -attr @name Real
attribute {inst ADC.Tile_227.ADC2} -attr @fillcolor #e2e0de
attribute {inst ADC.Tile_227.ADC2.mixer } -attr @fillcolor #e2e0de
attribute {inst ADC.Tile_227.ADC2.m02} -attr @name Real
attribute {inst ADC.Tile_227.ADC2.m03} -attr @name Real
show
# Starting Split Pages                                                  102.51
# Split Pages 36 Comps, 0 Nets 0 NetBundles 0 CGraphics                 102.51
# KwayPart started for 36 comps, 0 nets                                 102.51
# Init done: 1 nodes (1 locked nodes), 0 edges                          102.51
# Startpart done: 1 parts                                               102.51
# KwayPart done                                                         102.51
# End of Split Pages: 1 pages                                           102.51
# End of Split Pages                                                    102.51
# Generating Regions for Page 1:   36 Comps,    0 Nets                  102.51
# Analyze                                                               102.51
# Levelize                                                              102.51
# End of LevelAssign mode=I, 4 Levels, 8 Comps, limit=30000             102.51
# Nets                                                                  102.51
# Place                                                                 102.51
# PlaceNets                                                             102.51
# SpaceY                                                                102.51
# Track                                                                 102.51
# SpaceX                                                                102.51
# Wire                                                                  102.51
# End of Wire: 0 nets, 0 ch, wire: 0-->0 (0 with wbits)                 102.51
# End of doGenerate                                                     102.51
# Analyze                                                               102.51
# Levelize                                                              102.51
# End of LevelAssign mode=I, 4 Levels, 8 Comps, limit=30000             102.51
# Nets                                                                  102.51
# Place                                                                 102.51
# PlaceNets                                                             102.51
# SpaceY                                                                102.51
# Track                                                                 102.51
# SpaceX                                                                102.51
# Wire                                                                  102.51
# End of Wire: 0 nets, 0 ch, wire: 0-->0 (0 with wbits)                 102.51
# End of doGenerate                                                     102.51
# Analyze                                                               102.51
# Levelize                                                              102.51
# End of LevelAssign mode=I, 4 Levels, 8 Comps, limit=30000             102.51
# Nets                                                                  102.51
# Place                                                                 102.51
# PlaceNets                                                             102.51
# SpaceY                                                                102.51
# Track                                                                 102.51
# SpaceX                                                                102.51
# Wire                                                                  102.51
# End of Wire: 0 nets, 0 ch, wire: 0-->0 (0 with wbits)                 102.51
# End of doGenerate                                                     102.51
# Analyze                                                               102.51
# Levelize                                                              102.51
# End of LevelAssign mode=I, 4 Levels, 8 Comps, limit=30000             102.51
# Nets                                                                  102.51
# Place                                                                 102.51
# PlaceNets                                                             102.51
# SpaceY                                                                102.51
# Track                                                                 102.51
# SpaceX                                                                102.51
# Wire                                                                  102.51
# End of Wire: 0 nets, 0 ch, wire: 0-->0 (0 with wbits)                 102.51
# End of doGenerate                                                     102.51
# Analyze                                                               102.51
# Levelize                                                              102.51
# End of LevelAssign mode=I, 2 Levels, 4 Comps, limit=30000             102.51
# Nets                                                                  102.51
# Place                                                                 102.51
# PlaceNets                                                             102.51
# SpaceY                                                                102.51
# Track                                                                 102.51
# SpaceX                                                                102.51
# Wire                                                                  102.51
# End of Wire: 0 nets, 0 ch, wire: 0-->0 (0 with wbits)                 102.51
# End of doGenerate                                                     102.51
# End of Generating Regions for Page 1                                  102.51
#CMD scrollpos -100 -30
scrollpos -100 -30
#CMD scrollpos -189 76
scrollpos -189 76
#CMD scrollpos
#R -189 76
increment -const
attribute {inst ADC.Tile_224.ADC0} -attr @fillcolor #e2e0de
attribute {inst ADC.Tile_224.ADC0.mixer } -attr @fillcolor #e2e0de
attribute {inst ADC.Tile_224.ADC0.m00} -attr @name Real
attribute {inst ADC.Tile_224.ADC0.m01} -attr @name Real
attribute {inst ADC.Tile_224.ADC2} -attr @fillcolor #e2e0de
attribute {inst ADC.Tile_224.ADC2.mixer } -attr @fillcolor #e2e0de
attribute {inst ADC.Tile_224.ADC2.m02} -attr @name Real
attribute {inst ADC.Tile_224.ADC2.m03} -attr @name Real
attribute {inst ADC.Tile_225.ADC0} -attr @fillcolor #e2e0de
attribute {inst ADC.Tile_225.ADC0.mixer } -attr @fillcolor #e2e0de
attribute {inst ADC.Tile_225.ADC0.m00} -attr @name Real
attribute {inst ADC.Tile_225.ADC0.m01} -attr @name Real
attribute {inst ADC.Tile_225.ADC2} -attr @fillcolor #e2e0de
attribute {inst ADC.Tile_225.ADC2.mixer } -attr @fillcolor #e2e0de
attribute {inst ADC.Tile_225.ADC2.m02} -attr @name Real
attribute {inst ADC.Tile_225.ADC2.m03} -attr @name Real
attribute {inst ADC.Tile_226.ADC0} -attr @fillcolor #e2e0de
attribute {inst ADC.Tile_226.ADC0.mixer } -attr @fillcolor #e2e0de
attribute {inst ADC.Tile_226.ADC0.m00} -attr @name Real
attribute {inst ADC.Tile_226.ADC0.m01} -attr @name Real
attribute {inst ADC.Tile_226.ADC2} -attr @fillcolor #e2e0de
attribute {inst ADC.Tile_226.ADC2.mixer } -attr @fillcolor #e2e0de
attribute {inst ADC.Tile_226.ADC2.m02} -attr @name Real
attribute {inst ADC.Tile_226.ADC2.m03} -attr @name Real
attribute {inst ADC.Tile_227.ADC0} -attr @fillcolor #e2e0de
attribute {inst ADC.Tile_227.ADC0.mixer } -attr @fillcolor #e2e0de
attribute {inst ADC.Tile_227.ADC0.m00} -attr @name Real
attribute {inst ADC.Tile_227.ADC0.m01} -attr @name Real
attribute {inst ADC.Tile_227.ADC2} -attr @fillcolor #e2e0de
attribute {inst ADC.Tile_227.ADC2.mixer } -attr @fillcolor #e2e0de
attribute {inst ADC.Tile_227.ADC2.m02} -attr @name Real
attribute {inst ADC.Tile_227.ADC2.m03} -attr @name Real
show
# Starting Split Pages                                                  103.92
# Split Pages 36 Comps, 0 Nets 0 NetBundles 0 CGraphics                 103.92
# KwayPart started for 36 comps, 0 nets                                 103.92
# Init done: 1 nodes (1 locked nodes), 0 edges                          103.92
# Startpart done: 1 parts                                               103.92
# KwayPart done                                                         103.92
# End of Split Pages: 1 pages                                           103.92
# End of Split Pages                                                    103.92
# Generating Regions for Page 1:   36 Comps,    0 Nets                  103.92
# Analyze                                                               103.92
# Levelize                                                              103.92
# End of LevelAssign mode=I, 4 Levels, 8 Comps, limit=30000             103.92
# Nets                                                                  103.92
# Place                                                                 103.92
# PlaceNets                                                             103.92
# SpaceY                                                                103.92
# Track                                                                 103.92
# SpaceX                                                                103.92
# Wire                                                                  103.92
# End of Wire: 0 nets, 0 ch, wire: 0-->0 (0 with wbits)                 103.92
# End of doGenerate                                                     103.92
# Analyze                                                               103.92
# Levelize                                                              103.92
# End of LevelAssign mode=I, 4 Levels, 8 Comps, limit=30000             103.92
# Nets                                                                  103.92
# Place                                                                 103.92
# PlaceNets                                                             103.92
# SpaceY                                                                103.92
# Track                                                                 103.92
# SpaceX                                                                103.92
# Wire                                                                  103.92
# End of Wire: 0 nets, 0 ch, wire: 0-->0 (0 with wbits)                 103.92
# End of doGenerate                                                     103.92
# Analyze                                                               103.92
# Levelize                                                              103.92
# End of LevelAssign mode=I, 4 Levels, 8 Comps, limit=30000             103.92
# Nets                                                                  103.92
# Place                                                                 103.92
# PlaceNets                                                             103.92
# SpaceY                                                                103.92
# Track                                                                 103.92
# SpaceX                                                                103.92
# Wire                                                                  103.92
# End of Wire: 0 nets, 0 ch, wire: 0-->0 (0 with wbits)                 103.92
# End of doGenerate                                                     103.92
# Analyze                                                               103.92
# Levelize                                                              103.92
# End of LevelAssign mode=I, 4 Levels, 8 Comps, limit=30000             103.92
# Nets                                                                  103.92
# Place                                                                 103.92
# PlaceNets                                                             103.92
# SpaceY                                                                103.92
# Track                                                                 103.92
# SpaceX                                                                103.92
# Wire                                                                  103.92
# End of Wire: 0 nets, 0 ch, wire: 0-->0 (0 with wbits)                 103.92
# End of doGenerate                                                     103.92
# Analyze                                                               103.92
# Levelize                                                              103.92
# End of LevelAssign mode=I, 2 Levels, 4 Comps, limit=30000             103.92
# Nets                                                                  103.92
# Place                                                                 103.92
# PlaceNets                                                             103.92
# SpaceY                                                                103.92
# Track                                                                 103.92
# SpaceX                                                                103.92
# Wire                                                                  103.92
# End of Wire: 0 nets, 0 ch, wire: 0-->0 (0 with wbits)                 103.92
# End of doGenerate                                                     103.92
# End of Generating Regions for Page 1                                  103.92
#CMD scrollpos -100 -30
scrollpos -100 -30
#CMD scrollpos -189 76
scrollpos -189 76
