#-----------------------------------------------------------
# Vivado v2020.2 (64-bit)
# SW Build 3064766 on Wed Nov 18 09:12:45 MST 2020
# IP Build 3064653 on Wed Nov 18 14:17:31 MST 2020
# Start of session at: Thu Oct  5 14:25:31 2023
# Process ID: 22596
# Current directory: E:/RFSoC/GIT/Vivado_prj_manager/Verilog_main
# Command line: vivado.exe -mode batch -source E:\RFSoC\GIT\RFSoC\RFSoC_Design_V1_1\IP_File_01\TTLx8_out_output\TTLx8_out.tcl
# Log file: E:/RFSoC/GIT/Vivado_prj_manager/Verilog_main/vivado.log
# Journal file: E:/RFSoC/GIT/Vivado_prj_manager/Verilog_main\vivado.jou
#-----------------------------------------------------------
source {E:\RFSoC\GIT\RFSoC\RFSoC_Design_V1_1\IP_File_01\TTLx8_out_output\TTLx8_out.tcl}
# set project_name "TTLx8_out"
# set project_dir "E:/RFSoC/GIT/RFSoC/RFSoC_Design_V1_1/IP_File_01/TTLx8_out_output"
# create_project ${project_name} ${project_dir}/${project_name} -part xczu28dr-ffvg1517-2-e
# add_files -norecurse {E:/RFSoC/GIT/RFSoC/RFSoC_Design_V1_1/IP_File_01/TTLx8_out/adj_fifo.sv}
# add_files -norecurse {E:/RFSoC/GIT/RFSoC/RFSoC_Design_V1_1/IP_File_01/TTLx8_out/AXI2FIFO.sv}
# add_files -norecurse {E:/RFSoC/GIT/RFSoC/RFSoC_Design_V1_1/IP_File_01/TTLx8_out/GPO_Core.sv}
# add_files -norecurse {E:/RFSoC/GIT/RFSoC/RFSoC_Design_V1_1/IP_File_01/TTLx8_out/RTOB_Core.sv}
# add_files -norecurse {E:/RFSoC/GIT/RFSoC/RFSoC_Design_V1_1/IP_File_01/TTLx8_out/TTLx8_Controller.sv}
# add_files -norecurse {E:/RFSoC/GIT/RFSoC/RFSoC_Design_V1_1/IP_File_01/TTLx8_out/TTLx8_out.sv}
# set boardpath {E:/Xilinx/Vivado/2020.2/data/boards/board_files}
# set_param board.repoPaths [list $boardpath]
# set_property BOARD_PART xilinx.com:zcu111:part0:1.4 [current_project]
# create_ip -dir E:/RFSoC/GIT/RFSoC/RFSoC_Design_V1_1/IP_File_01/TTLx8_out_output -name fifo_generator -vendor xilinx.com -library ip -version 13.2 -module_name rtob_fifo_generator_0
INFO: [IP_Flow 19-234] Refreshing IP repositories
INFO: [IP_Flow 19-1704] No user IP repositories specified
INFO: [IP_Flow 19-2313] Loaded Vivado IP repository 'E:/Xilinx/Vivado/2020.2/data/ip'.
# set_property -dict [list CONFIG.Performance_Options {First_Word_Fall_Through} CONFIG.Input_Data_Width {64} CONFIG.Input_Depth {512} CONFIG.Output_Data_Width {64} CONFIG.Output_Depth {512} CONFIG.Underflow_Flag {true} CONFIG.Overflow_Flag {true} CONFIG.Data_Count_Width {9} CONFIG.Write_Data_Count_Width {9} CONFIG.Read_Data_Count_Width {9} CONFIG.Programmable_Full_Type {Single_Programmable_Full_Threshold_Constant} CONFIG.Full_Threshold_Assert_Value {248} CONFIG.Full_Threshold_Negate_Value {247} CONFIG.Empty_Threshold_Assert_Value {4} CONFIG.Empty_Threshold_Negate_Value {5}] [get_ips rtob_fifo_generator_0]
# ipx::package_project -root_dir E:/RFSoC/GIT/RFSoC/RFSoC_Design_V1_1/IP_File_01/TTLx8_out_output -vendor xilinx.com -library user -taxonomy /UserIP
WARNING: [IP_Flow 19-4963] rtob_fifo_generator_0 has board value specified. The packaged IP will be restricted to usage with board 'xilinx.com:zcu111:part0:1.4'
CRITICAL WARNING: [IP_Flow 19-459] IP file 'e:/RFSoC/GIT/RFSoC/RFSoC_Design_V1_1/IP_File_01/TTLx8_out/AXI2FIFO.sv' appears to be outside of the project area 'e:/RFSoC/GIT/RFSoC/RFSoC_Design_V1_1/IP_File_01/TTLx8_out_output'. You can use the ipx::package_project -import_files option to copy remote files into the IP directory.
CRITICAL WARNING: [IP_Flow 19-459] IP file 'e:/RFSoC/GIT/RFSoC/RFSoC_Design_V1_1/IP_File_01/TTLx8_out/GPO_Core.sv' appears to be outside of the project area 'e:/RFSoC/GIT/RFSoC/RFSoC_Design_V1_1/IP_File_01/TTLx8_out_output'. You can use the ipx::package_project -import_files option to copy remote files into the IP directory.
CRITICAL WARNING: [IP_Flow 19-459] IP file 'e:/RFSoC/GIT/RFSoC/RFSoC_Design_V1_1/IP_File_01/TTLx8_out/RTOB_Core.sv' appears to be outside of the project area 'e:/RFSoC/GIT/RFSoC/RFSoC_Design_V1_1/IP_File_01/TTLx8_out_output'. You can use the ipx::package_project -import_files option to copy remote files into the IP directory.
CRITICAL WARNING: [IP_Flow 19-459] IP file 'e:/RFSoC/GIT/RFSoC/RFSoC_Design_V1_1/IP_File_01/TTLx8_out/TTLx8_Controller.sv' appears to be outside of the project area 'e:/RFSoC/GIT/RFSoC/RFSoC_Design_V1_1/IP_File_01/TTLx8_out_output'. You can use the ipx::package_project -import_files option to copy remote files into the IP directory.
CRITICAL WARNING: [IP_Flow 19-459] IP file 'e:/RFSoC/GIT/RFSoC/RFSoC_Design_V1_1/IP_File_01/TTLx8_out/TTLx8_out.sv' appears to be outside of the project area 'e:/RFSoC/GIT/RFSoC/RFSoC_Design_V1_1/IP_File_01/TTLx8_out_output'. You can use the ipx::package_project -import_files option to copy remote files into the IP directory.
CRITICAL WARNING: [IP_Flow 19-459] IP file 'e:/RFSoC/GIT/RFSoC/RFSoC_Design_V1_1/IP_File_01/TTLx8_out/adj_fifo.sv' appears to be outside of the project area 'e:/RFSoC/GIT/RFSoC/RFSoC_Design_V1_1/IP_File_01/TTLx8_out_output'. You can use the ipx::package_project -import_files option to copy remote files into the IP directory.
CRITICAL WARNING: [IP_Flow 19-459] IP file 'e:/RFSoC/GIT/RFSoC/RFSoC_Design_V1_1/IP_File_01/TTLx8_out/AXI2FIFO.sv' appears to be outside of the project area 'e:/RFSoC/GIT/RFSoC/RFSoC_Design_V1_1/IP_File_01/TTLx8_out_output'. You can use the ipx::package_project -import_files option to copy remote files into the IP directory.
CRITICAL WARNING: [IP_Flow 19-459] IP file 'e:/RFSoC/GIT/RFSoC/RFSoC_Design_V1_1/IP_File_01/TTLx8_out/GPO_Core.sv' appears to be outside of the project area 'e:/RFSoC/GIT/RFSoC/RFSoC_Design_V1_1/IP_File_01/TTLx8_out_output'. You can use the ipx::package_project -import_files option to copy remote files into the IP directory.
CRITICAL WARNING: [IP_Flow 19-459] IP file 'e:/RFSoC/GIT/RFSoC/RFSoC_Design_V1_1/IP_File_01/TTLx8_out/RTOB_Core.sv' appears to be outside of the project area 'e:/RFSoC/GIT/RFSoC/RFSoC_Design_V1_1/IP_File_01/TTLx8_out_output'. You can use the ipx::package_project -import_files option to copy remote files into the IP directory.
CRITICAL WARNING: [IP_Flow 19-459] IP file 'e:/RFSoC/GIT/RFSoC/RFSoC_Design_V1_1/IP_File_01/TTLx8_out/TTLx8_Controller.sv' appears to be outside of the project area 'e:/RFSoC/GIT/RFSoC/RFSoC_Design_V1_1/IP_File_01/TTLx8_out_output'. You can use the ipx::package_project -import_files option to copy remote files into the IP directory.
CRITICAL WARNING: [IP_Flow 19-459] IP file 'e:/RFSoC/GIT/RFSoC/RFSoC_Design_V1_1/IP_File_01/TTLx8_out/TTLx8_out.sv' appears to be outside of the project area 'e:/RFSoC/GIT/RFSoC/RFSoC_Design_V1_1/IP_File_01/TTLx8_out_output'. You can use the ipx::package_project -import_files option to copy remote files into the IP directory.
CRITICAL WARNING: [IP_Flow 19-459] IP file 'e:/RFSoC/GIT/RFSoC/RFSoC_Design_V1_1/IP_File_01/TTLx8_out/adj_fifo.sv' appears to be outside of the project area 'e:/RFSoC/GIT/RFSoC/RFSoC_Design_V1_1/IP_File_01/TTLx8_out_output'. You can use the ipx::package_project -import_files option to copy remote files into the IP directory.
WARNING: [IP_Flow 19-5101] Packaging a component with a SystemVerilog top file is not fully supported. Please refer to UG1118 'Creating and Packaging Custom IP'.
INFO: [IP_Flow 19-5107] Inferred bus interface 's_axi' of definition 'xilinx.com:interface:aximm:1.0' (from Xilinx Repository).
INFO: [IP_Flow 19-5107] Inferred bus interface 's_axi_aresetn' of definition 'xilinx.com:signal:reset:1.0' (from Xilinx Repository).
INFO: [IP_Flow 19-5107] Inferred bus interface 's_axi_aclk' of definition 'xilinx.com:signal:clock:1.0' (from Xilinx Repository).
INFO: [IP_Flow 19-4728] Bus Interface 's_axi_aresetn': Added interface parameter 'POLARITY' with value 'ACTIVE_LOW'.
INFO: [IP_Flow 19-4728] Bus Interface 's_axi_aclk': Added interface parameter 'ASSOCIATED_BUSIF' with value 's_axi'.
INFO: [IP_Flow 19-4728] Bus Interface 's_axi_aclk': Added interface parameter 'ASSOCIATED_RESET' with value 's_axi_aresetn'.
INFO: [IP_Flow 19-818] Not transferring value dependency attribute "(spirit:decode(id('MODELPARAM_VALUE.AXI_DATA_WIDTH')) >> 3)" into user parameter "AXI_STROBE_WIDTH".
WARNING: [IP_Flow 19-5905] All packaged files should be located below the IP definition file (xml)
WARNING: [IP_Flow 19-5905] All packaged files should be located below the IP definition file (xml)
WARNING: [IP_Flow 19-5905] All packaged files should be located below the IP definition file (xml)
WARNING: [IP_Flow 19-5905] All packaged files should be located below the IP definition file (xml)
WARNING: [IP_Flow 19-5905] All packaged files should be located below the IP definition file (xml)
WARNING: [IP_Flow 19-5905] All packaged files should be located below the IP definition file (xml)
WARNING: [IP_Flow 19-5905] All packaged files should be located below the IP definition file (xml)
WARNING: [IP_Flow 19-5905] All packaged files should be located below the IP definition file (xml)
WARNING: [IP_Flow 19-5905] All packaged files should be located below the IP definition file (xml)
WARNING: [IP_Flow 19-5905] All packaged files should be located below the IP definition file (xml)
WARNING: [IP_Flow 19-5905] All packaged files should be located below the IP definition file (xml)
WARNING: [IP_Flow 19-5905] All packaged files should be located below the IP definition file (xml)
INFO: [IP_Flow 19-2181] Payment Required is not set for this core.
INFO: [IP_Flow 19-2187] The Product Guide file is missing.
# ipx::save_core [ipx::current_core]
# set_property  ip_repo_paths  E:/RFSoC/GIT/RFSoC/RFSoC_Design_V1_1/IP_File_01/TTLx8_out_output [current_project]
# update_ip_catalog
INFO: [IP_Flow 19-234] Refreshing IP repositories
INFO: [IP_Flow 19-1700] Loaded user IP repository 'e:/RFSoC/GIT/RFSoC/RFSoC_Design_V1_1/IP_File_01/TTLx8_out_output'.
WARNING: [IP_Flow 19-3656] If you move the project, the path for repository 'e:/RFSoC/GIT/RFSoC/RFSoC_Design_V1_1/IP_File_01/TTLx8_out_output' may become invalid. A better location for the repository would be in a path adjacent to the project. (Current project location is 'e:/RFSoC/GIT/RFSoC/RFSoC_Design_V1_1/IP_File_01/TTLx8_out_output/TTLx8_out'.)
# set_property top TTLx8_out [current_fileset]
# set_property top_file { E:/RFSoC/GIT/RFSoC/RFSoC_Design_V1_1/IP_File_01/TTLx8_out/TTLx8_out.sv } [current_fileset]
INFO: [Common 17-206] Exiting Vivado at Thu Oct  5 14:25:42 2023...
