#-----------------------------------------------------------
# Vivado v2020.2 (64-bit)
# SW Build 3064766 on Wed Nov 18 09:12:45 MST 2020
# IP Build 3064653 on Wed Nov 18 14:17:31 MST 2020
# Start of session at: Sun Jan 21 01:42:18 2024
# Process ID: 34800
# Current directory: C:/Jeonghyun/GIT/Vivado_prj_manager/Verilog_main
# Command line: vivado.exe -mode batch -source C:\Jeonghyun\GIT\RFSoC\RFSoC_Design_V1_1\IP_File_01\TimeController_output\TimeController.tcl
# Log file: C:/Jeonghyun/GIT/Vivado_prj_manager/Verilog_main/vivado.log
# Journal file: C:/Jeonghyun/GIT/Vivado_prj_manager/Verilog_main\vivado.jou
#-----------------------------------------------------------
source {C:\Jeonghyun\GIT\RFSoC\RFSoC_Design_V1_1\IP_File_01\TimeController_output\TimeController.tcl}
# set project_name "TimeController"
# set project_dir "C:/Jeonghyun/GIT/RFSoC/RFSoC_Design_V1_1/IP_File_01/TimeController_output"
# create_project ${project_name} ${project_dir}/${project_name} -part xczu28dr-ffvg1517-2-e
INFO: [ProjectBase 1-489] The host OS only allows 260 characters in a normal path. The project is stored in a path with more than 80 characters. If you experience issues with IP, Block Designs, or files not being found, please consider moving the project to a location with a shorter path. Alternately consider using the OS subst command to map part of the path to a drive letter.
Current project path is 'C:/Jeonghyun/GIT/RFSoC/RFSoC_Design_V1_1/IP_File_01/TimeController_output/TimeController'
# add_files -norecurse {C:/Jeonghyun/GIT/RFSoC/RFSoC_Design_V1_1/IP_File_01/TimeController/AXI2COM.sv}
# add_files -norecurse {C:/Jeonghyun/GIT/RFSoC/RFSoC_Design_V1_1/IP_File_01/TimeController/TimeController.sv}
# add_files -norecurse {C:/Jeonghyun/GIT/RFSoC/RFSoC_Design_V1_1/IP_File_01/TimeController/Timestamp_Counter.sv}
# set boardpath {C:/Xilinx/Vivado/2020.2/data/boards/board_files}
# set_param board.repoPaths [list $boardpath]
# set_property BOARD_PART xilinx.com:zcu111:part0:1.4 [current_project]
# ipx::package_project -root_dir C:/Jeonghyun/GIT/RFSoC/RFSoC_Design_V1_1/IP_File_01/TimeController_output -vendor xilinx.com -library user -taxonomy /UserIP
CRITICAL WARNING: [IP_Flow 19-459] IP file 'c:/Jeonghyun/GIT/RFSoC/RFSoC_Design_V1_1/IP_File_01/TimeController/AXI2COM.sv' appears to be outside of the project area 'c:/Jeonghyun/GIT/RFSoC/RFSoC_Design_V1_1/IP_File_01/TimeController_output'. You can use the ipx::package_project -import_files option to copy remote files into the IP directory.
CRITICAL WARNING: [IP_Flow 19-459] IP file 'c:/Jeonghyun/GIT/RFSoC/RFSoC_Design_V1_1/IP_File_01/TimeController/TimeController.sv' appears to be outside of the project area 'c:/Jeonghyun/GIT/RFSoC/RFSoC_Design_V1_1/IP_File_01/TimeController_output'. You can use the ipx::package_project -import_files option to copy remote files into the IP directory.
CRITICAL WARNING: [IP_Flow 19-459] IP file 'c:/Jeonghyun/GIT/RFSoC/RFSoC_Design_V1_1/IP_File_01/TimeController/Timestamp_Counter.sv' appears to be outside of the project area 'c:/Jeonghyun/GIT/RFSoC/RFSoC_Design_V1_1/IP_File_01/TimeController_output'. You can use the ipx::package_project -import_files option to copy remote files into the IP directory.
CRITICAL WARNING: [IP_Flow 19-459] IP file 'c:/Jeonghyun/GIT/RFSoC/RFSoC_Design_V1_1/IP_File_01/TimeController/AXI2COM.sv' appears to be outside of the project area 'c:/Jeonghyun/GIT/RFSoC/RFSoC_Design_V1_1/IP_File_01/TimeController_output'. You can use the ipx::package_project -import_files option to copy remote files into the IP directory.
CRITICAL WARNING: [IP_Flow 19-459] IP file 'c:/Jeonghyun/GIT/RFSoC/RFSoC_Design_V1_1/IP_File_01/TimeController/TimeController.sv' appears to be outside of the project area 'c:/Jeonghyun/GIT/RFSoC/RFSoC_Design_V1_1/IP_File_01/TimeController_output'. You can use the ipx::package_project -import_files option to copy remote files into the IP directory.
CRITICAL WARNING: [IP_Flow 19-459] IP file 'c:/Jeonghyun/GIT/RFSoC/RFSoC_Design_V1_1/IP_File_01/TimeController/Timestamp_Counter.sv' appears to be outside of the project area 'c:/Jeonghyun/GIT/RFSoC/RFSoC_Design_V1_1/IP_File_01/TimeController_output'. You can use the ipx::package_project -import_files option to copy remote files into the IP directory.
WARNING: [IP_Flow 19-5101] Packaging a component with a SystemVerilog top file is not fully supported. Please refer to UG1118 'Creating and Packaging Custom IP'.
INFO: [IP_Flow 19-234] Refreshing IP repositories
INFO: [IP_Flow 19-1704] No user IP repositories specified
INFO: [IP_Flow 19-2313] Loaded Vivado IP repository 'C:/Xilinx/Vivado/2020.2/data/ip'.
INFO: [IP_Flow 19-5107] Inferred bus interface 's_axi' of definition 'xilinx.com:interface:aximm:1.0' (from Xilinx Repository).
INFO: [IP_Flow 19-5107] Inferred bus interface 's_axi_aresetn' of definition 'xilinx.com:signal:reset:1.0' (from Xilinx Repository).
INFO: [IP_Flow 19-5107] Inferred bus interface 's_axi_aclk' of definition 'xilinx.com:signal:clock:1.0' (from Xilinx Repository).
INFO: [IP_Flow 19-4728] Bus Interface 's_axi_aresetn': Added interface parameter 'POLARITY' with value 'ACTIVE_LOW'.
INFO: [IP_Flow 19-4728] Bus Interface 's_axi_aclk': Added interface parameter 'ASSOCIATED_BUSIF' with value 's_axi'.
INFO: [IP_Flow 19-4728] Bus Interface 's_axi_aclk': Added interface parameter 'ASSOCIATED_RESET' with value 's_axi_aresetn'.
INFO: [IP_Flow 19-818] Not transferring value dependency attribute "(spirit:decode(id('MODELPARAM_VALUE.AXI_DATA_WIDTH')) >> 3)" into user parameter "AXI_STROBE_WIDTH".
WARNING: [IP_Flow 19-5905] All packaged files should be located below the IP definition file (xml)
WARNING: [IP_Flow 19-5905] All packaged files should be located below the IP definition file (xml)
WARNING: [IP_Flow 19-5905] All packaged files should be located below the IP definition file (xml)
WARNING: [IP_Flow 19-5905] All packaged files should be located below the IP definition file (xml)
WARNING: [IP_Flow 19-5905] All packaged files should be located below the IP definition file (xml)
WARNING: [IP_Flow 19-5905] All packaged files should be located below the IP definition file (xml)
INFO: [IP_Flow 19-2181] Payment Required is not set for this core.
INFO: [IP_Flow 19-2187] The Product Guide file is missing.
# ipx::save_core [ipx::current_core]
# set_property  ip_repo_paths  C:/Jeonghyun/GIT/RFSoC/RFSoC_Design_V1_1/IP_File_01/TimeController_output [current_project]
# update_ip_catalog
INFO: [IP_Flow 19-234] Refreshing IP repositories
INFO: [IP_Flow 19-1700] Loaded user IP repository 'c:/Jeonghyun/GIT/RFSoC/RFSoC_Design_V1_1/IP_File_01/TimeController_output'.
WARNING: [IP_Flow 19-3656] If you move the project, the path for repository 'c:/Jeonghyun/GIT/RFSoC/RFSoC_Design_V1_1/IP_File_01/TimeController_output' may become invalid. A better location for the repository would be in a path adjacent to the project. (Current project location is 'c:/Jeonghyun/GIT/RFSoC/RFSoC_Design_V1_1/IP_File_01/TimeController_output/TimeController'.)
# set_property top TimeController [current_fileset]
# set_property top_file { C:/Jeonghyun/GIT/RFSoC/RFSoC_Design_V1_1/IP_File_01/TimeController/TimeController.sv } [current_fileset]
INFO: [Common 17-206] Exiting Vivado at Sun Jan 21 01:42:28 2024...
