#-----------------------------------------------------------
# Vivado v2020.2 (64-bit)
# SW Build 3064766 on Wed Nov 18 09:12:45 MST 2020
# IP Build 3064653 on Wed Nov 18 14:17:31 MST 2020
# Start of session at: Tue Sep  5 20:58:25 2023
# Process ID: 19116
# Current directory: E:/RFSoC/GIT/Vivado_prj_manager/Verilog_main
# Command line: vivado.exe -mode batch -source E:\RFSoC\GIT\RFSoC\RFSoC_Design_V1_1\IP_File_01\DAC_Controller_output_6\DAC_Controller_6.tcl
# Log file: E:/RFSoC/GIT/Vivado_prj_manager/Verilog_main/vivado.log
# Journal file: E:/RFSoC/GIT/Vivado_prj_manager/Verilog_main\vivado.jou
#-----------------------------------------------------------
source {E:\RFSoC\GIT\RFSoC\RFSoC_Design_V1_1\IP_File_01\DAC_Controller_output_6\DAC_Controller_6.tcl}
# set project_name "DAC_Controller_6"
# set project_dir "E:/RFSoC/GIT/RFSoC/RFSoC_Design_V1_1/IP_File_01/DAC_Controller_output_6"
# create_project ${project_name} ${project_dir}/${project_name} -part xczu28dr-ffvg1517-2-e
INFO: [ProjectBase 1-489] The host OS only allows 260 characters in a normal path. The project is stored in a path with more than 80 characters. If you experience issues with IP, Block Designs, or files not being found, please consider moving the project to a location with a shorter path. Alternately consider using the OS subst command to map part of the path to a drive letter.
Current project path is 'E:/RFSoC/GIT/RFSoC/RFSoC_Design_V1_1/IP_File_01/DAC_Controller_output_6/DAC_Controller_6'
# add_files -norecurse {E:/RFSoC/GIT/RFSoC/RFSoC_Design_V1_1/IP_File_01/DAC_Controller_6/AXI2FIFO_6.sv}
# add_files -norecurse {E:/RFSoC/GIT/RFSoC/RFSoC_Design_V1_1/IP_File_01/DAC_Controller_6/DAC_Controller_6.sv}
# add_files -norecurse {E:/RFSoC/GIT/RFSoC/RFSoC_Design_V1_1/IP_File_01/DAC_Controller_6/DDS_Controller_6.sv}
# add_files -norecurse {E:/RFSoC/GIT/RFSoC/RFSoC_Design_V1_1/IP_File_01/DAC_Controller_6/GPO_Core_6.sv}
# add_files -norecurse {E:/RFSoC/GIT/RFSoC/RFSoC_Design_V1_1/IP_File_01/DAC_Controller_6/RFDC_DDS_6.sv}
# add_files -norecurse {E:/RFSoC/GIT/RFSoC/RFSoC_Design_V1_1/IP_File_01/DAC_Controller_6/RTO_Core_6.sv}
# set boardpath {E:/Xilinx/Vivado/2020.2/data/boards/board_files}
# set_param board.repoPaths [list $boardpath]
# set_property BOARD_PART xilinx.com:zcu111:part0:1.4 [current_project]
# create_ip -dir E:/RFSoC/GIT/RFSoC/RFSoC_Design_V1_1/IP_File_01/DAC_Controller_output_6 -name dds_compiler -vendor xilinx.com -library ip -version 6.0 -module_name dac_controller_dds_6_compiler_0
INFO: [IP_Flow 19-234] Refreshing IP repositories
INFO: [IP_Flow 19-1704] No user IP repositories specified
INFO: [IP_Flow 19-2313] Loaded Vivado IP repository 'E:/Xilinx/Vivado/2020.2/data/ip'.
WARNING: [IP_Flow 19-4832] The IP name 'dac_controller_dds_6_compiler_0' you have specified is long. The Windows operating system has path length limitations. It is recommended you use shorter names to reduce the likelihood of issues.
# set_property -dict [list CONFIG.PartsPresent {SIN_COS_LUT_only} CONFIG.Spurious_Free_Dynamic_Range {90} CONFIG.Frequency_Resolution {0.01} CONFIG.Phase_Width {14} CONFIG.Output_Width {14} CONFIG.Output_Selection {Sine} CONFIG.Optimization_Goal {Speed} CONFIG.Latency_Configuration {Configurable} CONFIG.Latency {1} CONFIG.Parameter_Entry {Hardware_Parameters} CONFIG.Noise_Shaping {None} CONFIG.Has_Phase_Out {false} CONFIG.DATA_Has_TLAST {Not_Required} CONFIG.S_PHASE_Has_TUSER {Not_Required} CONFIG.M_DATA_Has_TUSER {Not_Required} CONFIG.Output_Frequency1 {0} CONFIG.PINC1 {0}] [get_ips dac_controller_dds_6_compiler_0]
WARNING: [IP_Flow 19-3374] An attempt to modify the value of disabled parameter 'Spurious_Free_Dynamic_Range' from '45' to '90' has been ignored for IP 'dac_controller_dds_6_compiler_0'
WARNING: [IP_Flow 19-3374] An attempt to modify the value of disabled parameter 'Frequency_Resolution' from '0.4' to '0.01' has been ignored for IP 'dac_controller_dds_6_compiler_0'
# create_ip -dir E:/RFSoC/GIT/RFSoC/RFSoC_Design_V1_1/IP_File_01/DAC_Controller_output_6 -name dds_compiler -vendor xilinx.com -library ip -version 6.0 -module_name dac_controller_dds_6_compiler_1
WARNING: [IP_Flow 19-4832] The IP name 'dac_controller_dds_6_compiler_1' you have specified is long. The Windows operating system has path length limitations. It is recommended you use shorter names to reduce the likelihood of issues.
# set_property -dict [list CONFIG.PartsPresent {SIN_COS_LUT_only} CONFIG.Spurious_Free_Dynamic_Range {90} CONFIG.Frequency_Resolution {0.01} CONFIG.Phase_Width {14} CONFIG.Output_Width {14} CONFIG.Output_Selection {Sine} CONFIG.Optimization_Goal {Speed} CONFIG.Latency_Configuration {Configurable} CONFIG.Latency {1} CONFIG.Parameter_Entry {Hardware_Parameters} CONFIG.Noise_Shaping {None} CONFIG.Has_Phase_Out {false} CONFIG.DATA_Has_TLAST {Not_Required} CONFIG.S_PHASE_Has_TUSER {Not_Required} CONFIG.M_DATA_Has_TUSER {Not_Required} CONFIG.Output_Frequency1 {0} CONFIG.PINC1 {0}] [get_ips dac_controller_dds_6_compiler_1]
WARNING: [IP_Flow 19-3374] An attempt to modify the value of disabled parameter 'Spurious_Free_Dynamic_Range' from '45' to '90' has been ignored for IP 'dac_controller_dds_6_compiler_1'
WARNING: [IP_Flow 19-3374] An attempt to modify the value of disabled parameter 'Frequency_Resolution' from '0.4' to '0.01' has been ignored for IP 'dac_controller_dds_6_compiler_1'
# create_ip -dir E:/RFSoC/GIT/RFSoC/RFSoC_Design_V1_1/IP_File_01/DAC_Controller_output_6 -name dds_compiler -vendor xilinx.com -library ip -version 6.0 -module_name dac_controller_dds_6_compiler_2
WARNING: [IP_Flow 19-4832] The IP name 'dac_controller_dds_6_compiler_2' you have specified is long. The Windows operating system has path length limitations. It is recommended you use shorter names to reduce the likelihood of issues.
# set_property -dict [list CONFIG.PartsPresent {SIN_COS_LUT_only} CONFIG.Spurious_Free_Dynamic_Range {90} CONFIG.Frequency_Resolution {0.01} CONFIG.Phase_Width {14} CONFIG.Output_Width {14} CONFIG.Output_Selection {Sine} CONFIG.Optimization_Goal {Speed} CONFIG.Latency_Configuration {Configurable} CONFIG.Latency {1} CONFIG.Parameter_Entry {Hardware_Parameters} CONFIG.Noise_Shaping {None} CONFIG.Has_Phase_Out {false} CONFIG.DATA_Has_TLAST {Not_Required} CONFIG.S_PHASE_Has_TUSER {Not_Required} CONFIG.M_DATA_Has_TUSER {Not_Required} CONFIG.Output_Frequency1 {0} CONFIG.PINC1 {0}] [get_ips dac_controller_dds_6_compiler_2]
WARNING: [IP_Flow 19-3374] An attempt to modify the value of disabled parameter 'Spurious_Free_Dynamic_Range' from '45' to '90' has been ignored for IP 'dac_controller_dds_6_compiler_2'
WARNING: [IP_Flow 19-3374] An attempt to modify the value of disabled parameter 'Frequency_Resolution' from '0.4' to '0.01' has been ignored for IP 'dac_controller_dds_6_compiler_2'
# create_ip -dir E:/RFSoC/GIT/RFSoC/RFSoC_Design_V1_1/IP_File_01/DAC_Controller_output_6 -name dds_compiler -vendor xilinx.com -library ip -version 6.0 -module_name dac_controller_dds_6_compiler_3
WARNING: [IP_Flow 19-4832] The IP name 'dac_controller_dds_6_compiler_3' you have specified is long. The Windows operating system has path length limitations. It is recommended you use shorter names to reduce the likelihood of issues.
# set_property -dict [list CONFIG.PartsPresent {SIN_COS_LUT_only} CONFIG.Spurious_Free_Dynamic_Range {90} CONFIG.Frequency_Resolution {0.01} CONFIG.Phase_Width {14} CONFIG.Output_Width {14} CONFIG.Output_Selection {Sine} CONFIG.Optimization_Goal {Speed} CONFIG.Latency_Configuration {Configurable} CONFIG.Latency {1} CONFIG.Parameter_Entry {Hardware_Parameters} CONFIG.Noise_Shaping {None} CONFIG.Has_Phase_Out {false} CONFIG.DATA_Has_TLAST {Not_Required} CONFIG.S_PHASE_Has_TUSER {Not_Required} CONFIG.M_DATA_Has_TUSER {Not_Required} CONFIG.Output_Frequency1 {0} CONFIG.PINC1 {0}] [get_ips dac_controller_dds_6_compiler_3]
WARNING: [IP_Flow 19-3374] An attempt to modify the value of disabled parameter 'Spurious_Free_Dynamic_Range' from '45' to '90' has been ignored for IP 'dac_controller_dds_6_compiler_3'
WARNING: [IP_Flow 19-3374] An attempt to modify the value of disabled parameter 'Frequency_Resolution' from '0.4' to '0.01' has been ignored for IP 'dac_controller_dds_6_compiler_3'
# create_ip -dir E:/RFSoC/GIT/RFSoC/RFSoC_Design_V1_1/IP_File_01/DAC_Controller_output_6 -name dds_compiler -vendor xilinx.com -library ip -version 6.0 -module_name dac_controller_dds_6_compiler_4
WARNING: [IP_Flow 19-4832] The IP name 'dac_controller_dds_6_compiler_4' you have specified is long. The Windows operating system has path length limitations. It is recommended you use shorter names to reduce the likelihood of issues.
# set_property -dict [list CONFIG.PartsPresent {SIN_COS_LUT_only} CONFIG.Spurious_Free_Dynamic_Range {90} CONFIG.Frequency_Resolution {0.01} CONFIG.Phase_Width {14} CONFIG.Output_Width {14} CONFIG.Output_Selection {Sine} CONFIG.Optimization_Goal {Speed} CONFIG.Latency_Configuration {Configurable} CONFIG.Latency {1} CONFIG.Parameter_Entry {Hardware_Parameters} CONFIG.Noise_Shaping {None} CONFIG.Has_Phase_Out {false} CONFIG.DATA_Has_TLAST {Not_Required} CONFIG.S_PHASE_Has_TUSER {Not_Required} CONFIG.M_DATA_Has_TUSER {Not_Required} CONFIG.Output_Frequency1 {0} CONFIG.PINC1 {0}] [get_ips dac_controller_dds_6_compiler_4]
WARNING: [IP_Flow 19-3374] An attempt to modify the value of disabled parameter 'Spurious_Free_Dynamic_Range' from '45' to '90' has been ignored for IP 'dac_controller_dds_6_compiler_4'
WARNING: [IP_Flow 19-3374] An attempt to modify the value of disabled parameter 'Frequency_Resolution' from '0.4' to '0.01' has been ignored for IP 'dac_controller_dds_6_compiler_4'
# create_ip -dir E:/RFSoC/GIT/RFSoC/RFSoC_Design_V1_1/IP_File_01/DAC_Controller_output_6 -name dds_compiler -vendor xilinx.com -library ip -version 6.0 -module_name dac_controller_dds_6_compiler_5
WARNING: [IP_Flow 19-4832] The IP name 'dac_controller_dds_6_compiler_5' you have specified is long. The Windows operating system has path length limitations. It is recommended you use shorter names to reduce the likelihood of issues.
# set_property -dict [list CONFIG.PartsPresent {SIN_COS_LUT_only} CONFIG.Spurious_Free_Dynamic_Range {90} CONFIG.Frequency_Resolution {0.01} CONFIG.Phase_Width {14} CONFIG.Output_Width {14} CONFIG.Output_Selection {Sine} CONFIG.Optimization_Goal {Speed} CONFIG.Latency_Configuration {Configurable} CONFIG.Latency {1} CONFIG.Parameter_Entry {Hardware_Parameters} CONFIG.Noise_Shaping {None} CONFIG.Has_Phase_Out {false} CONFIG.DATA_Has_TLAST {Not_Required} CONFIG.S_PHASE_Has_TUSER {Not_Required} CONFIG.M_DATA_Has_TUSER {Not_Required} CONFIG.Output_Frequency1 {0} CONFIG.PINC1 {0}] [get_ips dac_controller_dds_6_compiler_5]
WARNING: [IP_Flow 19-3374] An attempt to modify the value of disabled parameter 'Spurious_Free_Dynamic_Range' from '45' to '90' has been ignored for IP 'dac_controller_dds_6_compiler_5'
WARNING: [IP_Flow 19-3374] An attempt to modify the value of disabled parameter 'Frequency_Resolution' from '0.4' to '0.01' has been ignored for IP 'dac_controller_dds_6_compiler_5'
# create_ip -dir E:/RFSoC/GIT/RFSoC/RFSoC_Design_V1_1/IP_File_01/DAC_Controller_output_6 -name dds_compiler -vendor xilinx.com -library ip -version 6.0 -module_name dac_controller_dds_6_compiler_6
WARNING: [IP_Flow 19-4832] The IP name 'dac_controller_dds_6_compiler_6' you have specified is long. The Windows operating system has path length limitations. It is recommended you use shorter names to reduce the likelihood of issues.
# set_property -dict [list CONFIG.PartsPresent {SIN_COS_LUT_only} CONFIG.Spurious_Free_Dynamic_Range {90} CONFIG.Frequency_Resolution {0.01} CONFIG.Phase_Width {14} CONFIG.Output_Width {14} CONFIG.Output_Selection {Sine} CONFIG.Optimization_Goal {Speed} CONFIG.Latency_Configuration {Configurable} CONFIG.Latency {1} CONFIG.Parameter_Entry {Hardware_Parameters} CONFIG.Noise_Shaping {None} CONFIG.Has_Phase_Out {false} CONFIG.DATA_Has_TLAST {Not_Required} CONFIG.S_PHASE_Has_TUSER {Not_Required} CONFIG.M_DATA_Has_TUSER {Not_Required} CONFIG.Output_Frequency1 {0} CONFIG.PINC1 {0}] [get_ips dac_controller_dds_6_compiler_6]
WARNING: [IP_Flow 19-3374] An attempt to modify the value of disabled parameter 'Spurious_Free_Dynamic_Range' from '45' to '90' has been ignored for IP 'dac_controller_dds_6_compiler_6'
WARNING: [IP_Flow 19-3374] An attempt to modify the value of disabled parameter 'Frequency_Resolution' from '0.4' to '0.01' has been ignored for IP 'dac_controller_dds_6_compiler_6'
# create_ip -dir E:/RFSoC/GIT/RFSoC/RFSoC_Design_V1_1/IP_File_01/DAC_Controller_output_6 -name dds_compiler -vendor xilinx.com -library ip -version 6.0 -module_name dac_controller_dds_6_compiler_7
WARNING: [IP_Flow 19-4832] The IP name 'dac_controller_dds_6_compiler_7' you have specified is long. The Windows operating system has path length limitations. It is recommended you use shorter names to reduce the likelihood of issues.
# set_property -dict [list CONFIG.PartsPresent {SIN_COS_LUT_only} CONFIG.Spurious_Free_Dynamic_Range {90} CONFIG.Frequency_Resolution {0.01} CONFIG.Phase_Width {14} CONFIG.Output_Width {14} CONFIG.Output_Selection {Sine} CONFIG.Optimization_Goal {Speed} CONFIG.Latency_Configuration {Configurable} CONFIG.Latency {1} CONFIG.Parameter_Entry {Hardware_Parameters} CONFIG.Noise_Shaping {None} CONFIG.Has_Phase_Out {false} CONFIG.DATA_Has_TLAST {Not_Required} CONFIG.S_PHASE_Has_TUSER {Not_Required} CONFIG.M_DATA_Has_TUSER {Not_Required} CONFIG.Output_Frequency1 {0} CONFIG.PINC1 {0}] [get_ips dac_controller_dds_6_compiler_7]
WARNING: [IP_Flow 19-3374] An attempt to modify the value of disabled parameter 'Spurious_Free_Dynamic_Range' from '45' to '90' has been ignored for IP 'dac_controller_dds_6_compiler_7'
WARNING: [IP_Flow 19-3374] An attempt to modify the value of disabled parameter 'Frequency_Resolution' from '0.4' to '0.01' has been ignored for IP 'dac_controller_dds_6_compiler_7'
# create_ip -dir E:/RFSoC/GIT/RFSoC/RFSoC_Design_V1_1/IP_File_01/DAC_Controller_output_6 -name dds_compiler -vendor xilinx.com -library ip -version 6.0 -module_name dac_controller_dds_6_compiler_8
WARNING: [IP_Flow 19-4832] The IP name 'dac_controller_dds_6_compiler_8' you have specified is long. The Windows operating system has path length limitations. It is recommended you use shorter names to reduce the likelihood of issues.
# set_property -dict [list CONFIG.PartsPresent {SIN_COS_LUT_only} CONFIG.Spurious_Free_Dynamic_Range {90} CONFIG.Frequency_Resolution {0.01} CONFIG.Phase_Width {14} CONFIG.Output_Width {14} CONFIG.Output_Selection {Sine} CONFIG.Optimization_Goal {Speed} CONFIG.Latency_Configuration {Configurable} CONFIG.Latency {1} CONFIG.Parameter_Entry {Hardware_Parameters} CONFIG.Noise_Shaping {None} CONFIG.Has_Phase_Out {false} CONFIG.DATA_Has_TLAST {Not_Required} CONFIG.S_PHASE_Has_TUSER {Not_Required} CONFIG.M_DATA_Has_TUSER {Not_Required} CONFIG.Output_Frequency1 {0} CONFIG.PINC1 {0}] [get_ips dac_controller_dds_6_compiler_8]
WARNING: [IP_Flow 19-3374] An attempt to modify the value of disabled parameter 'Spurious_Free_Dynamic_Range' from '45' to '90' has been ignored for IP 'dac_controller_dds_6_compiler_8'
WARNING: [IP_Flow 19-3374] An attempt to modify the value of disabled parameter 'Frequency_Resolution' from '0.4' to '0.01' has been ignored for IP 'dac_controller_dds_6_compiler_8'
# create_ip -dir E:/RFSoC/GIT/RFSoC/RFSoC_Design_V1_1/IP_File_01/DAC_Controller_output_6 -name dds_compiler -vendor xilinx.com -library ip -version 6.0 -module_name dac_controller_dds_6_compiler_9
WARNING: [IP_Flow 19-4832] The IP name 'dac_controller_dds_6_compiler_9' you have specified is long. The Windows operating system has path length limitations. It is recommended you use shorter names to reduce the likelihood of issues.
# set_property -dict [list CONFIG.PartsPresent {SIN_COS_LUT_only} CONFIG.Spurious_Free_Dynamic_Range {90} CONFIG.Frequency_Resolution {0.01} CONFIG.Phase_Width {14} CONFIG.Output_Width {14} CONFIG.Output_Selection {Sine} CONFIG.Optimization_Goal {Speed} CONFIG.Latency_Configuration {Configurable} CONFIG.Latency {1} CONFIG.Parameter_Entry {Hardware_Parameters} CONFIG.Noise_Shaping {None} CONFIG.Has_Phase_Out {false} CONFIG.DATA_Has_TLAST {Not_Required} CONFIG.S_PHASE_Has_TUSER {Not_Required} CONFIG.M_DATA_Has_TUSER {Not_Required} CONFIG.Output_Frequency1 {0} CONFIG.PINC1 {0}] [get_ips dac_controller_dds_6_compiler_9]
WARNING: [IP_Flow 19-3374] An attempt to modify the value of disabled parameter 'Spurious_Free_Dynamic_Range' from '45' to '90' has been ignored for IP 'dac_controller_dds_6_compiler_9'
WARNING: [IP_Flow 19-3374] An attempt to modify the value of disabled parameter 'Frequency_Resolution' from '0.4' to '0.01' has been ignored for IP 'dac_controller_dds_6_compiler_9'
# create_ip -dir E:/RFSoC/GIT/RFSoC/RFSoC_Design_V1_1/IP_File_01/DAC_Controller_output_6 -name dds_compiler -vendor xilinx.com -library ip -version 6.0 -module_name dac_controller_dds_6_compiler_10
WARNING: [IP_Flow 19-4832] The IP name 'dac_controller_dds_6_compiler_10' you have specified is long. The Windows operating system has path length limitations. It is recommended you use shorter names to reduce the likelihood of issues.
# set_property -dict [list CONFIG.PartsPresent {SIN_COS_LUT_only} CONFIG.Spurious_Free_Dynamic_Range {90} CONFIG.Frequency_Resolution {0.01} CONFIG.Phase_Width {14} CONFIG.Output_Width {14} CONFIG.Output_Selection {Sine} CONFIG.Optimization_Goal {Speed} CONFIG.Latency_Configuration {Configurable} CONFIG.Latency {1} CONFIG.Parameter_Entry {Hardware_Parameters} CONFIG.Noise_Shaping {None} CONFIG.Has_Phase_Out {false} CONFIG.DATA_Has_TLAST {Not_Required} CONFIG.S_PHASE_Has_TUSER {Not_Required} CONFIG.M_DATA_Has_TUSER {Not_Required} CONFIG.Output_Frequency1 {0} CONFIG.PINC1 {0}] [get_ips dac_controller_dds_6_compiler_10]
WARNING: [IP_Flow 19-3374] An attempt to modify the value of disabled parameter 'Spurious_Free_Dynamic_Range' from '45' to '90' has been ignored for IP 'dac_controller_dds_6_compiler_10'
WARNING: [IP_Flow 19-3374] An attempt to modify the value of disabled parameter 'Frequency_Resolution' from '0.4' to '0.01' has been ignored for IP 'dac_controller_dds_6_compiler_10'
# create_ip -dir E:/RFSoC/GIT/RFSoC/RFSoC_Design_V1_1/IP_File_01/DAC_Controller_output_6 -name dds_compiler -vendor xilinx.com -library ip -version 6.0 -module_name dac_controller_dds_6_compiler_11
WARNING: [IP_Flow 19-4832] The IP name 'dac_controller_dds_6_compiler_11' you have specified is long. The Windows operating system has path length limitations. It is recommended you use shorter names to reduce the likelihood of issues.
# set_property -dict [list CONFIG.PartsPresent {SIN_COS_LUT_only} CONFIG.Spurious_Free_Dynamic_Range {90} CONFIG.Frequency_Resolution {0.01} CONFIG.Phase_Width {14} CONFIG.Output_Width {14} CONFIG.Output_Selection {Sine} CONFIG.Optimization_Goal {Speed} CONFIG.Latency_Configuration {Configurable} CONFIG.Latency {1} CONFIG.Parameter_Entry {Hardware_Parameters} CONFIG.Noise_Shaping {None} CONFIG.Has_Phase_Out {false} CONFIG.DATA_Has_TLAST {Not_Required} CONFIG.S_PHASE_Has_TUSER {Not_Required} CONFIG.M_DATA_Has_TUSER {Not_Required} CONFIG.Output_Frequency1 {0} CONFIG.PINC1 {0}] [get_ips dac_controller_dds_6_compiler_11]
WARNING: [IP_Flow 19-3374] An attempt to modify the value of disabled parameter 'Spurious_Free_Dynamic_Range' from '45' to '90' has been ignored for IP 'dac_controller_dds_6_compiler_11'
WARNING: [IP_Flow 19-3374] An attempt to modify the value of disabled parameter 'Frequency_Resolution' from '0.4' to '0.01' has been ignored for IP 'dac_controller_dds_6_compiler_11'
# create_ip -dir E:/RFSoC/GIT/RFSoC/RFSoC_Design_V1_1/IP_File_01/DAC_Controller_output_6 -name dds_compiler -vendor xilinx.com -library ip -version 6.0 -module_name dac_controller_dds_6_compiler_12
WARNING: [IP_Flow 19-4832] The IP name 'dac_controller_dds_6_compiler_12' you have specified is long. The Windows operating system has path length limitations. It is recommended you use shorter names to reduce the likelihood of issues.
# set_property -dict [list CONFIG.PartsPresent {SIN_COS_LUT_only} CONFIG.Spurious_Free_Dynamic_Range {90} CONFIG.Frequency_Resolution {0.01} CONFIG.Phase_Width {14} CONFIG.Output_Width {14} CONFIG.Output_Selection {Sine} CONFIG.Optimization_Goal {Speed} CONFIG.Latency_Configuration {Configurable} CONFIG.Latency {1} CONFIG.Parameter_Entry {Hardware_Parameters} CONFIG.Noise_Shaping {None} CONFIG.Has_Phase_Out {false} CONFIG.DATA_Has_TLAST {Not_Required} CONFIG.S_PHASE_Has_TUSER {Not_Required} CONFIG.M_DATA_Has_TUSER {Not_Required} CONFIG.Output_Frequency1 {0} CONFIG.PINC1 {0}] [get_ips dac_controller_dds_6_compiler_12]
WARNING: [IP_Flow 19-3374] An attempt to modify the value of disabled parameter 'Spurious_Free_Dynamic_Range' from '45' to '90' has been ignored for IP 'dac_controller_dds_6_compiler_12'
WARNING: [IP_Flow 19-3374] An attempt to modify the value of disabled parameter 'Frequency_Resolution' from '0.4' to '0.01' has been ignored for IP 'dac_controller_dds_6_compiler_12'
# create_ip -dir E:/RFSoC/GIT/RFSoC/RFSoC_Design_V1_1/IP_File_01/DAC_Controller_output_6 -name dds_compiler -vendor xilinx.com -library ip -version 6.0 -module_name dac_controller_dds_6_compiler_13
WARNING: [IP_Flow 19-4832] The IP name 'dac_controller_dds_6_compiler_13' you have specified is long. The Windows operating system has path length limitations. It is recommended you use shorter names to reduce the likelihood of issues.
# set_property -dict [list CONFIG.PartsPresent {SIN_COS_LUT_only} CONFIG.Spurious_Free_Dynamic_Range {90} CONFIG.Frequency_Resolution {0.01} CONFIG.Phase_Width {14} CONFIG.Output_Width {14} CONFIG.Output_Selection {Sine} CONFIG.Optimization_Goal {Speed} CONFIG.Latency_Configuration {Configurable} CONFIG.Latency {1} CONFIG.Parameter_Entry {Hardware_Parameters} CONFIG.Noise_Shaping {None} CONFIG.Has_Phase_Out {false} CONFIG.DATA_Has_TLAST {Not_Required} CONFIG.S_PHASE_Has_TUSER {Not_Required} CONFIG.M_DATA_Has_TUSER {Not_Required} CONFIG.Output_Frequency1 {0} CONFIG.PINC1 {0}] [get_ips dac_controller_dds_6_compiler_13]
WARNING: [IP_Flow 19-3374] An attempt to modify the value of disabled parameter 'Spurious_Free_Dynamic_Range' from '45' to '90' has been ignored for IP 'dac_controller_dds_6_compiler_13'
WARNING: [IP_Flow 19-3374] An attempt to modify the value of disabled parameter 'Frequency_Resolution' from '0.4' to '0.01' has been ignored for IP 'dac_controller_dds_6_compiler_13'
# create_ip -dir E:/RFSoC/GIT/RFSoC/RFSoC_Design_V1_1/IP_File_01/DAC_Controller_output_6 -name dds_compiler -vendor xilinx.com -library ip -version 6.0 -module_name dac_controller_dds_6_compiler_14
WARNING: [IP_Flow 19-4832] The IP name 'dac_controller_dds_6_compiler_14' you have specified is long. The Windows operating system has path length limitations. It is recommended you use shorter names to reduce the likelihood of issues.
# set_property -dict [list CONFIG.PartsPresent {SIN_COS_LUT_only} CONFIG.Spurious_Free_Dynamic_Range {90} CONFIG.Frequency_Resolution {0.01} CONFIG.Phase_Width {14} CONFIG.Output_Width {14} CONFIG.Output_Selection {Sine} CONFIG.Optimization_Goal {Speed} CONFIG.Latency_Configuration {Configurable} CONFIG.Latency {1} CONFIG.Parameter_Entry {Hardware_Parameters} CONFIG.Noise_Shaping {None} CONFIG.Has_Phase_Out {false} CONFIG.DATA_Has_TLAST {Not_Required} CONFIG.S_PHASE_Has_TUSER {Not_Required} CONFIG.M_DATA_Has_TUSER {Not_Required} CONFIG.Output_Frequency1 {0} CONFIG.PINC1 {0}] [get_ips dac_controller_dds_6_compiler_14]
WARNING: [IP_Flow 19-3374] An attempt to modify the value of disabled parameter 'Spurious_Free_Dynamic_Range' from '45' to '90' has been ignored for IP 'dac_controller_dds_6_compiler_14'
WARNING: [IP_Flow 19-3374] An attempt to modify the value of disabled parameter 'Frequency_Resolution' from '0.4' to '0.01' has been ignored for IP 'dac_controller_dds_6_compiler_14'
# create_ip -dir E:/RFSoC/GIT/RFSoC/RFSoC_Design_V1_1/IP_File_01/DAC_Controller_output_6 -name dds_compiler -vendor xilinx.com -library ip -version 6.0 -module_name dac_controller_dds_6_compiler_15
WARNING: [IP_Flow 19-4832] The IP name 'dac_controller_dds_6_compiler_15' you have specified is long. The Windows operating system has path length limitations. It is recommended you use shorter names to reduce the likelihood of issues.
# set_property -dict [list CONFIG.PartsPresent {SIN_COS_LUT_only} CONFIG.Spurious_Free_Dynamic_Range {90} CONFIG.Frequency_Resolution {0.01} CONFIG.Phase_Width {14} CONFIG.Output_Width {14} CONFIG.Output_Selection {Sine} CONFIG.Optimization_Goal {Speed} CONFIG.Latency_Configuration {Configurable} CONFIG.Latency {1} CONFIG.Parameter_Entry {Hardware_Parameters} CONFIG.Noise_Shaping {None} CONFIG.Has_Phase_Out {false} CONFIG.DATA_Has_TLAST {Not_Required} CONFIG.S_PHASE_Has_TUSER {Not_Required} CONFIG.M_DATA_Has_TUSER {Not_Required} CONFIG.Output_Frequency1 {0} CONFIG.PINC1 {0}] [get_ips dac_controller_dds_6_compiler_15]
WARNING: [IP_Flow 19-3374] An attempt to modify the value of disabled parameter 'Spurious_Free_Dynamic_Range' from '45' to '90' has been ignored for IP 'dac_controller_dds_6_compiler_15'
WARNING: [IP_Flow 19-3374] An attempt to modify the value of disabled parameter 'Frequency_Resolution' from '0.4' to '0.01' has been ignored for IP 'dac_controller_dds_6_compiler_15'
# create_ip -dir E:/RFSoC/GIT/RFSoC/RFSoC_Design_V1_1/IP_File_01/DAC_Controller_output_6 -name fifo_generator -vendor xilinx.com -library ip -version 13.2 -module_name dac_controller_fifo_6_generator_0
WARNING: [IP_Flow 19-4832] The IP name 'dac_controller_fifo_6_generator_0' you have specified is long. The Windows operating system has path length limitations. It is recommended you use shorter names to reduce the likelihood of issues.
# set_property -dict [list CONFIG.Performance_Options {First_Word_Fall_Through} CONFIG.Input_Data_Width {128} CONFIG.Input_Depth {8192} CONFIG.Output_Data_Width {128} CONFIG.Output_Depth {8192} CONFIG.Underflow_Flag {true} CONFIG.Overflow_Flag {true} CONFIG.Data_Count_Width {13} CONFIG.Write_Data_Count_Width {13} CONFIG.Read_Data_Count_Width {13} CONFIG.Programmable_Full_Type {Single_Programmable_Full_Threshold_Constant} CONFIG.Full_Threshold_Assert_Value {8100} CONFIG.Full_Threshold_Negate_Value {8099} CONFIG.Empty_Threshold_Assert_Value {4} CONFIG.Empty_Threshold_Negate_Value {5}] [get_ips dac_controller_fifo_6_generator_0]
# ipx::package_project -root_dir E:/RFSoC/GIT/RFSoC/RFSoC_Design_V1_1/IP_File_01/DAC_Controller_output_6 -vendor xilinx.com -library user -taxonomy /UserIP
WARNING: [IP_Flow 19-4963] dac_controller_dds_6_compiler_15 has board value specified. The packaged IP will be restricted to usage with board 'xilinx.com:zcu111:part0:1.4'
CRITICAL WARNING: [IP_Flow 19-459] IP file 'e:/RFSoC/GIT/RFSoC/RFSoC_Design_V1_1/IP_File_01/DAC_Controller_6/AXI2FIFO_6.sv' appears to be outside of the project area 'e:/RFSoC/GIT/RFSoC/RFSoC_Design_V1_1/IP_File_01/DAC_Controller_output_6'. You can use the ipx::package_project -import_files option to copy remote files into the IP directory.
CRITICAL WARNING: [IP_Flow 19-459] IP file 'e:/RFSoC/GIT/RFSoC/RFSoC_Design_V1_1/IP_File_01/DAC_Controller_6/DAC_Controller_6.sv' appears to be outside of the project area 'e:/RFSoC/GIT/RFSoC/RFSoC_Design_V1_1/IP_File_01/DAC_Controller_output_6'. You can use the ipx::package_project -import_files option to copy remote files into the IP directory.
CRITICAL WARNING: [IP_Flow 19-459] IP file 'e:/RFSoC/GIT/RFSoC/RFSoC_Design_V1_1/IP_File_01/DAC_Controller_6/DDS_Controller_6.sv' appears to be outside of the project area 'e:/RFSoC/GIT/RFSoC/RFSoC_Design_V1_1/IP_File_01/DAC_Controller_output_6'. You can use the ipx::package_project -import_files option to copy remote files into the IP directory.
CRITICAL WARNING: [IP_Flow 19-459] IP file 'e:/RFSoC/GIT/RFSoC/RFSoC_Design_V1_1/IP_File_01/DAC_Controller_6/GPO_Core_6.sv' appears to be outside of the project area 'e:/RFSoC/GIT/RFSoC/RFSoC_Design_V1_1/IP_File_01/DAC_Controller_output_6'. You can use the ipx::package_project -import_files option to copy remote files into the IP directory.
CRITICAL WARNING: [IP_Flow 19-459] IP file 'e:/RFSoC/GIT/RFSoC/RFSoC_Design_V1_1/IP_File_01/DAC_Controller_6/RFDC_DDS_6.sv' appears to be outside of the project area 'e:/RFSoC/GIT/RFSoC/RFSoC_Design_V1_1/IP_File_01/DAC_Controller_output_6'. You can use the ipx::package_project -import_files option to copy remote files into the IP directory.
CRITICAL WARNING: [IP_Flow 19-459] IP file 'e:/RFSoC/GIT/RFSoC/RFSoC_Design_V1_1/IP_File_01/DAC_Controller_6/RTO_Core_6.sv' appears to be outside of the project area 'e:/RFSoC/GIT/RFSoC/RFSoC_Design_V1_1/IP_File_01/DAC_Controller_output_6'. You can use the ipx::package_project -import_files option to copy remote files into the IP directory.
CRITICAL WARNING: [IP_Flow 19-459] IP file 'e:/RFSoC/GIT/RFSoC/RFSoC_Design_V1_1/IP_File_01/DAC_Controller_6/AXI2FIFO_6.sv' appears to be outside of the project area 'e:/RFSoC/GIT/RFSoC/RFSoC_Design_V1_1/IP_File_01/DAC_Controller_output_6'. You can use the ipx::package_project -import_files option to copy remote files into the IP directory.
CRITICAL WARNING: [IP_Flow 19-459] IP file 'e:/RFSoC/GIT/RFSoC/RFSoC_Design_V1_1/IP_File_01/DAC_Controller_6/DAC_Controller_6.sv' appears to be outside of the project area 'e:/RFSoC/GIT/RFSoC/RFSoC_Design_V1_1/IP_File_01/DAC_Controller_output_6'. You can use the ipx::package_project -import_files option to copy remote files into the IP directory.
CRITICAL WARNING: [IP_Flow 19-459] IP file 'e:/RFSoC/GIT/RFSoC/RFSoC_Design_V1_1/IP_File_01/DAC_Controller_6/DDS_Controller_6.sv' appears to be outside of the project area 'e:/RFSoC/GIT/RFSoC/RFSoC_Design_V1_1/IP_File_01/DAC_Controller_output_6'. You can use the ipx::package_project -import_files option to copy remote files into the IP directory.
CRITICAL WARNING: [IP_Flow 19-459] IP file 'e:/RFSoC/GIT/RFSoC/RFSoC_Design_V1_1/IP_File_01/DAC_Controller_6/GPO_Core_6.sv' appears to be outside of the project area 'e:/RFSoC/GIT/RFSoC/RFSoC_Design_V1_1/IP_File_01/DAC_Controller_output_6'. You can use the ipx::package_project -import_files option to copy remote files into the IP directory.
CRITICAL WARNING: [IP_Flow 19-459] IP file 'e:/RFSoC/GIT/RFSoC/RFSoC_Design_V1_1/IP_File_01/DAC_Controller_6/RFDC_DDS_6.sv' appears to be outside of the project area 'e:/RFSoC/GIT/RFSoC/RFSoC_Design_V1_1/IP_File_01/DAC_Controller_output_6'. You can use the ipx::package_project -import_files option to copy remote files into the IP directory.
CRITICAL WARNING: [IP_Flow 19-459] IP file 'e:/RFSoC/GIT/RFSoC/RFSoC_Design_V1_1/IP_File_01/DAC_Controller_6/RTO_Core_6.sv' appears to be outside of the project area 'e:/RFSoC/GIT/RFSoC/RFSoC_Design_V1_1/IP_File_01/DAC_Controller_output_6'. You can use the ipx::package_project -import_files option to copy remote files into the IP directory.
WARNING: [IP_Flow 19-5101] Packaging a component with a SystemVerilog top file is not fully supported. Please refer to UG1118 'Creating and Packaging Custom IP'.
INFO: [IP_Flow 19-5107] Inferred bus interface 'm00_axis' of definition 'xilinx.com:interface:axis:1.0' (from Xilinx Repository).
INFO: [IP_Flow 19-5107] Inferred bus interface 's_axi' of definition 'xilinx.com:interface:aximm:1.0' (from Xilinx Repository).
INFO: [IP_Flow 19-5107] Inferred bus interface 's_axi_aresetn' of definition 'xilinx.com:signal:reset:1.0' (from Xilinx Repository).
INFO: [IP_Flow 19-5107] Inferred bus interface 'm00_axis_aclk' of definition 'xilinx.com:signal:clock:1.0' (from Xilinx Repository).
INFO: [IP_Flow 19-5107] Inferred bus interface 's_axi_aclk' of definition 'xilinx.com:signal:clock:1.0' (from Xilinx Repository).
INFO: [IP_Flow 19-4728] Bus Interface 's_axi_aresetn': Added interface parameter 'POLARITY' with value 'ACTIVE_LOW'.
INFO: [IP_Flow 19-4728] Bus Interface 'm00_axis_aclk': Added interface parameter 'ASSOCIATED_BUSIF' with value 'm00_axis'.
INFO: [IP_Flow 19-4728] Bus Interface 's_axi_aclk': Added interface parameter 'ASSOCIATED_BUSIF' with value 's_axi'.
INFO: [IP_Flow 19-4728] Bus Interface 's_axi_aclk': Added interface parameter 'ASSOCIATED_RESET' with value 's_axi_aresetn'.
INFO: [IP_Flow 19-818] Not transferring value dependency attribute "(spirit:decode(id('MODELPARAM_VALUE.AXI_DATA_WIDTH')) >> 3)" into user parameter "AXI_STROBE_WIDTH".
WARNING: [IP_Flow 19-5905] All packaged files should be located below the IP definition file (xml)
WARNING: [IP_Flow 19-5905] All packaged files should be located below the IP definition file (xml)
WARNING: [IP_Flow 19-5905] All packaged files should be located below the IP definition file (xml)
WARNING: [IP_Flow 19-5905] All packaged files should be located below the IP definition file (xml)
WARNING: [IP_Flow 19-5905] All packaged files should be located below the IP definition file (xml)
WARNING: [IP_Flow 19-5905] All packaged files should be located below the IP definition file (xml)
WARNING: [IP_Flow 19-5905] All packaged files should be located below the IP definition file (xml)
WARNING: [IP_Flow 19-5905] All packaged files should be located below the IP definition file (xml)
WARNING: [IP_Flow 19-5905] All packaged files should be located below the IP definition file (xml)
WARNING: [IP_Flow 19-5905] All packaged files should be located below the IP definition file (xml)
WARNING: [IP_Flow 19-5905] All packaged files should be located below the IP definition file (xml)
WARNING: [IP_Flow 19-5905] All packaged files should be located below the IP definition file (xml)
INFO: [IP_Flow 19-2181] Payment Required is not set for this core.
INFO: [IP_Flow 19-2187] The Product Guide file is missing.
# ipx::save_core [ipx::current_core]
# set_property  ip_repo_paths  E:/RFSoC/GIT/RFSoC/RFSoC_Design_V1_1/IP_File_01/DAC_Controller_output_6 [current_project]
# update_ip_catalog
INFO: [IP_Flow 19-234] Refreshing IP repositories
INFO: [IP_Flow 19-1700] Loaded user IP repository 'e:/RFSoC/GIT/RFSoC/RFSoC_Design_V1_1/IP_File_01/DAC_Controller_output_6'.
WARNING: [IP_Flow 19-3656] If you move the project, the path for repository 'e:/RFSoC/GIT/RFSoC/RFSoC_Design_V1_1/IP_File_01/DAC_Controller_output_6' may become invalid. A better location for the repository would be in a path adjacent to the project. (Current project location is 'e:/RFSoC/GIT/RFSoC/RFSoC_Design_V1_1/IP_File_01/DAC_Controller_output_6/DAC_Controller_6'.)
# set_property top DAC_Controller_6 [current_fileset]
# set_property top_file { E:/RFSoC/GIT/RFSoC/RFSoC_Design_V1_1/IP_File_01/DAC_Controller_6/DAC_Controller_6.sv } [current_fileset]
INFO: [Common 17-206] Exiting Vivado at Tue Sep  5 20:58:46 2023...
