#-----------------------------------------------------------
# Vivado v2020.2 (64-bit)
# SW Build 3064766 on Wed Nov 18 09:12:45 MST 2020
# IP Build 3064653 on Wed Nov 18 14:17:31 MST 2020
# Start of session at: Mon Jan 29 15:06:04 2024
# Process ID: 38684
# Current directory: C:/Jeonghyun/GIT/Vivado_prj_manager/Verilog_main
# Command line: vivado.exe -mode batch -source C:\Jeonghyun\GIT\RFSoC\RFSoC_Design_V1_1\IP_File_01\EdgeCounter_output\EdgeCounter.tcl
# Log file: C:/Jeonghyun/GIT/Vivado_prj_manager/Verilog_main/vivado.log
# Journal file: C:/Jeonghyun/GIT/Vivado_prj_manager/Verilog_main\vivado.jou
#-----------------------------------------------------------
source {C:\Jeonghyun\GIT\RFSoC\RFSoC_Design_V1_1\IP_File_01\EdgeCounter_output\EdgeCounter.tcl}
# set project_name "EdgeCounter"
# set project_dir "C:/Jeonghyun/GIT/RFSoC/RFSoC_Design_V1_1/IP_File_01/EdgeCounter_output"
# create_project ${project_name} ${project_dir}/${project_name} -part xczu28dr-ffvg1517-2-e
INFO: [ProjectBase 1-489] The host OS only allows 260 characters in a normal path. The project is stored in a path with more than 80 characters. If you experience issues with IP, Block Designs, or files not being found, please consider moving the project to a location with a shorter path. Alternately consider using the OS subst command to map part of the path to a drive letter.
Current project path is 'C:/Jeonghyun/GIT/RFSoC/RFSoC_Design_V1_1/IP_File_01/EdgeCounter_output/EdgeCounter'
# add_files -norecurse {C:/Jeonghyun/GIT/RFSoC/RFSoC_Design_V1_1/IP_File_01/EdgeCounter/AXI2FIFO.sv}
# add_files -norecurse {C:/Jeonghyun/GIT/RFSoC/RFSoC_Design_V1_1/IP_File_01/EdgeCounter/counter_v1_00.sv}
# add_files -norecurse {C:/Jeonghyun/GIT/RFSoC/RFSoC_Design_V1_1/IP_File_01/EdgeCounter/EdgeCounter.sv}
# add_files -norecurse {C:/Jeonghyun/GIT/RFSoC/RFSoC_Design_V1_1/IP_File_01/EdgeCounter/GPO_Core.sv}
# add_files -norecurse {C:/Jeonghyun/GIT/RFSoC/RFSoC_Design_V1_1/IP_File_01/EdgeCounter/RTI_Core.sv}
# add_files -norecurse {C:/Jeonghyun/GIT/RFSoC/RFSoC_Design_V1_1/IP_File_01/EdgeCounter/RTO_Core.sv}
# set boardpath {C:/Xilinx/Vivado/2020.2/data/boards/board_files}
# set_param board.repoPaths [list $boardpath]
# set_property BOARD_PART xilinx.com:zcu111:part0:1.4 [current_project]
# create_ip -dir C:/Jeonghyun/GIT/RFSoC/RFSoC_Design_V1_1/IP_File_01/EdgeCounter_output -name fifo_generator -vendor xilinx.com -library ip -version 13.2 -module_name fifo_generator_0
INFO: [IP_Flow 19-234] Refreshing IP repositories
INFO: [IP_Flow 19-1704] No user IP repositories specified
INFO: [IP_Flow 19-2313] Loaded Vivado IP repository 'C:/Xilinx/Vivado/2020.2/data/ip'.
# set_property -dict [list CONFIG.Performance_Options {First_Word_Fall_Through} CONFIG.Input_Data_Width {128} CONFIG.Input_Depth {512} CONFIG.Output_Data_Width {128} CONFIG.Output_Depth {512} CONFIG.Underflow_Flag {true} CONFIG.Overflow_Flag {true} CONFIG.Data_Count_Width {9} CONFIG.Write_Data_Count_Width {9} CONFIG.Read_Data_Count_Width {9} CONFIG.Programmable_Full_Type {Single_Programmable_Full_Threshold_Constant} CONFIG.Full_Threshold_Assert_Value {248} CONFIG.Full_Threshold_Negate_Value {247} CONFIG.Empty_Threshold_Assert_Value {4} CONFIG.Empty_Threshold_Negate_Value {5}] [get_ips fifo_generator_0]
# ipx::package_project -root_dir C:/Jeonghyun/GIT/RFSoC/RFSoC_Design_V1_1/IP_File_01/EdgeCounter_output -vendor xilinx.com -library user -taxonomy /UserIP
WARNING: [IP_Flow 19-4963] fifo_generator_0 has board value specified. The packaged IP will be restricted to usage with board 'xilinx.com:zcu111:part0:1.4'
CRITICAL WARNING: [IP_Flow 19-459] IP file 'c:/Jeonghyun/GIT/RFSoC/RFSoC_Design_V1_1/IP_File_01/EdgeCounter/AXI2FIFO.sv' appears to be outside of the project area 'c:/Jeonghyun/GIT/RFSoC/RFSoC_Design_V1_1/IP_File_01/EdgeCounter_output'. You can use the ipx::package_project -import_files option to copy remote files into the IP directory.
CRITICAL WARNING: [IP_Flow 19-459] IP file 'c:/Jeonghyun/GIT/RFSoC/RFSoC_Design_V1_1/IP_File_01/EdgeCounter/EdgeCounter.sv' appears to be outside of the project area 'c:/Jeonghyun/GIT/RFSoC/RFSoC_Design_V1_1/IP_File_01/EdgeCounter_output'. You can use the ipx::package_project -import_files option to copy remote files into the IP directory.
CRITICAL WARNING: [IP_Flow 19-459] IP file 'c:/Jeonghyun/GIT/RFSoC/RFSoC_Design_V1_1/IP_File_01/EdgeCounter/GPO_Core.sv' appears to be outside of the project area 'c:/Jeonghyun/GIT/RFSoC/RFSoC_Design_V1_1/IP_File_01/EdgeCounter_output'. You can use the ipx::package_project -import_files option to copy remote files into the IP directory.
CRITICAL WARNING: [IP_Flow 19-459] IP file 'c:/Jeonghyun/GIT/RFSoC/RFSoC_Design_V1_1/IP_File_01/EdgeCounter/RTI_Core.sv' appears to be outside of the project area 'c:/Jeonghyun/GIT/RFSoC/RFSoC_Design_V1_1/IP_File_01/EdgeCounter_output'. You can use the ipx::package_project -import_files option to copy remote files into the IP directory.
CRITICAL WARNING: [IP_Flow 19-459] IP file 'c:/Jeonghyun/GIT/RFSoC/RFSoC_Design_V1_1/IP_File_01/EdgeCounter/RTO_Core.sv' appears to be outside of the project area 'c:/Jeonghyun/GIT/RFSoC/RFSoC_Design_V1_1/IP_File_01/EdgeCounter_output'. You can use the ipx::package_project -import_files option to copy remote files into the IP directory.
CRITICAL WARNING: [IP_Flow 19-459] IP file 'c:/Jeonghyun/GIT/RFSoC/RFSoC_Design_V1_1/IP_File_01/EdgeCounter/counter_v1_00.sv' appears to be outside of the project area 'c:/Jeonghyun/GIT/RFSoC/RFSoC_Design_V1_1/IP_File_01/EdgeCounter_output'. You can use the ipx::package_project -import_files option to copy remote files into the IP directory.
CRITICAL WARNING: [IP_Flow 19-459] IP file 'c:/Jeonghyun/GIT/RFSoC/RFSoC_Design_V1_1/IP_File_01/EdgeCounter/AXI2FIFO.sv' appears to be outside of the project area 'c:/Jeonghyun/GIT/RFSoC/RFSoC_Design_V1_1/IP_File_01/EdgeCounter_output'. You can use the ipx::package_project -import_files option to copy remote files into the IP directory.
CRITICAL WARNING: [IP_Flow 19-459] IP file 'c:/Jeonghyun/GIT/RFSoC/RFSoC_Design_V1_1/IP_File_01/EdgeCounter/EdgeCounter.sv' appears to be outside of the project area 'c:/Jeonghyun/GIT/RFSoC/RFSoC_Design_V1_1/IP_File_01/EdgeCounter_output'. You can use the ipx::package_project -import_files option to copy remote files into the IP directory.
CRITICAL WARNING: [IP_Flow 19-459] IP file 'c:/Jeonghyun/GIT/RFSoC/RFSoC_Design_V1_1/IP_File_01/EdgeCounter/GPO_Core.sv' appears to be outside of the project area 'c:/Jeonghyun/GIT/RFSoC/RFSoC_Design_V1_1/IP_File_01/EdgeCounter_output'. You can use the ipx::package_project -import_files option to copy remote files into the IP directory.
CRITICAL WARNING: [IP_Flow 19-459] IP file 'c:/Jeonghyun/GIT/RFSoC/RFSoC_Design_V1_1/IP_File_01/EdgeCounter/RTI_Core.sv' appears to be outside of the project area 'c:/Jeonghyun/GIT/RFSoC/RFSoC_Design_V1_1/IP_File_01/EdgeCounter_output'. You can use the ipx::package_project -import_files option to copy remote files into the IP directory.
CRITICAL WARNING: [IP_Flow 19-459] IP file 'c:/Jeonghyun/GIT/RFSoC/RFSoC_Design_V1_1/IP_File_01/EdgeCounter/RTO_Core.sv' appears to be outside of the project area 'c:/Jeonghyun/GIT/RFSoC/RFSoC_Design_V1_1/IP_File_01/EdgeCounter_output'. You can use the ipx::package_project -import_files option to copy remote files into the IP directory.
CRITICAL WARNING: [IP_Flow 19-459] IP file 'c:/Jeonghyun/GIT/RFSoC/RFSoC_Design_V1_1/IP_File_01/EdgeCounter/counter_v1_00.sv' appears to be outside of the project area 'c:/Jeonghyun/GIT/RFSoC/RFSoC_Design_V1_1/IP_File_01/EdgeCounter_output'. You can use the ipx::package_project -import_files option to copy remote files into the IP directory.
WARNING: [IP_Flow 19-5101] Packaging a component with a SystemVerilog top file is not fully supported. Please refer to UG1118 'Creating and Packaging Custom IP'.
INFO: [IP_Flow 19-5107] Inferred bus interface 's_axi' of definition 'xilinx.com:interface:aximm:1.0' (from Xilinx Repository).
INFO: [IP_Flow 19-5107] Inferred bus interface 's_axi_aresetn' of definition 'xilinx.com:signal:reset:1.0' (from Xilinx Repository).
INFO: [IP_Flow 19-5107] Inferred bus interface 's_axi_aclk' of definition 'xilinx.com:signal:clock:1.0' (from Xilinx Repository).
INFO: [IP_Flow 19-4728] Bus Interface 's_axi_aresetn': Added interface parameter 'POLARITY' with value 'ACTIVE_LOW'.
INFO: [IP_Flow 19-4728] Bus Interface 's_axi_aclk': Added interface parameter 'ASSOCIATED_BUSIF' with value 's_axi'.
INFO: [IP_Flow 19-4728] Bus Interface 's_axi_aclk': Added interface parameter 'ASSOCIATED_RESET' with value 's_axi_aresetn'.
INFO: [IP_Flow 19-818] Not transferring value dependency attribute "(spirit:decode(id('MODELPARAM_VALUE.AXI_DATA_WIDTH')) >> 3)" into user parameter "AXI_STROBE_WIDTH".
WARNING: [IP_Flow 19-5905] All packaged files should be located below the IP definition file (xml)
WARNING: [IP_Flow 19-5905] All packaged files should be located below the IP definition file (xml)
WARNING: [IP_Flow 19-5905] All packaged files should be located below the IP definition file (xml)
WARNING: [IP_Flow 19-5905] All packaged files should be located below the IP definition file (xml)
WARNING: [IP_Flow 19-5905] All packaged files should be located below the IP definition file (xml)
WARNING: [IP_Flow 19-5905] All packaged files should be located below the IP definition file (xml)
WARNING: [IP_Flow 19-5905] All packaged files should be located below the IP definition file (xml)
WARNING: [IP_Flow 19-5905] All packaged files should be located below the IP definition file (xml)
WARNING: [IP_Flow 19-5905] All packaged files should be located below the IP definition file (xml)
WARNING: [IP_Flow 19-5905] All packaged files should be located below the IP definition file (xml)
WARNING: [IP_Flow 19-5905] All packaged files should be located below the IP definition file (xml)
WARNING: [IP_Flow 19-5905] All packaged files should be located below the IP definition file (xml)
INFO: [IP_Flow 19-2181] Payment Required is not set for this core.
INFO: [IP_Flow 19-2187] The Product Guide file is missing.
# ipx::save_core [ipx::current_core]
# set_property  ip_repo_paths  C:/Jeonghyun/GIT/RFSoC/RFSoC_Design_V1_1/IP_File_01/EdgeCounter_output [current_project]
# update_ip_catalog
INFO: [IP_Flow 19-234] Refreshing IP repositories
INFO: [IP_Flow 19-1700] Loaded user IP repository 'c:/Jeonghyun/GIT/RFSoC/RFSoC_Design_V1_1/IP_File_01/EdgeCounter_output'.
WARNING: [IP_Flow 19-3656] If you move the project, the path for repository 'c:/Jeonghyun/GIT/RFSoC/RFSoC_Design_V1_1/IP_File_01/EdgeCounter_output' may become invalid. A better location for the repository would be in a path adjacent to the project. (Current project location is 'c:/Jeonghyun/GIT/RFSoC/RFSoC_Design_V1_1/IP_File_01/EdgeCounter_output/EdgeCounter'.)
# set_property top EdgeCounter [current_fileset]
# set_property top_file { C:/Jeonghyun/GIT/RFSoC/RFSoC_Design_V1_1/IP_File_01/EdgeCounter/EdgeCounter.sv } [current_fileset]
INFO: [Common 17-206] Exiting Vivado at Mon Jan 29 15:06:14 2024...
