#-----------------------------------------------------------
# Vivado v2020.2 (64-bit)
# SW Build 3064766 on Wed Nov 18 09:12:45 MST 2020
# IP Build 3064653 on Wed Nov 18 14:17:31 MST 2020
# Start of session at: Thu Sep 14 13:42:11 2023
# Process ID: 19336
# Current directory: E:/RFSoC/GIT/Vivado_prj_manager/Verilog_main
# Command line: vivado.exe -mode batch -source E:\RFSoC\GIT\RFSoC\RFSoC_Design_V1_1\IP_File_01\DAC_Controller_output_5\DAC_Controller_5.tcl
# Log file: E:/RFSoC/GIT/Vivado_prj_manager/Verilog_main/vivado.log
# Journal file: E:/RFSoC/GIT/Vivado_prj_manager/Verilog_main\vivado.jou
#-----------------------------------------------------------
source {E:\RFSoC\GIT\RFSoC\RFSoC_Design_V1_1\IP_File_01\DAC_Controller_output_5\DAC_Controller_5.tcl}
# set project_name "DAC_Controller_5"
# set project_dir "E:/RFSoC/GIT/RFSoC/RFSoC_Design_V1_1/IP_File_01/DAC_Controller_output_5"
# create_project ${project_name} ${project_dir}/${project_name} -part xczu28dr-ffvg1517-2-e
INFO: [ProjectBase 1-489] The host OS only allows 260 characters in a normal path. The project is stored in a path with more than 80 characters. If you experience issues with IP, Block Designs, or files not being found, please consider moving the project to a location with a shorter path. Alternately consider using the OS subst command to map part of the path to a drive letter.
Current project path is 'E:/RFSoC/GIT/RFSoC/RFSoC_Design_V1_1/IP_File_01/DAC_Controller_output_5/DAC_Controller_5'
ERROR: [Common 17-53] User Exception: Project already exists on disk, please use '-force' option to overwrite: 
     E:/RFSoC/GIT/RFSoC/RFSoC_Design_V1_1/IP_File_01/DAC_Controller_output_5/DAC_Controller_5/DAC_Controller_5.xpr
     E:/RFSoC/GIT/RFSoC/RFSoC_Design_V1_1/IP_File_01/DAC_Controller_output_5/DAC_Controller_5/DAC_Controller_5.cache
     E:/RFSoC/GIT/RFSoC/RFSoC_Design_V1_1/IP_File_01/DAC_Controller_output_5/DAC_Controller_5/DAC_Controller_5.hw
     E:/RFSoC/GIT/RFSoC/RFSoC_Design_V1_1/IP_File_01/DAC_Controller_output_5/DAC_Controller_5/DAC_Controller_5.ip_user_files
INFO: [Common 17-206] Exiting Vivado at Thu Sep 14 13:42:15 2023...
