# Copyright (C) 1994-2020, Concept Engineering GmbH.
# All Rights Reserved.  Cmd=logfile.
# Nlview 7.0r6  2020-01-29 bk=1.5227 VDI=41 GEI=36 GUI=JA:10.0 non-TLS
# License cookie [G|T|S|B|*] for HR="Xilinx Inc."
# -----------------------------------------------------------------------------
# -----------------------------------------------------------------------------
property attrfontsize 8
property fillcolor1
#R #441133
property fillcolor5
#R #651b4d
property -colorscheme lightblue
property shadowstyle 1
property showpinname 5
property showcellname 1
property showattribute 1
property showinstname 1
property boxminwidth 40
property boxminheight 40
#CMD bind stroke-1 -action {}
#CMD bind stroke-nw-1 -action callback -echo_type line -echo_text {Zoom fit}
#CMD bind stroke-nw-1 -action zoom_fit -echo_type line -echo_text {Zoom fit}
#CMD bind stroke-ne-1 -action zoom_out -echo_type line -echo_text {Zoom -%z}
#CMD bind stroke-se-1 -action zoom_in -echo_type rectangle -autoscroll -echo_text {Zoom area}
#CMD bind stroke-sw-1 -action zoom_in2 -echo_type line -echo_text {Zoom +%z}
module new rfconverter
#  * Current module is rfconverter 
load symbol TILE_SYMBOL v HIERBOX port a in
increment -const
load inst Tile_224 TILE_SYMBOL v -pg 1 -y 200 -x 1 -autohide -attr @cell Tile_224 -attr @name {} -attr @fillcolor #f9f7f7
attribute {pin Tile_224 a } -attr @name {}
attribute {hierPin Tile_224 a } -attr @name {}
load symbol m03 v HIERGEN port RX in attrdsp @name -cc 0 0 10
load inst ADC.Tile_224.ADC2.m03 m03 v -hier Tile_224 -pg 1 -y 201 -x 200 -resize 40 40 -autohide -attr @name {}
attribute {inst ADC.Tile_224.ADC2.m03 } -attr @fillcolor #aaa7a7
attribute {pin ADC.Tile_224.ADC2.m03 RX } -attr @name {}
load symbol m02 syn HIERGEN attrdsp @name -cc -10 -10 50 port RX in
load inst ADC.Tile_224.ADC2.m02 m02 syn -hier Tile_224 -pg 1 -y 202 -x 200 -resize 40 40 -autohide -attr @name {}
attribute {inst ADC.Tile_224.ADC2.m02 } -attr @fillcolor #aaa7a7
attribute {pin ADC.Tile_224.ADC2.m02 RX } -attr @name {}
load symbol ADC2mixer syn HIERGEN port LEFT_Q in.left.sq port LEFT_I in.left.sq port RIGHT_Q out.right.sq port RIGHT_I out.right.sq attrdsp @cell -lc 50 50 14
load inst ADC.Tile_224.ADC2.mixer ADC2mixer syn -hier Tile_224 -pg 1 -y 226 -x 190 -resize 80 105 -attr @cell Mixer -attr @name {}
attribute {inst ADC.Tile_224.ADC2.mixer } -attr @fillcolor #e2e0de
attribute {pin ADC.Tile_224.ADC2.mixer LEFT_Q} -attr @fillcolor #ffffff
attribute {pin ADC.Tile_224.ADC2.mixer LEFT_I} -attr @fillcolor #ffffff
attribute {pin ADC.Tile_224.ADC2.mixer RIGHT_Q} -attr @fillcolor #ffffff
attribute {pin ADC.Tile_224.ADC2.mixer RIGHT_I} -attr @fillcolor #ffffff
attribute {pin ADC.Tile_224.ADC2.mixer LEFT_Q} -attr @name Q
attribute {pin ADC.Tile_224.ADC2.mixer LEFT_I} -attr @name I
attribute {pin ADC.Tile_224.ADC2.mixer RIGHT_Q} -attr @name Q
attribute {pin ADC.Tile_224.ADC2.mixer RIGHT_I} -attr @name I
load symbol ADC2 syn HIERGEN port TX out
load inst ADC.Tile_224.ADC2 ADC2 syn -hier Tile_224 -pg 1 -y 226 -x 1 -resize 60 85 -attr @cell ADC1 -autohide
attribute {inst ADC.Tile_224.ADC2} -attr @fillcolor #e2e0de
attribute {inst ADC.Tile_224.ADC2} -attr @name {}
attribute {pin ADC.Tile_224.ADC2 TX } -attr @name {}
load symbol m01 v HIERGEN port RX in attrdsp @name -cc 0 0 10
load inst ADC.Tile_224.ADC0.m01 m01 v -hier Tile_224 -pg 1 -y 351 -x 200 -resize 40 40 -autohide -attr @name {}
attribute {inst ADC.Tile_224.ADC0.m01 } -attr @fillcolor #aaa7a7
attribute {pin ADC.Tile_224.ADC0.m01 RX } -attr @name {}
load symbol m00 syn HIERGEN attrdsp @name -cc -10 -10 50 port RX in
load inst ADC.Tile_224.ADC0.m00 m00 syn -hier Tile_224 -pg 1 -y 352 -x 200 -resize 40 40 -autohide -attr @name {}
attribute {inst ADC.Tile_224.ADC0.m00 } -attr @fillcolor #aaa7a7
attribute {pin ADC.Tile_224.ADC0.m00 RX } -attr @name {}
load symbol ADC0mixer syn HIERGEN port LEFT_Q in.left.sq port LEFT_I in.left.sq port RIGHT_Q out.right.sq port RIGHT_I out.right.sq attrdsp @cell -lc 50 50 14
load inst ADC.Tile_224.ADC0.mixer ADC0mixer syn -hier Tile_224 -pg 1 -y 376 -x 190 -resize 80 105 -attr @cell Mixer -attr @name {}
attribute {inst ADC.Tile_224.ADC0.mixer } -attr @fillcolor #e2e0de
attribute {pin ADC.Tile_224.ADC0.mixer LEFT_Q} -attr @fillcolor #ffffff
attribute {pin ADC.Tile_224.ADC0.mixer LEFT_I} -attr @fillcolor #ffffff
attribute {pin ADC.Tile_224.ADC0.mixer RIGHT_Q} -attr @fillcolor #ffffff
attribute {pin ADC.Tile_224.ADC0.mixer RIGHT_I} -attr @fillcolor #ffffff
attribute {pin ADC.Tile_224.ADC0.mixer LEFT_Q} -attr @name Q
attribute {pin ADC.Tile_224.ADC0.mixer LEFT_I} -attr @name I
attribute {pin ADC.Tile_224.ADC0.mixer RIGHT_Q} -attr @name Q
attribute {pin ADC.Tile_224.ADC0.mixer RIGHT_I} -attr @name I
load symbol ADC0 syn HIERGEN port TX out
load inst ADC.Tile_224.ADC0 ADC0 syn -hier Tile_224 -pg 1 -y 376 -x 1 -resize 60 85 -autohide
attribute {inst ADC.Tile_224.ADC0} -attr @fillcolor #e2e0de
attribute {inst ADC.Tile_224.ADC0} -attr @name {}
attribute {pin ADC.Tile_224.ADC0 TX } -attr @name {}
load inst Tile_225 TILE_SYMBOL v -pg 1 -y 200 -x 1 -autohide -attr @cell Tile_225 -attr @name {} -attr @fillcolor #f9f7f7
attribute {pin Tile_225 a } -attr @name {}
attribute {hierPin Tile_225 a } -attr @name {}
load symbol m03 v HIERGEN port RX in attrdsp @name -cc 0 0 10
load inst ADC.Tile_225.ADC2.m03 m03 v -hier Tile_225 -pg 1 -y 201 -x 200 -resize 40 40 -autohide -attr @name {}
attribute {inst ADC.Tile_225.ADC2.m03 } -attr @fillcolor #aaa7a7
attribute {pin ADC.Tile_225.ADC2.m03 RX } -attr @name {}
load symbol m02 syn HIERGEN attrdsp @name -cc -10 -10 50 port RX in
load inst ADC.Tile_225.ADC2.m02 m02 syn -hier Tile_225 -pg 1 -y 202 -x 200 -resize 40 40 -autohide -attr @name {}
attribute {inst ADC.Tile_225.ADC2.m02 } -attr @fillcolor #aaa7a7
attribute {pin ADC.Tile_225.ADC2.m02 RX } -attr @name {}
load symbol ADC2mixer syn HIERGEN port LEFT_Q in.left.sq port LEFT_I in.left.sq port RIGHT_Q out.right.sq port RIGHT_I out.right.sq attrdsp @cell -lc 50 50 14
load inst ADC.Tile_225.ADC2.mixer ADC2mixer syn -hier Tile_225 -pg 1 -y 226 -x 190 -resize 80 105 -attr @cell Mixer -attr @name {}
attribute {inst ADC.Tile_225.ADC2.mixer } -attr @fillcolor #e2e0de
attribute {pin ADC.Tile_225.ADC2.mixer LEFT_Q} -attr @fillcolor #ffffff
attribute {pin ADC.Tile_225.ADC2.mixer LEFT_I} -attr @fillcolor #ffffff
attribute {pin ADC.Tile_225.ADC2.mixer RIGHT_Q} -attr @fillcolor #ffffff
attribute {pin ADC.Tile_225.ADC2.mixer RIGHT_I} -attr @fillcolor #ffffff
attribute {pin ADC.Tile_225.ADC2.mixer LEFT_Q} -attr @name Q
attribute {pin ADC.Tile_225.ADC2.mixer LEFT_I} -attr @name I
attribute {pin ADC.Tile_225.ADC2.mixer RIGHT_Q} -attr @name Q
attribute {pin ADC.Tile_225.ADC2.mixer RIGHT_I} -attr @name I
load symbol ADC2 syn HIERGEN port TX out
load inst ADC.Tile_225.ADC2 ADC2 syn -hier Tile_225 -pg 1 -y 226 -x 1 -resize 60 85 -attr @cell ADC1 -autohide
attribute {inst ADC.Tile_225.ADC2} -attr @fillcolor #e2e0de
attribute {inst ADC.Tile_225.ADC2} -attr @name {}
attribute {pin ADC.Tile_225.ADC2 TX } -attr @name {}
load symbol m01 v HIERGEN port RX in attrdsp @name -cc 0 0 10
load inst ADC.Tile_225.ADC0.m01 m01 v -hier Tile_225 -pg 1 -y 351 -x 200 -resize 40 40 -autohide -attr @name {}
attribute {inst ADC.Tile_225.ADC0.m01 } -attr @fillcolor #aaa7a7
attribute {pin ADC.Tile_225.ADC0.m01 RX } -attr @name {}
load symbol m00 syn HIERGEN attrdsp @name -cc -10 -10 50 port RX in
load inst ADC.Tile_225.ADC0.m00 m00 syn -hier Tile_225 -pg 1 -y 352 -x 200 -resize 40 40 -autohide -attr @name {}
attribute {inst ADC.Tile_225.ADC0.m00 } -attr @fillcolor #aaa7a7
attribute {pin ADC.Tile_225.ADC0.m00 RX } -attr @name {}
load symbol ADC0mixer syn HIERGEN port LEFT_Q in.left.sq port LEFT_I in.left.sq port RIGHT_Q out.right.sq port RIGHT_I out.right.sq attrdsp @cell -lc 50 50 14
load inst ADC.Tile_225.ADC0.mixer ADC0mixer syn -hier Tile_225 -pg 1 -y 376 -x 190 -resize 80 105 -attr @cell Mixer -attr @name {}
attribute {inst ADC.Tile_225.ADC0.mixer } -attr @fillcolor #e2e0de
attribute {pin ADC.Tile_225.ADC0.mixer LEFT_Q} -attr @fillcolor #ffffff
attribute {pin ADC.Tile_225.ADC0.mixer LEFT_I} -attr @fillcolor #ffffff
attribute {pin ADC.Tile_225.ADC0.mixer RIGHT_Q} -attr @fillcolor #ffffff
attribute {pin ADC.Tile_225.ADC0.mixer RIGHT_I} -attr @fillcolor #ffffff
attribute {pin ADC.Tile_225.ADC0.mixer LEFT_Q} -attr @name Q
attribute {pin ADC.Tile_225.ADC0.mixer LEFT_I} -attr @name I
attribute {pin ADC.Tile_225.ADC0.mixer RIGHT_Q} -attr @name Q
attribute {pin ADC.Tile_225.ADC0.mixer RIGHT_I} -attr @name I
load symbol ADC0 syn HIERGEN port TX out
load inst ADC.Tile_225.ADC0 ADC0 syn -hier Tile_225 -pg 1 -y 376 -x 1 -resize 60 85 -autohide
attribute {inst ADC.Tile_225.ADC0} -attr @fillcolor #e2e0de
attribute {inst ADC.Tile_225.ADC0} -attr @name {}
attribute {pin ADC.Tile_225.ADC0 TX } -attr @name {}
load inst Tile_226 TILE_SYMBOL v -pg 1 -y 200 -x 1 -autohide -attr @cell Tile_226 -attr @name {} -attr @fillcolor #f9f7f7
attribute {pin Tile_226 a } -attr @name {}
attribute {hierPin Tile_226 a } -attr @name {}
load symbol m03 v HIERGEN port RX in attrdsp @name -cc 0 0 10
load inst ADC.Tile_226.ADC2.m03 m03 v -hier Tile_226 -pg 1 -y 201 -x 200 -resize 40 40 -autohide -attr @name {}
attribute {inst ADC.Tile_226.ADC2.m03 } -attr @fillcolor #aaa7a7
attribute {pin ADC.Tile_226.ADC2.m03 RX } -attr @name {}
load symbol m02 syn HIERGEN attrdsp @name -cc -10 -10 50 port RX in
load inst ADC.Tile_226.ADC2.m02 m02 syn -hier Tile_226 -pg 1 -y 202 -x 200 -resize 40 40 -autohide -attr @name {}
attribute {inst ADC.Tile_226.ADC2.m02 } -attr @fillcolor #aaa7a7
attribute {pin ADC.Tile_226.ADC2.m02 RX } -attr @name {}
load symbol ADC2mixer syn HIERGEN port LEFT_Q in.left.sq port LEFT_I in.left.sq port RIGHT_Q out.right.sq port RIGHT_I out.right.sq attrdsp @cell -lc 50 50 14
load inst ADC.Tile_226.ADC2.mixer ADC2mixer syn -hier Tile_226 -pg 1 -y 226 -x 190 -resize 80 105 -attr @cell Mixer -attr @name {}
attribute {inst ADC.Tile_226.ADC2.mixer } -attr @fillcolor #e2e0de
attribute {pin ADC.Tile_226.ADC2.mixer LEFT_Q} -attr @fillcolor #ffffff
attribute {pin ADC.Tile_226.ADC2.mixer LEFT_I} -attr @fillcolor #ffffff
attribute {pin ADC.Tile_226.ADC2.mixer RIGHT_Q} -attr @fillcolor #ffffff
attribute {pin ADC.Tile_226.ADC2.mixer RIGHT_I} -attr @fillcolor #ffffff
attribute {pin ADC.Tile_226.ADC2.mixer LEFT_Q} -attr @name Q
attribute {pin ADC.Tile_226.ADC2.mixer LEFT_I} -attr @name I
attribute {pin ADC.Tile_226.ADC2.mixer RIGHT_Q} -attr @name Q
attribute {pin ADC.Tile_226.ADC2.mixer RIGHT_I} -attr @name I
load symbol ADC2 syn HIERGEN port TX out
load inst ADC.Tile_226.ADC2 ADC2 syn -hier Tile_226 -pg 1 -y 226 -x 1 -resize 60 85 -attr @cell ADC1 -autohide
attribute {inst ADC.Tile_226.ADC2} -attr @fillcolor #e2e0de
attribute {inst ADC.Tile_226.ADC2} -attr @name {}
attribute {pin ADC.Tile_226.ADC2 TX } -attr @name {}
load symbol m01 v HIERGEN port RX in attrdsp @name -cc 0 0 10
load inst ADC.Tile_226.ADC0.m01 m01 v -hier Tile_226 -pg 1 -y 351 -x 200 -resize 40 40 -autohide -attr @name {}
attribute {inst ADC.Tile_226.ADC0.m01 } -attr @fillcolor #aaa7a7
attribute {pin ADC.Tile_226.ADC0.m01 RX } -attr @name {}
load symbol m00 syn HIERGEN attrdsp @name -cc -10 -10 50 port RX in
load inst ADC.Tile_226.ADC0.m00 m00 syn -hier Tile_226 -pg 1 -y 352 -x 200 -resize 40 40 -autohide -attr @name {}
attribute {inst ADC.Tile_226.ADC0.m00 } -attr @fillcolor #aaa7a7
attribute {pin ADC.Tile_226.ADC0.m00 RX } -attr @name {}
load symbol ADC0mixer syn HIERGEN port LEFT_Q in.left.sq port LEFT_I in.left.sq port RIGHT_Q out.right.sq port RIGHT_I out.right.sq attrdsp @cell -lc 50 50 14
load inst ADC.Tile_226.ADC0.mixer ADC0mixer syn -hier Tile_226 -pg 1 -y 376 -x 190 -resize 80 105 -attr @cell Mixer -attr @name {}
attribute {inst ADC.Tile_226.ADC0.mixer } -attr @fillcolor #e2e0de
attribute {pin ADC.Tile_226.ADC0.mixer LEFT_Q} -attr @fillcolor #ffffff
attribute {pin ADC.Tile_226.ADC0.mixer LEFT_I} -attr @fillcolor #ffffff
attribute {pin ADC.Tile_226.ADC0.mixer RIGHT_Q} -attr @fillcolor #ffffff
attribute {pin ADC.Tile_226.ADC0.mixer RIGHT_I} -attr @fillcolor #ffffff
attribute {pin ADC.Tile_226.ADC0.mixer LEFT_Q} -attr @name Q
attribute {pin ADC.Tile_226.ADC0.mixer LEFT_I} -attr @name I
attribute {pin ADC.Tile_226.ADC0.mixer RIGHT_Q} -attr @name Q
attribute {pin ADC.Tile_226.ADC0.mixer RIGHT_I} -attr @name I
load symbol ADC0 syn HIERGEN port TX out
load inst ADC.Tile_226.ADC0 ADC0 syn -hier Tile_226 -pg 1 -y 376 -x 1 -resize 60 85 -autohide
attribute {inst ADC.Tile_226.ADC0} -attr @fillcolor #e2e0de
attribute {inst ADC.Tile_226.ADC0} -attr @name {}
attribute {pin ADC.Tile_226.ADC0 TX } -attr @name {}
load inst Tile_227 TILE_SYMBOL v -pg 1 -y 200 -x 1 -autohide -attr @cell Tile_227 -attr @name {} -attr @fillcolor #f9f7f7
attribute {pin Tile_227 a } -attr @name {}
attribute {hierPin Tile_227 a } -attr @name {}
load symbol m03 v HIERGEN port RX in attrdsp @name -cc 0 0 10
load inst ADC.Tile_227.ADC2.m03 m03 v -hier Tile_227 -pg 1 -y 201 -x 200 -resize 40 40 -autohide -attr @name {}
attribute {inst ADC.Tile_227.ADC2.m03 } -attr @fillcolor #aaa7a7
attribute {pin ADC.Tile_227.ADC2.m03 RX } -attr @name {}
load symbol m02 syn HIERGEN attrdsp @name -cc -10 -10 50 port RX in
load inst ADC.Tile_227.ADC2.m02 m02 syn -hier Tile_227 -pg 1 -y 202 -x 200 -resize 40 40 -autohide -attr @name {}
attribute {inst ADC.Tile_227.ADC2.m02 } -attr @fillcolor #aaa7a7
attribute {pin ADC.Tile_227.ADC2.m02 RX } -attr @name {}
load symbol ADC2mixer syn HIERGEN port LEFT_Q in.left.sq port LEFT_I in.left.sq port RIGHT_Q out.right.sq port RIGHT_I out.right.sq attrdsp @cell -lc 50 50 14
load inst ADC.Tile_227.ADC2.mixer ADC2mixer syn -hier Tile_227 -pg 1 -y 226 -x 190 -resize 80 105 -attr @cell Mixer -attr @name {}
attribute {inst ADC.Tile_227.ADC2.mixer } -attr @fillcolor #e2e0de
attribute {pin ADC.Tile_227.ADC2.mixer LEFT_Q} -attr @fillcolor #ffffff
attribute {pin ADC.Tile_227.ADC2.mixer LEFT_I} -attr @fillcolor #ffffff
attribute {pin ADC.Tile_227.ADC2.mixer RIGHT_Q} -attr @fillcolor #ffffff
attribute {pin ADC.Tile_227.ADC2.mixer RIGHT_I} -attr @fillcolor #ffffff
attribute {pin ADC.Tile_227.ADC2.mixer LEFT_Q} -attr @name Q
attribute {pin ADC.Tile_227.ADC2.mixer LEFT_I} -attr @name I
attribute {pin ADC.Tile_227.ADC2.mixer RIGHT_Q} -attr @name Q
attribute {pin ADC.Tile_227.ADC2.mixer RIGHT_I} -attr @name I
load symbol ADC2 syn HIERGEN port TX out
load inst ADC.Tile_227.ADC2 ADC2 syn -hier Tile_227 -pg 1 -y 226 -x 1 -resize 60 85 -attr @cell ADC1 -autohide
attribute {inst ADC.Tile_227.ADC2} -attr @fillcolor #e2e0de
attribute {inst ADC.Tile_227.ADC2} -attr @name {}
attribute {pin ADC.Tile_227.ADC2 TX } -attr @name {}
load symbol m01 v HIERGEN port RX in attrdsp @name -cc 0 0 10
load inst ADC.Tile_227.ADC0.m01 m01 v -hier Tile_227 -pg 1 -y 351 -x 200 -resize 40 40 -autohide -attr @name {}
attribute {inst ADC.Tile_227.ADC0.m01 } -attr @fillcolor #aaa7a7
attribute {pin ADC.Tile_227.ADC0.m01 RX } -attr @name {}
load symbol m00 syn HIERGEN attrdsp @name -cc -10 -10 50 port RX in
load inst ADC.Tile_227.ADC0.m00 m00 syn -hier Tile_227 -pg 1 -y 352 -x 200 -resize 40 40 -autohide -attr @name {}
attribute {inst ADC.Tile_227.ADC0.m00 } -attr @fillcolor #aaa7a7
attribute {pin ADC.Tile_227.ADC0.m00 RX } -attr @name {}
load symbol ADC0mixer syn HIERGEN port LEFT_Q in.left.sq port LEFT_I in.left.sq port RIGHT_Q out.right.sq port RIGHT_I out.right.sq attrdsp @cell -lc 50 50 14
load inst ADC.Tile_227.ADC0.mixer ADC0mixer syn -hier Tile_227 -pg 1 -y 376 -x 190 -resize 80 105 -attr @cell Mixer -attr @name {}
attribute {inst ADC.Tile_227.ADC0.mixer } -attr @fillcolor #e2e0de
attribute {pin ADC.Tile_227.ADC0.mixer LEFT_Q} -attr @fillcolor #ffffff
attribute {pin ADC.Tile_227.ADC0.mixer LEFT_I} -attr @fillcolor #ffffff
attribute {pin ADC.Tile_227.ADC0.mixer RIGHT_Q} -attr @fillcolor #ffffff
attribute {pin ADC.Tile_227.ADC0.mixer RIGHT_I} -attr @fillcolor #ffffff
attribute {pin ADC.Tile_227.ADC0.mixer LEFT_Q} -attr @name Q
attribute {pin ADC.Tile_227.ADC0.mixer LEFT_I} -attr @name I
attribute {pin ADC.Tile_227.ADC0.mixer RIGHT_Q} -attr @name Q
attribute {pin ADC.Tile_227.ADC0.mixer RIGHT_I} -attr @name I
load symbol ADC0 syn HIERGEN port TX out
load inst ADC.Tile_227.ADC0 ADC0 syn -hier Tile_227 -pg 1 -y 376 -x 1 -resize 60 85 -autohide
attribute {inst ADC.Tile_227.ADC0} -attr @fillcolor #e2e0de
attribute {inst ADC.Tile_227.ADC0} -attr @name {}
attribute {pin ADC.Tile_227.ADC0 TX } -attr @name {}
show
# Starting Split Pages                                                  102.48
# Split Pages 36 Comps, 0 Nets 0 NetBundles 0 CGraphics                 102.48
# KwayPart started for 36 comps, 0 nets                                 102.48
# Init done: 1 nodes (1 locked nodes), 0 edges                          102.48
# Startpart done: 1 parts                                               102.48
# KwayPart done                                                         102.48
# End of Split Pages: 1 pages                                           102.48
# End of Split Pages                                                    102.48
# Generating Regions for Page 1:   36 Comps,    0 Nets                  102.48
# Analyze                                                               102.48
# Levelize                                                              102.48
# End of LevelAssign mode=I, 4 Levels, 8 Comps, limit=30000             102.48
# Nets                                                                  102.48
# Place                                                                 102.48
# PlaceNets                                                             102.48
# SpaceY                                                                102.48
# Track                                                                 102.48
# SpaceX                                                                102.48
# Wire                                                                  102.48
# End of Wire: 0 nets, 0 ch, wire: 0-->0 (0 with wbits)                 102.48
# End of doGenerate                                                     102.48
# Analyze                                                               102.48
# Levelize                                                              102.48
# End of LevelAssign mode=I, 4 Levels, 8 Comps, limit=30000             102.48
# Nets                                                                  102.48
# Place                                                                 102.48
# PlaceNets                                                             102.48
# SpaceY                                                                102.48
# Track                                                                 102.48
# SpaceX                                                                102.48
# Wire                                                                  102.48
# End of Wire: 0 nets, 0 ch, wire: 0-->0 (0 with wbits)                 102.48
# End of doGenerate                                                     102.48
# Analyze                                                               102.48
# Levelize                                                              102.48
# End of LevelAssign mode=I, 4 Levels, 8 Comps, limit=30000             102.48
# Nets                                                                  102.48
# Place                                                                 102.48
# PlaceNets                                                             102.48
# SpaceY                                                                102.48
# Track                                                                 102.53
# SpaceX                                                                102.53
# Wire                                                                  102.53
# End of Wire: 0 nets, 0 ch, wire: 0-->0 (0 with wbits)                 102.53
# End of doGenerate                                                     102.53
# Analyze                                                               102.53
# Levelize                                                              102.53
# End of LevelAssign mode=I, 4 Levels, 8 Comps, limit=30000             102.53
# Nets                                                                  102.53
# Place                                                                 102.53
# PlaceNets                                                             102.53
# SpaceY                                                                102.53
# Track                                                                 102.53
# SpaceX                                                                102.53
# Wire                                                                  102.53
# End of Wire: 0 nets, 0 ch, wire: 0-->0 (0 with wbits)                 102.53
# End of doGenerate                                                     102.53
# Analyze                                                               102.53
# Levelize                                                              102.53
# End of LevelAssign mode=I, 2 Levels, 4 Comps, limit=30000             102.53
# Nets                                                                  102.53
# Place                                                                 102.53
# PlaceNets                                                             102.53
# SpaceY                                                                102.53
# Track                                                                 102.53
# SpaceX                                                                102.53
# Wire                                                                  102.53
# End of Wire: 0 nets, 0 ch, wire: 0-->0 (0 with wbits)                 102.53
# End of doGenerate                                                     102.53
# End of Generating Regions for Page 1                                  102.53
scrollpos 108 676
zoom -x 0 -y 0 0.5
scrollpos 68 423
#R 0.5
#CMD scrollpos 0 0
scrollpos 0 0
module new rfconverter
#  * Current module is rfconverter 
load symbol TILE_SYMBOL v HIERBOX port a in
increment -const
load inst Tile_224 TILE_SYMBOL v -pg 1 -y 200 -x 1 -autohide -attr @cell Tile_224 -attr @name {} -attr @fillcolor #f9f7f7
attribute {pin Tile_224 a } -attr @name {}
attribute {hierPin Tile_224 a } -attr @name {}
load symbol m03 v HIERGEN port RX in attrdsp @name -cc 0 0 10
load inst ADC.Tile_224.ADC2.m03 m03 v -hier Tile_224 -pg 1 -y 201 -x 200 -resize 40 40 -autohide -attr @name {}
attribute {inst ADC.Tile_224.ADC2.m03 } -attr @fillcolor #aaa7a7
attribute {pin ADC.Tile_224.ADC2.m03 RX } -attr @name {}
load symbol m02 syn HIERGEN attrdsp @name -cc -10 -10 50 port RX in
load inst ADC.Tile_224.ADC2.m02 m02 syn -hier Tile_224 -pg 1 -y 202 -x 200 -resize 40 40 -autohide -attr @name {}
attribute {inst ADC.Tile_224.ADC2.m02 } -attr @fillcolor #aaa7a7
attribute {pin ADC.Tile_224.ADC2.m02 RX } -attr @name {}
load symbol ADC2mixer syn HIERGEN port LEFT_Q in.left.sq port LEFT_I in.left.sq port RIGHT_Q out.right.sq port RIGHT_I out.right.sq attrdsp @cell -lc 50 50 14
load inst ADC.Tile_224.ADC2.mixer ADC2mixer syn -hier Tile_224 -pg 1 -y 226 -x 190 -resize 80 105 -attr @cell Mixer -attr @name {}
attribute {inst ADC.Tile_224.ADC2.mixer } -attr @fillcolor #e2e0de
attribute {pin ADC.Tile_224.ADC2.mixer LEFT_Q} -attr @fillcolor #ffffff
attribute {pin ADC.Tile_224.ADC2.mixer LEFT_I} -attr @fillcolor #ffffff
attribute {pin ADC.Tile_224.ADC2.mixer RIGHT_Q} -attr @fillcolor #ffffff
attribute {pin ADC.Tile_224.ADC2.mixer RIGHT_I} -attr @fillcolor #ffffff
attribute {pin ADC.Tile_224.ADC2.mixer LEFT_Q} -attr @name Q
attribute {pin ADC.Tile_224.ADC2.mixer LEFT_I} -attr @name I
attribute {pin ADC.Tile_224.ADC2.mixer RIGHT_Q} -attr @name Q
attribute {pin ADC.Tile_224.ADC2.mixer RIGHT_I} -attr @name I
load symbol ADC2 syn HIERGEN port TX out
load inst ADC.Tile_224.ADC2 ADC2 syn -hier Tile_224 -pg 1 -y 226 -x 1 -resize 60 85 -attr @cell ADC1 -autohide
attribute {inst ADC.Tile_224.ADC2} -attr @fillcolor #e2e0de
attribute {inst ADC.Tile_224.ADC2} -attr @name {}
attribute {pin ADC.Tile_224.ADC2 TX } -attr @name {}
load symbol m01 v HIERGEN port RX in attrdsp @name -cc 0 0 10
load inst ADC.Tile_224.ADC0.m01 m01 v -hier Tile_224 -pg 1 -y 351 -x 200 -resize 40 40 -autohide -attr @name {}
attribute {inst ADC.Tile_224.ADC0.m01 } -attr @fillcolor #aaa7a7
attribute {pin ADC.Tile_224.ADC0.m01 RX } -attr @name {}
load symbol m00 syn HIERGEN attrdsp @name -cc -10 -10 50 port RX in
load inst ADC.Tile_224.ADC0.m00 m00 syn -hier Tile_224 -pg 1 -y 352 -x 200 -resize 40 40 -autohide -attr @name {}
attribute {inst ADC.Tile_224.ADC0.m00 } -attr @fillcolor #aaa7a7
attribute {pin ADC.Tile_224.ADC0.m00 RX } -attr @name {}
load symbol ADC0mixer syn HIERGEN port LEFT_Q in.left.sq port LEFT_I in.left.sq port RIGHT_Q out.right.sq port RIGHT_I out.right.sq attrdsp @cell -lc 50 50 14
load inst ADC.Tile_224.ADC0.mixer ADC0mixer syn -hier Tile_224 -pg 1 -y 376 -x 190 -resize 80 105 -attr @cell Mixer -attr @name {}
attribute {inst ADC.Tile_224.ADC0.mixer } -attr @fillcolor #e2e0de
attribute {pin ADC.Tile_224.ADC0.mixer LEFT_Q} -attr @fillcolor #ffffff
attribute {pin ADC.Tile_224.ADC0.mixer LEFT_I} -attr @fillcolor #ffffff
attribute {pin ADC.Tile_224.ADC0.mixer RIGHT_Q} -attr @fillcolor #ffffff
attribute {pin ADC.Tile_224.ADC0.mixer RIGHT_I} -attr @fillcolor #ffffff
attribute {pin ADC.Tile_224.ADC0.mixer LEFT_Q} -attr @name Q
attribute {pin ADC.Tile_224.ADC0.mixer LEFT_I} -attr @name I
attribute {pin ADC.Tile_224.ADC0.mixer RIGHT_Q} -attr @name Q
attribute {pin ADC.Tile_224.ADC0.mixer RIGHT_I} -attr @name I
load symbol ADC0 syn HIERGEN port TX out
load inst ADC.Tile_224.ADC0 ADC0 syn -hier Tile_224 -pg 1 -y 376 -x 1 -resize 60 85 -autohide
attribute {inst ADC.Tile_224.ADC0} -attr @fillcolor #e2e0de
attribute {inst ADC.Tile_224.ADC0} -attr @name {}
attribute {pin ADC.Tile_224.ADC0 TX } -attr @name {}
load inst Tile_225 TILE_SYMBOL v -pg 1 -y 200 -x 1 -autohide -attr @cell Tile_225 -attr @name {} -attr @fillcolor #f9f7f7
attribute {pin Tile_225 a } -attr @name {}
attribute {hierPin Tile_225 a } -attr @name {}
load symbol m03 v HIERGEN port RX in attrdsp @name -cc 0 0 10
load inst ADC.Tile_225.ADC2.m03 m03 v -hier Tile_225 -pg 1 -y 201 -x 200 -resize 40 40 -autohide -attr @name {}
attribute {inst ADC.Tile_225.ADC2.m03 } -attr @fillcolor #aaa7a7
attribute {pin ADC.Tile_225.ADC2.m03 RX } -attr @name {}
load symbol m02 syn HIERGEN attrdsp @name -cc -10 -10 50 port RX in
load inst ADC.Tile_225.ADC2.m02 m02 syn -hier Tile_225 -pg 1 -y 202 -x 200 -resize 40 40 -autohide -attr @name {}
attribute {inst ADC.Tile_225.ADC2.m02 } -attr @fillcolor #aaa7a7
attribute {pin ADC.Tile_225.ADC2.m02 RX } -attr @name {}
load symbol ADC2mixer syn HIERGEN port LEFT_Q in.left.sq port LEFT_I in.left.sq port RIGHT_Q out.right.sq port RIGHT_I out.right.sq attrdsp @cell -lc 50 50 14
load inst ADC.Tile_225.ADC2.mixer ADC2mixer syn -hier Tile_225 -pg 1 -y 226 -x 190 -resize 80 105 -attr @cell Mixer -attr @name {}
attribute {inst ADC.Tile_225.ADC2.mixer } -attr @fillcolor #e2e0de
attribute {pin ADC.Tile_225.ADC2.mixer LEFT_Q} -attr @fillcolor #ffffff
attribute {pin ADC.Tile_225.ADC2.mixer LEFT_I} -attr @fillcolor #ffffff
attribute {pin ADC.Tile_225.ADC2.mixer RIGHT_Q} -attr @fillcolor #ffffff
attribute {pin ADC.Tile_225.ADC2.mixer RIGHT_I} -attr @fillcolor #ffffff
attribute {pin ADC.Tile_225.ADC2.mixer LEFT_Q} -attr @name Q
attribute {pin ADC.Tile_225.ADC2.mixer LEFT_I} -attr @name I
attribute {pin ADC.Tile_225.ADC2.mixer RIGHT_Q} -attr @name Q
attribute {pin ADC.Tile_225.ADC2.mixer RIGHT_I} -attr @name I
load symbol ADC2 syn HIERGEN port TX out
load inst ADC.Tile_225.ADC2 ADC2 syn -hier Tile_225 -pg 1 -y 226 -x 1 -resize 60 85 -attr @cell ADC1 -autohide
attribute {inst ADC.Tile_225.ADC2} -attr @fillcolor #e2e0de
attribute {inst ADC.Tile_225.ADC2} -attr @name {}
attribute {pin ADC.Tile_225.ADC2 TX } -attr @name {}
load symbol m01 v HIERGEN port RX in attrdsp @name -cc 0 0 10
load inst ADC.Tile_225.ADC0.m01 m01 v -hier Tile_225 -pg 1 -y 351 -x 200 -resize 40 40 -autohide -attr @name {}
attribute {inst ADC.Tile_225.ADC0.m01 } -attr @fillcolor #aaa7a7
attribute {pin ADC.Tile_225.ADC0.m01 RX } -attr @name {}
load symbol m00 syn HIERGEN attrdsp @name -cc -10 -10 50 port RX in
load inst ADC.Tile_225.ADC0.m00 m00 syn -hier Tile_225 -pg 1 -y 352 -x 200 -resize 40 40 -autohide -attr @name {}
attribute {inst ADC.Tile_225.ADC0.m00 } -attr @fillcolor #aaa7a7
attribute {pin ADC.Tile_225.ADC0.m00 RX } -attr @name {}
load symbol ADC0mixer syn HIERGEN port LEFT_Q in.left.sq port LEFT_I in.left.sq port RIGHT_Q out.right.sq port RIGHT_I out.right.sq attrdsp @cell -lc 50 50 14
load inst ADC.Tile_225.ADC0.mixer ADC0mixer syn -hier Tile_225 -pg 1 -y 376 -x 190 -resize 80 105 -attr @cell Mixer -attr @name {}
attribute {inst ADC.Tile_225.ADC0.mixer } -attr @fillcolor #e2e0de
attribute {pin ADC.Tile_225.ADC0.mixer LEFT_Q} -attr @fillcolor #ffffff
attribute {pin ADC.Tile_225.ADC0.mixer LEFT_I} -attr @fillcolor #ffffff
attribute {pin ADC.Tile_225.ADC0.mixer RIGHT_Q} -attr @fillcolor #ffffff
attribute {pin ADC.Tile_225.ADC0.mixer RIGHT_I} -attr @fillcolor #ffffff
attribute {pin ADC.Tile_225.ADC0.mixer LEFT_Q} -attr @name Q
attribute {pin ADC.Tile_225.ADC0.mixer LEFT_I} -attr @name I
attribute {pin ADC.Tile_225.ADC0.mixer RIGHT_Q} -attr @name Q
attribute {pin ADC.Tile_225.ADC0.mixer RIGHT_I} -attr @name I
load symbol ADC0 syn HIERGEN port TX out
load inst ADC.Tile_225.ADC0 ADC0 syn -hier Tile_225 -pg 1 -y 376 -x 1 -resize 60 85 -autohide
attribute {inst ADC.Tile_225.ADC0} -attr @fillcolor #e2e0de
attribute {inst ADC.Tile_225.ADC0} -attr @name {}
attribute {pin ADC.Tile_225.ADC0 TX } -attr @name {}
load inst Tile_226 TILE_SYMBOL v -pg 1 -y 200 -x 1 -autohide -attr @cell Tile_226 -attr @name {} -attr @fillcolor #f9f7f7
attribute {pin Tile_226 a } -attr @name {}
attribute {hierPin Tile_226 a } -attr @name {}
load symbol m03 v HIERGEN port RX in attrdsp @name -cc 0 0 10
load inst ADC.Tile_226.ADC2.m03 m03 v -hier Tile_226 -pg 1 -y 201 -x 200 -resize 40 40 -autohide -attr @name {}
attribute {inst ADC.Tile_226.ADC2.m03 } -attr @fillcolor #aaa7a7
attribute {pin ADC.Tile_226.ADC2.m03 RX } -attr @name {}
load symbol m02 syn HIERGEN attrdsp @name -cc -10 -10 50 port RX in
load inst ADC.Tile_226.ADC2.m02 m02 syn -hier Tile_226 -pg 1 -y 202 -x 200 -resize 40 40 -autohide -attr @name {}
attribute {inst ADC.Tile_226.ADC2.m02 } -attr @fillcolor #aaa7a7
attribute {pin ADC.Tile_226.ADC2.m02 RX } -attr @name {}
load symbol ADC2mixer syn HIERGEN port LEFT_Q in.left.sq port LEFT_I in.left.sq port RIGHT_Q out.right.sq port RIGHT_I out.right.sq attrdsp @cell -lc 50 50 14
load inst ADC.Tile_226.ADC2.mixer ADC2mixer syn -hier Tile_226 -pg 1 -y 226 -x 190 -resize 80 105 -attr @cell Mixer -attr @name {}
attribute {inst ADC.Tile_226.ADC2.mixer } -attr @fillcolor #e2e0de
attribute {pin ADC.Tile_226.ADC2.mixer LEFT_Q} -attr @fillcolor #ffffff
attribute {pin ADC.Tile_226.ADC2.mixer LEFT_I} -attr @fillcolor #ffffff
attribute {pin ADC.Tile_226.ADC2.mixer RIGHT_Q} -attr @fillcolor #ffffff
attribute {pin ADC.Tile_226.ADC2.mixer RIGHT_I} -attr @fillcolor #ffffff
attribute {pin ADC.Tile_226.ADC2.mixer LEFT_Q} -attr @name Q
attribute {pin ADC.Tile_226.ADC2.mixer LEFT_I} -attr @name I
attribute {pin ADC.Tile_226.ADC2.mixer RIGHT_Q} -attr @name Q
attribute {pin ADC.Tile_226.ADC2.mixer RIGHT_I} -attr @name I
load symbol ADC2 syn HIERGEN port TX out
load inst ADC.Tile_226.ADC2 ADC2 syn -hier Tile_226 -pg 1 -y 226 -x 1 -resize 60 85 -attr @cell ADC1 -autohide
attribute {inst ADC.Tile_226.ADC2} -attr @fillcolor #e2e0de
attribute {inst ADC.Tile_226.ADC2} -attr @name {}
attribute {pin ADC.Tile_226.ADC2 TX } -attr @name {}
load symbol m01 v HIERGEN port RX in attrdsp @name -cc 0 0 10
load inst ADC.Tile_226.ADC0.m01 m01 v -hier Tile_226 -pg 1 -y 351 -x 200 -resize 40 40 -autohide -attr @name {}
attribute {inst ADC.Tile_226.ADC0.m01 } -attr @fillcolor #aaa7a7
attribute {pin ADC.Tile_226.ADC0.m01 RX } -attr @name {}
load symbol m00 syn HIERGEN attrdsp @name -cc -10 -10 50 port RX in
load inst ADC.Tile_226.ADC0.m00 m00 syn -hier Tile_226 -pg 1 -y 352 -x 200 -resize 40 40 -autohide -attr @name {}
attribute {inst ADC.Tile_226.ADC0.m00 } -attr @fillcolor #aaa7a7
attribute {pin ADC.Tile_226.ADC0.m00 RX } -attr @name {}
load symbol ADC0mixer syn HIERGEN port LEFT_Q in.left.sq port LEFT_I in.left.sq port RIGHT_Q out.right.sq port RIGHT_I out.right.sq attrdsp @cell -lc 50 50 14
load inst ADC.Tile_226.ADC0.mixer ADC0mixer syn -hier Tile_226 -pg 1 -y 376 -x 190 -resize 80 105 -attr @cell Mixer -attr @name {}
attribute {inst ADC.Tile_226.ADC0.mixer } -attr @fillcolor #e2e0de
attribute {pin ADC.Tile_226.ADC0.mixer LEFT_Q} -attr @fillcolor #ffffff
attribute {pin ADC.Tile_226.ADC0.mixer LEFT_I} -attr @fillcolor #ffffff
attribute {pin ADC.Tile_226.ADC0.mixer RIGHT_Q} -attr @fillcolor #ffffff
attribute {pin ADC.Tile_226.ADC0.mixer RIGHT_I} -attr @fillcolor #ffffff
attribute {pin ADC.Tile_226.ADC0.mixer LEFT_Q} -attr @name Q
attribute {pin ADC.Tile_226.ADC0.mixer LEFT_I} -attr @name I
attribute {pin ADC.Tile_226.ADC0.mixer RIGHT_Q} -attr @name Q
attribute {pin ADC.Tile_226.ADC0.mixer RIGHT_I} -attr @name I
load symbol ADC0 syn HIERGEN port TX out
load inst ADC.Tile_226.ADC0 ADC0 syn -hier Tile_226 -pg 1 -y 376 -x 1 -resize 60 85 -autohide
attribute {inst ADC.Tile_226.ADC0} -attr @fillcolor #e2e0de
attribute {inst ADC.Tile_226.ADC0} -attr @name {}
attribute {pin ADC.Tile_226.ADC0 TX } -attr @name {}
load inst Tile_227 TILE_SYMBOL v -pg 1 -y 200 -x 1 -autohide -attr @cell Tile_227 -attr @name {} -attr @fillcolor #f9f7f7
attribute {pin Tile_227 a } -attr @name {}
attribute {hierPin Tile_227 a } -attr @name {}
load symbol m03 v HIERGEN port RX in attrdsp @name -cc 0 0 10
load inst ADC.Tile_227.ADC2.m03 m03 v -hier Tile_227 -pg 1 -y 201 -x 200 -resize 40 40 -autohide -attr @name {}
attribute {inst ADC.Tile_227.ADC2.m03 } -attr @fillcolor #aaa7a7
attribute {pin ADC.Tile_227.ADC2.m03 RX } -attr @name {}
load symbol m02 syn HIERGEN attrdsp @name -cc -10 -10 50 port RX in
load inst ADC.Tile_227.ADC2.m02 m02 syn -hier Tile_227 -pg 1 -y 202 -x 200 -resize 40 40 -autohide -attr @name {}
attribute {inst ADC.Tile_227.ADC2.m02 } -attr @fillcolor #aaa7a7
attribute {pin ADC.Tile_227.ADC2.m02 RX } -attr @name {}
load symbol ADC2mixer syn HIERGEN port LEFT_Q in.left.sq port LEFT_I in.left.sq port RIGHT_Q out.right.sq port RIGHT_I out.right.sq attrdsp @cell -lc 50 50 14
load inst ADC.Tile_227.ADC2.mixer ADC2mixer syn -hier Tile_227 -pg 1 -y 226 -x 190 -resize 80 105 -attr @cell Mixer -attr @name {}
attribute {inst ADC.Tile_227.ADC2.mixer } -attr @fillcolor #e2e0de
attribute {pin ADC.Tile_227.ADC2.mixer LEFT_Q} -attr @fillcolor #ffffff
attribute {pin ADC.Tile_227.ADC2.mixer LEFT_I} -attr @fillcolor #ffffff
attribute {pin ADC.Tile_227.ADC2.mixer RIGHT_Q} -attr @fillcolor #ffffff
attribute {pin ADC.Tile_227.ADC2.mixer RIGHT_I} -attr @fillcolor #ffffff
attribute {pin ADC.Tile_227.ADC2.mixer LEFT_Q} -attr @name Q
attribute {pin ADC.Tile_227.ADC2.mixer LEFT_I} -attr @name I
attribute {pin ADC.Tile_227.ADC2.mixer RIGHT_Q} -attr @name Q
attribute {pin ADC.Tile_227.ADC2.mixer RIGHT_I} -attr @name I
load symbol ADC2 syn HIERGEN port TX out
load inst ADC.Tile_227.ADC2 ADC2 syn -hier Tile_227 -pg 1 -y 226 -x 1 -resize 60 85 -attr @cell ADC1 -autohide
attribute {inst ADC.Tile_227.ADC2} -attr @fillcolor #e2e0de
attribute {inst ADC.Tile_227.ADC2} -attr @name {}
attribute {pin ADC.Tile_227.ADC2 TX } -attr @name {}
load symbol m01 v HIERGEN port RX in attrdsp @name -cc 0 0 10
load inst ADC.Tile_227.ADC0.m01 m01 v -hier Tile_227 -pg 1 -y 351 -x 200 -resize 40 40 -autohide -attr @name {}
attribute {inst ADC.Tile_227.ADC0.m01 } -attr @fillcolor #aaa7a7
attribute {pin ADC.Tile_227.ADC0.m01 RX } -attr @name {}
load symbol m00 syn HIERGEN attrdsp @name -cc -10 -10 50 port RX in
load inst ADC.Tile_227.ADC0.m00 m00 syn -hier Tile_227 -pg 1 -y 352 -x 200 -resize 40 40 -autohide -attr @name {}
attribute {inst ADC.Tile_227.ADC0.m00 } -attr @fillcolor #aaa7a7
attribute {pin ADC.Tile_227.ADC0.m00 RX } -attr @name {}
load symbol ADC0mixer syn HIERGEN port LEFT_Q in.left.sq port LEFT_I in.left.sq port RIGHT_Q out.right.sq port RIGHT_I out.right.sq attrdsp @cell -lc 50 50 14
load inst ADC.Tile_227.ADC0.mixer ADC0mixer syn -hier Tile_227 -pg 1 -y 376 -x 190 -resize 80 105 -attr @cell Mixer -attr @name {}
attribute {inst ADC.Tile_227.ADC0.mixer } -attr @fillcolor #e2e0de
attribute {pin ADC.Tile_227.ADC0.mixer LEFT_Q} -attr @fillcolor #ffffff
attribute {pin ADC.Tile_227.ADC0.mixer LEFT_I} -attr @fillcolor #ffffff
attribute {pin ADC.Tile_227.ADC0.mixer RIGHT_Q} -attr @fillcolor #ffffff
attribute {pin ADC.Tile_227.ADC0.mixer RIGHT_I} -attr @fillcolor #ffffff
attribute {pin ADC.Tile_227.ADC0.mixer LEFT_Q} -attr @name Q
attribute {pin ADC.Tile_227.ADC0.mixer LEFT_I} -attr @name I
attribute {pin ADC.Tile_227.ADC0.mixer RIGHT_Q} -attr @name Q
attribute {pin ADC.Tile_227.ADC0.mixer RIGHT_I} -attr @name I
load symbol ADC0 syn HIERGEN port TX out
load inst ADC.Tile_227.ADC0 ADC0 syn -hier Tile_227 -pg 1 -y 376 -x 1 -resize 60 85 -autohide
attribute {inst ADC.Tile_227.ADC0} -attr @fillcolor #e2e0de
attribute {inst ADC.Tile_227.ADC0} -attr @name {}
attribute {pin ADC.Tile_227.ADC0 TX } -attr @name {}
show
# Starting Split Pages                                                  102.53
# Split Pages 36 Comps, 0 Nets 0 NetBundles 0 CGraphics                 102.53
# KwayPart started for 36 comps, 0 nets                                 102.53
# Init done: 1 nodes (1 locked nodes), 0 edges                          102.53
# Startpart done: 1 parts                                               102.53
# KwayPart done                                                         102.53
# End of Split Pages: 1 pages                                           102.53
# End of Split Pages                                                    102.53
# Generating Regions for Page 1:   36 Comps,    0 Nets                  102.53
# Analyze                                                               102.53
# Levelize                                                              102.53
# End of LevelAssign mode=I, 4 Levels, 8 Comps, limit=30000             102.53
# Nets                                                                  102.53
# Place                                                                 102.53
# PlaceNets                                                             102.53
# SpaceY                                                                102.53
# Track                                                                 102.53
# SpaceX                                                                102.53
# Wire                                                                  102.53
# End of Wire: 0 nets, 0 ch, wire: 0-->0 (0 with wbits)                 102.53
# End of doGenerate                                                     102.53
# Analyze                                                               102.53
# Levelize                                                              102.53
# End of LevelAssign mode=I, 4 Levels, 8 Comps, limit=30000             102.53
# Nets                                                                  102.53
# Place                                                                 102.53
# PlaceNets                                                             102.53
# SpaceY                                                                102.53
# Track                                                                 102.53
# SpaceX                                                                102.53
# Wire                                                                  102.53
# End of Wire: 0 nets, 0 ch, wire: 0-->0 (0 with wbits)                 102.53
# End of doGenerate                                                     102.53
# Analyze                                                               102.53
# Levelize                                                              102.53
# End of LevelAssign mode=I, 4 Levels, 8 Comps, limit=30000             102.53
# Nets                                                                  102.53
# Place                                                                 102.53
# PlaceNets                                                             102.53
# SpaceY                                                                102.53
# Track                                                                 102.53
# SpaceX                                                                102.53
# Wire                                                                  102.53
# End of Wire: 0 nets, 0 ch, wire: 0-->0 (0 with wbits)                 102.53
# End of doGenerate                                                     102.53
# Analyze                                                               102.53
# Levelize                                                              102.53
# End of LevelAssign mode=I, 4 Levels, 8 Comps, limit=30000             102.53
# Nets                                                                  102.53
# Place                                                                 102.53
# PlaceNets                                                             102.53
# SpaceY                                                                102.53
# Track                                                                 102.53
# SpaceX                                                                102.53
# Wire                                                                  102.53
# End of Wire: 0 nets, 0 ch, wire: 0-->0 (0 with wbits)                 102.53
# End of doGenerate                                                     102.53
# Analyze                                                               102.53
# Levelize                                                              102.53
# End of LevelAssign mode=I, 2 Levels, 4 Comps, limit=30000             102.53
# Nets                                                                  102.53
# Place                                                                 102.53
# PlaceNets                                                             102.53
# SpaceY                                                                102.53
# Track                                                                 102.53
# SpaceX                                                                102.53
# Wire                                                                  102.53
# End of Wire: 0 nets, 0 ch, wire: 0-->0 (0 with wbits)                 102.53
# End of doGenerate                                                     102.53
# End of Generating Regions for Page 1                                  102.53
scrollpos 108 676
zoom -x 0 -y 0 0.5
scrollpos 68 423
#R 0.5
#CMD scrollpos 0 0
scrollpos 0 0
increment -const
attribute {inst ADC.Tile_224.ADC0} -attr @fillcolor #e2e0de
attribute {inst ADC.Tile_224.ADC0.mixer } -attr @fillcolor #e2e0de
attribute {inst ADC.Tile_224.ADC0.m00} -attr @name Real
attribute {inst ADC.Tile_224.ADC0.m01} -attr @name Real
attribute {inst ADC.Tile_224.ADC2} -attr @fillcolor #e2e0de
attribute {inst ADC.Tile_224.ADC2.mixer } -attr @fillcolor #e2e0de
attribute {inst ADC.Tile_224.ADC2.m02} -attr @name Real
attribute {inst ADC.Tile_224.ADC2.m03} -attr @name Real
attribute {inst ADC.Tile_225.ADC0} -attr @fillcolor #e2e0de
attribute {inst ADC.Tile_225.ADC0.mixer } -attr @fillcolor #e2e0de
attribute {inst ADC.Tile_225.ADC0.m00} -attr @name Real
attribute {inst ADC.Tile_225.ADC0.m01} -attr @name Real
attribute {inst ADC.Tile_225.ADC2} -attr @fillcolor #e2e0de
attribute {inst ADC.Tile_225.ADC2.mixer } -attr @fillcolor #e2e0de
attribute {inst ADC.Tile_225.ADC2.m02} -attr @name Real
attribute {inst ADC.Tile_225.ADC2.m03} -attr @name Real
attribute {inst ADC.Tile_226.ADC0} -attr @fillcolor #e2e0de
attribute {inst ADC.Tile_226.ADC0.mixer } -attr @fillcolor #e2e0de
attribute {inst ADC.Tile_226.ADC0.m00} -attr @name Real
attribute {inst ADC.Tile_226.ADC0.m01} -attr @name Real
attribute {inst ADC.Tile_226.ADC2} -attr @fillcolor #e2e0de
attribute {inst ADC.Tile_226.ADC2.mixer } -attr @fillcolor #e2e0de
attribute {inst ADC.Tile_226.ADC2.m02} -attr @name Real
attribute {inst ADC.Tile_226.ADC2.m03} -attr @name Real
attribute {inst ADC.Tile_227.ADC0} -attr @fillcolor #e2e0de
attribute {inst ADC.Tile_227.ADC0.mixer } -attr @fillcolor #e2e0de
attribute {inst ADC.Tile_227.ADC0.m00} -attr @name Real
attribute {inst ADC.Tile_227.ADC0.m01} -attr @name Real
attribute {inst ADC.Tile_227.ADC2} -attr @fillcolor #e2e0de
attribute {inst ADC.Tile_227.ADC2.mixer } -attr @fillcolor #e2e0de
attribute {inst ADC.Tile_227.ADC2.m02} -attr @name Real
attribute {inst ADC.Tile_227.ADC2.m03} -attr @name Real
load net net.ADC.Tile_224.ADC0Tile_224.ADC0.mixer -pin ADC.Tile_224.ADC0 TX -pin ADC.Tile_224.ADC0.mixer LEFT_I
attribute {inst ADC.Tile_224.ADC0} -attr @fillcolor #a7c491
load net net.ADC.Tile_224.ADC0.mixer.RIGHT.Tile_224.ADC0.m00 -pin ADC.Tile_224.ADC0.mixer RIGHT_I -pin ADC.Tile_224.ADC0.m00 RX
show
# Starting Split Pages                                                  102.53
# Split Pages 36 Comps, 2 Nets 0 NetBundles 0 CGraphics                 102.53
# KwayPart started for 36 comps, 2 nets                                 102.53
# Init done: 1 nodes (1 locked nodes), 0 edges                          102.53
# Startpart done: 1 parts                                               102.53
# KwayPart done                                                         102.53
# End of Split Pages: 1 pages                                           102.53
# End of Split Pages                                                    102.53
# Generating Regions for Page 1:   36 Comps,    2 Nets                  102.53
# Analyze                                                               102.53
# Levelize                                                              102.53
# End of LevelAssign mode=I, 4 Levels, 8 Comps, limit=30000             102.53
# Nets                                                                  102.53
# Place                                                                 102.53
# PlaceNets                                                             102.53
# SpaceY                                                                102.53
# Track                                                                 102.53
# SpaceX                                                                102.53
# Wire                                                                  102.53
# End of Wire: 0 nets, 0 ch, wire: 0-->0 (0 with wbits)                 102.53
# End of doGenerate                                                     102.53
# Analyze                                                               102.53
# Levelize                                                              102.53
# End of LevelAssign mode=I, 4 Levels, 8 Comps, limit=30000             102.53
# Nets                                                                  102.53
# Place                                                                 102.53
# PlaceNets                                                             102.53
# SpaceY                                                                102.53
# Track                                                                 102.53
# SpaceX                                                                102.53
# Wire                                                                  102.53
# End of Wire: 0 nets, 0 ch, wire: 0-->0 (0 with wbits)                 102.53
# End of doGenerate                                                     102.53
# Analyze                                                               102.53
# Levelize                                                              102.53
# End of LevelAssign mode=I, 4 Levels, 8 Comps, limit=30000             102.53
# Nets                                                                  102.53
# Place                                                                 102.53
# PlaceNets                                                             102.53
# SpaceY                                                                102.53
# Track                                                                 102.53
# SpaceX                                                                102.53
# Wire                                                                  102.53
# End of Wire: 0 nets, 0 ch, wire: 0-->0 (0 with wbits)                 102.53
# End of doGenerate                                                     102.53
# Analyze                                                               102.53
# Levelize                                                              102.53
# End of LevelAssign mode=I, 4 Levels, 8 Comps, limit=30000             102.53
# Nets                                                                  102.53
# Place                                                                 102.53
# PlaceNets                                                             102.53
# SpaceY                                                                102.53
# Track                                                                 102.53
# SpaceX                                                                102.53
# Wire                                                                  102.53
# End of Wire: 2 nets, 2 ch, wire: 6-->6 (0 with wbits)                 102.53
# End of doGenerate                                                     102.53
# Analyze                                                               102.53
# Levelize                                                              102.53
# End of LevelAssign mode=I, 2 Levels, 4 Comps, limit=30000             102.53
# Nets                                                                  102.53
# Place                                                                 102.53
# PlaceNets                                                             102.53
# SpaceY                                                                102.53
# Track                                                                 102.53
# SpaceX                                                                102.53
# Wire                                                                  102.53
# End of Wire: 0 nets, 0 ch, wire: 0-->0 (0 with wbits)                 102.53
# End of doGenerate                                                     102.53
# End of Generating Regions for Page 1                                  102.53
#CMD scrollpos -100 -30
scrollpos -100 -30
fullfit
scrollpos -250 -493
fullfit
scrollpos -142 113
scrollpos -142 113
scrollpos -150 115
#CMD scrollpos
#R -150 115
increment -const
increment -const
unload net net.ADC.Tile_224.ADC0Tile_224.ADC0.mixer
increment -const
unload net net.ADC.Tile_224.ADC0.mixer.RIGHT.Tile_224.ADC0.m00
attribute {inst ADC.Tile_224.ADC0} -attr @fillcolor #e2e0de
attribute {inst ADC.Tile_224.ADC0.mixer } -attr @fillcolor #e2e0de
attribute {inst ADC.Tile_224.ADC0.m00} -attr @name Real
attribute {inst ADC.Tile_224.ADC0.m01} -attr @name Real
attribute {inst ADC.Tile_224.ADC2} -attr @fillcolor #e2e0de
attribute {inst ADC.Tile_224.ADC2.mixer } -attr @fillcolor #e2e0de
attribute {inst ADC.Tile_224.ADC2.m02} -attr @name Real
attribute {inst ADC.Tile_224.ADC2.m03} -attr @name Real
attribute {inst ADC.Tile_225.ADC0} -attr @fillcolor #e2e0de
attribute {inst ADC.Tile_225.ADC0.mixer } -attr @fillcolor #e2e0de
attribute {inst ADC.Tile_225.ADC0.m00} -attr @name Real
attribute {inst ADC.Tile_225.ADC0.m01} -attr @name Real
attribute {inst ADC.Tile_225.ADC2} -attr @fillcolor #e2e0de
attribute {inst ADC.Tile_225.ADC2.mixer } -attr @fillcolor #e2e0de
attribute {inst ADC.Tile_225.ADC2.m02} -attr @name Real
attribute {inst ADC.Tile_225.ADC2.m03} -attr @name Real
attribute {inst ADC.Tile_226.ADC0} -attr @fillcolor #e2e0de
attribute {inst ADC.Tile_226.ADC0.mixer } -attr @fillcolor #e2e0de
attribute {inst ADC.Tile_226.ADC0.m00} -attr @name Real
attribute {inst ADC.Tile_226.ADC0.m01} -attr @name Real
attribute {inst ADC.Tile_226.ADC2} -attr @fillcolor #e2e0de
attribute {inst ADC.Tile_226.ADC2.mixer } -attr @fillcolor #e2e0de
attribute {inst ADC.Tile_226.ADC2.m02} -attr @name Real
attribute {inst ADC.Tile_226.ADC2.m03} -attr @name Real
attribute {inst ADC.Tile_227.ADC0} -attr @fillcolor #e2e0de
attribute {inst ADC.Tile_227.ADC0.mixer } -attr @fillcolor #e2e0de
attribute {inst ADC.Tile_227.ADC0.m00} -attr @name Real
attribute {inst ADC.Tile_227.ADC0.m01} -attr @name Real
attribute {inst ADC.Tile_227.ADC2} -attr @fillcolor #e2e0de
attribute {inst ADC.Tile_227.ADC2.mixer } -attr @fillcolor #e2e0de
attribute {inst ADC.Tile_227.ADC2.m02} -attr @name Real
attribute {inst ADC.Tile_227.ADC2.m03} -attr @name Real
load net net.ADC.Tile_224.ADC0Tile_224.ADC0.mixer -pin ADC.Tile_224.ADC0 TX -pin ADC.Tile_224.ADC0.mixer LEFT_I
attribute {inst ADC.Tile_224.ADC0} -attr @fillcolor #a7c491
load net net.ADC.Tile_224.ADC0.mixer.RIGHT.Tile_224.ADC0.m00 -pin ADC.Tile_224.ADC0.mixer RIGHT_I -pin ADC.Tile_224.ADC0.m00 RX
show
# Starting Split Pages                                                  106.64
# Split Pages 36 Comps, 2 Nets 0 NetBundles 0 CGraphics                 106.64
# KwayPart started for 36 comps, 2 nets                                 106.64
# Init done: 1 nodes (1 locked nodes), 0 edges                          106.64
# Startpart done: 1 parts                                               106.64
# KwayPart done                                                         106.64
# End of Split Pages: 1 pages                                           106.64
# End of Split Pages                                                    106.64
# Generating Regions for Page 1:   36 Comps,    2 Nets                  106.64
# Analyze                                                               106.64
# Levelize                                                              106.64
# End of LevelAssign mode=I, 4 Levels, 8 Comps, limit=30000             106.64
# Nets                                                                  106.64
# Place                                                                 106.64
# PlaceNets                                                             106.64
# SpaceY                                                                106.64
# Track                                                                 106.64
# SpaceX                                                                106.64
# Wire                                                                  106.64
# End of Wire: 0 nets, 0 ch, wire: 0-->0 (0 with wbits)                 106.64
# End of doGenerate                                                     106.64
# Analyze                                                               106.64
# Levelize                                                              106.64
# End of LevelAssign mode=I, 4 Levels, 8 Comps, limit=30000             106.64
# Nets                                                                  106.64
# Place                                                                 106.64
# PlaceNets                                                             106.64
# SpaceY                                                                106.64
# Track                                                                 106.64
# SpaceX                                                                106.64
# Wire                                                                  106.64
# End of Wire: 0 nets, 0 ch, wire: 0-->0 (0 with wbits)                 106.64
# End of doGenerate                                                     106.64
# Analyze                                                               106.64
# Levelize                                                              106.64
# End of LevelAssign mode=I, 4 Levels, 8 Comps, limit=30000             106.64
# Nets                                                                  106.64
# Place                                                                 106.64
# PlaceNets                                                             106.64
# SpaceY                                                                106.64
# Track                                                                 106.64
# SpaceX                                                                106.64
# Wire                                                                  106.64
# End of Wire: 0 nets, 0 ch, wire: 0-->0 (0 with wbits)                 106.64
# End of doGenerate                                                     106.64
# Analyze                                                               106.64
# Levelize                                                              106.64
# End of LevelAssign mode=I, 4 Levels, 8 Comps, limit=30000             106.64
# Nets                                                                  106.64
# Place                                                                 106.64
# PlaceNets                                                             106.64
# SpaceY                                                                106.64
# Track                                                                 106.64
# SpaceX                                                                106.64
# Wire                                                                  106.64
# End of Wire: 2 nets, 2 ch, wire: 6-->6 (0 with wbits)                 106.64
# End of doGenerate                                                     106.64
# Analyze                                                               106.64
# Levelize                                                              106.64
# End of LevelAssign mode=I, 2 Levels, 4 Comps, limit=30000             106.64
# Nets                                                                  106.64
# Place                                                                 106.64
# PlaceNets                                                             106.64
# SpaceY                                                                106.64
# Track                                                                 106.64
# SpaceX                                                                106.64
# Wire                                                                  106.64
# End of Wire: 0 nets, 0 ch, wire: 0-->0 (0 with wbits)                 106.64
# End of doGenerate                                                     106.64
# End of Generating Regions for Page 1                                  106.64
#CMD scrollpos -100 -30
scrollpos -100 -30
#CMD scrollpos -150 115
scrollpos -150 115
#CMD scrollpos
#R -150 115
increment -const
increment -const
unload net net.ADC.Tile_224.ADC0Tile_224.ADC0.mixer
increment -const
unload net net.ADC.Tile_224.ADC0.mixer.RIGHT.Tile_224.ADC0.m00
attribute {inst ADC.Tile_224.ADC0} -attr @fillcolor #e2e0de
attribute {inst ADC.Tile_224.ADC0.mixer } -attr @fillcolor #e2e0de
attribute {inst ADC.Tile_224.ADC0.m00} -attr @name Real
attribute {inst ADC.Tile_224.ADC0.m01} -attr @name Real
attribute {inst ADC.Tile_224.ADC2} -attr @fillcolor #e2e0de
attribute {inst ADC.Tile_224.ADC2.mixer } -attr @fillcolor #e2e0de
attribute {inst ADC.Tile_224.ADC2.m02} -attr @name Real
attribute {inst ADC.Tile_224.ADC2.m03} -attr @name Real
attribute {inst ADC.Tile_225.ADC0} -attr @fillcolor #e2e0de
attribute {inst ADC.Tile_225.ADC0.mixer } -attr @fillcolor #e2e0de
attribute {inst ADC.Tile_225.ADC0.m00} -attr @name Real
attribute {inst ADC.Tile_225.ADC0.m01} -attr @name Real
attribute {inst ADC.Tile_225.ADC2} -attr @fillcolor #e2e0de
attribute {inst ADC.Tile_225.ADC2.mixer } -attr @fillcolor #e2e0de
attribute {inst ADC.Tile_225.ADC2.m02} -attr @name Real
attribute {inst ADC.Tile_225.ADC2.m03} -attr @name Real
attribute {inst ADC.Tile_226.ADC0} -attr @fillcolor #e2e0de
attribute {inst ADC.Tile_226.ADC0.mixer } -attr @fillcolor #e2e0de
attribute {inst ADC.Tile_226.ADC0.m00} -attr @name Real
attribute {inst ADC.Tile_226.ADC0.m01} -attr @name Real
attribute {inst ADC.Tile_226.ADC2} -attr @fillcolor #e2e0de
attribute {inst ADC.Tile_226.ADC2.mixer } -attr @fillcolor #e2e0de
attribute {inst ADC.Tile_226.ADC2.m02} -attr @name Real
attribute {inst ADC.Tile_226.ADC2.m03} -attr @name Real
attribute {inst ADC.Tile_227.ADC0} -attr @fillcolor #e2e0de
attribute {inst ADC.Tile_227.ADC0.mixer } -attr @fillcolor #e2e0de
attribute {inst ADC.Tile_227.ADC0.m00} -attr @name Real
attribute {inst ADC.Tile_227.ADC0.m01} -attr @name Real
attribute {inst ADC.Tile_227.ADC2} -attr @fillcolor #e2e0de
attribute {inst ADC.Tile_227.ADC2.mixer } -attr @fillcolor #e2e0de
attribute {inst ADC.Tile_227.ADC2.m02} -attr @name Real
attribute {inst ADC.Tile_227.ADC2.m03} -attr @name Real
show
# Starting Split Pages                                                  109.58
# Split Pages 36 Comps, 0 Nets 0 NetBundles 0 CGraphics                 109.58
# KwayPart started for 36 comps, 0 nets                                 109.58
# Init done: 1 nodes (1 locked nodes), 0 edges                          109.58
# Startpart done: 1 parts                                               109.58
# KwayPart done                                                         109.58
# End of Split Pages: 1 pages                                           109.58
# End of Split Pages                                                    109.58
# Generating Regions for Page 1:   36 Comps,    0 Nets                  109.58
# Analyze                                                               109.58
# Levelize                                                              109.58
# End of LevelAssign mode=I, 4 Levels, 8 Comps, limit=30000             109.58
# Nets                                                                  109.58
# Place                                                                 109.58
# PlaceNets                                                             109.58
# SpaceY                                                                109.58
# Track                                                                 109.58
# SpaceX                                                                109.58
# Wire                                                                  109.58
# End of Wire: 0 nets, 0 ch, wire: 0-->0 (0 with wbits)                 109.58
# End of doGenerate                                                     109.58
# Analyze                                                               109.58
# Levelize                                                              109.58
# End of LevelAssign mode=I, 4 Levels, 8 Comps, limit=30000             109.58
# Nets                                                                  109.58
# Place                                                                 109.58
# PlaceNets                                                             109.58
# SpaceY                                                                109.58
# Track                                                                 109.58
# SpaceX                                                                109.58
# Wire                                                                  109.58
# End of Wire: 0 nets, 0 ch, wire: 0-->0 (0 with wbits)                 109.58
# End of doGenerate                                                     109.58
# Analyze                                                               109.58
# Levelize                                                              109.58
# End of LevelAssign mode=I, 4 Levels, 8 Comps, limit=30000             109.58
# Nets                                                                  109.58
# Place                                                                 109.58
# PlaceNets                                                             109.58
# SpaceY                                                                109.58
# Track                                                                 109.58
# SpaceX                                                                109.58
# Wire                                                                  109.58
# End of Wire: 0 nets, 0 ch, wire: 0-->0 (0 with wbits)                 109.58
# End of doGenerate                                                     109.58
# Analyze                                                               109.58
# Levelize                                                              109.58
# End of LevelAssign mode=I, 4 Levels, 8 Comps, limit=30000             109.58
# Nets                                                                  109.58
# Place                                                                 109.58
# PlaceNets                                                             109.58
# SpaceY                                                                109.58
# Track                                                                 109.58
# SpaceX                                                                109.58
# Wire                                                                  109.58
# End of Wire: 0 nets, 0 ch, wire: 0-->0 (0 with wbits)                 109.58
# End of doGenerate                                                     109.58
# Analyze                                                               109.58
# Levelize                                                              109.58
# End of LevelAssign mode=I, 2 Levels, 4 Comps, limit=30000             109.58
# Nets                                                                  109.58
# Place                                                                 109.58
# PlaceNets                                                             109.58
# SpaceY                                                                109.58
# Track                                                                 109.58
# SpaceX                                                                109.58
# Wire                                                                  109.58
# End of Wire: 0 nets, 0 ch, wire: 0-->0 (0 with wbits)                 109.58
# End of doGenerate                                                     109.58
# End of Generating Regions for Page 1                                  109.58
#CMD scrollpos -100 -30
scrollpos -100 -30
#CMD scrollpos -150 115
scrollpos -150 115
#CMD scrollpos
#R -150 115
increment -const
attribute {inst ADC.Tile_224.ADC0} -attr @fillcolor #e2e0de
attribute {inst ADC.Tile_224.ADC0.mixer } -attr @fillcolor #e2e0de
attribute {inst ADC.Tile_224.ADC0.m00} -attr @name Real
attribute {inst ADC.Tile_224.ADC0.m01} -attr @name Real
attribute {inst ADC.Tile_224.ADC2} -attr @fillcolor #e2e0de
attribute {inst ADC.Tile_224.ADC2.mixer } -attr @fillcolor #e2e0de
attribute {inst ADC.Tile_224.ADC2.m02} -attr @name Real
attribute {inst ADC.Tile_224.ADC2.m03} -attr @name Real
attribute {inst ADC.Tile_225.ADC0} -attr @fillcolor #e2e0de
attribute {inst ADC.Tile_225.ADC0.mixer } -attr @fillcolor #e2e0de
attribute {inst ADC.Tile_225.ADC0.m00} -attr @name Real
attribute {inst ADC.Tile_225.ADC0.m01} -attr @name Real
attribute {inst ADC.Tile_225.ADC2} -attr @fillcolor #e2e0de
attribute {inst ADC.Tile_225.ADC2.mixer } -attr @fillcolor #e2e0de
attribute {inst ADC.Tile_225.ADC2.m02} -attr @name Real
attribute {inst ADC.Tile_225.ADC2.m03} -attr @name Real
attribute {inst ADC.Tile_226.ADC0} -attr @fillcolor #e2e0de
attribute {inst ADC.Tile_226.ADC0.mixer } -attr @fillcolor #e2e0de
attribute {inst ADC.Tile_226.ADC0.m00} -attr @name Real
attribute {inst ADC.Tile_226.ADC0.m01} -attr @name Real
attribute {inst ADC.Tile_226.ADC2} -attr @fillcolor #e2e0de
attribute {inst ADC.Tile_226.ADC2.mixer } -attr @fillcolor #e2e0de
attribute {inst ADC.Tile_226.ADC2.m02} -attr @name Real
attribute {inst ADC.Tile_226.ADC2.m03} -attr @name Real
attribute {inst ADC.Tile_227.ADC0} -attr @fillcolor #e2e0de
attribute {inst ADC.Tile_227.ADC0.mixer } -attr @fillcolor #e2e0de
attribute {inst ADC.Tile_227.ADC0.m00} -attr @name Real
attribute {inst ADC.Tile_227.ADC0.m01} -attr @name Real
attribute {inst ADC.Tile_227.ADC2} -attr @fillcolor #e2e0de
attribute {inst ADC.Tile_227.ADC2.mixer } -attr @fillcolor #e2e0de
attribute {inst ADC.Tile_227.ADC2.m02} -attr @name Real
attribute {inst ADC.Tile_227.ADC2.m03} -attr @name Real
show
# Starting Split Pages                                                  111.75
# Split Pages 36 Comps, 0 Nets 0 NetBundles 0 CGraphics                 111.75
# KwayPart started for 36 comps, 0 nets                                 111.75
# Init done: 1 nodes (1 locked nodes), 0 edges                          111.75
# Startpart done: 1 parts                                               111.75
# KwayPart done                                                         111.75
# End of Split Pages: 1 pages                                           111.75
# End of Split Pages                                                    111.75
# Generating Regions for Page 1:   36 Comps,    0 Nets                  111.75
# Analyze                                                               111.75
# Levelize                                                              111.75
# End of LevelAssign mode=I, 4 Levels, 8 Comps, limit=30000             111.75
# Nets                                                                  111.75
# Place                                                                 111.75
# PlaceNets                                                             111.75
# SpaceY                                                                111.75
# Track                                                                 111.75
# SpaceX                                                                111.75
# Wire                                                                  111.75
# End of Wire: 0 nets, 0 ch, wire: 0-->0 (0 with wbits)                 111.75
# End of doGenerate                                                     111.75
# Analyze                                                               111.75
# Levelize                                                              111.75
# End of LevelAssign mode=I, 4 Levels, 8 Comps, limit=30000             111.75
# Nets                                                                  111.75
# Place                                                                 111.75
# PlaceNets                                                             111.75
# SpaceY                                                                111.75
# Track                                                                 111.75
# SpaceX                                                                111.75
# Wire                                                                  111.75
# End of Wire: 0 nets, 0 ch, wire: 0-->0 (0 with wbits)                 111.75
# End of doGenerate                                                     111.75
# Analyze                                                               111.75
# Levelize                                                              111.75
# End of LevelAssign mode=I, 4 Levels, 8 Comps, limit=30000             111.75
# Nets                                                                  111.75
# Place                                                                 111.75
# PlaceNets                                                             111.75
# SpaceY                                                                111.75
# Track                                                                 111.75
# SpaceX                                                                111.75
# Wire                                                                  111.75
# End of Wire: 0 nets, 0 ch, wire: 0-->0 (0 with wbits)                 111.75
# End of doGenerate                                                     111.75
# Analyze                                                               111.75
# Levelize                                                              111.75
# End of LevelAssign mode=I, 4 Levels, 8 Comps, limit=30000             111.75
# Nets                                                                  111.75
# Place                                                                 111.75
# PlaceNets                                                             111.75
# SpaceY                                                                111.75
# Track                                                                 111.75
# SpaceX                                                                111.75
# Wire                                                                  111.75
# End of Wire: 0 nets, 0 ch, wire: 0-->0 (0 with wbits)                 111.75
# End of doGenerate                                                     111.75
# Analyze                                                               111.75
# Levelize                                                              111.75
# End of LevelAssign mode=I, 2 Levels, 4 Comps, limit=30000             111.75
# Nets                                                                  111.75
# Place                                                                 111.75
# PlaceNets                                                             111.75
# SpaceY                                                                111.75
# Track                                                                 111.75
# SpaceX                                                                111.75
# Wire                                                                  111.75
# End of Wire: 0 nets, 0 ch, wire: 0-->0 (0 with wbits)                 111.75
# End of doGenerate                                                     111.75
# End of Generating Regions for Page 1                                  111.75
#CMD scrollpos -100 -30
scrollpos -100 -30
#CMD scrollpos -150 115
scrollpos -150 115
#CMD scrollpos
#R -150 115
increment -const
attribute {inst ADC.Tile_224.ADC0} -attr @fillcolor #e2e0de
attribute {inst ADC.Tile_224.ADC0.mixer } -attr @fillcolor #e2e0de
attribute {inst ADC.Tile_224.ADC0.m00} -attr @name Real
attribute {inst ADC.Tile_224.ADC0.m01} -attr @name Real
attribute {inst ADC.Tile_224.ADC2} -attr @fillcolor #e2e0de
attribute {inst ADC.Tile_224.ADC2.mixer } -attr @fillcolor #e2e0de
attribute {inst ADC.Tile_224.ADC2.m02} -attr @name Real
attribute {inst ADC.Tile_224.ADC2.m03} -attr @name Real
attribute {inst ADC.Tile_225.ADC0} -attr @fillcolor #e2e0de
attribute {inst ADC.Tile_225.ADC0.mixer } -attr @fillcolor #e2e0de
attribute {inst ADC.Tile_225.ADC0.m00} -attr @name Real
attribute {inst ADC.Tile_225.ADC0.m01} -attr @name Real
attribute {inst ADC.Tile_225.ADC2} -attr @fillcolor #e2e0de
attribute {inst ADC.Tile_225.ADC2.mixer } -attr @fillcolor #e2e0de
attribute {inst ADC.Tile_225.ADC2.m02} -attr @name Real
attribute {inst ADC.Tile_225.ADC2.m03} -attr @name Real
attribute {inst ADC.Tile_226.ADC0} -attr @fillcolor #e2e0de
attribute {inst ADC.Tile_226.ADC0.mixer } -attr @fillcolor #e2e0de
attribute {inst ADC.Tile_226.ADC0.m00} -attr @name Real
attribute {inst ADC.Tile_226.ADC0.m01} -attr @name Real
attribute {inst ADC.Tile_226.ADC2} -attr @fillcolor #e2e0de
attribute {inst ADC.Tile_226.ADC2.mixer } -attr @fillcolor #e2e0de
attribute {inst ADC.Tile_226.ADC2.m02} -attr @name Real
attribute {inst ADC.Tile_226.ADC2.m03} -attr @name Real
attribute {inst ADC.Tile_227.ADC0} -attr @fillcolor #e2e0de
attribute {inst ADC.Tile_227.ADC0.mixer } -attr @fillcolor #e2e0de
attribute {inst ADC.Tile_227.ADC0.m00} -attr @name Real
attribute {inst ADC.Tile_227.ADC0.m01} -attr @name Real
attribute {inst ADC.Tile_227.ADC2} -attr @fillcolor #e2e0de
attribute {inst ADC.Tile_227.ADC2.mixer } -attr @fillcolor #e2e0de
attribute {inst ADC.Tile_227.ADC2.m02} -attr @name Real
attribute {inst ADC.Tile_227.ADC2.m03} -attr @name Real
show
# Starting Split Pages                                                  112.34
# Split Pages 36 Comps, 0 Nets 0 NetBundles 0 CGraphics                 112.34
# KwayPart started for 36 comps, 0 nets                                 112.34
# Init done: 1 nodes (1 locked nodes), 0 edges                          112.34
# Startpart done: 1 parts                                               112.34
# KwayPart done                                                         112.34
# End of Split Pages: 1 pages                                           112.34
# End of Split Pages                                                    112.34
# Generating Regions for Page 1:   36 Comps,    0 Nets                  112.34
# Analyze                                                               112.34
# Levelize                                                              112.34
# End of LevelAssign mode=I, 4 Levels, 8 Comps, limit=30000             112.34
# Nets                                                                  112.34
# Place                                                                 112.34
# PlaceNets                                                             112.34
# SpaceY                                                                112.34
# Track                                                                 112.34
# SpaceX                                                                112.34
# Wire                                                                  112.34
# End of Wire: 0 nets, 0 ch, wire: 0-->0 (0 with wbits)                 112.34
# End of doGenerate                                                     112.34
# Analyze                                                               112.34
# Levelize                                                              112.34
# End of LevelAssign mode=I, 4 Levels, 8 Comps, limit=30000             112.34
# Nets                                                                  112.34
# Place                                                                 112.34
# PlaceNets                                                             112.34
# SpaceY                                                                112.34
# Track                                                                 112.34
# SpaceX                                                                112.34
# Wire                                                                  112.34
# End of Wire: 0 nets, 0 ch, wire: 0-->0 (0 with wbits)                 112.34
# End of doGenerate                                                     112.34
# Analyze                                                               112.34
# Levelize                                                              112.34
# End of LevelAssign mode=I, 4 Levels, 8 Comps, limit=30000             112.34
# Nets                                                                  112.34
# Place                                                                 112.34
# PlaceNets                                                             112.34
# SpaceY                                                                112.34
# Track                                                                 112.34
# SpaceX                                                                112.34
# Wire                                                                  112.34
# End of Wire: 0 nets, 0 ch, wire: 0-->0 (0 with wbits)                 112.34
# End of doGenerate                                                     112.34
# Analyze                                                               112.34
# Levelize                                                              112.34
# End of LevelAssign mode=I, 4 Levels, 8 Comps, limit=30000             112.34
# Nets                                                                  112.34
# Place                                                                 112.34
# PlaceNets                                                             112.34
# SpaceY                                                                112.34
# Track                                                                 112.34
# SpaceX                                                                112.34
# Wire                                                                  112.34
# End of Wire: 0 nets, 0 ch, wire: 0-->0 (0 with wbits)                 112.34
# End of doGenerate                                                     112.34
# Analyze                                                               112.34
# Levelize                                                              112.34
# End of LevelAssign mode=I, 2 Levels, 4 Comps, limit=30000             112.34
# Nets                                                                  112.34
# Place                                                                 112.34
# PlaceNets                                                             112.34
# SpaceY                                                                112.34
# Track                                                                 112.34
# SpaceX                                                                112.34
# Wire                                                                  112.34
# End of Wire: 0 nets, 0 ch, wire: 0-->0 (0 with wbits)                 112.34
# End of doGenerate                                                     112.34
# End of Generating Regions for Page 1                                  112.34
#CMD scrollpos -100 -30
scrollpos -100 -30
#CMD scrollpos -150 115
scrollpos -150 115
#CMD scrollpos
#R -150 115
increment -const
attribute {inst ADC.Tile_224.ADC0} -attr @fillcolor #e2e0de
attribute {inst ADC.Tile_224.ADC0.mixer } -attr @fillcolor #e2e0de
attribute {inst ADC.Tile_224.ADC0.m00} -attr @name Real
attribute {inst ADC.Tile_224.ADC0.m01} -attr @name Real
attribute {inst ADC.Tile_224.ADC2} -attr @fillcolor #e2e0de
attribute {inst ADC.Tile_224.ADC2.mixer } -attr @fillcolor #e2e0de
attribute {inst ADC.Tile_224.ADC2.m02} -attr @name Real
attribute {inst ADC.Tile_224.ADC2.m03} -attr @name Real
attribute {inst ADC.Tile_225.ADC0} -attr @fillcolor #e2e0de
attribute {inst ADC.Tile_225.ADC0.mixer } -attr @fillcolor #e2e0de
attribute {inst ADC.Tile_225.ADC0.m00} -attr @name Real
attribute {inst ADC.Tile_225.ADC0.m01} -attr @name Real
attribute {inst ADC.Tile_225.ADC2} -attr @fillcolor #e2e0de
attribute {inst ADC.Tile_225.ADC2.mixer } -attr @fillcolor #e2e0de
attribute {inst ADC.Tile_225.ADC2.m02} -attr @name Real
attribute {inst ADC.Tile_225.ADC2.m03} -attr @name Real
attribute {inst ADC.Tile_226.ADC0} -attr @fillcolor #e2e0de
attribute {inst ADC.Tile_226.ADC0.mixer } -attr @fillcolor #e2e0de
attribute {inst ADC.Tile_226.ADC0.m00} -attr @name Real
attribute {inst ADC.Tile_226.ADC0.m01} -attr @name Real
attribute {inst ADC.Tile_226.ADC2} -attr @fillcolor #e2e0de
attribute {inst ADC.Tile_226.ADC2.mixer } -attr @fillcolor #e2e0de
attribute {inst ADC.Tile_226.ADC2.m02} -attr @name Real
attribute {inst ADC.Tile_226.ADC2.m03} -attr @name Real
attribute {inst ADC.Tile_227.ADC0} -attr @fillcolor #e2e0de
attribute {inst ADC.Tile_227.ADC0.mixer } -attr @fillcolor #e2e0de
attribute {inst ADC.Tile_227.ADC0.m00} -attr @name Real
attribute {inst ADC.Tile_227.ADC0.m01} -attr @name Real
attribute {inst ADC.Tile_227.ADC2} -attr @fillcolor #e2e0de
attribute {inst ADC.Tile_227.ADC2.mixer } -attr @fillcolor #e2e0de
attribute {inst ADC.Tile_227.ADC2.m02} -attr @name Real
attribute {inst ADC.Tile_227.ADC2.m03} -attr @name Real
show
# Starting Split Pages                                                  113.50
# Split Pages 36 Comps, 0 Nets 0 NetBundles 0 CGraphics                 113.50
# KwayPart started for 36 comps, 0 nets                                 113.50
# Init done: 1 nodes (1 locked nodes), 0 edges                          113.50
# Startpart done: 1 parts                                               113.50
# KwayPart done                                                         113.50
# End of Split Pages: 1 pages                                           113.50
# End of Split Pages                                                    113.50
# Generating Regions for Page 1:   36 Comps,    0 Nets                  113.50
# Analyze                                                               113.50
# Levelize                                                              113.50
# End of LevelAssign mode=I, 4 Levels, 8 Comps, limit=30000             113.50
# Nets                                                                  113.50
# Place                                                                 113.50
# PlaceNets                                                             113.50
# SpaceY                                                                113.50
# Track                                                                 113.50
# SpaceX                                                                113.50
# Wire                                                                  113.50
# End of Wire: 0 nets, 0 ch, wire: 0-->0 (0 with wbits)                 113.50
# End of doGenerate                                                     113.50
# Analyze                                                               113.50
# Levelize                                                              113.50
# End of LevelAssign mode=I, 4 Levels, 8 Comps, limit=30000             113.50
# Nets                                                                  113.50
# Place                                                                 113.50
# PlaceNets                                                             113.50
# SpaceY                                                                113.50
# Track                                                                 113.50
# SpaceX                                                                113.50
# Wire                                                                  113.50
# End of Wire: 0 nets, 0 ch, wire: 0-->0 (0 with wbits)                 113.50
# End of doGenerate                                                     113.50
# Analyze                                                               113.50
# Levelize                                                              113.50
# End of LevelAssign mode=I, 4 Levels, 8 Comps, limit=30000             113.50
# Nets                                                                  113.50
# Place                                                                 113.50
# PlaceNets                                                             113.50
# SpaceY                                                                113.50
# Track                                                                 113.50
# SpaceX                                                                113.50
# Wire                                                                  113.50
# End of Wire: 0 nets, 0 ch, wire: 0-->0 (0 with wbits)                 113.50
# End of doGenerate                                                     113.50
# Analyze                                                               113.50
# Levelize                                                              113.50
# End of LevelAssign mode=I, 4 Levels, 8 Comps, limit=30000             113.50
# Nets                                                                  113.50
# Place                                                                 113.50
# PlaceNets                                                             113.50
# SpaceY                                                                113.50
# Track                                                                 113.50
# SpaceX                                                                113.50
# Wire                                                                  113.50
# End of Wire: 0 nets, 0 ch, wire: 0-->0 (0 with wbits)                 113.50
# End of doGenerate                                                     113.50
# Analyze                                                               113.50
# Levelize                                                              113.50
# End of LevelAssign mode=I, 2 Levels, 4 Comps, limit=30000             113.50
# Nets                                                                  113.50
# Place                                                                 113.50
# PlaceNets                                                             113.50
# SpaceY                                                                113.50
# Track                                                                 113.50
# SpaceX                                                                113.50
# Wire                                                                  113.50
# End of Wire: 0 nets, 0 ch, wire: 0-->0 (0 with wbits)                 113.50
# End of doGenerate                                                     113.50
# End of Generating Regions for Page 1                                  113.50
#CMD scrollpos -100 -30
scrollpos -100 -30
#CMD scrollpos -150 115
scrollpos -150 115
#CMD scrollpos
#R -150 115
increment -const
attribute {inst ADC.Tile_224.ADC0} -attr @fillcolor #e2e0de
attribute {inst ADC.Tile_224.ADC0.mixer } -attr @fillcolor #e2e0de
attribute {inst ADC.Tile_224.ADC0.m00} -attr @name Real
attribute {inst ADC.Tile_224.ADC0.m01} -attr @name Real
attribute {inst ADC.Tile_224.ADC2} -attr @fillcolor #e2e0de
attribute {inst ADC.Tile_224.ADC2.mixer } -attr @fillcolor #e2e0de
attribute {inst ADC.Tile_224.ADC2.m02} -attr @name Real
attribute {inst ADC.Tile_224.ADC2.m03} -attr @name Real
attribute {inst ADC.Tile_225.ADC0} -attr @fillcolor #e2e0de
attribute {inst ADC.Tile_225.ADC0.mixer } -attr @fillcolor #e2e0de
attribute {inst ADC.Tile_225.ADC0.m00} -attr @name Real
attribute {inst ADC.Tile_225.ADC0.m01} -attr @name Real
attribute {inst ADC.Tile_225.ADC2} -attr @fillcolor #e2e0de
attribute {inst ADC.Tile_225.ADC2.mixer } -attr @fillcolor #e2e0de
attribute {inst ADC.Tile_225.ADC2.m02} -attr @name Real
attribute {inst ADC.Tile_225.ADC2.m03} -attr @name Real
attribute {inst ADC.Tile_226.ADC0} -attr @fillcolor #e2e0de
attribute {inst ADC.Tile_226.ADC0.mixer } -attr @fillcolor #e2e0de
attribute {inst ADC.Tile_226.ADC0.m00} -attr @name Real
attribute {inst ADC.Tile_226.ADC0.m01} -attr @name Real
attribute {inst ADC.Tile_226.ADC2} -attr @fillcolor #e2e0de
attribute {inst ADC.Tile_226.ADC2.mixer } -attr @fillcolor #e2e0de
attribute {inst ADC.Tile_226.ADC2.m02} -attr @name Real
attribute {inst ADC.Tile_226.ADC2.m03} -attr @name Real
attribute {inst ADC.Tile_227.ADC0} -attr @fillcolor #e2e0de
attribute {inst ADC.Tile_227.ADC0.mixer } -attr @fillcolor #e2e0de
attribute {inst ADC.Tile_227.ADC0.m00} -attr @name Real
attribute {inst ADC.Tile_227.ADC0.m01} -attr @name Real
attribute {inst ADC.Tile_227.ADC2} -attr @fillcolor #e2e0de
attribute {inst ADC.Tile_227.ADC2.mixer } -attr @fillcolor #e2e0de
attribute {inst ADC.Tile_227.ADC2.m02} -attr @name Real
attribute {inst ADC.Tile_227.ADC2.m03} -attr @name Real
show
# Starting Split Pages                                                  113.69
# Split Pages 36 Comps, 0 Nets 0 NetBundles 0 CGraphics                 113.69
# KwayPart started for 36 comps, 0 nets                                 113.69
# Init done: 1 nodes (1 locked nodes), 0 edges                          113.69
# Startpart done: 1 parts                                               113.69
# KwayPart done                                                         113.69
# End of Split Pages: 1 pages                                           113.69
# End of Split Pages                                                    113.69
# Generating Regions for Page 1:   36 Comps,    0 Nets                  113.69
# Analyze                                                               113.69
# Levelize                                                              113.69
# End of LevelAssign mode=I, 4 Levels, 8 Comps, limit=30000             113.69
# Nets                                                                  113.69
# Place                                                                 113.69
# PlaceNets                                                             113.69
# SpaceY                                                                113.69
# Track                                                                 113.69
# SpaceX                                                                113.69
# Wire                                                                  113.69
# End of Wire: 0 nets, 0 ch, wire: 0-->0 (0 with wbits)                 113.69
# End of doGenerate                                                     113.69
# Analyze                                                               113.69
# Levelize                                                              113.69
# End of LevelAssign mode=I, 4 Levels, 8 Comps, limit=30000             113.69
# Nets                                                                  113.69
# Place                                                                 113.69
# PlaceNets                                                             113.69
# SpaceY                                                                113.69
# Track                                                                 113.69
# SpaceX                                                                113.69
# Wire                                                                  113.69
# End of Wire: 0 nets, 0 ch, wire: 0-->0 (0 with wbits)                 113.69
# End of doGenerate                                                     113.69
# Analyze                                                               113.69
# Levelize                                                              113.69
# End of LevelAssign mode=I, 4 Levels, 8 Comps, limit=30000             113.69
# Nets                                                                  113.69
# Place                                                                 113.69
# PlaceNets                                                             113.69
# SpaceY                                                                113.69
# Track                                                                 113.69
# SpaceX                                                                113.69
# Wire                                                                  113.69
# End of Wire: 0 nets, 0 ch, wire: 0-->0 (0 with wbits)                 113.69
# End of doGenerate                                                     113.69
# Analyze                                                               113.69
# Levelize                                                              113.69
# End of LevelAssign mode=I, 4 Levels, 8 Comps, limit=30000             113.69
# Nets                                                                  113.69
# Place                                                                 113.69
# PlaceNets                                                             113.69
# SpaceY                                                                113.69
# Track                                                                 113.69
# SpaceX                                                                113.69
# Wire                                                                  113.69
# End of Wire: 0 nets, 0 ch, wire: 0-->0 (0 with wbits)                 113.69
# End of doGenerate                                                     113.69
# Analyze                                                               113.69
# Levelize                                                              113.69
# End of LevelAssign mode=I, 2 Levels, 4 Comps, limit=30000             113.69
# Nets                                                                  113.69
# Place                                                                 113.69
# PlaceNets                                                             113.69
# SpaceY                                                                113.69
# Track                                                                 113.69
# SpaceX                                                                113.69
# Wire                                                                  113.69
# End of Wire: 0 nets, 0 ch, wire: 0-->0 (0 with wbits)                 113.69
# End of doGenerate                                                     113.69
# End of Generating Regions for Page 1                                  113.69
#CMD scrollpos -100 -30
scrollpos -100 -30
#CMD scrollpos -150 115
scrollpos -150 115
